  Sun Jan  9 2022 20:52                                                Page 1


                     ***************************************
                     **      WDC 65C816 Macro Assembler   **
                     **                                   **
                     **     Version 3.49.1- Feb  6 2006    **
                     ***************************************

     1                        ;:ts=8
     2             00000001   R0	equ	1
     3             00000005   R1	equ	5
     4             00000009   R2	equ	9
     5             0000000D   R3	equ	13
     6                        	data
     7                        	xdef	~~ateol
     8                        ~~ateol:
     9 00:0000: 01 00 00 00  	db	$1,$0,$0,$0,$0,$0,$0,$0,$0,$0
       00:0004: 00 00 00 00 
       00:0008: 00 00 
    10 00:000A: 00 00 00 00  	db	$0,$0,$0,$0,$0,$0,$0,$0,$0,$0
       00:000E: 00 00 00 00 
       00:0012: 00 00 
    11 00:0014: 00 00 00 00  	db	$0,$0,$0,$0,$0,$0,$0,$0,$0,$0
       00:0018: 00 00 00 00 
       00:001C: 00 00 
    12 00:001E: 00 00 00 00  	db	$0,$0,$0,$0,$0,$0,$0,$0,$0,$0
       00:0022: 00 00 00 00 
       00:0026: 00 00 
    13 00:0028: 00 00 00 00  	db	$0,$0,$0,$0,$0,$0,$0,$0,$0,$0
       00:002C: 00 00 00 00 
       00:0030: 00 00 
    14 00:0032: 00 00 00 00  	db	$0,$0,$0,$0,$0,$0,$0,$0,$1,$0
       00:0036: 00 00 00 00 
       00:003A: 01 00 
    15 00:003C: 00 00 00 00  	db	$0,$0,$0,$0,$0,$0,$0,$0,$0,$0
       00:0040: 00 00 00 00 
       00:0044: 00 00 
    16 00:0046: 00 00 00 00  	db	$0,$0,$0,$0,$0,$0,$0,$0,$0,$0
       00:004A: 00 00 00 00 
       00:004E: 00 00 
    17 00:0050: 00 00 00 00  	db	$0,$0,$0,$0,$0,$0,$0,$0,$0,$0
       00:0054: 00 00 00 00 
       00:0058: 00 00 
    18 00:005A: 00 00 00 00  	db	$0,$0,$0,$0,$0,$0,$0,$0,$0,$0
       00:005E: 00 00 00 00 
       00:0062: 00 00 
    19 00:0064: 00 00 00 00  	db	$0,$0,$0,$0,$0,$0,$0,$0,$0,$0
       00:0068: 00 00 00 00 
       00:006C: 00 00 
    20 00:006E: 00 00 00 00  	db	$0,$0,$0,$0,$0,$0,$0,$0,$0,$0
       00:0072: 00 00 00 00 
       00:0076: 00 00 
    21 00:0078: 00 00 00 00  	db	$0,$0,$0,$0,$0,$0,$0,$0,$0,$0
       00:007C: 00 00 00 00 
       00:0080: 00 00 
    22 00:0082: 00 00 00 00  	db	$0,$0,$0,$0,$0,$0,$0,$0,$0,$0
       00:0086: 00 00 00 00 
       00:008A: 00 00 
    23 00:008C: 00 00 00 00  	db	$0,$0,$0,$0,$0,$0,$0,$0,$0,$0
       00:0090: 00 00 00 00 
  Sun Jan  9 2022 20:52                                                Page 2


       00:0094: 00 00 
    24 00:0096: 00 00 00 00  	db	$0,$0,$0,$0,$0,$0,$0,$0,$0,$1
       00:009A: 00 00 00 00 
       00:009E: 00 01 
    25 00:00A0: 01 00 00 00  	db	$1,$0,$0,$0,$0,$0,$0,$0,$0,$0
       00:00A4: 00 00 00 00 
       00:00A8: 00 00 
    26 00:00AA: 00 00 00 00  	db	$0,$0,$0,$0,$0,$0,$0,$0,$0,$0
       00:00AE: 00 00 00 00 
       00:00B2: 00 00 
    27 00:00B4: 00 00 00 00  	db	$0,$0,$0,$0,$0,$0,$0,$0,$0,$0
       00:00B8: 00 00 00 00 
       00:00BC: 00 00 
    28 00:00BE: 00 00 00 00  	db	$0,$0,$0,$0,$0,$0,$0,$0,$0,$0
       00:00C2: 00 00 00 00 
       00:00C6: 00 00 
    29 00:00C8: 00 00 00 00  	db	$0,$0,$0,$0,$0,$0,$0,$0,$0,$0
       00:00CC: 00 00 00 00 
       00:00D0: 00 00 
    30 00:00D2: 00 00 00 00  	db	$0,$0,$0,$0,$0,$0,$0,$0,$0,$0
       00:00D6: 00 00 00 00 
       00:00DA: 00 00 
    31 00:00DC: 00 00 00 00  	db	$0,$0,$0,$0,$0,$0,$0,$0,$0,$0
       00:00E0: 00 00 00 00 
       00:00E4: 00 00 
    32 00:00E6: 00 00 00 00  	db	$0,$0,$0,$0,$0,$0,$0,$0,$0,$0
       00:00EA: 00 00 00 00 
       00:00EE: 00 00 
    33 00:00F0: 00 00 00 00  	db	$0,$0,$0,$0,$0,$0,$0,$0,$0,$0
       00:00F4: 00 00 00 00 
       00:00F8: 00 00 
    34 00:00FA: 00 00 00 00  	db	$0,$0,$0,$0,$0,$0
       00:00FE: 00 00 
    35 00:0100:              	ends
    36                        	code
    37                        	xdef	~~init_interpreter
    38                        	func
    39                        ~~init_interpreter:
    40                        	longa	on
    41                        	longi	on
    42 00:0000: 3B           	tsc
    43 00:0001: 38           	sec
    44 00:0002: E9 00 00     	sbc	#L2
    45 00:0005: 1B           	tcs
    46 00:0006: 0B           	phd
    47 00:0007: 5B           	tcd
    48 00:0008: 9C xx xx     	stz	|~~basicvars+62
    49 00:000B: 9C xx xx     	stz	|~~basicvars+62+2
    50 00:000E: 22 xx xx xx  	jsl	~~init_stack
    51 00:0012: 22 xx xx xx  	jsl	~~init_expressions
    52 00:0016: 22 xx xx xx  	jsl	~~init_staticvars
    53                        L4:
    54 00:001A: 2B           	pld
    55 00:001B: 3B           	tsc
    56 00:001C: 18           	clc
    57 00:001D: 69 00 00     	adc	#L2
    58 00:0020: 1B           	tcs
    59 00:0021: 6B           	rtl
  Sun Jan  9 2022 20:52                                                Page 3


    60             00000000   L2	equ	0
    61             00000001   L3	equ	1
    62                        	ends
    63                        	efunc
    64                        	code
    65                        	xdef	~~trace_line
    66                        	func
    67                        ~~trace_line:
    68                        	longa	on
    69                        	longi	on
    70 00:0022: 3B           	tsc
    71 00:0023: 38           	sec
    72 00:0024: E9 02 00     	sbc	#L5
    73 00:0027: 1B           	tcs
    74 00:0028: 0B           	phd
    75 00:0029: 5B           	tcd
    76             00000004   lineno_0	set	4
    77             00000000   len_1	set	0
    78 00:002A: D4 06        	pei	<L5+lineno_0
    79 00:002C: F4 xx xx     	pea	#^L1
    80 00:002F: F4 xx xx     	pea	#<L1
    81 00:0032: AD xx xx     	lda	|~~basicvars+70+2
    82 00:0035: 48           	pha
    83 00:0036: AD xx xx     	lda	|~~basicvars+70
    84 00:0039: 48           	pha
    85 00:003A: F4 0C 00     	pea	#12
    86 00:003D: 22 xx xx xx  	jsl	~~sprintf
    87 00:0041: 85 01        	sta	<L6+len_1
    88 00:0043: AD xx xx     	lda	|~~basicvars+427
    89 00:0046: F0 03        	beq	L7
    90 00:0048: 82 11 00     	brl	L10001
    91                        L7:
    92 00:004B: D4 01        	pei	<L6+len_1
    93 00:004D: AD xx xx     	lda	|~~basicvars+70+2
    94 00:0050: 48           	pha
    95 00:0051: AD xx xx     	lda	|~~basicvars+70
    96 00:0054: 48           	pha
    97 00:0055: 22 xx xx xx  	jsl	~~emulate_vdustr
    98 00:0059: 82 12 00     	brl	L10002
    99                        L10001:
   100 00:005C: D4 01        	pei	<L6+len_1
   101 00:005E: AD xx xx     	lda	|~~basicvars+70+2
   102 00:0061: 48           	pha
   103 00:0062: AD xx xx     	lda	|~~basicvars+70
   104 00:0065: 48           	pha
   105 00:0066: AD xx xx     	lda	|~~basicvars+427
   106 00:0069: 48           	pha
   107 00:006A: 22 xx xx xx  	jsl	~~fileio_bputstr
   108                        L10002:
   109                        L8:
   110 00:006E: A5 04        	lda	<L5+2
   111 00:0070: 85 06        	sta	<L5+2+2
   112 00:0072: A5 03        	lda	<L5+1
   113 00:0074: 85 05        	sta	<L5+1+2
   114 00:0076: 2B           	pld
   115 00:0077: 3B           	tsc
   116 00:0078: 18           	clc
   117 00:0079: 69 04 00     	adc	#L5+2
  Sun Jan  9 2022 20:52                                                Page 4


   118 00:007C: 1B           	tcs
   119 00:007D: 6B           	rtl
   120             00000002   L5	equ	2
   121             00000001   L6	equ	1
   122                        	ends
   123                        	efunc
   124                        	data
   125                        L1:
   126 00:0100: 5B 25 64 5D  	db	$5B,$25,$64,$5D,$00
       00:0104: 00 
   127 00:0105:              	ends
   128                        	code
   129                        	xdef	~~trace_proc
   130                        	func
   131                        ~~trace_proc:
   132                        	longa	on
   133                        	longi	on
   134 00:007E: 3B           	tsc
   135 00:007F: 38           	sec
   136 00:0080: E9 0A 00     	sbc	#L10
   137 00:0083: 1B           	tcs
   138 00:0084: 0B           	phd
   139 00:0085: 5B           	tcd
   140             00000004   np_0	set	4
   141             00000008   entering_0	set	8
   142             00000000   len_1	set	0
   143             00000002   what_1	set	2
   144 00:0086: E2 20        	sep	#$20
   145                        	longa	off
   146 00:0088: A7 0E        	lda	[<L10+np_0]
   147 00:008A: C9 CD        	cmp	#<$cd
   148 00:008C: C2 20        	rep	#$20
   149                        	longa	on
   150 00:008E: F0 03        	beq	L13
   151 00:0090: 82 09 00     	brl	L12
   152                        L13:
   153 00:0093: A9 xx xx     	lda	#^L9
   154 00:0096: AA           	tax
   155 00:0097: A9 xx xx     	lda	#<L9
   156 00:009A: 80 07        	bra	L14
   157                        L12:
   158 00:009C: A9 xx xx     	lda	#^L9+5
   159 00:009F: AA           	tax
   160 00:00A0: A9 xx xx     	lda	#<L9+5
   161                        L14:
   162 00:00A3: 85 01        	sta	<R0
   163 00:00A5: 86 03        	stx	<R0+2
   164 00:00A7: A5 01        	lda	<R0
   165 00:00A9: 85 07        	sta	<L11+what_1
   166 00:00AB: A5 03        	lda	<R0+2
   167 00:00AD: 85 09        	sta	<L11+what_1+2
   168 00:00AF: E6 0E        	inc	<L10+np_0
   169 00:00B1: D0 02        	bne	L15
   170 00:00B3: E6 10        	inc	<L10+np_0+2
   171                        L15:
   172 00:00B5: A5 12        	lda	<L10+entering_0
   173 00:00B7: 29 FF 00     	and	#$ff
   174 00:00BA: D0 03        	bne	L16
  Sun Jan  9 2022 20:52                                                Page 5


   175 00:00BC: 82 22 00     	brl	L10003
   176                        L16:
   177 00:00BF: D4 10        	pei	<L10+np_0+2
   178 00:00C1: D4 0E        	pei	<L10+np_0
   179 00:00C3: D4 09        	pei	<L11+what_1+2
   180 00:00C5: D4 07        	pei	<L11+what_1
   181 00:00C7: F4 xx xx     	pea	#^L9+8
   182 00:00CA: F4 xx xx     	pea	#<L9+8
   183 00:00CD: AD xx xx     	lda	|~~basicvars+70+2
   184 00:00D0: 48           	pha
   185 00:00D1: AD xx xx     	lda	|~~basicvars+70
   186 00:00D4: 48           	pha
   187 00:00D5: F4 12 00     	pea	#18
   188 00:00D8: 22 xx xx xx  	jsl	~~sprintf
   189 00:00DC: 85 05        	sta	<L11+len_1
   190 00:00DE: 82 1F 00     	brl	L10004
   191                        L10003:
   192 00:00E1: D4 10        	pei	<L10+np_0+2
   193 00:00E3: D4 0E        	pei	<L10+np_0
   194 00:00E5: D4 09        	pei	<L11+what_1+2
   195 00:00E7: D4 07        	pei	<L11+what_1
   196 00:00E9: F4 xx xx     	pea	#^L9+17
   197 00:00EC: F4 xx xx     	pea	#<L9+17
   198 00:00EF: AD xx xx     	lda	|~~basicvars+70+2
   199 00:00F2: 48           	pha
   200 00:00F3: AD xx xx     	lda	|~~basicvars+70
   201 00:00F6: 48           	pha
   202 00:00F7: F4 12 00     	pea	#18
   203 00:00FA: 22 xx xx xx  	jsl	~~sprintf
   204 00:00FE: 85 05        	sta	<L11+len_1
   205                        L10004:
   206 00:0100: AD xx xx     	lda	|~~basicvars+427
   207 00:0103: F0 03        	beq	L17
   208 00:0105: 82 11 00     	brl	L10005
   209                        L17:
   210 00:0108: D4 05        	pei	<L11+len_1
   211 00:010A: AD xx xx     	lda	|~~basicvars+70+2
   212 00:010D: 48           	pha
   213 00:010E: AD xx xx     	lda	|~~basicvars+70
   214 00:0111: 48           	pha
   215 00:0112: 22 xx xx xx  	jsl	~~emulate_vdustr
   216 00:0116: 82 12 00     	brl	L10006
   217                        L10005:
   218 00:0119: D4 05        	pei	<L11+len_1
   219 00:011B: AD xx xx     	lda	|~~basicvars+70+2
   220 00:011E: 48           	pha
   221 00:011F: AD xx xx     	lda	|~~basicvars+70
   222 00:0122: 48           	pha
   223 00:0123: AD xx xx     	lda	|~~basicvars+427
   224 00:0126: 48           	pha
   225 00:0127: 22 xx xx xx  	jsl	~~fileio_bputstr
   226                        L10006:
   227                        L18:
   228 00:012B: A5 0C        	lda	<L10+2
   229 00:012D: 85 12        	sta	<L10+2+6
   230 00:012F: A5 0B        	lda	<L10+1
   231 00:0131: 85 11        	sta	<L10+1+6
   232 00:0133: 2B           	pld
  Sun Jan  9 2022 20:52                                                Page 6


   233 00:0134: 3B           	tsc
   234 00:0135: 18           	clc
   235 00:0136: 69 10 00     	adc	#L10+6
   236 00:0139: 1B           	tcs
   237 00:013A: 6B           	rtl
   238             0000000A   L10	equ	10
   239             00000005   L11	equ	5
   240                        	ends
   241                        	efunc
   242                        	data
   243                        L9:
   244 00:0105: 50 52 4F 43  	db	$50,$52,$4F,$43,$00,$46,$4E,$00,$3D,$3D,
                    $3E,$25,$73,$25,$73
       00:0109: 00 46 4E 00 
       00:010D: 3D 3D 3E 25 
       00:0111: 73 25 73 
   245 00:0114: 20 00 25 73  	db	$20,$00,$25,$73,$25,$73,$2D,$2D,$3E,$20,
                    $00
       00:0118: 25 73 2D 2D 
       00:011C: 3E 20 00 
   246 00:011F:              	ends
   247                        	code
   248                        	xdef	~~trace_branch
   249                        	func
   250                        ~~trace_branch:
   251                        	longa	on
   252                        	longi	on
   253 00:013B: 3B           	tsc
   254 00:013C: 38           	sec
   255 00:013D: E9 0A 00     	sbc	#L20
   256 00:0140: 1B           	tcs
   257 00:0141: 0B           	phd
   258 00:0142: 5B           	tcd
   259             00000004   from_0	set	4
   260             00000008   to_0	set	8
   261             00000000   len_1	set	0
   262             00000002   fromline_1	set	2
   263             00000006   toline_1	set	6
   264 00:0143: D4 10        	pei	<L20+from_0+2
   265 00:0145: D4 0E        	pei	<L20+from_0
   266 00:0147: 22 xx xx xx  	jsl	~~find_linestart
   267 00:014B: 85 03        	sta	<L21+fromline_1
   268 00:014D: 86 05        	stx	<L21+fromline_1+2
   269 00:014F: D4 14        	pei	<L20+to_0+2
   270 00:0151: D4 12        	pei	<L20+to_0
   271 00:0153: 22 xx xx xx  	jsl	~~find_linestart
   272 00:0157: 85 07        	sta	<L21+toline_1
   273 00:0159: 86 09        	stx	<L21+toline_1+2
   274 00:015B: A5 03        	lda	<L21+fromline_1
   275 00:015D: 05 05        	ora	<L21+fromline_1+2
   276 00:015F: D0 03        	bne	L23
   277 00:0161: 82 09 00     	brl	L22
   278                        L23:
   279 00:0164: A5 07        	lda	<L21+toline_1
   280 00:0166: 05 09        	ora	<L21+toline_1+2
   281 00:0168: F0 03        	beq	L24
   282 00:016A: 82 10 00     	brl	L10007
   283                        L24:
  Sun Jan  9 2022 20:52                                                Page 7


   284                        L22:
   285                        L25:
   286 00:016D: A5 0C        	lda	<L20+2
   287 00:016F: 85 14        	sta	<L20+2+8
   288 00:0171: A5 0B        	lda	<L20+1
   289 00:0173: 85 13        	sta	<L20+1+8
   290 00:0175: 2B           	pld
   291 00:0176: 3B           	tsc
   292 00:0177: 18           	clc
   293 00:0178: 69 12 00     	adc	#L20+8
   294 00:017B: 1B           	tcs
   295 00:017C: 6B           	rtl
   296                        L10007:
   297 00:017D: D4 09        	pei	<L21+toline_1+2
   298 00:017F: D4 07        	pei	<L21+toline_1
   299 00:0181: 22 xx xx xx  	jsl	~~get_lineno
   300 00:0185: 48           	pha
   301 00:0186: D4 05        	pei	<L21+fromline_1+2
   302 00:0188: D4 03        	pei	<L21+fromline_1
   303 00:018A: 22 xx xx xx  	jsl	~~get_lineno
   304 00:018E: 48           	pha
   305 00:018F: F4 xx xx     	pea	#^L19
   306 00:0192: F4 xx xx     	pea	#<L19
   307 00:0195: AD xx xx     	lda	|~~basicvars+70+2
   308 00:0198: 48           	pha
   309 00:0199: AD xx xx     	lda	|~~basicvars+70
   310 00:019C: 48           	pha
   311 00:019D: F4 0E 00     	pea	#14
   312 00:01A0: 22 xx xx xx  	jsl	~~sprintf
   313 00:01A4: 85 01        	sta	<L21+len_1
   314 00:01A6: AD xx xx     	lda	|~~basicvars+427
   315 00:01A9: F0 03        	beq	L26
   316 00:01AB: 82 11 00     	brl	L10008
   317                        L26:
   318 00:01AE: D4 01        	pei	<L21+len_1
   319 00:01B0: AD xx xx     	lda	|~~basicvars+70+2
   320 00:01B3: 48           	pha
   321 00:01B4: AD xx xx     	lda	|~~basicvars+70
   322 00:01B7: 48           	pha
   323 00:01B8: 22 xx xx xx  	jsl	~~emulate_vdustr
   324 00:01BC: 82 12 00     	brl	L10009
   325                        L10008:
   326 00:01BF: D4 01        	pei	<L21+len_1
   327 00:01C1: AD xx xx     	lda	|~~basicvars+70+2
   328 00:01C4: 48           	pha
   329 00:01C5: AD xx xx     	lda	|~~basicvars+70
   330 00:01C8: 48           	pha
   331 00:01C9: AD xx xx     	lda	|~~basicvars+427
   332 00:01CC: 48           	pha
   333 00:01CD: 22 xx xx xx  	jsl	~~fileio_bputstr
   334                        L10009:
   335 00:01D1: 82 99 FF     	brl	L25
   336             0000000A   L20	equ	10
   337             00000001   L21	equ	1
   338                        	ends
   339                        	efunc
   340                        	data
   341                        L19:
  Sun Jan  9 2022 20:52                                                Page 8


   342 00:011F: 5B 25 64 2D  	db	$5B,$25,$64,$2D,$3E,$25,$64,$5D,$00
       00:0123: 3E 25 64 5D 
       00:0127: 00 
   343 00:0128:              	ends
   344                        	code
   345                        	xdef	~~bad_token
   346                        	func
   347                        ~~bad_token:
   348                        	longa	on
   349                        	longi	on
   350 00:01D4: 3B           	tsc
   351 00:01D5: 38           	sec
   352 00:01D6: E9 04 00     	sbc	#L28
   353 00:01D9: 1B           	tcs
   354 00:01DA: 0B           	phd
   355 00:01DB: 5B           	tcd
   356 00:01DC: AD xx xx     	lda	|~~basicvars+62
   357 00:01DF: 85 01        	sta	<R0
   358 00:01E1: AD xx xx     	lda	|~~basicvars+62+2
   359 00:01E4: 85 03        	sta	<R0+2
   360 00:01E6: A7 01        	lda	[<R0]
   361 00:01E8: 29 FF 00     	and	#$ff
   362 00:01EB: 48           	pha
   363 00:01EC: AD xx xx     	lda	|~~basicvars+62+2
   364 00:01EF: 48           	pha
   365 00:01F0: AD xx xx     	lda	|~~basicvars+62
   366 00:01F3: 48           	pha
   367 00:01F4: F4 xx xx     	pea	#^L27
   368 00:01F7: F4 xx xx     	pea	#<L27
   369 00:01FA: AD xx xx     	lda	|~~stderr+2
   370 00:01FD: 48           	pha
   371 00:01FE: AD xx xx     	lda	|~~stderr
   372 00:0201: 48           	pha
   373 00:0202: F4 10 00     	pea	#16
   374 00:0205: 22 xx xx xx  	jsl	~~fprintf
   375 00:0209: F4 xx xx     	pea	#^L27+30
   376 00:020C: F4 xx xx     	pea	#<L27+30
   377 00:020F: F4 A7 00     	pea	#<$a7
   378 00:0212: F4 82 00     	pea	#<$82
   379 00:0215: F4 0A 00     	pea	#10
   380 00:0218: 22 xx xx xx  	jsl	~~error
   381                        L30:
   382 00:021C: 2B           	pld
   383 00:021D: 3B           	tsc
   384 00:021E: 18           	clc
   385 00:021F: 69 04 00     	adc	#L28
   386 00:0222: 1B           	tcs
   387 00:0223: 6B           	rtl
   388             00000004   L28	equ	4
   389             00000005   L29	equ	5
   390                        	ends
   391                        	efunc
   392                        	data
   393                        L27:
   394 00:0128: 42 61 64 20  	db	$42,$61,$64,$20,$74,$6F,$6B,$65,$6E,$20,
                    $61,$74,$20,$25,$70
       00:012C: 74 6F 6B 65 
       00:0130: 6E 20 61 74 
  Sun Jan  9 2022 20:52                                                Page 9


       00:0134: 20 25 70 
   395 00:0137: 2C 20 76 61  	db	$2C,$20,$76,$61,$6C,$75,$65,$3D,$26,$25,
                    $30,$32,$78,$0A,$00
       00:013B: 6C 75 65 3D 
       00:013F: 26 25 30 32 
       00:0143: 78 0A 00 
   396 00:0146: 73 74 61 74  	db	$73,$74,$61,$74,$65,$6D,$65,$6E,$74,$00
       00:014A: 65 6D 65 6E 
       00:014E: 74 00 
   397 00:0150:              	ends
   398                        	code
   399                        	xdef	~~bad_syntax
   400                        	func
   401                        ~~bad_syntax:
   402                        	longa	on
   403                        	longi	on
   404 00:0224: 3B           	tsc
   405 00:0225: 38           	sec
   406 00:0226: E9 00 00     	sbc	#L32
   407 00:0229: 1B           	tcs
   408 00:022A: 0B           	phd
   409 00:022B: 5B           	tcd
   410 00:022C: F4 05 00     	pea	#<$5
   411 00:022F: F4 04 00     	pea	#4
   412 00:0232: 22 xx xx xx  	jsl	~~error
   413                        L34:
   414 00:0236: 2B           	pld
   415 00:0237: 3B           	tsc
   416 00:0238: 18           	clc
   417 00:0239: 69 00 00     	adc	#L32
   418 00:023C: 1B           	tcs
   419 00:023D: 6B           	rtl
   420             00000000   L32	equ	0
   421             00000001   L33	equ	1
   422                        	ends
   423                        	efunc
   424                        	code
   425                        	func
   426                        ~~flag_badline:
   427                        	longa	on
   428                        	longi	on
   429 00:023E: 3B           	tsc
   430 00:023F: 38           	sec
   431 00:0240: E9 04 00     	sbc	#L35
   432 00:0243: 1B           	tcs
   433 00:0244: 0B           	phd
   434 00:0245: 5B           	tcd
   435 00:0246: EE xx xx     	inc	|~~basicvars+62
   436 00:0249: D0 03        	bne	L37
   437 00:024B: EE xx xx     	inc	|~~basicvars+62+2
   438                        L37:
   439 00:024E: AD xx xx     	lda	|~~basicvars+62
   440 00:0251: 85 01        	sta	<R0
   441 00:0253: AD xx xx     	lda	|~~basicvars+62+2
   442 00:0256: 85 03        	sta	<R0+2
   443 00:0258: A7 01        	lda	[<R0]
   444 00:025A: 29 FF 00     	and	#$ff
   445 00:025D: 48           	pha
  Sun Jan  9 2022 20:52                                                Page 10


   446 00:025E: F4 04 00     	pea	#4
   447 00:0261: 22 xx xx xx  	jsl	~~error
   448                        L38:
   449 00:0265: 2B           	pld
   450 00:0266: 3B           	tsc
   451 00:0267: 18           	clc
   452 00:0268: 69 04 00     	adc	#L35
   453 00:026B: 1B           	tcs
   454 00:026C: 6B           	rtl
   455             00000004   L35	equ	4
   456             00000005   L36	equ	5
   457                        	ends
   458                        	efunc
   459                        	code
   460                        	xdef	~~isateol
   461                        	func
   462                        ~~isateol:
   463                        	longa	on
   464                        	longi	on
   465 00:026D: 3B           	tsc
   466 00:026E: 38           	sec
   467 00:026F: E9 04 00     	sbc	#L39
   468 00:0272: 1B           	tcs
   469 00:0273: 0B           	phd
   470 00:0274: 5B           	tcd
   471             00000004   p_0	set	4
   472 00:0275: A7 08        	lda	[<L39+p_0]
   473 00:0277: 29 FF 00     	and	#$ff
   474 00:027A: 85 01        	sta	<R0
   475 00:027C: A6 01        	ldx	<R0
   476 00:027E: BD xx xx     	lda	|~~ateol,X
   477 00:0281: 29 FF 00     	and	#$ff
   478                        L41:
   479 00:0284: A8           	tay
   480 00:0285: A5 06        	lda	<L39+2
   481 00:0287: 85 0A        	sta	<L39+2+4
   482 00:0289: A5 05        	lda	<L39+1
   483 00:028B: 85 09        	sta	<L39+1+4
   484 00:028D: 2B           	pld
   485 00:028E: 3B           	tsc
   486 00:028F: 18           	clc
   487 00:0290: 69 08 00     	adc	#L39+4
   488 00:0293: 1B           	tcs
   489 00:0294: 98           	tya
   490 00:0295: 6B           	rtl
   491             00000004   L39	equ	4
   492             00000005   L40	equ	5
   493                        	ends
   494                        	efunc
   495                        	code
   496                        	xdef	~~check_ateol
   497                        	func
   498                        ~~check_ateol:
   499                        	longa	on
   500                        	longi	on
   501 00:0296: 3B           	tsc
   502 00:0297: 38           	sec
   503 00:0298: E9 04 00     	sbc	#L42
  Sun Jan  9 2022 20:52                                                Page 11


   504 00:029B: 1B           	tcs
   505 00:029C: 0B           	phd
   506 00:029D: 5B           	tcd
   507 00:029E: AD xx xx     	lda	|~~basicvars+62
   508 00:02A1: 85 01        	sta	<R0
   509 00:02A3: AD xx xx     	lda	|~~basicvars+62+2
   510 00:02A6: 85 03        	sta	<R0+2
   511 00:02A8: A7 01        	lda	[<R0]
   512 00:02AA: 29 FF 00     	and	#$ff
   513 00:02AD: 85 01        	sta	<R0
   514 00:02AF: A6 01        	ldx	<R0
   515 00:02B1: BD xx xx     	lda	|~~ateol,X
   516 00:02B4: 29 FF 00     	and	#$ff
   517 00:02B7: F0 03        	beq	L44
   518 00:02B9: 82 0A 00     	brl	L10010
   519                        L44:
   520 00:02BC: F4 05 00     	pea	#<$5
   521 00:02BF: F4 04 00     	pea	#4
   522 00:02C2: 22 xx xx xx  	jsl	~~error
   523                        L10010:
   524                        L45:
   525 00:02C6: 2B           	pld
   526 00:02C7: 3B           	tsc
   527 00:02C8: 18           	clc
   528 00:02C9: 69 04 00     	adc	#L42
   529 00:02CC: 1B           	tcs
   530 00:02CD: 6B           	rtl
   531             00000004   L42	equ	4
   532             00000005   L43	equ	5
   533                        	ends
   534                        	efunc
   535                        	code
   536                        	func
   537                        ~~skip_colon:
   538                        	longa	on
   539                        	longi	on
   540 00:02CE: 3B           	tsc
   541 00:02CF: 38           	sec
   542 00:02D0: E9 00 00     	sbc	#L46
   543 00:02D3: 1B           	tcs
   544 00:02D4: 0B           	phd
   545 00:02D5: 5B           	tcd
   546 00:02D6: EE xx xx     	inc	|~~basicvars+62
   547 00:02D9: D0 03        	bne	L48
   548 00:02DB: EE xx xx     	inc	|~~basicvars+62+2
   549                        L48:
   550                        L49:
   551 00:02DE: 2B           	pld
   552 00:02DF: 3B           	tsc
   553 00:02E0: 18           	clc
   554 00:02E1: 69 00 00     	adc	#L46
   555 00:02E4: 1B           	tcs
   556 00:02E5: 6B           	rtl
   557             00000000   L46	equ	0
   558             00000001   L47	equ	1
   559                        	ends
   560                        	efunc
   561                        	code
  Sun Jan  9 2022 20:52                                                Page 12


   562                        	xdef	~~end_run
   563                        	func
   564                        ~~end_run:
   565                        	longa	on
   566                        	longi	on
   567 00:02E6: 3B           	tsc
   568 00:02E7: 38           	sec
   569 00:02E8: E9 04 00     	sbc	#L50
   570 00:02EB: 1B           	tcs
   571 00:02EC: 0B           	phd
   572 00:02ED: 5B           	tcd
   573 00:02EE: A9 01 00     	lda	#$1
   574 00:02F1: 1C xx xx     	trb	~~basicvars+423
   575 00:02F4: E2 20        	sep	#$20
   576                        	longa	off
   577 00:02F6: 9C xx xx     	stz	|~~basicvars+489
   578 00:02F9: C2 20        	rep	#$20
   579                        	longa	on
   580 00:02FB: 9C xx xx     	stz	|~~basicvars+399
   581 00:02FE: 9C xx xx     	stz	|~~basicvars+399+2
   582 00:0301: 9C xx xx     	stz	|~~basicvars+403
   583 00:0304: 9C xx xx     	stz	|~~basicvars+403+2
   584 00:0307: 9C xx xx     	stz	|~~basicvars+62
   585 00:030A: 9C xx xx     	stz	|~~basicvars+62+2
   586 00:030D: 22 xx xx xx  	jsl	~~clear_error
   587 00:0311: AD xx xx     	lda	|~~basicvars+423
   588 00:0314: 89 04 00     	bit	#$4
   589 00:0317: D0 03        	bne	L52
   590 00:0319: 82 07 00     	brl	L10011
   591                        L52:
   592 00:031C: F4 00 00     	pea	#<$0
   593 00:031F: 22 xx xx xx  	jsl	~~exit_interpreter
   594                        L10011:
   595 00:0323: F4 01 00     	pea	#<$1
   596 00:0326: A9 xx xx     	lda	#<~~basicvars+74
   597 00:0329: 85 01        	sta	<R0
   598                        	xref	_BEG_DATA
   599 00:032B: A9 xx xx     	lda	#_BEG_DATA>>16
   600 00:032E: 85 03        	sta	<R0+2
   601 00:0330: D4 03        	pei	<R0+2
   602 00:0332: D4 01        	pei	<R0
   603 00:0334: 22 xx xx xx  	jsl	~~longjmp
   604                        L53:
   605 00:0338: 2B           	pld
   606 00:0339: 3B           	tsc
   607 00:033A: 18           	clc
   608 00:033B: 69 04 00     	adc	#L50
   609 00:033E: 1B           	tcs
   610 00:033F: 6B           	rtl
   611             00000004   L50	equ	4
   612             00000005   L51	equ	5
   613                        	ends
   614                        	efunc
   615                        	code
   616                        	func
   617                        ~~next_line:
   618                        	longa	on
   619                        	longi	on
  Sun Jan  9 2022 20:52                                                Page 13


   620 00:0340: 3B           	tsc
   621 00:0341: 38           	sec
   622 00:0342: E9 10 00     	sbc	#L54
   623 00:0345: 1B           	tcs
   624 00:0346: 0B           	phd
   625 00:0347: 5B           	tcd
   626             00000000   lp_1	set	0
   627 00:0348: 18           	clc
   628 00:0349: A9 01 00     	lda	#$1
   629 00:034C: 6D xx xx     	adc	|~~basicvars+62
   630 00:034F: 85 0D        	sta	<L55+lp_1
   631 00:0351: A9 00 00     	lda	#$0
   632 00:0354: 6D xx xx     	adc	|~~basicvars+62+2
   633 00:0357: 85 0F        	sta	<L55+lp_1+2
   634 00:0359: E2 20        	sep	#$20
   635                        	longa	off
   636 00:035B: A0 01 00     	ldy	#$1
   637 00:035E: B7 0D        	lda	[<L55+lp_1],Y
   638 00:0360: C9 FF        	cmp	#<$ff
   639 00:0362: C2 20        	rep	#$20
   640                        	longa	on
   641 00:0364: F0 03        	beq	L56
   642 00:0366: 82 04 00     	brl	L10012
   643                        L56:
   644 00:0369: 22 xx xx xx  	jsl	~~end_run
   645                        L10012:
   646 00:036D: AD xx xx     	lda	|~~basicvars+425
   647 00:0370: 89 02 00     	bit	#$2
   648 00:0373: D0 03        	bne	L57
   649 00:0375: 82 0D 00     	brl	L10013
   650                        L57:
   651 00:0378: D4 0F        	pei	<L55+lp_1+2
   652 00:037A: D4 0D        	pei	<L55+lp_1
   653 00:037C: 22 xx xx xx  	jsl	~~get_lineno
   654 00:0380: 48           	pha
   655 00:0381: 22 xx xx xx  	jsl	~~trace_line
   656                        L10013:
   657 00:0385: A0 05 00     	ldy	#$5
   658 00:0388: B7 0D        	lda	[<L55+lp_1],Y
   659 00:038A: 29 FF 00     	and	#$ff
   660 00:038D: 85 05        	sta	<R1
   661 00:038F: A5 05        	lda	<R1
   662 00:0391: EB           	xba
   663 00:0392: 29 00 FF     	and	#$ff00
   664 00:0395: 85 01        	sta	<R0
   665 00:0397: A0 00 00     	ldy	#$0
   666 00:039A: A5 01        	lda	<R0
   667 00:039C: 10 01        	bpl	L58
   668 00:039E: 88           	dey
   669                        L58:
   670 00:039F: 85 01        	sta	<R0
   671 00:03A1: 84 03        	sty	<R0+2
   672 00:03A3: A0 04 00     	ldy	#$4
   673 00:03A6: B7 0D        	lda	[<L55+lp_1],Y
   674 00:03A8: 29 FF 00     	and	#$ff
   675 00:03AB: 85 05        	sta	<R1
   676 00:03AD: 64 07        	stz	<R1+2
   677 00:03AF: 18           	clc
  Sun Jan  9 2022 20:52                                                Page 14


   678 00:03B0: A5 05        	lda	<R1
   679 00:03B2: 65 01        	adc	<R0
   680 00:03B4: 85 09        	sta	<R2
   681 00:03B6: A5 07        	lda	<R1+2
   682 00:03B8: 65 03        	adc	<R0+2
   683 00:03BA: 85 0B        	sta	<R2+2
   684 00:03BC: 18           	clc
   685 00:03BD: A5 0D        	lda	<L55+lp_1
   686 00:03BF: 65 09        	adc	<R2
   687 00:03C1: 8D xx xx     	sta	|~~basicvars+62
   688 00:03C4: A5 0F        	lda	<L55+lp_1+2
   689 00:03C6: 65 0B        	adc	<R2+2
   690 00:03C8: 8D xx xx     	sta	|~~basicvars+62+2
   691                        L59:
   692 00:03CB: 2B           	pld
   693 00:03CC: 3B           	tsc
   694 00:03CD: 18           	clc
   695 00:03CE: 69 10 00     	adc	#L54
   696 00:03D1: 1B           	tcs
   697 00:03D2: 6B           	rtl
   698             00000010   L54	equ	16
   699             0000000D   L55	equ	13
   700                        	ends
   701                        	efunc
   702                        	code
   703                        	xdef	~~store_value
   704                        	func
   705                        ~~store_value:
   706                        	longa	on
   707                        	longi	on
   708 00:03D3: 3B           	tsc
   709 00:03D4: 38           	sec
   710 00:03D5: E9 16 00     	sbc	#L60
   711 00:03D8: 1B           	tcs
   712 00:03D9: 0B           	phd
   713 00:03DA: 5B           	tcd
   714             00000004   destination_0	set	4
   715             0000000A   value_0	set	10
   716             0000000C   nostring_0	set	12
   717             00000000   length_1	set	0
   718             00000002   cp_1	set	2
   719 00:03DB: A5 1A        	lda	<L60+destination_0
   720 00:03DD: 82 E8 01     	brl	L10014
   721                        L10016:
   722 00:03E0: A5 20        	lda	<L60+value_0
   723 00:03E2: 87 1C        	sta	[<L60+destination_0+2]
   724 00:03E4: 82 05 02     	brl	L10015
   725                        L10017:
   726 00:03E7: A0 00 00     	ldy	#$0
   727 00:03EA: A5 20        	lda	<L60+value_0
   728 00:03EC: 10 01        	bpl	L62
   729 00:03EE: 88           	dey
   730                        L62:
   731 00:03EF: 5A           	phy
   732 00:03F0: 48           	pha
   733                        	xref	~~~fflt
   734 00:03F1: 22 xx xx xx  	jsl	~~~fflt
   735 00:03F5: 68           	pla
  Sun Jan  9 2022 20:52                                                Page 15


   736 00:03F6: 87 1C        	sta	[<L60+destination_0+2]
   737 00:03F8: 68           	pla
   738 00:03F9: A0 02 00     	ldy	#$2
   739 00:03FC: 97 1C        	sta	[<L60+destination_0+2],Y
   740 00:03FE: 82 EB 01     	brl	L10015
   741                        L10018:
   742 00:0401: A5 22        	lda	<L60+nostring_0
   743 00:0403: 29 FF 00     	and	#$ff
   744 00:0406: D0 03        	bne	L63
   745 00:0408: 82 0A 00     	brl	L10019
   746                        L63:
   747 00:040B: F4 43 00     	pea	#<$43
   748 00:040E: F4 04 00     	pea	#4
   749 00:0411: 22 xx xx xx  	jsl	~~error
   750                        L10019:
   751 00:0415: A0 00 00     	ldy	#$0
   752 00:0418: A5 20        	lda	<L60+value_0
   753 00:041A: 10 01        	bpl	L64
   754 00:041C: 88           	dey
   755                        L64:
   756 00:041D: 85 01        	sta	<R0
   757 00:041F: 84 03        	sty	<R0+2
   758 00:0421: D4 03        	pei	<R0+2
   759 00:0423: D4 01        	pei	<R0
   760 00:0425: 22 xx xx xx  	jsl	~~strlen
   761 00:0429: 85 11        	sta	<L61+length_1
   762 00:042B: 38           	sec
   763 00:042C: A9 00 10     	lda	#$1000
   764 00:042F: E5 11        	sbc	<L61+length_1
   765 00:0431: 70 03        	bvs	L65
   766 00:0433: 49 00 80     	eor	#$8000
   767                        L65:
   768 00:0436: 10 03        	bpl	L66
   769 00:0438: 82 0A 00     	brl	L10020
   770                        L66:
   771 00:043B: F4 3D 00     	pea	#<$3d
   772 00:043E: F4 04 00     	pea	#4
   773 00:0441: 22 xx xx xx  	jsl	~~error
   774                        L10020:
   775 00:0445: 38           	sec
   776 00:0446: 3B           	tsc
   777 00:0447: E9 06 00     	sbc	#6
   778 00:044A: 1B           	tcs
   779 00:044B: 1A           	ina
   780 00:044C: 85 01        	sta	<R0
   781 00:044E: 64 03        	stz	<R0+2
   782 00:0450: D4 1E        	pei	<L60+destination_0+4
   783 00:0452: D4 1C        	pei	<L60+destination_0+2
   784 00:0454: D4 03        	pei	<R0+2
   785 00:0456: D4 01        	pei	<R0
   786 00:0458: A9 06 00     	lda	#$6
   787                        	xref	~~~fmov
   788 00:045B: 22 xx xx xx  	jsl	~~~fmov
   789 00:045F: 22 xx xx xx  	jsl	~~free_string
   790 00:0463: D4 11        	pei	<L61+length_1
   791 00:0465: 22 xx xx xx  	jsl	~~alloc_string
   792 00:0469: 85 13        	sta	<L61+cp_1
   793 00:046B: 86 15        	stx	<L61+cp_1+2
  Sun Jan  9 2022 20:52                                                Page 16


   794 00:046D: 38           	sec
   795 00:046E: A9 00 00     	lda	#$0
   796 00:0471: E5 11        	sbc	<L61+length_1
   797 00:0473: 70 03        	bvs	L67
   798 00:0475: 49 00 80     	eor	#$8000
   799                        L67:
   800 00:0478: 10 03        	bpl	L68
   801 00:047A: 82 28 00     	brl	L10021
   802                        L68:
   803 00:047D: A0 00 00     	ldy	#$0
   804 00:0480: A5 11        	lda	<L61+length_1
   805 00:0482: 10 01        	bpl	L69
   806 00:0484: 88           	dey
   807                        L69:
   808 00:0485: 85 01        	sta	<R0
   809 00:0487: 84 03        	sty	<R0+2
   810 00:0489: D4 03        	pei	<R0+2
   811 00:048B: D4 01        	pei	<R0
   812 00:048D: A0 00 00     	ldy	#$0
   813 00:0490: A5 20        	lda	<L60+value_0
   814 00:0492: 10 01        	bpl	L70
   815 00:0494: 88           	dey
   816                        L70:
   817 00:0495: 85 05        	sta	<R1
   818 00:0497: 84 07        	sty	<R1+2
   819 00:0499: D4 07        	pei	<R1+2
   820 00:049B: D4 05        	pei	<R1
   821 00:049D: D4 15        	pei	<L61+cp_1+2
   822 00:049F: D4 13        	pei	<L61+cp_1
   823 00:04A1: 22 xx xx xx  	jsl	~~memmove
   824                        L10021:
   825 00:04A5: A5 11        	lda	<L61+length_1
   826 00:04A7: 87 1C        	sta	[<L60+destination_0+2]
   827 00:04A9: A5 13        	lda	<L61+cp_1
   828 00:04AB: A0 02 00     	ldy	#$2
   829 00:04AE: 97 1C        	sta	[<L60+destination_0+2],Y
   830 00:04B0: A5 15        	lda	<L61+cp_1+2
   831 00:04B2: A0 04 00     	ldy	#$4
   832 00:04B5: 97 1C        	sta	[<L60+destination_0+2],Y
   833 00:04B7: 82 32 01     	brl	L10015
   834                        L10022:
   835 00:04BA: F4 01 00     	pea	#<$1
   836 00:04BD: D4 1C        	pei	<L60+destination_0+2
   837 00:04BF: 22 xx xx xx  	jsl	~~check_write
   838 00:04C3: AD xx xx     	lda	|~~basicvars+6
   839 00:04C6: 85 01        	sta	<R0
   840 00:04C8: AD xx xx     	lda	|~~basicvars+6+2
   841 00:04CB: 85 03        	sta	<R0+2
   842 00:04CD: E2 20        	sep	#$20
   843                        	longa	off
   844 00:04CF: A5 20        	lda	<L60+value_0
   845 00:04D1: A4 1C        	ldy	<L60+destination_0+2
   846 00:04D3: 97 01        	sta	[<R0],Y
   847 00:04D5: C2 20        	rep	#$20
   848                        	longa	on
   849 00:04D7: 82 12 01     	brl	L10015
   850                        L10023:
   851 00:04DA: D4 20        	pei	<L60+value_0
  Sun Jan  9 2022 20:52                                                Page 17


   852 00:04DC: D4 1C        	pei	<L60+destination_0+2
   853 00:04DE: 22 xx xx xx  	jsl	~~store_integer
   854 00:04E2: 82 07 01     	brl	L10015
   855                        L10024:
   856 00:04E5: A0 00 00     	ldy	#$0
   857 00:04E8: A5 20        	lda	<L60+value_0
   858 00:04EA: 10 01        	bpl	L71
   859 00:04EC: 88           	dey
   860                        L71:
   861 00:04ED: 5A           	phy
   862 00:04EE: 48           	pha
   863                        	xref	~~~fflt
   864 00:04EF: 22 xx xx xx  	jsl	~~~fflt
   865 00:04F3: D4 1C        	pei	<L60+destination_0+2
   866 00:04F5: 22 xx xx xx  	jsl	~~store_float
   867 00:04F9: 82 F0 00     	brl	L10015
   868                        L10025:
   869 00:04FC: A5 22        	lda	<L60+nostring_0
   870 00:04FE: 29 FF 00     	and	#$ff
   871 00:0501: D0 03        	bne	L72
   872 00:0503: 82 0A 00     	brl	L10026
   873                        L72:
   874 00:0506: F4 43 00     	pea	#<$43
   875 00:0509: F4 04 00     	pea	#4
   876 00:050C: 22 xx xx xx  	jsl	~~error
   877                        L10026:
   878 00:0510: A0 00 00     	ldy	#$0
   879 00:0513: A5 20        	lda	<L60+value_0
   880 00:0515: 10 01        	bpl	L73
   881 00:0517: 88           	dey
   882                        L73:
   883 00:0518: 85 01        	sta	<R0
   884 00:051A: 84 03        	sty	<R0+2
   885 00:051C: D4 03        	pei	<R0+2
   886 00:051E: D4 01        	pei	<R0
   887 00:0520: 22 xx xx xx  	jsl	~~strlen
   888 00:0524: 85 11        	sta	<L61+length_1
   889 00:0526: 38           	sec
   890 00:0527: A9 00 10     	lda	#$1000
   891 00:052A: E5 11        	sbc	<L61+length_1
   892 00:052C: 70 03        	bvs	L74
   893 00:052E: 49 00 80     	eor	#$8000
   894                        L74:
   895 00:0531: 10 03        	bpl	L75
   896 00:0533: 82 0A 00     	brl	L10027
   897                        L75:
   898 00:0536: F4 3D 00     	pea	#<$3d
   899 00:0539: F4 04 00     	pea	#4
   900 00:053C: 22 xx xx xx  	jsl	~~error
   901                        L10027:
   902 00:0540: A5 11        	lda	<L61+length_1
   903 00:0542: 1A           	ina
   904 00:0543: 48           	pha
   905 00:0544: D4 1C        	pei	<L60+destination_0+2
   906 00:0546: 22 xx xx xx  	jsl	~~check_write
   907 00:054A: 38           	sec
   908 00:054B: A9 00 00     	lda	#$0
   909 00:054E: E5 11        	sbc	<L61+length_1
  Sun Jan  9 2022 20:52                                                Page 18


   910 00:0550: 70 03        	bvs	L76
   911 00:0552: 49 00 80     	eor	#$8000
   912                        L76:
   913 00:0555: 10 03        	bpl	L77
   914 00:0557: 82 43 00     	brl	L10028
   915                        L77:
   916 00:055A: A0 00 00     	ldy	#$0
   917 00:055D: A5 11        	lda	<L61+length_1
   918 00:055F: 10 01        	bpl	L78
   919 00:0561: 88           	dey
   920                        L78:
   921 00:0562: 85 01        	sta	<R0
   922 00:0564: 84 03        	sty	<R0+2
   923 00:0566: D4 03        	pei	<R0+2
   924 00:0568: D4 01        	pei	<R0
   925 00:056A: A0 00 00     	ldy	#$0
   926 00:056D: A5 20        	lda	<L60+value_0
   927 00:056F: 10 01        	bpl	L79
   928 00:0571: 88           	dey
   929                        L79:
   930 00:0572: 85 05        	sta	<R1
   931 00:0574: 84 07        	sty	<R1+2
   932 00:0576: D4 07        	pei	<R1+2
   933 00:0578: D4 05        	pei	<R1
   934 00:057A: A0 00 00     	ldy	#$0
   935 00:057D: A5 1C        	lda	<L60+destination_0+2
   936 00:057F: 10 01        	bpl	L80
   937 00:0581: 88           	dey
   938                        L80:
   939 00:0582: 85 09        	sta	<R2
   940 00:0584: 84 0B        	sty	<R2+2
   941 00:0586: 18           	clc
   942 00:0587: AD xx xx     	lda	|~~basicvars+6
   943 00:058A: 65 09        	adc	<R2
   944 00:058C: 85 0D        	sta	<R3
   945 00:058E: AD xx xx     	lda	|~~basicvars+6+2
   946 00:0591: 65 0B        	adc	<R2+2
   947 00:0593: 85 0F        	sta	<R3+2
   948 00:0595: D4 0F        	pei	<R3+2
   949 00:0597: D4 0D        	pei	<R3
   950 00:0599: 22 xx xx xx  	jsl	~~memmove
   951                        L10028:
   952 00:059D: 18           	clc
   953 00:059E: A5 1C        	lda	<L60+destination_0+2
   954 00:05A0: 65 11        	adc	<L61+length_1
   955 00:05A2: 85 01        	sta	<R0
   956 00:05A4: AD xx xx     	lda	|~~basicvars+6
   957 00:05A7: 85 05        	sta	<R1
   958 00:05A9: AD xx xx     	lda	|~~basicvars+6+2
   959 00:05AC: 85 07        	sta	<R1+2
   960 00:05AE: E2 20        	sep	#$20
   961                        	longa	off
   962 00:05B0: A9 0D        	lda	#$d
   963 00:05B2: A4 01        	ldy	<R0
   964 00:05B4: 97 05        	sta	[<R1],Y
   965 00:05B6: C2 20        	rep	#$20
   966                        	longa	on
   967 00:05B8: 82 31 00     	brl	L10015
  Sun Jan  9 2022 20:52                                                Page 19


   968                        L10029:
   969 00:05BB: F4 43 00     	pea	#<$43
   970 00:05BE: F4 04 00     	pea	#4
   971 00:05C1: 22 xx xx xx  	jsl	~~error
   972 00:05C5: 82 24 00     	brl	L10015
   973                        L10014:
   974                        	xref	~~~swt
   975 00:05C8: 22 xx xx xx  	jsl	~~~swt
   976 00:05CC: 07 00        	dw	7
   977 00:05CE: 02 00        	dw	2
   978 00:05D0: xx xx        	dw	L10016-1
   979 00:05D2: 03 00        	dw	3
   980 00:05D4: xx xx        	dw	L10017-1
   981 00:05D6: 04 00        	dw	4
   982 00:05D8: xx xx        	dw	L10018-1
   983 00:05DA: 11 00        	dw	17
   984 00:05DC: xx xx        	dw	L10022-1
   985 00:05DE: 12 00        	dw	18
   986 00:05E0: xx xx        	dw	L10023-1
   987 00:05E2: 13 00        	dw	19
   988 00:05E4: xx xx        	dw	L10024-1
   989 00:05E6: 15 00        	dw	21
   990 00:05E8: xx xx        	dw	L10025-1
   991 00:05EA: xx xx        	dw	L10029-1
   992                        L10015:
   993                        L81:
   994 00:05EC: A5 18        	lda	<L60+2
   995 00:05EE: 85 22        	sta	<L60+2+10
   996 00:05F0: A5 17        	lda	<L60+1
   997 00:05F2: 85 21        	sta	<L60+1+10
   998 00:05F4: 2B           	pld
   999 00:05F5: 3B           	tsc
  1000 00:05F6: 18           	clc
  1001 00:05F7: 69 20 00     	adc	#L60+10
  1002 00:05FA: 1B           	tcs
  1003 00:05FB: 6B           	rtl
  1004             00000016   L60	equ	22
  1005             00000011   L61	equ	17
  1006                        	ends
  1007                        	efunc
  1008                        	data
  1009                        ~~statements:
  1010 00:0150: xx xx xx xx  	dl	~~next_line
  1011 00:0154: xx xx xx xx  	dl	~~exec_assignment
  1012 00:0158: xx xx xx xx  	dl	~~assign_staticvar
  1013 00:015C: xx xx xx xx  	dl	~~assign_intvar
  1014 00:0160: xx xx xx xx  	dl	~~assign_floatvar
  1015 00:0164: xx xx xx xx  	dl	~~assign_stringvar
  1016 00:0168: xx xx xx xx  	dl	~~exec_assignment
  1017 00:016C: xx xx xx xx  	dl	~~exec_assignment
  1018 00:0170: xx xx xx xx  	dl	~~exec_assignment
  1019 00:0174: xx xx xx xx  	dl	~~exec_assignment
  1020 00:0178: xx xx xx xx  	dl	~~exec_assignment
  1021 00:017C: xx xx xx xx  	dl	~~exec_assignment
  1022 00:0180: xx xx xx xx  	dl	~~exec_xproc
  1023 00:0184: xx xx xx xx  	dl	~~exec_proc
  1024 00:0188: xx xx xx xx  	dl	~~bad_token
  1025 00:018C: xx xx xx xx  	dl	~~bad_token
  Sun Jan  9 2022 20:52                                                Page 20


  1026 00:0190: xx xx xx xx  	dl	~~bad_syntax
  1027 00:0194: xx xx xx xx  	dl	~~bad_syntax
  1028 00:0198: xx xx xx xx  	dl	~~bad_syntax
  1029 00:019C: xx xx xx xx  	dl	~~bad_syntax
  1030 00:01A0: xx xx xx xx  	dl	~~bad_syntax
  1031 00:01A4: xx xx xx xx  	dl	~~bad_syntax
  1032 00:01A8: xx xx xx xx  	dl	~~bad_syntax
  1033 00:01AC: xx xx xx xx  	dl	~~bad_syntax
  1034 00:01B0: xx xx xx xx  	dl	~~bad_syntax
  1035 00:01B4: xx xx xx xx  	dl	~~bad_token
  1036 00:01B8: xx xx xx xx  	dl	~~bad_token
  1037 00:01BC: xx xx xx xx  	dl	~~bad_token
  1038 00:01C0: xx xx xx xx  	dl	~~bad_token
  1039 00:01C4: xx xx xx xx  	dl	~~bad_token
  1040 00:01C8: xx xx xx xx  	dl	~~bad_token
  1041 00:01CC: xx xx xx xx  	dl	~~bad_token
  1042 00:01D0: xx xx xx xx  	dl	~~bad_token
  1043 00:01D4: xx xx xx xx  	dl	~~exec_assignment
  1044 00:01D8: xx xx xx xx  	dl	~~bad_syntax
  1045 00:01DC: xx xx xx xx  	dl	~~bad_syntax
  1046 00:01E0: xx xx xx xx  	dl	~~exec_assignment
  1047 00:01E4: xx xx xx xx  	dl	~~bad_syntax
  1048 00:01E8: xx xx xx xx  	dl	~~bad_syntax
  1049 00:01EC: xx xx xx xx  	dl	~~bad_syntax
  1050 00:01F0: xx xx xx xx  	dl	~~bad_syntax
  1051 00:01F4: xx xx xx xx  	dl	~~bad_syntax
  1052 00:01F8: xx xx xx xx  	dl	~~bad_syntax
  1053 00:01FC: xx xx xx xx  	dl	~~bad_syntax
  1054 00:0200: xx xx xx xx  	dl	~~bad_syntax
  1055 00:0204: xx xx xx xx  	dl	~~bad_syntax
  1056 00:0208: xx xx xx xx  	dl	~~bad_syntax
  1057 00:020C: xx xx xx xx  	dl	~~bad_syntax
  1058 00:0210: xx xx xx xx  	dl	~~bad_token
  1059 00:0214: xx xx xx xx  	dl	~~bad_token
  1060 00:0218: xx xx xx xx  	dl	~~bad_token
  1061 00:021C: xx xx xx xx  	dl	~~bad_token
  1062 00:0220: xx xx xx xx  	dl	~~bad_token
  1063 00:0224: xx xx xx xx  	dl	~~bad_token
  1064 00:0228: xx xx xx xx  	dl	~~bad_token
  1065 00:022C: xx xx xx xx  	dl	~~bad_token
  1066 00:0230: xx xx xx xx  	dl	~~bad_token
  1067 00:0234: xx xx xx xx  	dl	~~bad_token
  1068 00:0238: xx xx xx xx  	dl	~~skip_colon
  1069 00:023C: xx xx xx xx  	dl	~~bad_syntax
  1070 00:0240: xx xx xx xx  	dl	~~bad_syntax
  1071 00:0244: xx xx xx xx  	dl	~~exec_fnreturn
  1072 00:0248: xx xx xx xx  	dl	~~bad_syntax
  1073 00:024C: xx xx xx xx  	dl	~~exec_assignment
  1074 00:0250: xx xx xx xx  	dl	~~bad_token
  1075 00:0254: xx xx xx xx  	dl	~~bad_token
  1076 00:0258: xx xx xx xx  	dl	~~bad_token
  1077 00:025C: xx xx xx xx  	dl	~~bad_token
  1078 00:0260: xx xx xx xx  	dl	~~bad_token
  1079 00:0264: xx xx xx xx  	dl	~~bad_token
  1080 00:0268: xx xx xx xx  	dl	~~bad_token
  1081 00:026C: xx xx xx xx  	dl	~~bad_token
  1082 00:0270: xx xx xx xx  	dl	~~bad_token
  1083 00:0274: xx xx xx xx  	dl	~~bad_token
  Sun Jan  9 2022 20:52                                                Page 21


  1084 00:0278: xx xx xx xx  	dl	~~bad_token
  1085 00:027C: xx xx xx xx  	dl	~~bad_token
  1086 00:0280: xx xx xx xx  	dl	~~bad_token
  1087 00:0284: xx xx xx xx  	dl	~~bad_token
  1088 00:0288: xx xx xx xx  	dl	~~bad_token
  1089 00:028C: xx xx xx xx  	dl	~~bad_token
  1090 00:0290: xx xx xx xx  	dl	~~bad_token
  1091 00:0294: xx xx xx xx  	dl	~~bad_token
  1092 00:0298: xx xx xx xx  	dl	~~bad_token
  1093 00:029C: xx xx xx xx  	dl	~~bad_token
  1094 00:02A0: xx xx xx xx  	dl	~~bad_token
  1095 00:02A4: xx xx xx xx  	dl	~~bad_token
  1096 00:02A8: xx xx xx xx  	dl	~~bad_token
  1097 00:02AC: xx xx xx xx  	dl	~~bad_token
  1098 00:02B0: xx xx xx xx  	dl	~~bad_token
  1099 00:02B4: xx xx xx xx  	dl	~~bad_token
  1100 00:02B8: xx xx xx xx  	dl	~~bad_token
  1101 00:02BC: xx xx xx xx  	dl	~~exec_assembler
  1102 00:02C0: xx xx xx xx  	dl	~~bad_syntax
  1103 00:02C4: xx xx xx xx  	dl	~~exec_asmend
  1104 00:02C8: xx xx xx xx  	dl	~~bad_syntax
  1105 00:02CC: xx xx xx xx  	dl	~~bad_token
  1106 00:02D0: xx xx xx xx  	dl	~~bad_token
  1107 00:02D4: xx xx xx xx  	dl	~~bad_token
  1108 00:02D8: xx xx xx xx  	dl	~~bad_token
  1109 00:02DC: xx xx xx xx  	dl	~~bad_token
  1110 00:02E0: xx xx xx xx  	dl	~~bad_token
  1111 00:02E4: xx xx xx xx  	dl	~~bad_token
  1112 00:02E8: xx xx xx xx  	dl	~~bad_token
  1113 00:02EC: xx xx xx xx  	dl	~~bad_token
  1114 00:02F0: xx xx xx xx  	dl	~~bad_token
  1115 00:02F4: xx xx xx xx  	dl	~~bad_token
  1116 00:02F8: xx xx xx xx  	dl	~~bad_token
  1117 00:02FC: xx xx xx xx  	dl	~~bad_token
  1118 00:0300: xx xx xx xx  	dl	~~bad_token
  1119 00:0304: xx xx xx xx  	dl	~~bad_token
  1120 00:0308: xx xx xx xx  	dl	~~bad_token
  1121 00:030C: xx xx xx xx  	dl	~~bad_token
  1122 00:0310: xx xx xx xx  	dl	~~bad_token
  1123 00:0314: xx xx xx xx  	dl	~~bad_token
  1124 00:0318: xx xx xx xx  	dl	~~bad_token
  1125 00:031C: xx xx xx xx  	dl	~~bad_token
  1126 00:0320: xx xx xx xx  	dl	~~bad_token
  1127 00:0324: xx xx xx xx  	dl	~~bad_token
  1128 00:0328: xx xx xx xx  	dl	~~bad_token
  1129 00:032C: xx xx xx xx  	dl	~~bad_token
  1130 00:0330: xx xx xx xx  	dl	~~bad_token
  1131 00:0334: xx xx xx xx  	dl	~~bad_token
  1132 00:0338: xx xx xx xx  	dl	~~bad_token
  1133 00:033C: xx xx xx xx  	dl	~~bad_syntax
  1134 00:0340: xx xx xx xx  	dl	~~exec_assignment
  1135 00:0344: xx xx xx xx  	dl	~~bad_syntax
  1136 00:0348: xx xx xx xx  	dl	~~bad_syntax
  1137 00:034C: xx xx xx xx  	dl	~~bad_token
  1138 00:0350: xx xx xx xx  	dl	~~bad_syntax
  1139 00:0354: xx xx xx xx  	dl	~~bad_syntax
  1140 00:0358: xx xx xx xx  	dl	~~exec_oscmd
  1141 00:035C: xx xx xx xx  	dl	~~bad_syntax
  Sun Jan  9 2022 20:52                                                Page 22


  1142 00:0360: xx xx xx xx  	dl	~~bad_syntax
  1143 00:0364: xx xx xx xx  	dl	~~bad_syntax
  1144 00:0368: xx xx xx xx  	dl	~~exec_oscmd
  1145 00:036C: xx xx xx xx  	dl	~~bad_syntax
  1146 00:0370: xx xx xx xx  	dl	~~bad_syntax
  1147 00:0374: xx xx xx xx  	dl	~~bad_syntax
  1148 00:0378: xx xx xx xx  	dl	~~exec_oscmd
  1149 00:037C: xx xx xx xx  	dl	~~bad_syntax
  1150 00:0380: xx xx xx xx  	dl	~~bad_syntax
  1151 00:0384: xx xx xx xx  	dl	~~exec_beats
  1152 00:0388: xx xx xx xx  	dl	~~exec_bput
  1153 00:038C: xx xx xx xx  	dl	~~exec_call
  1154 00:0390: xx xx xx xx  	dl	~~exec_xcase
  1155 00:0394: xx xx xx xx  	dl	~~exec_case
  1156 00:0398: xx xx xx xx  	dl	~~exec_chain
  1157 00:039C: xx xx xx xx  	dl	~~exec_circle
  1158 00:03A0: xx xx xx xx  	dl	~~exec_clg
  1159 00:03A4: xx xx xx xx  	dl	~~exec_clear
  1160 00:03A8: xx xx xx xx  	dl	~~exec_close
  1161 00:03AC: xx xx xx xx  	dl	~~exec_cls
  1162 00:03B0: xx xx xx xx  	dl	~~exec_colour
  1163 00:03B4: xx xx xx xx  	dl	~~exec_data
  1164 00:03B8: xx xx xx xx  	dl	~~exec_def
  1165 00:03BC: xx xx xx xx  	dl	~~exec_dim
  1166 00:03C0: xx xx xx xx  	dl	~~exec_draw
  1167 00:03C4: xx xx xx xx  	dl	~~exec_drawby
  1168 00:03C8: xx xx xx xx  	dl	~~exec_ellipse
  1169 00:03CC: xx xx xx xx  	dl	~~exec_xelse
  1170 00:03D0: xx xx xx xx  	dl	~~exec_elsewhen
  1171 00:03D4: xx xx xx xx  	dl	~~exec_xlhelse
  1172 00:03D8: xx xx xx xx  	dl	~~exec_elsewhen
  1173 00:03DC: xx xx xx xx  	dl	~~exec_end
  1174 00:03E0: xx xx xx xx  	dl	~~exec_endifcase
  1175 00:03E4: xx xx xx xx  	dl	~~exec_endifcase
  1176 00:03E8: xx xx xx xx  	dl	~~exec_endproc
  1177 00:03EC: xx xx xx xx  	dl	~~exec_endwhile
  1178 00:03F0: xx xx xx xx  	dl	~~exec_envelope
  1179 00:03F4: xx xx xx xx  	dl	~~exec_error
  1180 00:03F8: xx xx xx xx  	dl	~~bad_syntax
  1181 00:03FC: xx xx xx xx  	dl	~~exec_fill
  1182 00:0400: xx xx xx xx  	dl	~~exec_fillby
  1183 00:0404: xx xx xx xx  	dl	~~bad_token
  1184 00:0408: xx xx xx xx  	dl	~~exec_for
  1185 00:040C: xx xx xx xx  	dl	~~exec_gcol
  1186 00:0410: xx xx xx xx  	dl	~~exec_gosub
  1187 00:0414: xx xx xx xx  	dl	~~exec_goto
  1188 00:0418: xx xx xx xx  	dl	~~exec_xif
  1189 00:041C: xx xx xx xx  	dl	~~exec_blockif
  1190 00:0420: xx xx xx xx  	dl	~~exec_singlif
  1191 00:0424: xx xx xx xx  	dl	~~exec_input
  1192 00:0428: xx xx xx xx  	dl	~~exec_let
  1193 00:042C: xx xx xx xx  	dl	~~exec_library
  1194 00:0430: xx xx xx xx  	dl	~~exec_line
  1195 00:0434: xx xx xx xx  	dl	~~exec_local
  1196 00:0438: xx xx xx xx  	dl	~~exec_mode
  1197 00:043C: xx xx xx xx  	dl	~~exec_mouse
  1198 00:0440: xx xx xx xx  	dl	~~exec_move
  1199 00:0444: xx xx xx xx  	dl	~~exec_moveby
  Sun Jan  9 2022 20:52                                                Page 23


  1200 00:0448: xx xx xx xx  	dl	~~exec_next
  1201 00:044C: xx xx xx xx  	dl	~~bad_syntax
  1202 00:0450: xx xx xx xx  	dl	~~bad_syntax
  1203 00:0454: xx xx xx xx  	dl	~~exec_off
  1204 00:0458: xx xx xx xx  	dl	~~exec_on
  1205 00:045C: xx xx xx xx  	dl	~~exec_origin
  1206 00:0460: xx xx xx xx  	dl	~~exec_oscli
  1207 00:0464: xx xx xx xx  	dl	~~exec_xwhen
  1208 00:0468: xx xx xx xx  	dl	~~exec_elsewhen
  1209 00:046C: xx xx xx xx  	dl	~~exec_overlay
  1210 00:0470: xx xx xx xx  	dl	~~exec_plot
  1211 00:0474: xx xx xx xx  	dl	~~exec_point
  1212 00:0478: xx xx xx xx  	dl	~~exec_pointby
  1213 00:047C: xx xx xx xx  	dl	~~exec_pointto
  1214 00:0480: xx xx xx xx  	dl	~~exec_print
  1215 00:0484: xx xx xx xx  	dl	~~exec_proc
  1216 00:0488: xx xx xx xx  	dl	~~exec_quit
  1217 00:048C: xx xx xx xx  	dl	~~exec_read
  1218 00:0490: xx xx xx xx  	dl	~~exec_rectangle
  1219 00:0494: xx xx xx xx  	dl	~~bad_token
  1220 00:0498: xx xx xx xx  	dl	~~exec_repeat
  1221 00:049C: xx xx xx xx  	dl	~~exec_report
  1222 00:04A0: xx xx xx xx  	dl	~~exec_restore
  1223 00:04A4: xx xx xx xx  	dl	~~exec_return
  1224 00:04A8: xx xx xx xx  	dl	~~exec_run
  1225 00:04AC: xx xx xx xx  	dl	~~exec_sound
  1226 00:04B0: xx xx xx xx  	dl	~~exec_oscmd
  1227 00:04B4: xx xx xx xx  	dl	~~bad_syntax
  1228 00:04B8: xx xx xx xx  	dl	~~exec_stereo
  1229 00:04BC: xx xx xx xx  	dl	~~exec_stop
  1230 00:04C0: xx xx xx xx  	dl	~~exec_swap
  1231 00:04C4: xx xx xx xx  	dl	~~exec_sys
  1232 00:04C8: xx xx xx xx  	dl	~~exec_tempo
  1233 00:04CC: xx xx xx xx  	dl	~~bad_syntax
  1234 00:04D0: xx xx xx xx  	dl	~~exec_tint
  1235 00:04D4: xx xx xx xx  	dl	~~bad_syntax
  1236 00:04D8: xx xx xx xx  	dl	~~exec_trace
  1237 00:04DC: xx xx xx xx  	dl	~~bad_syntax
  1238 00:04E0: xx xx xx xx  	dl	~~exec_until
  1239 00:04E4: xx xx xx xx  	dl	~~exec_vdu
  1240 00:04E8: xx xx xx xx  	dl	~~exec_voice
  1241 00:04EC: xx xx xx xx  	dl	~~exec_voices
  1242 00:04F0: xx xx xx xx  	dl	~~exec_wait
  1243 00:04F4: xx xx xx xx  	dl	~~exec_xwhen
  1244 00:04F8: xx xx xx xx  	dl	~~exec_elsewhen
  1245 00:04FC: xx xx xx xx  	dl	~~exec_while
  1246 00:0500: xx xx xx xx  	dl	~~exec_while
  1247 00:0504: xx xx xx xx  	dl	~~exec_width
  1248 00:0508: xx xx xx xx  	dl	~~bad_token
  1249 00:050C: xx xx xx xx  	dl	~~bad_token
  1250 00:0510: xx xx xx xx  	dl	~~bad_token
  1251 00:0514: xx xx xx xx  	dl	~~bad_token
  1252 00:0518: xx xx xx xx  	dl	~~bad_token
  1253 00:051C: xx xx xx xx  	dl	~~bad_token
  1254 00:0520: xx xx xx xx  	dl	~~bad_token
  1255 00:0524: xx xx xx xx  	dl	~~bad_token
  1256 00:0528: xx xx xx xx  	dl	~~bad_token
  1257 00:052C: xx xx xx xx  	dl	~~bad_token
  Sun Jan  9 2022 20:52                                                Page 24


  1258 00:0530: xx xx xx xx  	dl	~~bad_token
  1259 00:0534: xx xx xx xx  	dl	~~bad_token
  1260 00:0538: xx xx xx xx  	dl	~~bad_token
  1261 00:053C: xx xx xx xx  	dl	~~bad_token
  1262 00:0540: xx xx xx xx  	dl	~~exec_command
  1263 00:0544: xx xx xx xx  	dl	~~flag_badline
  1264 00:0548: xx xx xx xx  	dl	~~bad_syntax
  1265 00:054C: xx xx xx xx  	dl	~~assign_pseudovar
  1266 00:0550:              	ends
  1267                        	code
  1268                        	xdef	~~exec_fnstatements
  1269                        	func
  1270                        ~~exec_fnstatements:
  1271                        	longa	on
  1272                        	longi	on
  1273 00:05FC: 3B           	tsc
  1274 00:05FD: 38           	sec
  1275 00:05FE: E9 09 00     	sbc	#L82
  1276 00:0601: 1B           	tcs
  1277 00:0602: 0B           	phd
  1278 00:0603: 5B           	tcd
  1279             00000004   lp_0	set	4
  1280             00000000   token_1	set	0
  1281 00:0604: A5 0D        	lda	<L82+lp_0
  1282 00:0606: 8D xx xx     	sta	|~~basicvars+62
  1283 00:0609: A5 0F        	lda	<L82+lp_0+2
  1284 00:060B: 8D xx xx     	sta	|~~basicvars+62+2
  1285                        L10032:
  1286 00:060E: AD xx xx     	lda	|~~basicvars+62
  1287 00:0611: 85 01        	sta	<R0
  1288 00:0613: AD xx xx     	lda	|~~basicvars+62+2
  1289 00:0616: 85 03        	sta	<R0+2
  1290 00:0618: E2 20        	sep	#$20
  1291                        	longa	off
  1292 00:061A: A7 01        	lda	[<R0]
  1293 00:061C: 85 09        	sta	<L83+token_1
  1294 00:061E: C2 20        	rep	#$20
  1295                        	longa	on
  1296 00:0620: A5 09        	lda	<L83+token_1
  1297 00:0622: 29 FF 00     	and	#$ff
  1298 00:0625: 85 05        	sta	<R1
  1299 00:0627: A5 05        	lda	<R1
  1300 00:0629: 0A           	asl	A
  1301 00:062A: 0A           	asl	A
  1302 00:062B: 85 01        	sta	<R0
  1303 00:062D: 18           	clc
  1304 00:062E: A9 xx xx     	lda	#<~~statements
  1305 00:0631: 65 01        	adc	<R0
  1306 00:0633: 85 05        	sta	<R1
  1307 00:0635: A0 02 00     	ldy	#$2
  1308 00:0638: B1 05        	lda	(<R1),Y
  1309 00:063A: AA           	tax
  1310 00:063B: B2 05        	lda	(<R1)
  1311                        	xref	~~~lcal
  1312 00:063D: 22 xx xx xx  	jsl	~~~lcal
  1313                        L10030:
  1314 00:0641: E2 20        	sep	#$20
  1315                        	longa	off
  Sun Jan  9 2022 20:52                                                Page 25


  1316 00:0643: A5 09        	lda	<L83+token_1
  1317 00:0645: C9 3D        	cmp	#<$3d
  1318 00:0647: C2 20        	rep	#$20
  1319                        	longa	on
  1320 00:0649: F0 03        	beq	L84
  1321 00:064B: 82 C0 FF     	brl	L10032
  1322                        L84:
  1323                        L10031:
  1324                        L85:
  1325 00:064E: A5 0B        	lda	<L82+2
  1326 00:0650: 85 0F        	sta	<L82+2+4
  1327 00:0652: A5 0A        	lda	<L82+1
  1328 00:0654: 85 0E        	sta	<L82+1+4
  1329 00:0656: 2B           	pld
  1330 00:0657: 3B           	tsc
  1331 00:0658: 18           	clc
  1332 00:0659: 69 0D 00     	adc	#L82+4
  1333 00:065C: 1B           	tcs
  1334 00:065D: 6B           	rtl
  1335             00000009   L82	equ	9
  1336             00000009   L83	equ	9
  1337                        	ends
  1338                        	efunc
  1339                        	code
  1340                        	xdef	~~exec_statements
  1341                        	func
  1342                        ~~exec_statements:
  1343                        	longa	on
  1344                        	longi	on
  1345 00:065E: 3B           	tsc
  1346 00:065F: 38           	sec
  1347 00:0660: E9 08 00     	sbc	#L86
  1348 00:0663: 1B           	tcs
  1349 00:0664: 0B           	phd
  1350 00:0665: 5B           	tcd
  1351             00000004   lp_0	set	4
  1352 00:0666: A5 0C        	lda	<L86+lp_0
  1353 00:0668: 8D xx xx     	sta	|~~basicvars+62
  1354 00:066B: A5 0E        	lda	<L86+lp_0+2
  1355 00:066D: 8D xx xx     	sta	|~~basicvars+62+2
  1356                        L10035:
  1357 00:0670: AD xx xx     	lda	|~~basicvars+62
  1358 00:0673: 85 05        	sta	<R1
  1359 00:0675: AD xx xx     	lda	|~~basicvars+62+2
  1360 00:0678: 85 07        	sta	<R1+2
  1361 00:067A: A7 05        	lda	[<R1]
  1362 00:067C: 29 FF 00     	and	#$ff
  1363 00:067F: 85 05        	sta	<R1
  1364 00:0681: A5 05        	lda	<R1
  1365 00:0683: 0A           	asl	A
  1366 00:0684: 0A           	asl	A
  1367 00:0685: 85 01        	sta	<R0
  1368 00:0687: 18           	clc
  1369 00:0688: A9 xx xx     	lda	#<~~statements
  1370 00:068B: 65 01        	adc	<R0
  1371 00:068D: 85 05        	sta	<R1
  1372 00:068F: A0 02 00     	ldy	#$2
  1373 00:0692: B1 05        	lda	(<R1),Y
  Sun Jan  9 2022 20:52                                                Page 26


  1374 00:0694: AA           	tax
  1375 00:0695: B2 05        	lda	(<R1)
  1376                        	xref	~~~lcal
  1377 00:0697: 22 xx xx xx  	jsl	~~~lcal
  1378                        L10033:
  1379 00:069B: 82 D2 FF     	brl	L10035
  1380                        L88:
  1381 00:069E: A5 0A        	lda	<L86+2
  1382 00:06A0: 85 0E        	sta	<L86+2+4
  1383 00:06A2: A5 09        	lda	<L86+1
  1384 00:06A4: 85 0D        	sta	<L86+1+4
  1385 00:06A6: 2B           	pld
  1386 00:06A7: 3B           	tsc
  1387 00:06A8: 18           	clc
  1388 00:06A9: 69 0C 00     	adc	#L86+4
  1389 00:06AC: 1B           	tcs
  1390 00:06AD: 6B           	rtl
  1391             00000008   L86	equ	8
  1392             00000009   L87	equ	9
  1393                        	ends
  1394                        	efunc
  1395                        	code
  1396                        	xdef	~~run_program
  1397                        	func
  1398                        ~~run_program:
  1399                        	longa	on
  1400                        	longi	on
  1401 00:06AE: 3B           	tsc
  1402 00:06AF: 38           	sec
  1403 00:06B0: E9 0C 00     	sbc	#L89
  1404 00:06B3: 1B           	tcs
  1405 00:06B4: 0B           	phd
  1406 00:06B5: 5B           	tcd
  1407             00000004   lp_0	set	4
  1408 00:06B6: AD xx xx     	lda	|~~basicvars+437
  1409 00:06B9: 89 01 00     	bit	#$1
  1410 00:06BC: D0 03        	bne	L91
  1411 00:06BE: 82 0A 00     	brl	L10036
  1412                        L91:
  1413 00:06C1: F4 07 00     	pea	#<$7
  1414 00:06C4: F4 04 00     	pea	#4
  1415 00:06C7: 22 xx xx xx  	jsl	~~error
  1416                        L10036:
  1417 00:06CB: 22 xx xx xx  	jsl	~~clear_error
  1418 00:06CF: AD xx xx     	lda	|~~basicvars+423
  1419 00:06D2: 89 20 00     	bit	#$20
  1420 00:06D5: D0 03        	bne	L92
  1421 00:06D7: 82 04 00     	brl	L10037
  1422                        L92:
  1423 00:06DA: 22 xx xx xx  	jsl	~~clear_varptrs
  1424                        L10037:
  1425 00:06DE: AD xx xx     	lda	|~~basicvars+423
  1426 00:06E1: 89 40 00     	bit	#$40
  1427 00:06E4: D0 03        	bne	L93
  1428 00:06E6: 82 04 00     	brl	L10038
  1429                        L93:
  1430 00:06E9: 22 xx xx xx  	jsl	~~clear_varlists
  1431                        L10038:
  Sun Jan  9 2022 20:52                                                Page 27


  1432 00:06ED: 22 xx xx xx  	jsl	~~clear_strings
  1433 00:06F1: 22 xx xx xx  	jsl	~~clear_heap
  1434 00:06F5: 22 xx xx xx  	jsl	~~clear_stack
  1435 00:06F9: 22 xx xx xx  	jsl	~~init_expressions
  1436 00:06FD: A5 10        	lda	<L89+lp_0
  1437 00:06FF: 05 12        	ora	<L89+lp_0+2
  1438 00:0701: F0 03        	beq	L94
  1439 00:0703: 82 0A 00     	brl	L10039
  1440                        L94:
  1441 00:0706: AD xx xx     	lda	|~~basicvars+22
  1442 00:0709: 85 10        	sta	<L89+lp_0
  1443 00:070B: AD xx xx     	lda	|~~basicvars+22+2
  1444 00:070E: 85 12        	sta	<L89+lp_0+2
  1445                        L10039:
  1446 00:0710: AD xx xx     	lda	|~~basicvars+22
  1447 00:0713: 8D xx xx     	sta	|~~basicvars+498
  1448 00:0716: AD xx xx     	lda	|~~basicvars+22+2
  1449 00:0719: 8D xx xx     	sta	|~~basicvars+498+2
  1450 00:071C: 9C xx xx     	stz	|~~basicvars+447
  1451 00:071F: 9C xx xx     	stz	|~~basicvars+494
  1452 00:0722: 9C xx xx     	stz	|~~basicvars+407
  1453 00:0725: 9C xx xx     	stz	|~~basicvars+407+2
  1454 00:0728: A9 10 00     	lda	#$10
  1455 00:072B: 1C xx xx     	trb	~~basicvars+423
  1456 00:072E: A9 01 00     	lda	#$1
  1457 00:0731: 0C xx xx     	tsb	~~basicvars+423
  1458 00:0734: F4 00 00     	pea	#<$0
  1459 00:0737: A9 xx xx     	lda	#<~~basicvars+241
  1460 00:073A: 85 01        	sta	<R0
  1461                        	xref	_BEG_DATA
  1462 00:073C: A9 xx xx     	lda	#_BEG_DATA>>16
  1463 00:073F: 85 03        	sta	<R0+2
  1464 00:0741: D4 03        	pei	<R0+2
  1465 00:0743: D4 01        	pei	<R0
  1466 00:0745: 22 xx xx xx  	jsl	~~__sigsetjmp
  1467 00:0749: AA           	tax
  1468 00:074A: F0 03        	beq	L95
  1469 00:074C: 82 5B 00     	brl	L10040
  1470                        L95:
  1471 00:074F: A9 xx xx     	lda	#<~~basicvars+241
  1472 00:0752: 8D xx xx     	sta	|~~basicvars+395
  1473                        	xref	_BEG_DATA
  1474 00:0755: A9 xx xx     	lda	#_BEG_DATA>>16
  1475 00:0758: 8D xx xx     	sta	|~~basicvars+395+2
  1476 00:075B: A0 05 00     	ldy	#$5
  1477 00:075E: B7 10        	lda	[<L89+lp_0],Y
  1478 00:0760: 29 FF 00     	and	#$ff
  1479 00:0763: 85 05        	sta	<R1
  1480 00:0765: A5 05        	lda	<R1
  1481 00:0767: EB           	xba
  1482 00:0768: 29 00 FF     	and	#$ff00
  1483 00:076B: 85 01        	sta	<R0
  1484 00:076D: A0 00 00     	ldy	#$0
  1485 00:0770: A5 01        	lda	<R0
  1486 00:0772: 10 01        	bpl	L96
  1487 00:0774: 88           	dey
  1488                        L96:
  1489 00:0775: 85 01        	sta	<R0
  Sun Jan  9 2022 20:52                                                Page 28


  1490 00:0777: 84 03        	sty	<R0+2
  1491 00:0779: A0 04 00     	ldy	#$4
  1492 00:077C: B7 10        	lda	[<L89+lp_0],Y
  1493 00:077E: 29 FF 00     	and	#$ff
  1494 00:0781: 85 05        	sta	<R1
  1495 00:0783: 64 07        	stz	<R1+2
  1496 00:0785: 18           	clc
  1497 00:0786: A5 05        	lda	<R1
  1498 00:0788: 65 01        	adc	<R0
  1499 00:078A: 85 09        	sta	<R2
  1500 00:078C: A5 07        	lda	<R1+2
  1501 00:078E: 65 03        	adc	<R0+2
  1502 00:0790: 85 0B        	sta	<R2+2
  1503 00:0792: 18           	clc
  1504 00:0793: A5 10        	lda	<L89+lp_0
  1505 00:0795: 65 09        	adc	<R2
  1506 00:0797: 85 01        	sta	<R0
  1507 00:0799: A5 12        	lda	<L89+lp_0+2
  1508 00:079B: 65 0B        	adc	<R2+2
  1509 00:079D: 85 03        	sta	<R0+2
  1510 00:079F: D4 03        	pei	<R0+2
  1511 00:07A1: D4 01        	pei	<R0
  1512 00:07A3: 22 xx xx xx  	jsl	~~exec_statements
  1513 00:07A7: 82 10 00     	brl	L10041
  1514                        L10040:
  1515 00:07AA: 22 xx xx xx  	jsl	~~reset_opstack
  1516 00:07AE: AD xx xx     	lda	|~~basicvars+233+2
  1517 00:07B1: 48           	pha
  1518 00:07B2: AD xx xx     	lda	|~~basicvars+233
  1519 00:07B5: 48           	pha
  1520 00:07B6: 22 xx xx xx  	jsl	~~exec_statements
  1521                        L10041:
  1522                        L97:
  1523 00:07BA: A5 0E        	lda	<L89+2
  1524 00:07BC: 85 12        	sta	<L89+2+4
  1525 00:07BE: A5 0D        	lda	<L89+1
  1526 00:07C0: 85 11        	sta	<L89+1+4
  1527 00:07C2: 2B           	pld
  1528 00:07C3: 3B           	tsc
  1529 00:07C4: 18           	clc
  1530 00:07C5: 69 10 00     	adc	#L89+4
  1531 00:07C8: 1B           	tcs
  1532 00:07C9: 6B           	rtl
  1533             0000000C   L89	equ	12
  1534             0000000D   L90	equ	13
  1535                        	ends
  1536                        	efunc
  1537                        	code
  1538                        	xdef	~~exec_thisline
  1539                        	func
  1540                        ~~exec_thisline:
  1541                        	longa	on
  1542                        	longi	on
  1543 00:07CA: 3B           	tsc
  1544 00:07CB: 38           	sec
  1545 00:07CC: E9 12 00     	sbc	#L98
  1546 00:07CF: 1B           	tcs
  1547 00:07D0: 0B           	phd
  Sun Jan  9 2022 20:52                                                Page 29


  1548 00:07D1: 5B           	tcd
  1549             00000000   linelen_1	set	0
  1550 00:07D2: A9 xx xx     	lda	#<~~thisline
  1551 00:07D5: 85 01        	sta	<R0
  1552                        	xref	_BEG_DATA
  1553 00:07D7: A9 xx xx     	lda	#_BEG_DATA>>16
  1554 00:07DA: 85 03        	sta	<R0+2
  1555 00:07DC: D4 03        	pei	<R0+2
  1556 00:07DE: D4 01        	pei	<R0
  1557 00:07E0: 22 xx xx xx  	jsl	~~get_linelen
  1558 00:07E4: 85 11        	sta	<L99+linelen_1
  1559 00:07E6: A5 11        	lda	<L99+linelen_1
  1560 00:07E8: F0 03        	beq	L100
  1561 00:07EA: 82 08 00     	brl	L10042
  1562                        L100:
  1563                        L101:
  1564 00:07ED: 2B           	pld
  1565 00:07EE: 3B           	tsc
  1566 00:07EF: 18           	clc
  1567 00:07F0: 69 12 00     	adc	#L98
  1568 00:07F3: 1B           	tcs
  1569 00:07F4: 6B           	rtl
  1570                        L10042:
  1571 00:07F5: 18           	clc
  1572 00:07F6: A9 xx xx     	lda	#<~~thisline
  1573 00:07F9: 65 11        	adc	<L99+linelen_1
  1574 00:07FB: 85 05        	sta	<R1
  1575 00:07FD: A5 05        	lda	<R1
  1576 00:07FF: 85 01        	sta	<R0
  1577                        	xref	_BEG_DATA
  1578 00:0801: A9 xx xx     	lda	#_BEG_DATA>>16
  1579 00:0804: 85 03        	sta	<R0+2
  1580 00:0806: D4 03        	pei	<R0+2
  1581 00:0808: D4 01        	pei	<R0
  1582 00:080A: 22 xx xx xx  	jsl	~~mark_end
  1583 00:080E: AD xx xx     	lda	|~~basicvars+22
  1584 00:0811: 8D xx xx     	sta	|~~basicvars+498
  1585 00:0814: AD xx xx     	lda	|~~basicvars+22+2
  1586 00:0817: 8D xx xx     	sta	|~~basicvars+498+2
  1587 00:081A: 9C xx xx     	stz	|~~basicvars+447
  1588 00:081D: 9C xx xx     	stz	|~~basicvars+407
  1589 00:0820: 9C xx xx     	stz	|~~basicvars+407+2
  1590 00:0823: A9 10 00     	lda	#$10
  1591 00:0826: 1C xx xx     	trb	~~basicvars+423
  1592 00:0829: 22 xx xx xx  	jsl	~~clear_error
  1593 00:082D: 22 xx xx xx  	jsl	~~reset_opstack
  1594 00:0831: AD xx xx     	lda	|~~thisline+5
  1595 00:0834: 29 FF 00     	and	#$ff
  1596 00:0837: 85 09        	sta	<R2
  1597 00:0839: A5 09        	lda	<R2
  1598 00:083B: EB           	xba
  1599 00:083C: 29 00 FF     	and	#$ff00
  1600 00:083F: 85 05        	sta	<R1
  1601 00:0841: AD xx xx     	lda	|~~thisline+4
  1602 00:0844: 29 FF 00     	and	#$ff
  1603 00:0847: 85 09        	sta	<R2
  1604 00:0849: 18           	clc
  1605 00:084A: A5 09        	lda	<R2
  Sun Jan  9 2022 20:52                                                Page 30


  1606 00:084C: 65 05        	adc	<R1
  1607 00:084E: 85 0D        	sta	<R3
  1608 00:0850: 18           	clc
  1609 00:0851: A9 xx xx     	lda	#<~~thisline
  1610 00:0854: 65 0D        	adc	<R3
  1611 00:0856: 85 05        	sta	<R1
  1612 00:0858: A5 05        	lda	<R1
  1613 00:085A: 85 01        	sta	<R0
  1614                        	xref	_BEG_DATA
  1615 00:085C: A9 xx xx     	lda	#_BEG_DATA>>16
  1616 00:085F: 85 03        	sta	<R0+2
  1617 00:0861: D4 03        	pei	<R0+2
  1618 00:0863: D4 01        	pei	<R0
  1619 00:0865: 22 xx xx xx  	jsl	~~exec_statements
  1620 00:0869: 82 81 FF     	brl	L101
  1621             00000012   L98	equ	18
  1622             00000011   L99	equ	17
  1623                        	ends
  1624                        	efunc
  1625                        	xref	~~assign_pseudovar
  1626                        	xref	~~assign_stringvar
  1627                        	xref	~~assign_floatvar
  1628                        	xref	~~assign_intvar
  1629                        	xref	~~assign_staticvar
  1630                        	xref	~~exec_assignment
  1631                        	xref	~~exec_while
  1632                        	xref	~~exec_xwhen
  1633                        	xref	~~exec_wait
  1634                        	xref	~~exec_until
  1635                        	xref	~~exec_trace
  1636                        	xref	~~exec_sys
  1637                        	xref	~~exec_swap
  1638                        	xref	~~exec_stop
  1639                        	xref	~~exec_run
  1640                        	xref	~~exec_return
  1641                        	xref	~~exec_restore
  1642                        	xref	~~exec_report
  1643                        	xref	~~exec_repeat
  1644                        	xref	~~exec_read
  1645                        	xref	~~exec_quit
  1646                        	xref	~~exec_xproc
  1647                        	xref	~~exec_proc
  1648                        	xref	~~exec_overlay
  1649                        	xref	~~exec_oscli
  1650                        	xref	~~exec_on
  1651                        	xref	~~exec_next
  1652                        	xref	~~exec_local
  1653                        	xref	~~exec_library
  1654                        	xref	~~exec_let
  1655                        	xref	~~exec_xif
  1656                        	xref	~~exec_singlif
  1657                        	xref	~~exec_blockif
  1658                        	xref	~~exec_goto
  1659                        	xref	~~exec_gosub
  1660                        	xref	~~exec_for
  1661                        	xref	~~exec_error
  1662                        	xref	~~exec_endwhile
  1663                        	xref	~~exec_fnreturn
  Sun Jan  9 2022 20:52                                                Page 31


  1664                        	xref	~~exec_endproc
  1665                        	xref	~~exec_endifcase
  1666                        	xref	~~exec_end
  1667                        	xref	~~exec_xlhelse
  1668                        	xref	~~exec_xelse
  1669                        	xref	~~exec_elsewhen
  1670                        	xref	~~exec_dim
  1671                        	xref	~~exec_def
  1672                        	xref	~~exec_data
  1673                        	xref	~~exec_clear
  1674                        	xref	~~exec_chain
  1675                        	xref	~~exec_xcase
  1676                        	xref	~~exec_case
  1677                        	xref	~~exec_call
  1678                        	xref	~~exec_oscmd
  1679                        	xref	~~exec_asmend
  1680                        	xref	~~exec_assembler
  1681                        	xref	~~exec_width
  1682                        	xref	~~exec_voices
  1683                        	xref	~~exec_voice
  1684                        	xref	~~exec_vdu
  1685                        	xref	~~exec_tint
  1686                        	xref	~~exec_tempo
  1687                        	xref	~~exec_stereo
  1688                        	xref	~~exec_sound
  1689                        	xref	~~exec_rectangle
  1690                        	xref	~~exec_print
  1691                        	xref	~~exec_pointto
  1692                        	xref	~~exec_pointby
  1693                        	xref	~~exec_point
  1694                        	xref	~~exec_plot
  1695                        	xref	~~exec_origin
  1696                        	xref	~~exec_off
  1697                        	xref	~~exec_moveby
  1698                        	xref	~~exec_move
  1699                        	xref	~~exec_mouse
  1700                        	xref	~~exec_mode
  1701                        	xref	~~exec_line
  1702                        	xref	~~exec_input
  1703                        	xref	~~exec_gcol
  1704                        	xref	~~exec_fillby
  1705                        	xref	~~exec_fill
  1706                        	xref	~~exec_envelope
  1707                        	xref	~~exec_ellipse
  1708                        	xref	~~exec_drawby
  1709                        	xref	~~exec_draw
  1710                        	xref	~~exec_colour
  1711                        	xref	~~exec_cls
  1712                        	xref	~~exec_close
  1713                        	xref	~~exec_clg
  1714                        	xref	~~exec_circle
  1715                        	xref	~~exec_bput
  1716                        	xref	~~exec_beats
  1717                        	xref	~~clear_strings
  1718                        	xref	~~free_string
  1719                        	xref	~~alloc_string
  1720                        	xref	~~fileio_bputstr
  1721                        	xref	~~emulate_vdustr
  Sun Jan  9 2022 20:52                                                Page 32


  1722                        	xref	~~reset_opstack
  1723                        	xref	~~init_expressions
  1724                        	xref	~~init_staticvars
  1725                        	xref	~~clear_varlists
  1726                        	xref	~~find_linestart
  1727                        	xref	~~store_float
  1728                        	xref	~~store_integer
  1729                        	xref	~~check_write
  1730                        	xref	~~mark_end
  1731                        	xref	~~clear_error
  1732                        	xref	~~error
  1733                        	xref	~~clear_heap
  1734                        	xref	~~clear_stack
  1735                        	xref	~~init_stack
  1736                        	xref	~~exec_command
  1737                        	xref	~~clear_varptrs
  1738                        	xref	~~get_linelen
  1739                        	xref	~~get_lineno
  1740                        	xref	~~exit_interpreter
  1741                        	xref	~~longjmp
  1742                        	xref	~~__sigsetjmp
  1743                        	xref	~~strlen
  1744                        	xref	~~memmove
  1745                        	xref	~~sprintf
  1746                        	xref	~~fprintf
  1747                        	xref	~~thisline
  1748                        	xref	~~basicvars
  1749                        	xref	~~stderr
  1750                        	end


      Lines assembled: 1750
      Errors: 0
