Release 14.7 - xst P.20131013 (nt64)
Copyright (c) 1995-2013 Xilinx, Inc.  All rights reserved.
--> Parameter TMPDIR set to xst/projnav.tmp


Total REAL time to Xst completion: 0.00 secs
Total CPU time to Xst completion: 0.16 secs
 
--> Parameter xsthdpdir set to xst


Total REAL time to Xst completion: 0.00 secs
Total CPU time to Xst completion: 0.16 secs
 
--> Reading design: MultiIO.prj

TABLE OF CONTENTS
  1) Synthesis Options Summary
  2) HDL Compilation
  3) Design Hierarchy Analysis
  4) HDL Analysis
  5) HDL Synthesis
     5.1) HDL Synthesis Report
  6) Advanced HDL Synthesis
     6.1) Advanced HDL Synthesis Report
  7) Low Level Synthesis
  8) Partition Report
  9) Final Report

=========================================================================
*                      Synthesis Options Summary                        *
=========================================================================
---- Source Parameters
Input File Name                    : "MultiIO.prj"
Input Format                       : mixed
Ignore Synthesis Constraint File   : NO

---- Target Parameters
Output File Name                   : "MultiIO"
Output Format                      : NGC
Target Device                      : XC9500 CPLDs

---- Source Options
Top Module Name                    : MultiIO
Automatic FSM Extraction           : YES
FSM Encoding Algorithm             : Auto
Safe Implementation                : No
Mux Extraction                     : Yes
Resource Sharing                   : YES

---- Target Options
Add IO Buffers                     : YES
MACRO Preserve                     : YES
XOR Preserve                       : YES
Equivalent register Removal        : YES

---- General Options
Optimization Goal                  : Speed
Optimization Effort                : 1
Keep Hierarchy                     : Yes
Netlist Hierarchy                  : As_Optimized
RTL Output                         : Yes
Hierarchy Separator                : /
Bus Delimiter                      : <>
Case Specifier                     : Maintain
Verilog 2001                       : YES

---- Other Options
wysiwyg                            : NO

=========================================================================


=========================================================================
*                          HDL Compilation                              *
=========================================================================
Compiling vhdl file "C:/atarigit/My6502/src/XC9536/MultiIO/MultiIO.vhd" in Library work.
Entity <multiio> compiled.
Entity <multiio> (Architecture <behavioral>) compiled.

=========================================================================
*                     Design Hierarchy Analysis                         *
=========================================================================
Analyzing hierarchy for entity <MultiIO> in library <work> (architecture <behavioral>).


=========================================================================
*                            HDL Analysis                               *
=========================================================================
Analyzing Entity <MultiIO> in library <work> (Architecture <behavioral>).
Entity <MultiIO> analyzed. Unit <MultiIO> generated.


=========================================================================
*                           HDL Synthesis                               *
=========================================================================

Performing bidirectional port resolution...

Synthesizing Unit <MultiIO>.
    Related source file is "C:/atarigit/My6502/src/XC9536/MultiIO/MultiIO.vhd".
    Found 1-bit register for signal <SCLK>.
    Found 1-bit register for signal <SPICS>.
    Found 1-bit tristate buffer for signal <IRQ>.
    Found 8-bit tristate buffer for signal <$mux0000>.
    Found 2-bit up counter for signal <PHI2L>.
    Found 3-bit comparator less for signal <PHI2L$cmp_lt0000> created at line 139.
    Found 2-bit register for signal <PS2CLKIN>.
    Found 9-bit register for signal <PS2Data>.
    Found 1-bit register for signal <PS2EdgeL>.
    Found 1-bit register for signal <PS2Read>.
    Found 1-bit register for signal <SPIAccess>.
    Found 1-bit register for signal <SPIData>.
    Found 1-bit register for signal <SPIData1>.
    Summary:
	inferred   1 Counter(s).
	inferred   5 D-type flip-flop(s).
	inferred   1 Comparator(s).
	inferred   9 Tristate(s).
Unit <MultiIO> synthesized.


=========================================================================
HDL Synthesis Report

Macro Statistics
# Counters                                             : 1
 2-bit up counter                                      : 1
# Registers                                            : 9
 1-bit register                                        : 7
 2-bit register                                        : 1
 9-bit register                                        : 1
# Comparators                                          : 1
 3-bit comparator less                                 : 1
# Tristates                                            : 2
 1-bit tristate buffer                                 : 1
 8-bit tristate buffer                                 : 1

=========================================================================

=========================================================================
*                       Advanced HDL Synthesis                          *
=========================================================================


=========================================================================
Advanced HDL Synthesis Report

Macro Statistics
# Counters                                             : 1
 2-bit up counter                                      : 1
# Registers                                            : 5
 Flip-Flops                                            : 5

=========================================================================

=========================================================================
*                         Low Level Synthesis                           *
=========================================================================

Optimizing unit <MultiIO> ...

=========================================================================
*                           Partition Report                            *
=========================================================================

Partition Implementation Status
-------------------------------

  No Partitions were found in this design.

-------------------------------

=========================================================================
*                            Final Report                               *
=========================================================================
Final Results
RTL Top Level Output File Name     : MultiIO.ngr
Top Level Output File Name         : MultiIO
Output Format                      : NGC
Optimization Goal                  : Speed
Keep Hierarchy                     : Yes
Target Technology                  : XC9500 CPLDs
Macro Preserve                     : YES
XOR Preserve                       : YES
wysiwyg                            : NO

Design Statistics
# IOs                              : 34

Cell Usage :
# BELS                             : 169
#      AND2                        : 66
#      AND3                        : 13
#      AND4                        : 1
#      AND8                        : 3
#      GND                         : 1
#      INV                         : 56
#      OR2                         : 26
#      OR3                         : 1
#      VCC                         : 1
#      XOR2                        : 1
# FlipFlops/Latches                : 20
#      FD                          : 6
#      FDC                         : 1
#      FDCP                        : 2
#      FDP                         : 11
# IO Buffers                       : 34
#      IBUF                        : 20
#      IOBUFE                      : 3
#      OBUF                        : 5
#      OBUFE                       : 6
=========================================================================


Total REAL time to Xst completion: 4.00 secs
Total CPU time to Xst completion: 4.41 secs
 
--> 

Total memory usage is 4506184 kilobytes

Number of errors   :    0 (   0 filtered)
Number of warnings :    0 (   0 filtered)
Number of infos    :    0 (   0 filtered)

