  Sun Jan  9 2022 20:52                                                Page 1


                     ***************************************
                     **      WDC 65C816 Macro Assembler   **
                     **                                   **
                     **     Version 3.49.1- Feb  6 2006    **
                     ***************************************

     1                        ;:ts=8
     2             00000001   R0	equ	1
     3             00000005   R1	equ	5
     4             00000009   R2	equ	9
     5             0000000D   R3	equ	13
     6                        	data
     7                        ~~modetable:
     8 00:0000: 80 02 00 01  	dw	$280,$100,$2,$500,$400,$50,$20,$1,$2
       00:0004: 02 00 00 05 
       00:0008: 00 04 50 00 
       00:000C: 20 00 01 00 
       00:0010: 02 00 
     9 00:0012: 01           	db	$1
    10 00:0013: 40 01 00 01  	dw	$140,$100,$4,$500,$400,$28,$20,$2,$2
       00:0017: 04 00 00 05 
       00:001B: 00 04 28 00 
       00:001F: 20 00 02 00 
       00:0023: 02 00 
    11 00:0025: 01           	db	$1
    12 00:0026: A0 00 00 01  	dw	$A0,$100,$10,$500,$400,$14,$20,$4,$2
       00:002A: 10 00 00 05 
       00:002E: 00 04 14 00 
       00:0032: 20 00 04 00 
       00:0036: 02 00 
    13 00:0038: 01           	db	$1
    14 00:0039: 00 00 00 00  	dw	$0,$0,$2,$0,$0,$50,$19,$1,$2
       00:003D: 02 00 00 00 
       00:0041: 00 00 50 00 
       00:0045: 19 00 01 00 
       00:0049: 02 00 
    15 00:004B: 00           	db	$0
    16 00:004C: 40 01 00 01  	dw	$140,$100,$2,$500,$400,$28,$20,$2,$2
       00:0050: 02 00 00 05 
       00:0054: 00 04 28 00 
       00:0058: 20 00 02 00 
       00:005C: 02 00 
    17 00:005E: 01           	db	$1
    18 00:005F: A0 00 00 01  	dw	$A0,$100,$4,$500,$400,$14,$20,$4,$2
       00:0063: 04 00 00 05 
       00:0067: 00 04 14 00 
       00:006B: 20 00 04 00 
       00:006F: 02 00 
    19 00:0071: 01           	db	$1
    20 00:0072: 00 00 00 00  	dw	$0,$0,$2,$0,$0,$28,$19,$2,$2
       00:0076: 02 00 00 00 
       00:007A: 00 00 28 00 
       00:007E: 19 00 02 00 
       00:0082: 02 00 
    21 00:0084: 00           	db	$0
    22 00:0085: 00 00 00 00  	dw	$0,$0,$10,$0,$0,$28,$19,$2,$2
       00:0089: 10 00 00 00 
       00:008D: 00 00 28 00 
  Sun Jan  9 2022 20:52                                                Page 2


       00:0091: 19 00 02 00 
       00:0095: 02 00 
    23 00:0097: 00           	db	$0
    24 00:0098: 80 02 00 01  	dw	$280,$100,$4,$500,$400,$50,$20,$1,$2
       00:009C: 04 00 00 05 
       00:00A0: 00 04 50 00 
       00:00A4: 20 00 01 00 
       00:00A8: 02 00 
    25 00:00AA: 01           	db	$1
    26 00:00AB: 40 01 00 01  	dw	$140,$100,$10,$500,$400,$28,$20,$2,$2
       00:00AF: 10 00 00 05 
       00:00B3: 00 04 28 00 
       00:00B7: 20 00 02 00 
       00:00BB: 02 00 
    27 00:00BD: 01           	db	$1
    28 00:00BE: A0 00 00 01  	dw	$A0,$100,$100,$500,$400,$14,$20,$4,$2
       00:00C2: 00 01 00 05 
       00:00C6: 00 04 14 00 
       00:00CA: 20 00 04 00 
       00:00CE: 02 00 
    29 00:00D0: 01           	db	$1
    30 00:00D1: 80 02 FA 00  	dw	$280,$FA,$4,$500,$3E8,$50,$19,$1,$2
       00:00D5: 04 00 00 05 
       00:00D9: E8 03 50 00 
       00:00DD: 19 00 01 00 
       00:00E1: 02 00 
    31 00:00E3: 01           	db	$1
    32 00:00E4: 80 02 00 01  	dw	$280,$100,$10,$500,$400,$50,$20,$1,$2
       00:00E8: 10 00 00 05 
       00:00EC: 00 04 50 00 
       00:00F0: 20 00 01 00 
       00:00F4: 02 00 
    33 00:00F6: 01           	db	$1
    34 00:00F7: 40 01 00 01  	dw	$140,$100,$100,$500,$400,$28,$20,$2,$2
       00:00FB: 00 01 00 05 
       00:00FF: 00 04 28 00 
       00:0103: 20 00 02 00 
       00:0107: 02 00 
    35 00:0109: 01           	db	$1
    36 00:010A: 80 02 FA 00  	dw	$280,$FA,$10,$500,$3E8,$50,$20,$1,$2
       00:010E: 10 00 00 05 
       00:0112: E8 03 50 00 
       00:0116: 20 00 01 00 
       00:011A: 02 00 
    37 00:011C: 01           	db	$1
    38 00:011D: 80 02 00 01  	dw	$280,$100,$100,$500,$400,$50,$20,$1,$2
       00:0121: 00 01 00 05 
       00:0125: 00 04 50 00 
       00:0129: 20 00 01 00 
       00:012D: 02 00 
    39 00:012F: 01           	db	$1
    40 00:0130: 20 04 00 01  	dw	$420,$100,$10,$840,$400,$84,$20,$1,$2
       00:0134: 10 00 40 08 
       00:0138: 00 04 84 00 
       00:013C: 20 00 01 00 
       00:0140: 02 00 
    41 00:0142: 01           	db	$1
    42 00:0143: 20 04 FA 00  	dw	$420,$FA,$10,$840,$3E8,$84,$20,$1,$2
  Sun Jan  9 2022 20:52                                                Page 3


       00:0147: 10 00 40 08 
       00:014B: E8 03 84 00 
       00:014F: 20 00 01 00 
       00:0153: 02 00 
    43 00:0155: 01           	db	$1
    44 00:0156: 80 02 00 02  	dw	$280,$200,$2,$500,$400,$50,$40,$1,$1
       00:015A: 02 00 00 05 
       00:015E: 00 04 50 00 
       00:0162: 40 00 01 00 
       00:0166: 01 00 
    45 00:0168: 01           	db	$1
    46 00:0169: 80 02 00 02  	dw	$280,$200,$4,$500,$400,$50,$40,$1,$1
       00:016D: 04 00 00 05 
       00:0171: 00 04 50 00 
       00:0175: 40 00 01 00 
       00:0179: 01 00 
    47 00:017B: 01           	db	$1
    48 00:017C: 80 02 00 02  	dw	$280,$200,$10,$500,$400,$50,$40,$1,$1
       00:0180: 10 00 00 05 
       00:0184: 00 04 50 00 
       00:0188: 40 00 01 00 
       00:018C: 01 00 
    49 00:018E: 01           	db	$1
    50 00:018F: 80 02 00 02  	dw	$280,$200,$100,$500,$400,$50,$40,$1,$1
       00:0193: 00 01 00 05 
       00:0197: 00 04 50 00 
       00:019B: 40 00 01 00 
       00:019F: 01 00 
    51 00:01A1: 01           	db	$1
    52 00:01A2: 00 03 20 01  	dw	$300,$120,$10,$300,$240,$60,$24,$1,$2
       00:01A6: 10 00 00 03 
       00:01AA: 40 02 60 00 
       00:01AE: 24 00 01 00 
       00:01B2: 02 00 
    53 00:01B4: 01           	db	$1
    54 00:01B5: 80 04 80 03  	dw	$480,$380,$2,$900,$700,$90,$38,$1,$1
       00:01B9: 02 00 00 09 
       00:01BD: 00 07 90 00 
       00:01C1: 38 00 01 00 
       00:01C5: 01 00 
    55 00:01C7: 01           	db	$1
    56 00:01C8: 20 04 00 01  	dw	$420,$100,$100,$840,$400,$84,$20,$1,$2
       00:01CC: 00 01 40 08 
       00:01D0: 00 04 84 00 
       00:01D4: 20 00 01 00 
       00:01D8: 02 00 
    57 00:01DA: 01           	db	$1
    58 00:01DB: 80 02 E0 01  	dw	$280,$1E0,$2,$500,$3C0,$50,$3C,$1,$1
       00:01DF: 02 00 00 05 
       00:01E3: C0 03 50 00 
       00:01E7: 3C 00 01 00 
       00:01EB: 01 00 
    59 00:01ED: 01           	db	$1
    60 00:01EE: 80 02 E0 01  	dw	$280,$1E0,$4,$500,$3C0,$50,$3C,$1,$1
       00:01F2: 04 00 00 05 
       00:01F6: C0 03 50 00 
       00:01FA: 3C 00 01 00 
       00:01FE: 01 00 
  Sun Jan  9 2022 20:52                                                Page 4


    61 00:0200: 01           	db	$1
    62 00:0201: 80 02 E0 01  	dw	$280,$1E0,$10,$500,$3C0,$50,$3C,$1,$1
       00:0205: 10 00 00 05 
       00:0209: C0 03 50 00 
       00:020D: 3C 00 01 00 
       00:0211: 01 00 
    63 00:0213: 01           	db	$1
    64 00:0214: 80 02 E0 01  	dw	$280,$1E0,$100,$500,$3C0,$50,$3C,$1,$1
       00:0218: 00 01 00 05 
       00:021C: C0 03 50 00 
       00:0220: 3C 00 01 00 
       00:0224: 01 00 
    65 00:0226: 01           	db	$1
    66 00:0227: 20 03 58 02  	dw	$320,$258,$2,$500,$4B0,$64,$4B,$1,$1
       00:022B: 02 00 00 05 
       00:022F: B0 04 64 00 
       00:0233: 4B 00 01 00 
       00:0237: 01 00 
    67 00:0239: 01           	db	$1
    68 00:023A: 20 03 58 02  	dw	$320,$258,$4,$640,$4B0,$64,$4B,$1,$1
       00:023E: 04 00 40 06 
       00:0242: B0 04 64 00 
       00:0246: 4B 00 01 00 
       00:024A: 01 00 
    69 00:024C: 01           	db	$1
    70 00:024D: 20 03 58 02  	dw	$320,$258,$10,$640,$4B0,$64,$4B,$1,$1
       00:0251: 10 00 40 06 
       00:0255: B0 04 64 00 
       00:0259: 4B 00 01 00 
       00:025D: 01 00 
    71 00:025F: 01           	db	$1
    72 00:0260: 20 03 58 02  	dw	$320,$258,$100,$640,$4B0,$64,$4B,$1,$1
       00:0264: 00 01 40 06 
       00:0268: B0 04 64 00 
       00:026C: 4B 00 01 00 
       00:0270: 01 00 
    73 00:0272: 01           	db	$1
    74 00:0273: 00 03 20 01  	dw	$300,$120,$2,$600,$480,$60,$24,$1,$2
       00:0277: 02 00 00 06 
       00:027B: 80 04 60 00 
       00:027F: 24 00 01 00 
       00:0283: 02 00 
    75 00:0285: 01           	db	$1
    76 00:0286: 00 03 20 01  	dw	$300,$120,$4,$600,$480,$60,$24,$1,$2
       00:028A: 04 00 00 06 
       00:028E: 80 04 60 00 
       00:0292: 24 00 01 00 
       00:0296: 02 00 
    77 00:0298: 01           	db	$1
    78 00:0299: 00 03 20 01  	dw	$300,$120,$10,$600,$480,$60,$24,$1,$2
       00:029D: 10 00 00 06 
       00:02A1: 80 04 60 00 
       00:02A5: 24 00 01 00 
       00:02A9: 02 00 
    79 00:02AB: 01           	db	$1
    80 00:02AC: 00 03 20 01  	dw	$300,$120,$100,$600,$480,$60,$24,$1,$2
       00:02B0: 00 01 00 06 
       00:02B4: 80 04 60 00 
  Sun Jan  9 2022 20:52                                                Page 5


       00:02B8: 24 00 01 00 
       00:02BC: 02 00 
    81 00:02BE: 01           	db	$1
    82 00:02BF: 80 03 60 01  	dw	$380,$160,$2,$700,$580,$70,$2C,$1,$1
       00:02C3: 02 00 00 07 
       00:02C7: 80 05 70 00 
       00:02CB: 2C 00 01 00 
       00:02CF: 01 00 
    83 00:02D1: 01           	db	$1
    84 00:02D2: 80 03 60 01  	dw	$380,$160,$4,$700,$580,$70,$2C,$1,$1
       00:02D6: 04 00 00 07 
       00:02DA: 80 05 70 00 
       00:02DE: 2C 00 01 00 
       00:02E2: 01 00 
    85 00:02E4: 01           	db	$1
    86 00:02E5: 80 03 60 01  	dw	$380,$160,$10,$700,$580,$70,$2C,$1,$1
       00:02E9: 10 00 00 07 
       00:02ED: 80 05 70 00 
       00:02F1: 2C 00 01 00 
       00:02F5: 01 00 
    87 00:02F7: 01           	db	$1
    88 00:02F8: 80 03 60 01  	dw	$380,$160,$100,$700,$580,$70,$2C,$1,$1
       00:02FC: 00 01 00 07 
       00:0300: 80 05 70 00 
       00:0304: 2C 00 01 00 
       00:0308: 01 00 
    89 00:030A: 01           	db	$1
    90 00:030B: 80 02 60 01  	dw	$280,$160,$2,$500,$580,$50,$2C,$1,$1
       00:030F: 02 00 00 05 
       00:0313: 80 05 50 00 
       00:0317: 2C 00 01 00 
       00:031B: 01 00 
    91 00:031D: 01           	db	$1
    92 00:031E: 80 02 60 01  	dw	$280,$160,$4,$500,$580,$50,$2C,$1,$1
       00:0322: 04 00 00 05 
       00:0326: 80 05 50 00 
       00:032A: 2C 00 01 00 
       00:032E: 01 00 
    93 00:0330: 01           	db	$1
    94 00:0331: 80 02 60 01  	dw	$280,$160,$10,$500,$580,$50,$2C,$1,$1
       00:0335: 10 00 00 05 
       00:0339: 80 05 50 00 
       00:033D: 2C 00 01 00 
       00:0341: 01 00 
    95 00:0343: 01           	db	$1
    96 00:0344: 80 02 C8 00  	dw	$280,$C8,$2,$500,$320,$50,$19,$1,$2
       00:0348: 02 00 00 05 
       00:034C: 20 03 50 00 
       00:0350: 19 00 01 00 
       00:0354: 02 00 
    97 00:0356: 01           	db	$1
    98 00:0357: 80 02 C8 00  	dw	$280,$C8,$4,$500,$320,$50,$19,$1,$2
       00:035B: 04 00 00 05 
       00:035F: 20 03 50 00 
       00:0363: 19 00 01 00 
       00:0367: 02 00 
    99 00:0369: 01           	db	$1
   100 00:036A: 80 02 C8 00  	dw	$280,$C8,$10,$500,$320,$50,$19,$1,$2
  Sun Jan  9 2022 20:52                                                Page 6


       00:036E: 10 00 00 05 
       00:0372: 20 03 50 00 
       00:0376: 19 00 01 00 
       00:037A: 02 00 
   101 00:037C: 01           	db	$1
   102 00:037D:              	ends
   103                        	data
   104                        ~~vdubytes:
   105 00:037D: 00 00 01 00  	dw	$0,$1,$0,$0,$0,$0,$0,$0,$0,$0
       00:0381: 00 00 00 00 
       00:0385: 00 00 00 00 
       00:0389: 00 00 00 00 
       00:038D: 00 00 00 00 
   106 00:0391: 00 00 00 00  	dw	$0,$0,$0,$0,$0,$0,$0,$1,$2,$5
       00:0395: 00 00 00 00 
       00:0399: 00 00 00 00 
       00:039D: 00 00 01 00 
       00:03A1: 02 00 05 00 
   107 00:03A5: 00 00 00 00  	dw	$0,$0,$1,$9,$8,$5,$0,$0,$4,$4
       00:03A9: 01 00 09 00 
       00:03AD: 08 00 05 00 
       00:03B1: 00 00 00 00 
       00:03B5: 04 00 04 00 
   108 00:03B9: 00 00 02 00  	dw	$0,$2
   109 00:03BD:              	ends
   110                        	code
   111                        	xdef	~~find_cursor
   112                        	func
   113                        ~~find_cursor:
   114                        	longa	on
   115                        	longi	on
   116 00:0000: 3B           	tsc
   117 00:0001: 38           	sec
   118 00:0002: E9 00 00     	sbc	#L2
   119 00:0005: 1B           	tcs
   120 00:0006: 0B           	phd
   121 00:0007: 5B           	tcd
   122                        L4:
   123 00:0008: 2B           	pld
   124 00:0009: 3B           	tsc
   125 00:000A: 18           	clc
   126 00:000B: 69 00 00     	adc	#L2
   127 00:000E: 1B           	tcs
   128 00:000F: 6B           	rtl
   129             00000000   L2	equ	0
   130             00000001   L3	equ	1
   131                        	ends
   132                        	efunc
   133                        	code
   134                        	xdef	~~set_cursor
   135                        	func
   136                        ~~set_cursor:
   137                        	longa	on
   138                        	longi	on
   139 00:0010: 3B           	tsc
   140 00:0011: 38           	sec
   141 00:0012: E9 00 00     	sbc	#L5
   142 00:0015: 1B           	tcs
  Sun Jan  9 2022 20:52                                                Page 7


   143 00:0016: 0B           	phd
   144 00:0017: 5B           	tcd
   145             00000004   underline_0	set	4
   146                        L7:
   147 00:0018: A5 02        	lda	<L5+2
   148 00:001A: 85 04        	sta	<L5+2+2
   149 00:001C: A5 01        	lda	<L5+1
   150 00:001E: 85 03        	sta	<L5+1+2
   151 00:0020: 2B           	pld
   152 00:0021: 3B           	tsc
   153 00:0022: 18           	clc
   154 00:0023: 69 02 00     	adc	#L5+2
   155 00:0026: 1B           	tcs
   156 00:0027: 6B           	rtl
   157             00000000   L5	equ	0
   158             00000001   L6	equ	1
   159                        	ends
   160                        	efunc
   161                        	code
   162                        	xdef	~~echo_on
   163                        	func
   164                        ~~echo_on:
   165                        	longa	on
   166                        	longi	on
   167 00:0028: 3B           	tsc
   168 00:0029: 38           	sec
   169 00:002A: E9 00 00     	sbc	#L8
   170 00:002D: 1B           	tcs
   171 00:002E: 0B           	phd
   172 00:002F: 5B           	tcd
   173 00:0030: E2 20        	sep	#$20
   174                        	longa	off
   175 00:0032: A9 01        	lda	#$1
   176 00:0034: 8D xx xx     	sta	|~~echo
   177 00:0037: C2 20        	rep	#$20
   178                        	longa	on
   179 00:0039: AD xx xx     	lda	|~~stdout+2
   180 00:003C: 48           	pha
   181 00:003D: AD xx xx     	lda	|~~stdout
   182 00:0040: 48           	pha
   183 00:0041: 22 xx xx xx  	jsl	~~fflush
   184                        L10:
   185 00:0045: 2B           	pld
   186 00:0046: 3B           	tsc
   187 00:0047: 18           	clc
   188 00:0048: 69 00 00     	adc	#L8
   189 00:004B: 1B           	tcs
   190 00:004C: 6B           	rtl
   191             00000000   L8	equ	0
   192             00000001   L9	equ	1
   193                        	ends
   194                        	efunc
   195                        	code
   196                        	xdef	~~echo_off
   197                        	func
   198                        ~~echo_off:
   199                        	longa	on
   200                        	longi	on
  Sun Jan  9 2022 20:52                                                Page 8


   201 00:004D: 3B           	tsc
   202 00:004E: 38           	sec
   203 00:004F: E9 00 00     	sbc	#L11
   204 00:0052: 1B           	tcs
   205 00:0053: 0B           	phd
   206 00:0054: 5B           	tcd
   207 00:0055: E2 20        	sep	#$20
   208                        	longa	off
   209 00:0057: 9C xx xx     	stz	|~~echo
   210 00:005A: C2 20        	rep	#$20
   211                        	longa	on
   212                        L13:
   213 00:005C: 2B           	pld
   214 00:005D: 3B           	tsc
   215 00:005E: 18           	clc
   216 00:005F: 69 00 00     	adc	#L11
   217 00:0062: 1B           	tcs
   218 00:0063: 6B           	rtl
   219             00000000   L11	equ	0
   220             00000001   L12	equ	1
   221                        	ends
   222                        	efunc
   223                        	code
   224                        	func
   225                        ~~nogo:
   226                        	longa	on
   227                        	longi	on
   228 00:0064: 3B           	tsc
   229 00:0065: 38           	sec
   230 00:0066: E9 00 00     	sbc	#L14
   231 00:0069: 1B           	tcs
   232 00:006A: 0B           	phd
   233 00:006B: 5B           	tcd
   234 00:006C: AD xx xx     	lda	|~~basicvars+423
   235 00:006F: 89 00 08     	bit	#$800
   236 00:0072: D0 03        	bne	L16
   237 00:0074: 82 0A 00     	brl	L10001
   238                        L16:
   239 00:0077: F4 01 00     	pea	#<$1
   240 00:007A: F4 04 00     	pea	#4
   241 00:007D: 22 xx xx xx  	jsl	~~error
   242                        L10001:
   243                        L17:
   244 00:0081: A8           	tay
   245 00:0082: 2B           	pld
   246 00:0083: 3B           	tsc
   247 00:0084: 18           	clc
   248 00:0085: 69 00 00     	adc	#L14
   249 00:0088: 1B           	tcs
   250 00:0089: 98           	tya
   251 00:008A: 6B           	rtl
   252             00000000   L14	equ	0
   253             00000001   L15	equ	1
   254                        	ends
   255                        	efunc
   256                        	code
   257                        	xdef	~~emulate_vdu
   258                        	func
  Sun Jan  9 2022 20:52                                                Page 9


   259                        ~~emulate_vdu:
   260                        	longa	on
   261                        	longi	on
   262 00:008B: 3B           	tsc
   263 00:008C: 38           	sec
   264 00:008D: E9 04 00     	sbc	#L18
   265 00:0090: 1B           	tcs
   266 00:0091: 0B           	phd
   267 00:0092: 5B           	tcd
   268             00000004   charvalue_0	set	4
   269 00:0093: A9 00 FF     	lda	#$ff00
   270 00:0096: 14 08        	trb	<L18+charvalue_0
   271 00:0098: AD xx xx     	lda	|~~vduneeded
   272 00:009B: F0 03        	beq	L20
   273 00:009D: 82 83 00     	brl	L10002
   274                        L20:
   275 00:00A0: 38           	sec
   276 00:00A1: A5 08        	lda	<L18+charvalue_0
   277 00:00A3: E9 20 00     	sbc	#<$20
   278 00:00A6: 70 03        	bvs	L21
   279 00:00A8: 49 00 80     	eor	#$8000
   280                        L21:
   281 00:00AB: 30 03        	bmi	L22
   282 00:00AD: 82 44 00     	brl	L10003
   283                        L22:
   284 00:00B0: A5 08        	lda	<L18+charvalue_0
   285 00:00B2: C9 7F 00     	cmp	#<$7f
   286 00:00B5: F0 03        	beq	L23
   287 00:00B7: 82 05 00     	brl	L10004
   288                        L23:
   289 00:00BA: A9 20 00     	lda	#$20
   290 00:00BD: 85 08        	sta	<L18+charvalue_0
   291                        L10004:
   292 00:00BF: AD xx xx     	lda	|~~stdout+2
   293 00:00C2: 48           	pha
   294 00:00C3: AD xx xx     	lda	|~~stdout
   295 00:00C6: 48           	pha
   296 00:00C7: D4 08        	pei	<L18+charvalue_0
   297 00:00C9: 22 xx xx xx  	jsl	~~fputc
   298 00:00CD: AD xx xx     	lda	|~~echo
   299 00:00D0: 29 FF 00     	and	#$ff
   300 00:00D3: D0 03        	bne	L24
   301 00:00D5: 82 0C 00     	brl	L10005
   302                        L24:
   303 00:00D8: AD xx xx     	lda	|~~stdout+2
   304 00:00DB: 48           	pha
   305 00:00DC: AD xx xx     	lda	|~~stdout
   306 00:00DF: 48           	pha
   307 00:00E0: 22 xx xx xx  	jsl	~~fflush
   308                        L10005:
   309                        L25:
   310 00:00E4: A5 06        	lda	<L18+2
   311 00:00E6: 85 08        	sta	<L18+2+2
   312 00:00E8: A5 05        	lda	<L18+1
   313 00:00EA: 85 07        	sta	<L18+1+2
   314 00:00EC: 2B           	pld
   315 00:00ED: 3B           	tsc
   316 00:00EE: 18           	clc
  Sun Jan  9 2022 20:52                                                Page 10


   317 00:00EF: 69 06 00     	adc	#L18+2
   318 00:00F2: 1B           	tcs
   319 00:00F3: 6B           	rtl
   320                        L10003:
   321 00:00F4: AD xx xx     	lda	|~~echo
   322 00:00F7: 29 FF 00     	and	#$ff
   323 00:00FA: F0 03        	beq	L26
   324 00:00FC: 82 0C 00     	brl	L10006
   325                        L26:
   326 00:00FF: AD xx xx     	lda	|~~stdout+2
   327 00:0102: 48           	pha
   328 00:0103: AD xx xx     	lda	|~~stdout
   329 00:0106: 48           	pha
   330 00:0107: 22 xx xx xx  	jsl	~~fflush
   331                        L10006:
   332 00:010B: A5 08        	lda	<L18+charvalue_0
   333 00:010D: 8D xx xx     	sta	|~~vducmd
   334 00:0110: A5 08        	lda	<L18+charvalue_0
   335 00:0112: 0A           	asl	A
   336 00:0113: 85 01        	sta	<R0
   337 00:0115: A6 01        	ldx	<R0
   338 00:0117: BD xx xx     	lda	|~~vdubytes,X
   339 00:011A: 8D xx xx     	sta	|~~vduneeded
   340 00:011D: 9C xx xx     	stz	|~~vdunext
   341 00:0120: 82 0F 00     	brl	L10007
   342                        L10002:
   343 00:0123: E2 20        	sep	#$20
   344                        	longa	off
   345 00:0125: A5 08        	lda	<L18+charvalue_0
   346 00:0127: AE xx xx     	ldx	|~~vdunext
   347 00:012A: 9D xx xx     	sta	|~~vduqueue,X
   348 00:012D: C2 20        	rep	#$20
   349                        	longa	on
   350 00:012F: EE xx xx     	inc	|~~vdunext
   351                        L10007:
   352 00:0132: 38           	sec
   353 00:0133: AD xx xx     	lda	|~~vdunext
   354 00:0136: ED xx xx     	sbc	|~~vduneeded
   355 00:0139: 70 03        	bvs	L27
   356 00:013B: 49 00 80     	eor	#$8000
   357                        L27:
   358 00:013E: 10 03        	bpl	L28
   359 00:0140: 82 03 00     	brl	L10008
   360                        L28:
   361 00:0143: 82 9E FF     	brl	L25
   362                        L10008:
   363 00:0146: 9C xx xx     	stz	|~~vduneeded
   364 00:0149: AD xx xx     	lda	|~~vducmd
   365 00:014C: 82 2A 00     	brl	L10009
   366                        L10011:
   367                        L10012:
   368                        L10013:
   369                        L10014:
   370                        L10015:
   371                        L10016:
   372                        L10017:
   373                        L10018:
   374                        L10019:
  Sun Jan  9 2022 20:52                                                Page 11


   375 00:014F: 82 71 00     	brl	L10010
   376                        L10020:
   377                        L10021:
   378                        L10022:
   379                        L10023:
   380                        L10024:
   381                        L10025:
   382 00:0152: F4 03 00     	pea	#<$3
   383 00:0155: F4 04 00     	pea	#4
   384 00:0158: 22 xx xx xx  	jsl	~~error
   385 00:015C: 82 64 00     	brl	L10010
   386                        L10026:
   387                        L10027:
   388                        L10028:
   389                        L10029:
   390                        L10030:
   391                        L10031:
   392                        L10032:
   393                        L10033:
   394                        L10034:
   395                        L10035:
   396                        L10036:
   397                        L10037:
   398 00:015F: 22 xx xx xx  	jsl	~~nogo
   399 00:0163: 82 5D 00     	brl	L10010
   400                        L10038:
   401                        L10039:
   402                        L10040:
   403                        L10041:
   404                        L10042:
   405 00:0166: AD xx xx     	lda	|~~stdout+2
   406 00:0169: 48           	pha
   407 00:016A: AD xx xx     	lda	|~~stdout
   408 00:016D: 48           	pha
   409 00:016E: AD xx xx     	lda	|~~vducmd
   410 00:0171: 48           	pha
   411 00:0172: 22 xx xx xx  	jsl	~~fputc
   412 00:0176: 82 4A 00     	brl	L10010
   413                        L10009:
   414                        	xref	~~~fsw
   415 00:0179: 22 xx xx xx  	jsl	~~~fsw
   416 00:017D: 00 00        	dw	0
   417 00:017F: 20 00        	dw	32
   418 00:0181: xx xx        	dw	L10010-1
   419 00:0183: xx xx        	dw	L10011-1
   420 00:0185: xx xx        	dw	L10012-1
   421 00:0187: xx xx        	dw	L10013-1
   422 00:0189: xx xx        	dw	L10014-1
   423 00:018B: xx xx        	dw	L10015-1
   424 00:018D: xx xx        	dw	L10020-1
   425 00:018F: xx xx        	dw	L10016-1
   426 00:0191: xx xx        	dw	L10038-1
   427 00:0193: xx xx        	dw	L10039-1
   428 00:0195: xx xx        	dw	L10026-1
   429 00:0197: xx xx        	dw	L10040-1
   430 00:0199: xx xx        	dw	L10027-1
   431 00:019B: xx xx        	dw	L10028-1
   432 00:019D: xx xx        	dw	L10041-1
  Sun Jan  9 2022 20:52                                                Page 12


   433 00:019F: xx xx        	dw	L10017-1
   434 00:01A1: xx xx        	dw	L10018-1
   435 00:01A3: xx xx        	dw	L10021-1
   436 00:01A5: xx xx        	dw	L10029-1
   437 00:01A7: xx xx        	dw	L10022-1
   438 00:01A9: xx xx        	dw	L10030-1
   439 00:01AB: xx xx        	dw	L10031-1
   440 00:01AD: xx xx        	dw	L10019-1
   441 00:01AF: xx xx        	dw	L10032-1
   442 00:01B1: xx xx        	dw	L10033-1
   443 00:01B3: xx xx        	dw	L10023-1
   444 00:01B5: xx xx        	dw	L10024-1
   445 00:01B7: xx xx        	dw	L10034-1
   446 00:01B9: xx xx        	dw	L10042-1
   447 00:01BB: xx xx        	dw	L10035-1
   448 00:01BD: xx xx        	dw	L10025-1
   449 00:01BF: xx xx        	dw	L10036-1
   450 00:01C1: xx xx        	dw	L10037-1
   451                        L10010:
   452 00:01C3: 82 1E FF     	brl	L25
   453             00000004   L18	equ	4
   454             00000005   L19	equ	5
   455                        	ends
   456                        	efunc
   457                        	code
   458                        	xdef	~~emulate_vdustr
   459                        	func
   460                        ~~emulate_vdustr:
   461                        	longa	on
   462                        	longi	on
   463 00:01C6: 3B           	tsc
   464 00:01C7: 38           	sec
   465 00:01C8: E9 02 00     	sbc	#L29
   466 00:01CB: 1B           	tcs
   467 00:01CC: 0B           	phd
   468 00:01CD: 5B           	tcd
   469             00000004   string_0	set	4
   470             00000008   length_0	set	8
   471             00000000   n_1	set	0
   472 00:01CE: A5 0A        	lda	<L29+length_0
   473 00:01D0: F0 03        	beq	L31
   474 00:01D2: 82 0A 00     	brl	L10043
   475                        L31:
   476 00:01D5: D4 08        	pei	<L29+string_0+2
   477 00:01D7: D4 06        	pei	<L29+string_0
   478 00:01D9: 22 xx xx xx  	jsl	~~strlen
   479 00:01DD: 85 0A        	sta	<L29+length_0
   480                        L10043:
   481 00:01DF: 22 xx xx xx  	jsl	~~echo_off
   482 00:01E3: 64 01        	stz	<L30+n_1
   483 00:01E5: 82 0E 00     	brl	L10047
   484                        L10046:
   485 00:01E8: A4 01        	ldy	<L30+n_1
   486 00:01EA: B7 06        	lda	[<L29+string_0],Y
   487 00:01EC: 29 FF 00     	and	#$ff
   488 00:01EF: 48           	pha
   489 00:01F0: 22 xx xx xx  	jsl	~~emulate_vdu
   490                        L10044:
  Sun Jan  9 2022 20:52                                                Page 13


   491 00:01F4: E6 01        	inc	<L30+n_1
   492                        L10047:
   493 00:01F6: 38           	sec
   494 00:01F7: A5 01        	lda	<L30+n_1
   495 00:01F9: E5 0A        	sbc	<L29+length_0
   496 00:01FB: 70 03        	bvs	L32
   497 00:01FD: 49 00 80     	eor	#$8000
   498                        L32:
   499 00:0200: 30 03        	bmi	L33
   500 00:0202: 82 E3 FF     	brl	L10046
   501                        L33:
   502                        L10045:
   503 00:0205: 22 xx xx xx  	jsl	~~echo_on
   504                        L34:
   505 00:0209: A5 04        	lda	<L29+2
   506 00:020B: 85 0A        	sta	<L29+2+6
   507 00:020D: A5 03        	lda	<L29+1
   508 00:020F: 85 09        	sta	<L29+1+6
   509 00:0211: 2B           	pld
   510 00:0212: 3B           	tsc
   511 00:0213: 18           	clc
   512 00:0214: 69 08 00     	adc	#L29+6
   513 00:0217: 1B           	tcs
   514 00:0218: 6B           	rtl
   515             00000002   L29	equ	2
   516             00000001   L30	equ	1
   517                        	ends
   518                        	efunc
   519                        	code
   520                        	xdef	~~emulate_printf
   521                        	func
   522                        ~~emulate_printf:
   523                        	longa	on
   524                        	longi	on
   525 00:0219: 3B           	tsc
   526 00:021A: 38           	sec
   527 00:021B: E9 0C 00     	sbc	#L35
   528 00:021E: 1B           	tcs
   529 00:021F: 0B           	phd
   530 00:0220: 5B           	tcd
   531             00000006   format_0	set	6
   532             00000000   length_1	set	0
   533             00000002   n_1	set	2
   534             00000004   parms_1	set	4
   535             00000008   text_1	set	8
   536 00:0221: F4 00 00     	pea	#^$1000
   537 00:0224: F4 00 10     	pea	#<$1000
   538 00:0227: 22 xx xx xx  	jsl	~~malloc
   539 00:022B: 85 09        	sta	<L36+text_1
   540 00:022D: 86 0B        	stx	<L36+text_1+2
   541 00:022F: 18           	clc
   542 00:0230: 7B           	tdc
   543 00:0231: 69 16 00     	adc	#<L35+format_0+4
   544 00:0234: 85 05        	sta	<L36+parms_1
   545 00:0236: A9 00 00     	lda	#$0
   546 00:0239: 85 07        	sta	<L36+parms_1+2
   547 00:023B: D4 07        	pei	<L36+parms_1+2
   548 00:023D: D4 05        	pei	<L36+parms_1
  Sun Jan  9 2022 20:52                                                Page 14


   549 00:023F: D4 14        	pei	<L35+format_0+2
   550 00:0241: D4 12        	pei	<L35+format_0
   551 00:0243: D4 0B        	pei	<L36+text_1+2
   552 00:0245: D4 09        	pei	<L36+text_1
   553 00:0247: 22 xx xx xx  	jsl	~~vsprintf
   554 00:024B: 85 01        	sta	<L36+length_1
   555 00:024D: 22 xx xx xx  	jsl	~~echo_off
   556 00:0251: 64 03        	stz	<L36+n_1
   557 00:0253: 82 0E 00     	brl	L10051
   558                        L10050:
   559 00:0256: A4 03        	ldy	<L36+n_1
   560 00:0258: B7 09        	lda	[<L36+text_1],Y
   561 00:025A: 29 FF 00     	and	#$ff
   562 00:025D: 48           	pha
   563 00:025E: 22 xx xx xx  	jsl	~~emulate_vdu
   564                        L10048:
   565 00:0262: E6 03        	inc	<L36+n_1
   566                        L10051:
   567 00:0264: A5 03        	lda	<L36+n_1
   568 00:0266: C5 01        	cmp	<L36+length_1
   569 00:0268: B0 03        	bcs	L37
   570 00:026A: 82 E9 FF     	brl	L10050
   571                        L37:
   572                        L10049:
   573 00:026D: 22 xx xx xx  	jsl	~~echo_on
   574 00:0271: D4 0B        	pei	<L36+text_1+2
   575 00:0273: D4 09        	pei	<L36+text_1
   576 00:0275: 22 xx xx xx  	jsl	~~free
   577                        L38:
   578 00:0279: DA           	phx
   579 00:027A: A6 10        	ldx	<L35+4
   580 00:027C: A5 0E        	lda	<L35+2
   581 00:027E: 95 0E        	sta	<L35+2,X
   582 00:0280: A5 0D        	lda	<L35+1
   583 00:0282: 95 0D        	sta	<L35+1,X
   584 00:0284: 8A           	txa
   585 00:0285: FA           	plx
   586 00:0286: 2B           	pld
   587 00:0287: 48           	pha
   588 00:0288: 3B           	tsc
   589 00:0289: 18           	clc
   590 00:028A: 69 0E 00     	adc	#L35+2
   591 00:028D: 63 01        	adc	<1,s
   592 00:028F: 1B           	tcs
   593 00:0290: 6B           	rtl
   594             0000000C   L35	equ	12
   595             00000001   L36	equ	1
   596                        	ends
   597                        	efunc
   598                        	code
   599                        	xdef	~~emulate_newline
   600                        	func
   601                        ~~emulate_newline:
   602                        	longa	on
   603                        	longi	on
   604 00:0291: 3B           	tsc
   605 00:0292: 38           	sec
   606 00:0293: E9 00 00     	sbc	#L39
  Sun Jan  9 2022 20:52                                                Page 15


   607 00:0296: 1B           	tcs
   608 00:0297: 0B           	phd
   609 00:0298: 5B           	tcd
   610 00:0299: F4 0D 00     	pea	#<$d
   611 00:029C: 22 xx xx xx  	jsl	~~emulate_vdu
   612 00:02A0: F4 0A 00     	pea	#<$a
   613 00:02A3: 22 xx xx xx  	jsl	~~emulate_vdu
   614                        L41:
   615 00:02A7: 2B           	pld
   616 00:02A8: 3B           	tsc
   617 00:02A9: 18           	clc
   618 00:02AA: 69 00 00     	adc	#L39
   619 00:02AD: 1B           	tcs
   620 00:02AE: 6B           	rtl
   621             00000000   L39	equ	0
   622             00000001   L40	equ	1
   623                        	ends
   624                        	efunc
   625                        	code
   626                        	xdef	~~emulate_vdufn
   627                        	func
   628                        ~~emulate_vdufn:
   629                        	longa	on
   630                        	longi	on
   631 00:02AF: 3B           	tsc
   632 00:02B0: 38           	sec
   633 00:02B1: E9 00 00     	sbc	#L42
   634 00:02B4: 1B           	tcs
   635 00:02B5: 0B           	phd
   636 00:02B6: 5B           	tcd
   637             00000004   variable_0	set	4
   638 00:02B7: A9 00 00     	lda	#$0
   639                        L44:
   640 00:02BA: A8           	tay
   641 00:02BB: A5 02        	lda	<L42+2
   642 00:02BD: 85 04        	sta	<L42+2+2
   643 00:02BF: A5 01        	lda	<L42+1
   644 00:02C1: 85 03        	sta	<L42+1+2
   645 00:02C3: 2B           	pld
   646 00:02C4: 3B           	tsc
   647 00:02C5: 18           	clc
   648 00:02C6: 69 02 00     	adc	#L42+2
   649 00:02C9: 1B           	tcs
   650 00:02CA: 98           	tya
   651 00:02CB: 6B           	rtl
   652             00000000   L42	equ	0
   653             00000001   L43	equ	1
   654                        	ends
   655                        	efunc
   656                        	code
   657                        	xdef	~~emulate_colourfn
   658                        	func
   659                        ~~emulate_colourfn:
   660                        	longa	on
   661                        	longi	on
   662 00:02CC: 3B           	tsc
   663 00:02CD: 38           	sec
   664 00:02CE: E9 00 00     	sbc	#L45
  Sun Jan  9 2022 20:52                                                Page 16


   665 00:02D1: 1B           	tcs
   666 00:02D2: 0B           	phd
   667 00:02D3: 5B           	tcd
   668             00000004   red_0	set	4
   669             00000006   green_0	set	6
   670             00000008   blue_0	set	8
   671 00:02D4: A9 01 00     	lda	#$1
   672                        L47:
   673 00:02D7: A8           	tay
   674 00:02D8: A5 02        	lda	<L45+2
   675 00:02DA: 85 08        	sta	<L45+2+6
   676 00:02DC: A5 01        	lda	<L45+1
   677 00:02DE: 85 07        	sta	<L45+1+6
   678 00:02E0: 2B           	pld
   679 00:02E1: 3B           	tsc
   680 00:02E2: 18           	clc
   681 00:02E3: 69 06 00     	adc	#L45+6
   682 00:02E6: 1B           	tcs
   683 00:02E7: 98           	tya
   684 00:02E8: 6B           	rtl
   685             00000000   L45	equ	0
   686             00000001   L46	equ	1
   687                        	ends
   688                        	efunc
   689                        	code
   690                        	xdef	~~emulate_pos
   691                        	func
   692                        ~~emulate_pos:
   693                        	longa	on
   694                        	longi	on
   695 00:02E9: 3B           	tsc
   696 00:02EA: 38           	sec
   697 00:02EB: E9 00 00     	sbc	#L48
   698 00:02EE: 1B           	tcs
   699 00:02EF: 0B           	phd
   700 00:02F0: 5B           	tcd
   701 00:02F1: 22 xx xx xx  	jsl	~~nogo
   702 00:02F5: A9 00 00     	lda	#$0
   703                        L50:
   704 00:02F8: A8           	tay
   705 00:02F9: 2B           	pld
   706 00:02FA: 3B           	tsc
   707 00:02FB: 18           	clc
   708 00:02FC: 69 00 00     	adc	#L48
   709 00:02FF: 1B           	tcs
   710 00:0300: 98           	tya
   711 00:0301: 6B           	rtl
   712             00000000   L48	equ	0
   713             00000001   L49	equ	1
   714                        	ends
   715                        	efunc
   716                        	code
   717                        	xdef	~~emulate_vpos
   718                        	func
   719                        ~~emulate_vpos:
   720                        	longa	on
   721                        	longi	on
   722 00:0302: 3B           	tsc
  Sun Jan  9 2022 20:52                                                Page 17


   723 00:0303: 38           	sec
   724 00:0304: E9 00 00     	sbc	#L51
   725 00:0307: 1B           	tcs
   726 00:0308: 0B           	phd
   727 00:0309: 5B           	tcd
   728 00:030A: 22 xx xx xx  	jsl	~~nogo
   729 00:030E: A9 00 00     	lda	#$0
   730                        L53:
   731 00:0311: A8           	tay
   732 00:0312: 2B           	pld
   733 00:0313: 3B           	tsc
   734 00:0314: 18           	clc
   735 00:0315: 69 00 00     	adc	#L51
   736 00:0318: 1B           	tcs
   737 00:0319: 98           	tya
   738 00:031A: 6B           	rtl
   739             00000000   L51	equ	0
   740             00000001   L52	equ	1
   741                        	ends
   742                        	efunc
   743                        	code
   744                        	xdef	~~emulate_mode
   745                        	func
   746                        ~~emulate_mode:
   747                        	longa	on
   748                        	longi	on
   749 00:031B: 3B           	tsc
   750 00:031C: 38           	sec
   751 00:031D: E9 00 00     	sbc	#L54
   752 00:0320: 1B           	tcs
   753 00:0321: 0B           	phd
   754 00:0322: 5B           	tcd
   755             00000004   mode_0	set	4
   756 00:0323: 22 xx xx xx  	jsl	~~nogo
   757                        L56:
   758 00:0327: A5 02        	lda	<L54+2
   759 00:0329: 85 04        	sta	<L54+2+2
   760 00:032B: A5 01        	lda	<L54+1
   761 00:032D: 85 03        	sta	<L54+1+2
   762 00:032F: 2B           	pld
   763 00:0330: 3B           	tsc
   764 00:0331: 18           	clc
   765 00:0332: 69 02 00     	adc	#L54+2
   766 00:0335: 1B           	tcs
   767 00:0336: 6B           	rtl
   768             00000000   L54	equ	0
   769             00000001   L55	equ	1
   770                        	ends
   771                        	efunc
   772                        	code
   773                        	xdef	~~emulate_newmode
   774                        	func
   775                        ~~emulate_newmode:
   776                        	longa	on
   777                        	longi	on
   778 00:0337: 3B           	tsc
   779 00:0338: 38           	sec
   780 00:0339: E9 00 00     	sbc	#L57
  Sun Jan  9 2022 20:52                                                Page 18


   781 00:033C: 1B           	tcs
   782 00:033D: 0B           	phd
   783 00:033E: 5B           	tcd
   784             00000004   xres_0	set	4
   785             00000006   yres_0	set	6
   786             00000008   bpp_0	set	8
   787             0000000A   rate_0	set	10
   788 00:033F: 22 xx xx xx  	jsl	~~nogo
   789                        L59:
   790 00:0343: A5 02        	lda	<L57+2
   791 00:0345: 85 0A        	sta	<L57+2+8
   792 00:0347: A5 01        	lda	<L57+1
   793 00:0349: 85 09        	sta	<L57+1+8
   794 00:034B: 2B           	pld
   795 00:034C: 3B           	tsc
   796 00:034D: 18           	clc
   797 00:034E: 69 08 00     	adc	#L57+8
   798 00:0351: 1B           	tcs
   799 00:0352: 6B           	rtl
   800             00000000   L57	equ	0
   801             00000001   L58	equ	1
   802                        	ends
   803                        	efunc
   804                        	code
   805                        	xdef	~~emulate_modestr
   806                        	func
   807                        ~~emulate_modestr:
   808                        	longa	on
   809                        	longi	on
   810 00:0353: 3B           	tsc
   811 00:0354: 38           	sec
   812 00:0355: E9 00 00     	sbc	#L60
   813 00:0358: 1B           	tcs
   814 00:0359: 0B           	phd
   815 00:035A: 5B           	tcd
   816             00000004   xres_0	set	4
   817             00000006   yres_0	set	6
   818             00000008   colours_0	set	8
   819             0000000A   greys_0	set	10
   820             0000000C   xeig_0	set	12
   821             0000000E   yeig_0	set	14
   822             00000010   rate_0	set	16
   823 00:035B: 22 xx xx xx  	jsl	~~nogo
   824                        L62:
   825 00:035F: A5 02        	lda	<L60+2
   826 00:0361: 85 10        	sta	<L60+2+14
   827 00:0363: A5 01        	lda	<L60+1
   828 00:0365: 85 0F        	sta	<L60+1+14
   829 00:0367: 2B           	pld
   830 00:0368: 3B           	tsc
   831 00:0369: 18           	clc
   832 00:036A: 69 0E 00     	adc	#L60+14
   833 00:036D: 1B           	tcs
   834 00:036E: 6B           	rtl
   835             00000000   L60	equ	0
   836             00000001   L61	equ	1
   837                        	ends
   838                        	efunc
  Sun Jan  9 2022 20:52                                                Page 19


   839                        	code
   840                        	xdef	~~emulate_modefn
   841                        	func
   842                        ~~emulate_modefn:
   843                        	longa	on
   844                        	longi	on
   845 00:036F: 3B           	tsc
   846 00:0370: 38           	sec
   847 00:0371: E9 00 00     	sbc	#L63
   848 00:0374: 1B           	tcs
   849 00:0375: 0B           	phd
   850 00:0376: 5B           	tcd
   851 00:0377: AD xx xx     	lda	|~~screenmode
   852                        L65:
   853 00:037A: A8           	tay
   854 00:037B: 2B           	pld
   855 00:037C: 3B           	tsc
   856 00:037D: 18           	clc
   857 00:037E: 69 00 00     	adc	#L63
   858 00:0381: 1B           	tcs
   859 00:0382: 98           	tya
   860 00:0383: 6B           	rtl
   861             00000000   L63	equ	0
   862             00000001   L64	equ	1
   863                        	ends
   864                        	efunc
   865                        	code
   866                        	xdef	~~emulate_pointto
   867                        	func
   868                        ~~emulate_pointto:
   869                        	longa	on
   870                        	longi	on
   871 00:0384: 3B           	tsc
   872 00:0385: 38           	sec
   873 00:0386: E9 00 00     	sbc	#L66
   874 00:0389: 1B           	tcs
   875 00:038A: 0B           	phd
   876 00:038B: 5B           	tcd
   877             00000004   x_0	set	4
   878             00000006   y_0	set	6
   879 00:038C: F4 01 00     	pea	#<$1
   880 00:038F: F4 04 00     	pea	#4
   881 00:0392: 22 xx xx xx  	jsl	~~error
   882                        L68:
   883 00:0396: A5 02        	lda	<L66+2
   884 00:0398: 85 06        	sta	<L66+2+4
   885 00:039A: A5 01        	lda	<L66+1
   886 00:039C: 85 05        	sta	<L66+1+4
   887 00:039E: 2B           	pld
   888 00:039F: 3B           	tsc
   889 00:03A0: 18           	clc
   890 00:03A1: 69 04 00     	adc	#L66+4
   891 00:03A4: 1B           	tcs
   892 00:03A5: 6B           	rtl
   893             00000000   L66	equ	0
   894             00000001   L67	equ	1
   895                        	ends
   896                        	efunc
  Sun Jan  9 2022 20:52                                                Page 20


   897                        	code
   898                        	xdef	~~emulate_wait
   899                        	func
   900                        ~~emulate_wait:
   901                        	longa	on
   902                        	longi	on
   903 00:03A6: 3B           	tsc
   904 00:03A7: 38           	sec
   905 00:03A8: E9 00 00     	sbc	#L69
   906 00:03AB: 1B           	tcs
   907 00:03AC: 0B           	phd
   908 00:03AD: 5B           	tcd
   909 00:03AE: 22 xx xx xx  	jsl	~~nogo
   910                        L71:
   911 00:03B2: 2B           	pld
   912 00:03B3: 3B           	tsc
   913 00:03B4: 18           	clc
   914 00:03B5: 69 00 00     	adc	#L69
   915 00:03B8: 1B           	tcs
   916 00:03B9: 6B           	rtl
   917             00000000   L69	equ	0
   918             00000001   L70	equ	1
   919                        	ends
   920                        	efunc
   921                        	code
   922                        	xdef	~~emulate_tab
   923                        	func
   924                        ~~emulate_tab:
   925                        	longa	on
   926                        	longi	on
   927 00:03BA: 3B           	tsc
   928 00:03BB: 38           	sec
   929 00:03BC: E9 00 00     	sbc	#L72
   930 00:03BF: 1B           	tcs
   931 00:03C0: 0B           	phd
   932 00:03C1: 5B           	tcd
   933             00000004   x_0	set	4
   934             00000006   y_0	set	6
   935 00:03C2: 22 xx xx xx  	jsl	~~nogo
   936                        L74:
   937 00:03C6: A5 02        	lda	<L72+2
   938 00:03C8: 85 06        	sta	<L72+2+4
   939 00:03CA: A5 01        	lda	<L72+1
   940 00:03CC: 85 05        	sta	<L72+1+4
   941 00:03CE: 2B           	pld
   942 00:03CF: 3B           	tsc
   943 00:03D0: 18           	clc
   944 00:03D1: 69 04 00     	adc	#L72+4
   945 00:03D4: 1B           	tcs
   946 00:03D5: 6B           	rtl
   947             00000000   L72	equ	0
   948             00000001   L73	equ	1
   949                        	ends
   950                        	efunc
   951                        	code
   952                        	xdef	~~emulate_off
   953                        	func
   954                        ~~emulate_off:
  Sun Jan  9 2022 20:52                                                Page 21


   955                        	longa	on
   956                        	longi	on
   957 00:03D6: 3B           	tsc
   958 00:03D7: 38           	sec
   959 00:03D8: E9 00 00     	sbc	#L75
   960 00:03DB: 1B           	tcs
   961 00:03DC: 0B           	phd
   962 00:03DD: 5B           	tcd
   963 00:03DE: 22 xx xx xx  	jsl	~~nogo
   964                        L77:
   965 00:03E2: 2B           	pld
   966 00:03E3: 3B           	tsc
   967 00:03E4: 18           	clc
   968 00:03E5: 69 00 00     	adc	#L75
   969 00:03E8: 1B           	tcs
   970 00:03E9: 6B           	rtl
   971             00000000   L75	equ	0
   972             00000001   L76	equ	1
   973                        	ends
   974                        	efunc
   975                        	code
   976                        	xdef	~~emulate_on
   977                        	func
   978                        ~~emulate_on:
   979                        	longa	on
   980                        	longi	on
   981 00:03EA: 3B           	tsc
   982 00:03EB: 38           	sec
   983 00:03EC: E9 00 00     	sbc	#L78
   984 00:03EF: 1B           	tcs
   985 00:03F0: 0B           	phd
   986 00:03F1: 5B           	tcd
   987 00:03F2: 22 xx xx xx  	jsl	~~nogo
   988                        L80:
   989 00:03F6: 2B           	pld
   990 00:03F7: 3B           	tsc
   991 00:03F8: 18           	clc
   992 00:03F9: 69 00 00     	adc	#L78
   993 00:03FC: 1B           	tcs
   994 00:03FD: 6B           	rtl
   995             00000000   L78	equ	0
   996             00000001   L79	equ	1
   997                        	ends
   998                        	efunc
   999                        	code
  1000                        	xdef	~~emulate_tint
  1001                        	func
  1002                        ~~emulate_tint:
  1003                        	longa	on
  1004                        	longi	on
  1005 00:03FE: 3B           	tsc
  1006 00:03FF: 38           	sec
  1007 00:0400: E9 00 00     	sbc	#L81
  1008 00:0403: 1B           	tcs
  1009 00:0404: 0B           	phd
  1010 00:0405: 5B           	tcd
  1011             00000004   action_0	set	4
  1012             00000006   tint_0	set	6
  Sun Jan  9 2022 20:52                                                Page 22


  1013 00:0406: 22 xx xx xx  	jsl	~~nogo
  1014                        L83:
  1015 00:040A: A5 02        	lda	<L81+2
  1016 00:040C: 85 06        	sta	<L81+2+4
  1017 00:040E: A5 01        	lda	<L81+1
  1018 00:0410: 85 05        	sta	<L81+1+4
  1019 00:0412: 2B           	pld
  1020 00:0413: 3B           	tsc
  1021 00:0414: 18           	clc
  1022 00:0415: 69 04 00     	adc	#L81+4
  1023 00:0418: 1B           	tcs
  1024 00:0419: 6B           	rtl
  1025             00000000   L81	equ	0
  1026             00000001   L82	equ	1
  1027                        	ends
  1028                        	efunc
  1029                        	code
  1030                        	xdef	~~emulate_plot
  1031                        	func
  1032                        ~~emulate_plot:
  1033                        	longa	on
  1034                        	longi	on
  1035 00:041A: 3B           	tsc
  1036 00:041B: 38           	sec
  1037 00:041C: E9 00 00     	sbc	#L84
  1038 00:041F: 1B           	tcs
  1039 00:0420: 0B           	phd
  1040 00:0421: 5B           	tcd
  1041             00000004   code_0	set	4
  1042             00000006   x_0	set	6
  1043             00000008   y_0	set	8
  1044 00:0422: F4 03 00     	pea	#<$3
  1045 00:0425: F4 04 00     	pea	#4
  1046 00:0428: 22 xx xx xx  	jsl	~~error
  1047                        L86:
  1048 00:042C: A5 02        	lda	<L84+2
  1049 00:042E: 85 08        	sta	<L84+2+6
  1050 00:0430: A5 01        	lda	<L84+1
  1051 00:0432: 85 07        	sta	<L84+1+6
  1052 00:0434: 2B           	pld
  1053 00:0435: 3B           	tsc
  1054 00:0436: 18           	clc
  1055 00:0437: 69 06 00     	adc	#L84+6
  1056 00:043A: 1B           	tcs
  1057 00:043B: 6B           	rtl
  1058             00000000   L84	equ	0
  1059             00000001   L85	equ	1
  1060                        	ends
  1061                        	efunc
  1062                        	code
  1063                        	xdef	~~emulate_pointfn
  1064                        	func
  1065                        ~~emulate_pointfn:
  1066                        	longa	on
  1067                        	longi	on
  1068 00:043C: 3B           	tsc
  1069 00:043D: 38           	sec
  1070 00:043E: E9 00 00     	sbc	#L87
  Sun Jan  9 2022 20:52                                                Page 23


  1071 00:0441: 1B           	tcs
  1072 00:0442: 0B           	phd
  1073 00:0443: 5B           	tcd
  1074             00000004   x_0	set	4
  1075             00000006   y_0	set	6
  1076 00:0444: F4 03 00     	pea	#<$3
  1077 00:0447: F4 04 00     	pea	#4
  1078 00:044A: 22 xx xx xx  	jsl	~~error
  1079 00:044E: A9 00 00     	lda	#$0
  1080                        L89:
  1081 00:0451: A8           	tay
  1082 00:0452: A5 02        	lda	<L87+2
  1083 00:0454: 85 06        	sta	<L87+2+4
  1084 00:0456: A5 01        	lda	<L87+1
  1085 00:0458: 85 05        	sta	<L87+1+4
  1086 00:045A: 2B           	pld
  1087 00:045B: 3B           	tsc
  1088 00:045C: 18           	clc
  1089 00:045D: 69 04 00     	adc	#L87+4
  1090 00:0460: 1B           	tcs
  1091 00:0461: 98           	tya
  1092 00:0462: 6B           	rtl
  1093             00000000   L87	equ	0
  1094             00000001   L88	equ	1
  1095                        	ends
  1096                        	efunc
  1097                        	code
  1098                        	xdef	~~emulate_tintfn
  1099                        	func
  1100                        ~~emulate_tintfn:
  1101                        	longa	on
  1102                        	longi	on
  1103 00:0463: 3B           	tsc
  1104 00:0464: 38           	sec
  1105 00:0465: E9 00 00     	sbc	#L90
  1106 00:0468: 1B           	tcs
  1107 00:0469: 0B           	phd
  1108 00:046A: 5B           	tcd
  1109             00000004   x_0	set	4
  1110             00000006   y_0	set	6
  1111 00:046B: F4 03 00     	pea	#<$3
  1112 00:046E: F4 04 00     	pea	#4
  1113 00:0471: 22 xx xx xx  	jsl	~~error
  1114 00:0475: A9 00 00     	lda	#$0
  1115                        L92:
  1116 00:0478: A8           	tay
  1117 00:0479: A5 02        	lda	<L90+2
  1118 00:047B: 85 06        	sta	<L90+2+4
  1119 00:047D: A5 01        	lda	<L90+1
  1120 00:047F: 85 05        	sta	<L90+1+4
  1121 00:0481: 2B           	pld
  1122 00:0482: 3B           	tsc
  1123 00:0483: 18           	clc
  1124 00:0484: 69 04 00     	adc	#L90+4
  1125 00:0487: 1B           	tcs
  1126 00:0488: 98           	tya
  1127 00:0489: 6B           	rtl
  1128             00000000   L90	equ	0
  Sun Jan  9 2022 20:52                                                Page 24


  1129             00000001   L91	equ	1
  1130                        	ends
  1131                        	efunc
  1132                        	code
  1133                        	xdef	~~emulate_gcol
  1134                        	func
  1135                        ~~emulate_gcol:
  1136                        	longa	on
  1137                        	longi	on
  1138 00:048A: 3B           	tsc
  1139 00:048B: 38           	sec
  1140 00:048C: E9 00 00     	sbc	#L93
  1141 00:048F: 1B           	tcs
  1142 00:0490: 0B           	phd
  1143 00:0491: 5B           	tcd
  1144             00000004   action_0	set	4
  1145             00000006   colour_0	set	6
  1146             00000008   tint_0	set	8
  1147 00:0492: F4 03 00     	pea	#<$3
  1148 00:0495: F4 04 00     	pea	#4
  1149 00:0498: 22 xx xx xx  	jsl	~~error
  1150                        L95:
  1151 00:049C: A5 02        	lda	<L93+2
  1152 00:049E: 85 08        	sta	<L93+2+6
  1153 00:04A0: A5 01        	lda	<L93+1
  1154 00:04A2: 85 07        	sta	<L93+1+6
  1155 00:04A4: 2B           	pld
  1156 00:04A5: 3B           	tsc
  1157 00:04A6: 18           	clc
  1158 00:04A7: 69 06 00     	adc	#L93+6
  1159 00:04AA: 1B           	tcs
  1160 00:04AB: 6B           	rtl
  1161             00000000   L93	equ	0
  1162             00000001   L94	equ	1
  1163                        	ends
  1164                        	efunc
  1165                        	code
  1166                        	xdef	~~emulate_gcolrgb
  1167                        	func
  1168                        ~~emulate_gcolrgb:
  1169                        	longa	on
  1170                        	longi	on
  1171 00:04AC: 3B           	tsc
  1172 00:04AD: 38           	sec
  1173 00:04AE: E9 00 00     	sbc	#L96
  1174 00:04B1: 1B           	tcs
  1175 00:04B2: 0B           	phd
  1176 00:04B3: 5B           	tcd
  1177             00000004   action_0	set	4
  1178             00000006   background_0	set	6
  1179             00000008   red_0	set	8
  1180             0000000A   green_0	set	10
  1181             0000000C   blue_0	set	12
  1182 00:04B4: F4 03 00     	pea	#<$3
  1183 00:04B7: F4 04 00     	pea	#4
  1184 00:04BA: 22 xx xx xx  	jsl	~~error
  1185                        L98:
  1186 00:04BE: A5 02        	lda	<L96+2
  Sun Jan  9 2022 20:52                                                Page 25


  1187 00:04C0: 85 0C        	sta	<L96+2+10
  1188 00:04C2: A5 01        	lda	<L96+1
  1189 00:04C4: 85 0B        	sta	<L96+1+10
  1190 00:04C6: 2B           	pld
  1191 00:04C7: 3B           	tsc
  1192 00:04C8: 18           	clc
  1193 00:04C9: 69 0A 00     	adc	#L96+10
  1194 00:04CC: 1B           	tcs
  1195 00:04CD: 6B           	rtl
  1196             00000000   L96	equ	0
  1197             00000001   L97	equ	1
  1198                        	ends
  1199                        	efunc
  1200                        	code
  1201                        	xdef	~~emulate_gcolnum
  1202                        	func
  1203                        ~~emulate_gcolnum:
  1204                        	longa	on
  1205                        	longi	on
  1206 00:04CE: 3B           	tsc
  1207 00:04CF: 38           	sec
  1208 00:04D0: E9 00 00     	sbc	#L99
  1209 00:04D3: 1B           	tcs
  1210 00:04D4: 0B           	phd
  1211 00:04D5: 5B           	tcd
  1212             00000004   action_0	set	4
  1213             00000006   background_0	set	6
  1214             00000008   colnum_0	set	8
  1215 00:04D6: F4 03 00     	pea	#<$3
  1216 00:04D9: F4 04 00     	pea	#4
  1217 00:04DC: 22 xx xx xx  	jsl	~~error
  1218                        L101:
  1219 00:04E0: A5 02        	lda	<L99+2
  1220 00:04E2: 85 08        	sta	<L99+2+6
  1221 00:04E4: A5 01        	lda	<L99+1
  1222 00:04E6: 85 07        	sta	<L99+1+6
  1223 00:04E8: 2B           	pld
  1224 00:04E9: 3B           	tsc
  1225 00:04EA: 18           	clc
  1226 00:04EB: 69 06 00     	adc	#L99+6
  1227 00:04EE: 1B           	tcs
  1228 00:04EF: 6B           	rtl
  1229             00000000   L99	equ	0
  1230             00000001   L100	equ	1
  1231                        	ends
  1232                        	efunc
  1233                        	code
  1234                        	xdef	~~emulate_colourtint
  1235                        	func
  1236                        ~~emulate_colourtint:
  1237                        	longa	on
  1238                        	longi	on
  1239 00:04F0: 3B           	tsc
  1240 00:04F1: 38           	sec
  1241 00:04F2: E9 00 00     	sbc	#L102
  1242 00:04F5: 1B           	tcs
  1243 00:04F6: 0B           	phd
  1244 00:04F7: 5B           	tcd
  Sun Jan  9 2022 20:52                                                Page 26


  1245             00000004   colour_0	set	4
  1246             00000006   tint_0	set	6
  1247 00:04F8: 22 xx xx xx  	jsl	~~nogo
  1248                        L104:
  1249 00:04FC: A5 02        	lda	<L102+2
  1250 00:04FE: 85 06        	sta	<L102+2+4
  1251 00:0500: A5 01        	lda	<L102+1
  1252 00:0502: 85 05        	sta	<L102+1+4
  1253 00:0504: 2B           	pld
  1254 00:0505: 3B           	tsc
  1255 00:0506: 18           	clc
  1256 00:0507: 69 04 00     	adc	#L102+4
  1257 00:050A: 1B           	tcs
  1258 00:050B: 6B           	rtl
  1259             00000000   L102	equ	0
  1260             00000001   L103	equ	1
  1261                        	ends
  1262                        	efunc
  1263                        	code
  1264                        	xdef	~~emulate_mapcolour
  1265                        	func
  1266                        ~~emulate_mapcolour:
  1267                        	longa	on
  1268                        	longi	on
  1269 00:050C: 3B           	tsc
  1270 00:050D: 38           	sec
  1271 00:050E: E9 00 00     	sbc	#L105
  1272 00:0511: 1B           	tcs
  1273 00:0512: 0B           	phd
  1274 00:0513: 5B           	tcd
  1275             00000004   colour_0	set	4
  1276             00000006   physcolour_0	set	6
  1277 00:0514: 22 xx xx xx  	jsl	~~nogo
  1278                        L107:
  1279 00:0518: A5 02        	lda	<L105+2
  1280 00:051A: 85 06        	sta	<L105+2+4
  1281 00:051C: A5 01        	lda	<L105+1
  1282 00:051E: 85 05        	sta	<L105+1+4
  1283 00:0520: 2B           	pld
  1284 00:0521: 3B           	tsc
  1285 00:0522: 18           	clc
  1286 00:0523: 69 04 00     	adc	#L105+4
  1287 00:0526: 1B           	tcs
  1288 00:0527: 6B           	rtl
  1289             00000000   L105	equ	0
  1290             00000001   L106	equ	1
  1291                        	ends
  1292                        	efunc
  1293                        	code
  1294                        	xdef	~~emulate_setcolour
  1295                        	func
  1296                        ~~emulate_setcolour:
  1297                        	longa	on
  1298                        	longi	on
  1299 00:0528: 3B           	tsc
  1300 00:0529: 38           	sec
  1301 00:052A: E9 00 00     	sbc	#L108
  1302 00:052D: 1B           	tcs
  Sun Jan  9 2022 20:52                                                Page 27


  1303 00:052E: 0B           	phd
  1304 00:052F: 5B           	tcd
  1305             00000004   red_0	set	4
  1306             00000006   green_0	set	6
  1307             00000008   blue_0	set	8
  1308             0000000A   dummy_0	set	10
  1309 00:0530: 22 xx xx xx  	jsl	~~nogo
  1310                        L110:
  1311 00:0534: A5 02        	lda	<L108+2
  1312 00:0536: 85 0A        	sta	<L108+2+8
  1313 00:0538: A5 01        	lda	<L108+1
  1314 00:053A: 85 09        	sta	<L108+1+8
  1315 00:053C: 2B           	pld
  1316 00:053D: 3B           	tsc
  1317 00:053E: 18           	clc
  1318 00:053F: 69 08 00     	adc	#L108+8
  1319 00:0542: 1B           	tcs
  1320 00:0543: 6B           	rtl
  1321             00000000   L108	equ	0
  1322             00000001   L109	equ	1
  1323                        	ends
  1324                        	efunc
  1325                        	code
  1326                        	xdef	~~emulate_setcolnum
  1327                        	func
  1328                        ~~emulate_setcolnum:
  1329                        	longa	on
  1330                        	longi	on
  1331 00:0544: 3B           	tsc
  1332 00:0545: 38           	sec
  1333 00:0546: E9 00 00     	sbc	#L111
  1334 00:0549: 1B           	tcs
  1335 00:054A: 0B           	phd
  1336 00:054B: 5B           	tcd
  1337             00000004   background_0	set	4
  1338             00000006   colnum_0	set	6
  1339 00:054C: 22 xx xx xx  	jsl	~~nogo
  1340                        L113:
  1341 00:0550: A5 02        	lda	<L111+2
  1342 00:0552: 85 06        	sta	<L111+2+4
  1343 00:0554: A5 01        	lda	<L111+1
  1344 00:0556: 85 05        	sta	<L111+1+4
  1345 00:0558: 2B           	pld
  1346 00:0559: 3B           	tsc
  1347 00:055A: 18           	clc
  1348 00:055B: 69 04 00     	adc	#L111+4
  1349 00:055E: 1B           	tcs
  1350 00:055F: 6B           	rtl
  1351             00000000   L111	equ	0
  1352             00000001   L112	equ	1
  1353                        	ends
  1354                        	efunc
  1355                        	code
  1356                        	xdef	~~emulate_defcolour
  1357                        	func
  1358                        ~~emulate_defcolour:
  1359                        	longa	on
  1360                        	longi	on
  Sun Jan  9 2022 20:52                                                Page 28


  1361 00:0560: 3B           	tsc
  1362 00:0561: 38           	sec
  1363 00:0562: E9 00 00     	sbc	#L114
  1364 00:0565: 1B           	tcs
  1365 00:0566: 0B           	phd
  1366 00:0567: 5B           	tcd
  1367             00000004   colour_0	set	4
  1368             00000006   red_0	set	6
  1369             00000008   green_0	set	8
  1370             0000000A   blue_0	set	10
  1371 00:0568: 22 xx xx xx  	jsl	~~nogo
  1372                        L116:
  1373 00:056C: A5 02        	lda	<L114+2
  1374 00:056E: 85 0A        	sta	<L114+2+8
  1375 00:0570: A5 01        	lda	<L114+1
  1376 00:0572: 85 09        	sta	<L114+1+8
  1377 00:0574: 2B           	pld
  1378 00:0575: 3B           	tsc
  1379 00:0576: 18           	clc
  1380 00:0577: 69 08 00     	adc	#L114+8
  1381 00:057A: 1B           	tcs
  1382 00:057B: 6B           	rtl
  1383             00000000   L114	equ	0
  1384             00000001   L115	equ	1
  1385                        	ends
  1386                        	efunc
  1387                        	code
  1388                        	xdef	~~emulate_move
  1389                        	func
  1390                        ~~emulate_move:
  1391                        	longa	on
  1392                        	longi	on
  1393 00:057C: 3B           	tsc
  1394 00:057D: 38           	sec
  1395 00:057E: E9 00 00     	sbc	#L117
  1396 00:0581: 1B           	tcs
  1397 00:0582: 0B           	phd
  1398 00:0583: 5B           	tcd
  1399             00000004   x_0	set	4
  1400             00000006   y_0	set	6
  1401 00:0584: F4 03 00     	pea	#<$3
  1402 00:0587: F4 04 00     	pea	#4
  1403 00:058A: 22 xx xx xx  	jsl	~~error
  1404                        L119:
  1405 00:058E: A5 02        	lda	<L117+2
  1406 00:0590: 85 06        	sta	<L117+2+4
  1407 00:0592: A5 01        	lda	<L117+1
  1408 00:0594: 85 05        	sta	<L117+1+4
  1409 00:0596: 2B           	pld
  1410 00:0597: 3B           	tsc
  1411 00:0598: 18           	clc
  1412 00:0599: 69 04 00     	adc	#L117+4
  1413 00:059C: 1B           	tcs
  1414 00:059D: 6B           	rtl
  1415             00000000   L117	equ	0
  1416             00000001   L118	equ	1
  1417                        	ends
  1418                        	efunc
  Sun Jan  9 2022 20:52                                                Page 29


  1419                        	code
  1420                        	xdef	~~emulate_moveby
  1421                        	func
  1422                        ~~emulate_moveby:
  1423                        	longa	on
  1424                        	longi	on
  1425 00:059E: 3B           	tsc
  1426 00:059F: 38           	sec
  1427 00:05A0: E9 00 00     	sbc	#L120
  1428 00:05A3: 1B           	tcs
  1429 00:05A4: 0B           	phd
  1430 00:05A5: 5B           	tcd
  1431             00000004   x_0	set	4
  1432             00000006   y_0	set	6
  1433 00:05A6: F4 03 00     	pea	#<$3
  1434 00:05A9: F4 04 00     	pea	#4
  1435 00:05AC: 22 xx xx xx  	jsl	~~error
  1436                        L122:
  1437 00:05B0: A5 02        	lda	<L120+2
  1438 00:05B2: 85 06        	sta	<L120+2+4
  1439 00:05B4: A5 01        	lda	<L120+1
  1440 00:05B6: 85 05        	sta	<L120+1+4
  1441 00:05B8: 2B           	pld
  1442 00:05B9: 3B           	tsc
  1443 00:05BA: 18           	clc
  1444 00:05BB: 69 04 00     	adc	#L120+4
  1445 00:05BE: 1B           	tcs
  1446 00:05BF: 6B           	rtl
  1447             00000000   L120	equ	0
  1448             00000001   L121	equ	1
  1449                        	ends
  1450                        	efunc
  1451                        	code
  1452                        	xdef	~~emulate_draw
  1453                        	func
  1454                        ~~emulate_draw:
  1455                        	longa	on
  1456                        	longi	on
  1457 00:05C0: 3B           	tsc
  1458 00:05C1: 38           	sec
  1459 00:05C2: E9 00 00     	sbc	#L123
  1460 00:05C5: 1B           	tcs
  1461 00:05C6: 0B           	phd
  1462 00:05C7: 5B           	tcd
  1463             00000004   x_0	set	4
  1464             00000006   y_0	set	6
  1465 00:05C8: F4 03 00     	pea	#<$3
  1466 00:05CB: F4 04 00     	pea	#4
  1467 00:05CE: 22 xx xx xx  	jsl	~~error
  1468                        L125:
  1469 00:05D2: A5 02        	lda	<L123+2
  1470 00:05D4: 85 06        	sta	<L123+2+4
  1471 00:05D6: A5 01        	lda	<L123+1
  1472 00:05D8: 85 05        	sta	<L123+1+4
  1473 00:05DA: 2B           	pld
  1474 00:05DB: 3B           	tsc
  1475 00:05DC: 18           	clc
  1476 00:05DD: 69 04 00     	adc	#L123+4
  Sun Jan  9 2022 20:52                                                Page 30


  1477 00:05E0: 1B           	tcs
  1478 00:05E1: 6B           	rtl
  1479             00000000   L123	equ	0
  1480             00000001   L124	equ	1
  1481                        	ends
  1482                        	efunc
  1483                        	code
  1484                        	xdef	~~emulate_drawby
  1485                        	func
  1486                        ~~emulate_drawby:
  1487                        	longa	on
  1488                        	longi	on
  1489 00:05E2: 3B           	tsc
  1490 00:05E3: 38           	sec
  1491 00:05E4: E9 00 00     	sbc	#L126
  1492 00:05E7: 1B           	tcs
  1493 00:05E8: 0B           	phd
  1494 00:05E9: 5B           	tcd
  1495             00000004   x_0	set	4
  1496             00000006   y_0	set	6
  1497 00:05EA: F4 03 00     	pea	#<$3
  1498 00:05ED: F4 04 00     	pea	#4
  1499 00:05F0: 22 xx xx xx  	jsl	~~error
  1500                        L128:
  1501 00:05F4: A5 02        	lda	<L126+2
  1502 00:05F6: 85 06        	sta	<L126+2+4
  1503 00:05F8: A5 01        	lda	<L126+1
  1504 00:05FA: 85 05        	sta	<L126+1+4
  1505 00:05FC: 2B           	pld
  1506 00:05FD: 3B           	tsc
  1507 00:05FE: 18           	clc
  1508 00:05FF: 69 04 00     	adc	#L126+4
  1509 00:0602: 1B           	tcs
  1510 00:0603: 6B           	rtl
  1511             00000000   L126	equ	0
  1512             00000001   L127	equ	1
  1513                        	ends
  1514                        	efunc
  1515                        	code
  1516                        	xdef	~~emulate_line
  1517                        	func
  1518                        ~~emulate_line:
  1519                        	longa	on
  1520                        	longi	on
  1521 00:0604: 3B           	tsc
  1522 00:0605: 38           	sec
  1523 00:0606: E9 00 00     	sbc	#L129
  1524 00:0609: 1B           	tcs
  1525 00:060A: 0B           	phd
  1526 00:060B: 5B           	tcd
  1527             00000004   x1_0	set	4
  1528             00000006   y1_0	set	6
  1529             00000008   x2_0	set	8
  1530             0000000A   y2_0	set	10
  1531 00:060C: F4 03 00     	pea	#<$3
  1532 00:060F: F4 04 00     	pea	#4
  1533 00:0612: 22 xx xx xx  	jsl	~~error
  1534                        L131:
  Sun Jan  9 2022 20:52                                                Page 31


  1535 00:0616: A5 02        	lda	<L129+2
  1536 00:0618: 85 0A        	sta	<L129+2+8
  1537 00:061A: A5 01        	lda	<L129+1
  1538 00:061C: 85 09        	sta	<L129+1+8
  1539 00:061E: 2B           	pld
  1540 00:061F: 3B           	tsc
  1541 00:0620: 18           	clc
  1542 00:0621: 69 08 00     	adc	#L129+8
  1543 00:0624: 1B           	tcs
  1544 00:0625: 6B           	rtl
  1545             00000000   L129	equ	0
  1546             00000001   L130	equ	1
  1547                        	ends
  1548                        	efunc
  1549                        	code
  1550                        	xdef	~~emulate_point
  1551                        	func
  1552                        ~~emulate_point:
  1553                        	longa	on
  1554                        	longi	on
  1555 00:0626: 3B           	tsc
  1556 00:0627: 38           	sec
  1557 00:0628: E9 00 00     	sbc	#L132
  1558 00:062B: 1B           	tcs
  1559 00:062C: 0B           	phd
  1560 00:062D: 5B           	tcd
  1561             00000004   x_0	set	4
  1562             00000006   y_0	set	6
  1563 00:062E: F4 03 00     	pea	#<$3
  1564 00:0631: F4 04 00     	pea	#4
  1565 00:0634: 22 xx xx xx  	jsl	~~error
  1566                        L134:
  1567 00:0638: A5 02        	lda	<L132+2
  1568 00:063A: 85 06        	sta	<L132+2+4
  1569 00:063C: A5 01        	lda	<L132+1
  1570 00:063E: 85 05        	sta	<L132+1+4
  1571 00:0640: 2B           	pld
  1572 00:0641: 3B           	tsc
  1573 00:0642: 18           	clc
  1574 00:0643: 69 04 00     	adc	#L132+4
  1575 00:0646: 1B           	tcs
  1576 00:0647: 6B           	rtl
  1577             00000000   L132	equ	0
  1578             00000001   L133	equ	1
  1579                        	ends
  1580                        	efunc
  1581                        	code
  1582                        	xdef	~~emulate_pointby
  1583                        	func
  1584                        ~~emulate_pointby:
  1585                        	longa	on
  1586                        	longi	on
  1587 00:0648: 3B           	tsc
  1588 00:0649: 38           	sec
  1589 00:064A: E9 00 00     	sbc	#L135
  1590 00:064D: 1B           	tcs
  1591 00:064E: 0B           	phd
  1592 00:064F: 5B           	tcd
  Sun Jan  9 2022 20:52                                                Page 32


  1593             00000004   x_0	set	4
  1594             00000006   y_0	set	6
  1595 00:0650: F4 03 00     	pea	#<$3
  1596 00:0653: F4 04 00     	pea	#4
  1597 00:0656: 22 xx xx xx  	jsl	~~error
  1598                        L137:
  1599 00:065A: A5 02        	lda	<L135+2
  1600 00:065C: 85 06        	sta	<L135+2+4
  1601 00:065E: A5 01        	lda	<L135+1
  1602 00:0660: 85 05        	sta	<L135+1+4
  1603 00:0662: 2B           	pld
  1604 00:0663: 3B           	tsc
  1605 00:0664: 18           	clc
  1606 00:0665: 69 04 00     	adc	#L135+4
  1607 00:0668: 1B           	tcs
  1608 00:0669: 6B           	rtl
  1609             00000000   L135	equ	0
  1610             00000001   L136	equ	1
  1611                        	ends
  1612                        	efunc
  1613                        	code
  1614                        	xdef	~~emulate_ellipse
  1615                        	func
  1616                        ~~emulate_ellipse:
  1617                        	longa	on
  1618                        	longi	on
  1619 00:066A: 3B           	tsc
  1620 00:066B: 38           	sec
  1621 00:066C: E9 00 00     	sbc	#L138
  1622 00:066F: 1B           	tcs
  1623 00:0670: 0B           	phd
  1624 00:0671: 5B           	tcd
  1625             00000004   x_0	set	4
  1626             00000006   y_0	set	6
  1627             00000008   majorlen_0	set	8
  1628             0000000A   minorlen_0	set	10
  1629             0000000C   angle_0	set	12
  1630             00000010   isfilled_0	set	16
  1631 00:0672: F4 03 00     	pea	#<$3
  1632 00:0675: F4 04 00     	pea	#4
  1633 00:0678: 22 xx xx xx  	jsl	~~error
  1634                        L140:
  1635 00:067C: A5 02        	lda	<L138+2
  1636 00:067E: 85 10        	sta	<L138+2+14
  1637 00:0680: A5 01        	lda	<L138+1
  1638 00:0682: 85 0F        	sta	<L138+1+14
  1639 00:0684: 2B           	pld
  1640 00:0685: 3B           	tsc
  1641 00:0686: 18           	clc
  1642 00:0687: 69 0E 00     	adc	#L138+14
  1643 00:068A: 1B           	tcs
  1644 00:068B: 6B           	rtl
  1645             00000000   L138	equ	0
  1646             00000001   L139	equ	1
  1647                        	ends
  1648                        	efunc
  1649                        	code
  1650                        	xdef	~~emulate_circle
  Sun Jan  9 2022 20:52                                                Page 33


  1651                        	func
  1652                        ~~emulate_circle:
  1653                        	longa	on
  1654                        	longi	on
  1655 00:068C: 3B           	tsc
  1656 00:068D: 38           	sec
  1657 00:068E: E9 00 00     	sbc	#L141
  1658 00:0691: 1B           	tcs
  1659 00:0692: 0B           	phd
  1660 00:0693: 5B           	tcd
  1661             00000004   x_0	set	4
  1662             00000006   y_0	set	6
  1663             00000008   radius_0	set	8
  1664             0000000A   isfilled_0	set	10
  1665 00:0694: F4 03 00     	pea	#<$3
  1666 00:0697: F4 04 00     	pea	#4
  1667 00:069A: 22 xx xx xx  	jsl	~~error
  1668                        L143:
  1669 00:069E: A5 02        	lda	<L141+2
  1670 00:06A0: 85 0A        	sta	<L141+2+8
  1671 00:06A2: A5 01        	lda	<L141+1
  1672 00:06A4: 85 09        	sta	<L141+1+8
  1673 00:06A6: 2B           	pld
  1674 00:06A7: 3B           	tsc
  1675 00:06A8: 18           	clc
  1676 00:06A9: 69 08 00     	adc	#L141+8
  1677 00:06AC: 1B           	tcs
  1678 00:06AD: 6B           	rtl
  1679             00000000   L141	equ	0
  1680             00000001   L142	equ	1
  1681                        	ends
  1682                        	efunc
  1683                        	code
  1684                        	xdef	~~emulate_drawrect
  1685                        	func
  1686                        ~~emulate_drawrect:
  1687                        	longa	on
  1688                        	longi	on
  1689 00:06AE: 3B           	tsc
  1690 00:06AF: 38           	sec
  1691 00:06B0: E9 00 00     	sbc	#L144
  1692 00:06B3: 1B           	tcs
  1693 00:06B4: 0B           	phd
  1694 00:06B5: 5B           	tcd
  1695             00000004   x1_0	set	4
  1696             00000006   y1_0	set	6
  1697             00000008   width_0	set	8
  1698             0000000A   height_0	set	10
  1699             0000000C   isfilled_0	set	12
  1700 00:06B6: F4 03 00     	pea	#<$3
  1701 00:06B9: F4 04 00     	pea	#4
  1702 00:06BC: 22 xx xx xx  	jsl	~~error
  1703                        L146:
  1704 00:06C0: A5 02        	lda	<L144+2
  1705 00:06C2: 85 0C        	sta	<L144+2+10
  1706 00:06C4: A5 01        	lda	<L144+1
  1707 00:06C6: 85 0B        	sta	<L144+1+10
  1708 00:06C8: 2B           	pld
  Sun Jan  9 2022 20:52                                                Page 34


  1709 00:06C9: 3B           	tsc
  1710 00:06CA: 18           	clc
  1711 00:06CB: 69 0A 00     	adc	#L144+10
  1712 00:06CE: 1B           	tcs
  1713 00:06CF: 6B           	rtl
  1714             00000000   L144	equ	0
  1715             00000001   L145	equ	1
  1716                        	ends
  1717                        	efunc
  1718                        	code
  1719                        	xdef	~~emulate_moverect
  1720                        	func
  1721                        ~~emulate_moverect:
  1722                        	longa	on
  1723                        	longi	on
  1724 00:06D0: 3B           	tsc
  1725 00:06D1: 38           	sec
  1726 00:06D2: E9 00 00     	sbc	#L147
  1727 00:06D5: 1B           	tcs
  1728 00:06D6: 0B           	phd
  1729 00:06D7: 5B           	tcd
  1730             00000004   x1_0	set	4
  1731             00000006   y1_0	set	6
  1732             00000008   width_0	set	8
  1733             0000000A   height_0	set	10
  1734             0000000C   x2_0	set	12
  1735             0000000E   y2_0	set	14
  1736             00000010   ismove_0	set	16
  1737 00:06D8: F4 03 00     	pea	#<$3
  1738 00:06DB: F4 04 00     	pea	#4
  1739 00:06DE: 22 xx xx xx  	jsl	~~error
  1740                        L149:
  1741 00:06E2: A5 02        	lda	<L147+2
  1742 00:06E4: 85 10        	sta	<L147+2+14
  1743 00:06E6: A5 01        	lda	<L147+1
  1744 00:06E8: 85 0F        	sta	<L147+1+14
  1745 00:06EA: 2B           	pld
  1746 00:06EB: 3B           	tsc
  1747 00:06EC: 18           	clc
  1748 00:06ED: 69 0E 00     	adc	#L147+14
  1749 00:06F0: 1B           	tcs
  1750 00:06F1: 6B           	rtl
  1751             00000000   L147	equ	0
  1752             00000001   L148	equ	1
  1753                        	ends
  1754                        	efunc
  1755                        	code
  1756                        	xdef	~~emulate_fill
  1757                        	func
  1758                        ~~emulate_fill:
  1759                        	longa	on
  1760                        	longi	on
  1761 00:06F2: 3B           	tsc
  1762 00:06F3: 38           	sec
  1763 00:06F4: E9 00 00     	sbc	#L150
  1764 00:06F7: 1B           	tcs
  1765 00:06F8: 0B           	phd
  1766 00:06F9: 5B           	tcd
  Sun Jan  9 2022 20:52                                                Page 35


  1767             00000004   x_0	set	4
  1768             00000006   y_0	set	6
  1769 00:06FA: F4 03 00     	pea	#<$3
  1770 00:06FD: F4 04 00     	pea	#4
  1771 00:0700: 22 xx xx xx  	jsl	~~error
  1772                        L152:
  1773 00:0704: A5 02        	lda	<L150+2
  1774 00:0706: 85 06        	sta	<L150+2+4
  1775 00:0708: A5 01        	lda	<L150+1
  1776 00:070A: 85 05        	sta	<L150+1+4
  1777 00:070C: 2B           	pld
  1778 00:070D: 3B           	tsc
  1779 00:070E: 18           	clc
  1780 00:070F: 69 04 00     	adc	#L150+4
  1781 00:0712: 1B           	tcs
  1782 00:0713: 6B           	rtl
  1783             00000000   L150	equ	0
  1784             00000001   L151	equ	1
  1785                        	ends
  1786                        	efunc
  1787                        	code
  1788                        	xdef	~~emulate_fillby
  1789                        	func
  1790                        ~~emulate_fillby:
  1791                        	longa	on
  1792                        	longi	on
  1793 00:0714: 3B           	tsc
  1794 00:0715: 38           	sec
  1795 00:0716: E9 00 00     	sbc	#L153
  1796 00:0719: 1B           	tcs
  1797 00:071A: 0B           	phd
  1798 00:071B: 5B           	tcd
  1799             00000004   x_0	set	4
  1800             00000006   y_0	set	6
  1801 00:071C: F4 03 00     	pea	#<$3
  1802 00:071F: F4 04 00     	pea	#4
  1803 00:0722: 22 xx xx xx  	jsl	~~error
  1804                        L155:
  1805 00:0726: A5 02        	lda	<L153+2
  1806 00:0728: 85 06        	sta	<L153+2+4
  1807 00:072A: A5 01        	lda	<L153+1
  1808 00:072C: 85 05        	sta	<L153+1+4
  1809 00:072E: 2B           	pld
  1810 00:072F: 3B           	tsc
  1811 00:0730: 18           	clc
  1812 00:0731: 69 04 00     	adc	#L153+4
  1813 00:0734: 1B           	tcs
  1814 00:0735: 6B           	rtl
  1815             00000000   L153	equ	0
  1816             00000001   L154	equ	1
  1817                        	ends
  1818                        	efunc
  1819                        	code
  1820                        	xdef	~~emulate_origin
  1821                        	func
  1822                        ~~emulate_origin:
  1823                        	longa	on
  1824                        	longi	on
  Sun Jan  9 2022 20:52                                                Page 36


  1825 00:0736: 3B           	tsc
  1826 00:0737: 38           	sec
  1827 00:0738: E9 00 00     	sbc	#L156
  1828 00:073B: 1B           	tcs
  1829 00:073C: 0B           	phd
  1830 00:073D: 5B           	tcd
  1831             00000004   x_0	set	4
  1832             00000006   y_0	set	6
  1833 00:073E: F4 03 00     	pea	#<$3
  1834 00:0741: F4 04 00     	pea	#4
  1835 00:0744: 22 xx xx xx  	jsl	~~error
  1836                        L158:
  1837 00:0748: A5 02        	lda	<L156+2
  1838 00:074A: 85 06        	sta	<L156+2+4
  1839 00:074C: A5 01        	lda	<L156+1
  1840 00:074E: 85 05        	sta	<L156+1+4
  1841 00:0750: 2B           	pld
  1842 00:0751: 3B           	tsc
  1843 00:0752: 18           	clc
  1844 00:0753: 69 04 00     	adc	#L156+4
  1845 00:0756: 1B           	tcs
  1846 00:0757: 6B           	rtl
  1847             00000000   L156	equ	0
  1848             00000001   L157	equ	1
  1849                        	ends
  1850                        	efunc
  1851                        	code
  1852                        	xdef	~~init_screen
  1853                        	func
  1854                        ~~init_screen:
  1855                        	longa	on
  1856                        	longi	on
  1857 00:0758: 3B           	tsc
  1858 00:0759: 38           	sec
  1859 00:075A: E9 00 00     	sbc	#L159
  1860 00:075D: 1B           	tcs
  1861 00:075E: 0B           	phd
  1862 00:075F: 5B           	tcd
  1863 00:0760: A9 7F 00     	lda	#$7f
  1864 00:0763: 8D xx xx     	sta	|~~screenmode
  1865 00:0766: 9C xx xx     	stz	|~~vdunext
  1866 00:0769: 9C xx xx     	stz	|~~vduneeded
  1867 00:076C: A9 01 00     	lda	#$1
  1868                        L161:
  1869 00:076F: A8           	tay
  1870 00:0770: 2B           	pld
  1871 00:0771: 3B           	tsc
  1872 00:0772: 18           	clc
  1873 00:0773: 69 00 00     	adc	#L159
  1874 00:0776: 1B           	tcs
  1875 00:0777: 98           	tya
  1876 00:0778: 6B           	rtl
  1877             00000000   L159	equ	0
  1878             00000001   L160	equ	1
  1879                        	ends
  1880                        	efunc
  1881                        	code
  1882                        	xdef	~~end_screen
  Sun Jan  9 2022 20:52                                                Page 37


  1883                        	func
  1884                        ~~end_screen:
  1885                        	longa	on
  1886                        	longi	on
  1887 00:0779: 3B           	tsc
  1888 00:077A: 38           	sec
  1889 00:077B: E9 00 00     	sbc	#L162
  1890 00:077E: 1B           	tcs
  1891 00:077F: 0B           	phd
  1892 00:0780: 5B           	tcd
  1893                        L164:
  1894 00:0781: 2B           	pld
  1895 00:0782: 3B           	tsc
  1896 00:0783: 18           	clc
  1897 00:0784: 69 00 00     	adc	#L162
  1898 00:0787: 1B           	tcs
  1899 00:0788: 6B           	rtl
  1900             00000000   L162	equ	0
  1901             00000001   L163	equ	1
  1902                        	ends
  1903                        	efunc
  1904                        	xref	~~error
  1905                        	xref	~~strlen
  1906                        	xref	~~free
  1907                        	xref	~~malloc
  1908                        	xref	~~fflush
  1909                        	xref	~~fputc
  1910                        	xref	~~vsprintf
  1911                        	udata
  1912                        ~~logtophys
  1913 00:0000:              	ds	32
  1914 00:0020:              	ends
  1915                        	udata
  1916                        ~~vduqueue
  1917 00:0020:              	ds	9
  1918 00:0029:              	ends
  1919                        	udata
  1920                        ~~cursorstate
  1921 00:0029:              	ds	2
  1922 00:002B:              	ends
  1923                        	udata
  1924                        ~~cursmode
  1925 00:002B:              	ds	2
  1926 00:002D:              	ends
  1927                        	udata
  1928                        ~~textwin
  1929 00:002D:              	ds	1
  1930 00:002E:              	ends
  1931                        	udata
  1932                        ~~echo
  1933 00:002E:              	ds	1
  1934 00:002F:              	ends
  1935                        	udata
  1936                        ~~enable_print
  1937 00:002F:              	ds	1
  1938 00:0030:              	ends
  1939                        	udata
  1940                        ~~enable_vdu
  Sun Jan  9 2022 20:52                                                Page 38


  1941 00:0030:              	ds	1
  1942 00:0031:              	ends
  1943                        	udata
  1944                        ~~ytext
  1945 00:0031:              	ds	2
  1946 00:0033:              	ends
  1947                        	udata
  1948                        ~~xtext
  1949 00:0033:              	ds	2
  1950 00:0035:              	ends
  1951                        	udata
  1952                        ~~twinbottom
  1953 00:0035:              	ds	2
  1954 00:0037:              	ends
  1955                        	udata
  1956                        ~~twintop
  1957 00:0037:              	ds	2
  1958 00:0039:              	ends
  1959                        	udata
  1960                        ~~twinright
  1961 00:0039:              	ds	2
  1962 00:003B:              	ends
  1963                        	udata
  1964                        ~~twinleft
  1965 00:003B:              	ds	2
  1966 00:003D:              	ends
  1967                        	udata
  1968                        ~~textheight
  1969 00:003D:              	ds	2
  1970 00:003F:              	ends
  1971                        	udata
  1972                        ~~textwidth
  1973 00:003F:              	ds	2
  1974 00:0041:              	ends
  1975                        	udata
  1976                        ~~realheight
  1977 00:0041:              	ds	2
  1978 00:0043:              	ends
  1979                        	udata
  1980                        ~~realwidth
  1981 00:0043:              	ds	2
  1982 00:0045:              	ends
  1983                        	udata
  1984                        ~~text_backtint
  1985 00:0045:              	ds	2
  1986 00:0047:              	ends
  1987                        	udata
  1988                        ~~text_foretint
  1989 00:0047:              	ds	2
  1990 00:0049:              	ends
  1991                        	udata
  1992                        ~~text_physbackcol
  1993 00:0049:              	ds	2
  1994 00:004B:              	ends
  1995                        	udata
  1996                        ~~text_physforecol
  1997 00:004B:              	ds	2
  1998 00:004D:              	ends
  Sun Jan  9 2022 20:52                                                Page 39


  1999                        	udata
  2000                        ~~text_backcol
  2001 00:004D:              	ds	2
  2002 00:004F:              	ends
  2003                        	udata
  2004                        ~~text_forecol
  2005 00:004F:              	ds	2
  2006 00:0051:              	ends
  2007                        	udata
  2008                        ~~colourmask
  2009 00:0051:              	ds	2
  2010 00:0053:              	ends
  2011                        	udata
  2012                        ~~colourdepth
  2013 00:0053:              	ds	2
  2014 00:0055:              	ends
  2015                        	udata
  2016                        ~~screenmode
  2017 00:0055:              	ds	2
  2018 00:0057:              	ends
  2019                        	udata
  2020                        ~~vduneeded
  2021 00:0057:              	ds	2
  2022 00:0059:              	ends
  2023                        	udata
  2024                        ~~vdunext
  2025 00:0059:              	ds	2
  2026 00:005B:              	ends
  2027                        	udata
  2028                        ~~vducmd
  2029 00:005B:              	ds	2
  2030 00:005D:              	ends
  2031                        	xref	~~basicvars
  2032                        	xref	~~stdout
  2033                        	end


      Lines assembled: 2033
      Errors: 0
