  Sun Jan  9 2022 20:37                                                Page 1


                     ***************************************
                     **      WDC 65C816 Macro Assembler   **
                     **                                   **
                     **     Version 3.49.1- Feb  6 2006    **
                     ***************************************

     1                        ;:ts=8
     2             00000001   R0	equ	1
     3             00000005   R1	equ	5
     4             00000009   R2	equ	9
     5             0000000D   R3	equ	13
     6                        ;#include <stdio.h>
     7                        ;#include <stdlib.h>
     8                        ;#include <string.h>
     9                        ;#include <stdbool.h>
    10                        ;#include "FreeRTOS.h"
    11                        ;#include "task.h"
    12                        ;#include <homebrew.h>
    13                        ;
    14                        ;static void back(char *p, unsigned int len) {
    15                        	code
    16                        	func
    17                        ~~back:
    18                        	longa	on
    19                        	longi	on
    20 00:0000: 3B           	tsc
    21 00:0001: 38           	sec
    22 00:0002: E9 02 00     	sbc	#L2
    23 00:0005: 1B           	tcs
    24 00:0006: 0B           	phd
    25 00:0007: 5B           	tcd
    26             00000004   p_0	set	4
    27             00000008   len_0	set	8
    28                        ;	
    29                        ;	int i;
    30                        ;	
    31                        ;	for (i = len-1; i >= 0; i--) {
    32             00000000   i_1	set	0
    33 00:0008: A9 FF FF     	lda	#$ffff
    34 00:000B: 18           	clc
    35 00:000C: 65 0A        	adc	<L2+len_0
    36 00:000E: 85 01        	sta	<L3+i_1
    37 00:0010: 80 02        	bra	L10004
    38                        ;		}
    39                        ;	}
    40                        L10001:
    41 00:0012: C6 01        	dec	<L3+i_1
    42                        L10004:
    43 00:0014: A5 01        	lda	<L3+i_1
    44 00:0016: 30 1B        	bmi	L7
    45                        ;		if (p[i] == '/') {
    46 00:0018: E2 20        	sep	#$20
    47                        	longa	off
    48 00:001A: A4 01        	ldy	<L3+i_1
    49 00:001C: B7 06        	lda	[<L2+p_0],Y
    50 00:001E: C9 2F        	cmp	#<$2f
    51 00:0020: C2 20        	rep	#$20
    52                        	longa	on
  Sun Jan  9 2022 20:37                                                Page 2


    53 00:0022: D0 EE        	bne	L10001
    54                        ;			if (i == 0) i++;
    55 00:0024: 98           	tya
    56 00:0025: D0 02        	bne	L10006
    57 00:0027: E6 01        	inc	<L3+i_1
    58                        ;			p[i] = 0;
    59                        L10006:
    60 00:0029: E2 20        	sep	#$20
    61                        	longa	off
    62 00:002B: A9 00        	lda	#$0
    63 00:002D: A4 01        	ldy	<L3+i_1
    64 00:002F: 97 06        	sta	[<L2+p_0],Y
    65 00:0031: C2 20        	rep	#$20
    66                        	longa	on
    67                        ;			break;
    68                        L7:
    69 00:0033: A5 04        	lda	<L2+2
    70 00:0035: 85 0A        	sta	<L2+2+6
    71 00:0037: A5 03        	lda	<L2+1
    72 00:0039: 85 09        	sta	<L2+1+6
    73 00:003B: 2B           	pld
    74 00:003C: 3B           	tsc
    75 00:003D: 18           	clc
    76 00:003E: 69 08 00     	adc	#L2+6
    77 00:0041: 1B           	tcs
    78 00:0042: 6B           	rtl
    79                        ;}
    80             00000002   L2	equ	2
    81             00000001   L3	equ	1
    82                        	ends
    83                        	efunc
    84                        ;	
    85                        ;static void adjustShellPath(char *path, char *she
                    llpath) {
    86                        	code
    87                        	func
    88                        ~~adjustShellPath:
    89                        	longa	on
    90                        	longi	on
    91 00:0043: 3B           	tsc
    92 00:0044: 38           	sec
    93 00:0045: E9 06 00     	sbc	#L8
    94 00:0048: 1B           	tcs
    95 00:0049: 0B           	phd
    96 00:004A: 5B           	tcd
    97             00000004   path_0	set	4
    98             00000008   shellpath_0	set	8
    99                        ;	
   100                        ;	unsigned int len;
   101                        ;	
   102                        ;	len = strlen(shellpath);
   103             00000000   len_1	set	0
   104 00:004B: D4 10        	pei	<L8+shellpath_0+2
   105 00:004D: D4 0E        	pei	<L8+shellpath_0
   106 00:004F: 22 xx xx xx  	jsl	~~strlen
   107 00:0053: 85 05        	sta	<L9+len_1
   108                        ;	
   109                        ;	if (path[0] == '.' && path[1] == '.') {
  Sun Jan  9 2022 20:37                                                Page 3


   110 00:0055: E2 20        	sep	#$20
   111                        	longa	off
   112 00:0057: A7 0A        	lda	[<L8+path_0]
   113 00:0059: C9 2E        	cmp	#<$2e
   114 00:005B: C2 20        	rep	#$20
   115                        	longa	on
   116 00:005D: D0 27        	bne	L10007
   117 00:005F: E2 20        	sep	#$20
   118                        	longa	off
   119 00:0061: A0 01 00     	ldy	#$1
   120 00:0064: B7 0A        	lda	[<L8+path_0],Y
   121 00:0066: C9 2E        	cmp	#<$2e
   122 00:0068: C2 20        	rep	#$20
   123                        	longa	on
   124 00:006A: D0 1A        	bne	L10007
   125                        ;		back(shellpath, len);
   126 00:006C: D4 05        	pei	<L9+len_1
   127 00:006E: D4 10        	pei	<L8+shellpath_0+2
   128 00:0070: D4 0E        	pei	<L8+shellpath_0
   129 00:0072: 22 xx xx xx  	jsl	~~back
   130                        ;		return;
   131                        L12:
   132 00:0076: A5 08        	lda	<L8+2
   133 00:0078: 85 10        	sta	<L8+2+8
   134 00:007A: A5 07        	lda	<L8+1
   135 00:007C: 85 0F        	sta	<L8+1+8
   136 00:007E: 2B           	pld
   137 00:007F: 3B           	tsc
   138 00:0080: 18           	clc
   139 00:0081: 69 0E 00     	adc	#L8+8
   140 00:0084: 1B           	tcs
   141 00:0085: 6B           	rtl
   142                        ;	}
   143                        ;	
   144                        ;	if (path[0] == '.') return;
   145                        L10007:
   146 00:0086: E2 20        	sep	#$20
   147                        	longa	off
   148 00:0088: A7 0A        	lda	[<L8+path_0]
   149 00:008A: C9 2E        	cmp	#<$2e
   150 00:008C: C2 20        	rep	#$20
   151                        	longa	on
   152 00:008E: F0 E6        	beq	L12
   153                        ;	
   154                        ;	if (!(shellpath[len -1] == '/' || path[0] == '/'
                    )) {
   155 00:0090: A9 FF FF     	lda	#$ffff
   156 00:0093: 18           	clc
   157 00:0094: 65 05        	adc	<L9+len_1
   158 00:0096: A8           	tay
   159 00:0097: E2 20        	sep	#$20
   160                        	longa	off
   161 00:0099: B7 0E        	lda	[<L8+shellpath_0],Y
   162 00:009B: C9 2F        	cmp	#<$2f
   163 00:009D: C2 20        	rep	#$20
   164                        	longa	on
   165 00:009F: F0 18        	beq	L10009
   166 00:00A1: E2 20        	sep	#$20
  Sun Jan  9 2022 20:37                                                Page 4


   167                        	longa	off
   168 00:00A3: A7 0A        	lda	[<L8+path_0]
   169 00:00A5: C9 2F        	cmp	#<$2f
   170 00:00A7: C2 20        	rep	#$20
   171                        	longa	on
   172 00:00A9: F0 0E        	beq	L10009
   173                        ;		strcat(shellpath, "/");
   174 00:00AB: F4 xx xx     	pea	#^L1
   175 00:00AE: F4 xx xx     	pea	#<L1
   176 00:00B1: D4 10        	pei	<L8+shellpath_0+2
   177 00:00B3: D4 0E        	pei	<L8+shellpath_0
   178 00:00B5: 22 xx xx xx  	jsl	~~strcat
   179                        ;	}
   180                        ;	
   181                        ;	strcat(shellpath, path);
   182                        L10009:
   183 00:00B9: D4 0C        	pei	<L8+path_0+2
   184 00:00BB: D4 0A        	pei	<L8+path_0
   185 00:00BD: D4 10        	pei	<L8+shellpath_0+2
   186 00:00BF: D4 0E        	pei	<L8+shellpath_0
   187 00:00C1: 22 xx xx xx  	jsl	~~strcat
   188                        ;}
   189 00:00C5: 80 AF        	bra	L12
   190             00000006   L8	equ	6
   191             00000005   L9	equ	5
   192                        	ends
   193                        	efunc
   194                        	data
   195                        L1:
   196 00:0000: 2F 00        	db	$2F,$00
   197 00:0002:              	ends
   198                        ;
   199                        ;static unsigned int parsedir(char *path, char *sh
                    ellpath) {
   200                        	code
   201                        	func
   202                        ~~parsedir:
   203                        	longa	on
   204                        	longi	on
   205 00:00C7: 3B           	tsc
   206 00:00C8: 38           	sec
   207 00:00C9: E9 16 00     	sbc	#L17
   208 00:00CC: 1B           	tcs
   209 00:00CD: 0B           	phd
   210 00:00CE: 5B           	tcd
   211             00000004   path_0	set	4
   212             00000008   shellpath_0	set	8
   213                        ;	
   214                        ;	char *p, *p0, *pathcopy;
   215                        ;	int end;
   216                        ;	int rc;
   217                        ;	unsigned int index;
   218                        ;	
   219                        ;	pathcopy = p = strdup(path);
   220             00000000   p_1	set	0
   221             00000004   p0_1	set	4
   222             00000008   pathcopy_1	set	8
   223             0000000C   end_1	set	12
  Sun Jan  9 2022 20:37                                                Page 5


   224             0000000E   rc_1	set	14
   225             00000010   index_1	set	16
   226 00:00CF: D4 1C        	pei	<L17+path_0+2
   227 00:00D1: D4 1A        	pei	<L17+path_0
   228 00:00D3: 22 xx xx xx  	jsl	~~strdup
   229 00:00D7: 85 05        	sta	<L18+p_1
   230 00:00D9: 86 07        	stx	<L18+p_1+2
   231 00:00DB: 85 0D        	sta	<L18+pathcopy_1
   232 00:00DD: A5 07        	lda	<L18+p_1+2
   233 00:00DF: 85 0F        	sta	<L18+pathcopy_1+2
   234                        ;	
   235                        ;	rc = -1;
   236 00:00E1: A9 FF FF     	lda	#$ffff
   237 00:00E4: 85 13        	sta	<L18+rc_1
   238                        ;	end = 0;
   239 00:00E6: 64 11        	stz	<L18+end_1
   240                        ;	index = 0;
   241 00:00E8: 64 15        	stz	<L18+index_1
   242                        ;	
   243                        ;	if (*p == '/'){
   244 00:00EA: E2 20        	sep	#$20
   245                        	longa	off
   246 00:00EC: A7 05        	lda	[<L18+p_1]
   247 00:00EE: C9 2F        	cmp	#<$2f
   248 00:00F0: C2 20        	rep	#$20
   249                        	longa	on
   250 00:00F2: D0 20        	bne	L10010
   251                        ;		rc = chdir("/");
   252 00:00F4: F4 xx xx     	pea	#^L16
   253 00:00F7: F4 xx xx     	pea	#<L16
   254 00:00FA: 22 xx xx xx  	jsl	~~chdir
   255 00:00FE: 85 13        	sta	<L18+rc_1
   256                        ;		strcpy(shellpath, "/");
   257 00:0100: F4 xx xx     	pea	#^L16+2
   258 00:0103: F4 xx xx     	pea	#<L16+2
   259 00:0106: D4 20        	pei	<L17+shellpath_0+2
   260 00:0108: D4 1E        	pei	<L17+shellpath_0
   261 00:010A: 22 xx xx xx  	jsl	~~strcpy
   262                        ;		p++;
   263 00:010E: E6 05        	inc	<L18+p_1
   264 00:0110: D0 02        	bne	L10010
   265 00:0112: E6 07        	inc	<L18+p_1+2
   266                        ;	}
   267                        ;	
   268                        ;	for (p0 = p; !end; p0++) {
   269                        L10010:
   270 00:0114: A5 05        	lda	<L18+p_1
   271 00:0116: 85 09        	sta	<L18+p0_1
   272 00:0118: A5 07        	lda	<L18+p_1+2
   273 00:011A: 85 0B        	sta	<L18+p0_1+2
   274 00:011C: 80 66        	bra	L10014
   275                        L10013:
   276                        ;		if (*p0 == 0) end = 1;
   277 00:011E: A7 09        	lda	[<L18+p0_1]
   278 00:0120: 29 FF 00     	and	#$ff
   279 00:0123: D0 05        	bne	L10015
   280 00:0125: A9 01 00     	lda	#$1
   281 00:0128: 85 11        	sta	<L18+end_1
  Sun Jan  9 2022 20:37                                                Page 6


   282                        ;		
   283                        ;		if (*p0 == '/' || *p0 == 0) {
   284                        L10015:
   285 00:012A: E2 20        	sep	#$20
   286                        	longa	off
   287 00:012C: A7 09        	lda	[<L18+p0_1]
   288 00:012E: C9 2F        	cmp	#<$2f
   289 00:0130: C2 20        	rep	#$20
   290                        	longa	on
   291 00:0132: F0 07        	beq	L22
   292 00:0134: A7 09        	lda	[<L18+p0_1]
   293 00:0136: 29 FF 00     	and	#$ff
   294 00:0139: D0 43        	bne	L10011
   295                        L22:
   296                        ;			*p0 = 0;
   297 00:013B: E2 20        	sep	#$20
   298                        	longa	off
   299 00:013D: A9 00        	lda	#$0
   300 00:013F: 87 09        	sta	[<L18+p0_1]
   301 00:0141: C2 20        	rep	#$20
   302                        	longa	on
   303                        ;			//if (*p == '*') break;
   304                        ;			rc = chdir(p);
   305 00:0143: D4 07        	pei	<L18+p_1+2
   306 00:0145: D4 05        	pei	<L18+p_1
   307 00:0147: 22 xx xx xx  	jsl	~~chdir
   308 00:014B: 85 13        	sta	<L18+rc_1
   309                        ;			//printf("parsedir rc=%d\n", rc)
                    ;
   310                        ;			if (rc == -1) break;
   311 00:014D: C9 FF FF     	cmp	#<$ffffffff
   312 00:0150: F0 36        	beq	L10012
   313                        ;			adjustShellPath(p, shellpath);
   314 00:0152: D4 20        	pei	<L17+shellpath_0+2
   315 00:0154: D4 1E        	pei	<L17+shellpath_0
   316 00:0156: D4 07        	pei	<L18+p_1+2
   317 00:0158: D4 05        	pei	<L18+p_1
   318 00:015A: 22 xx xx xx  	jsl	~~adjustShellPath
   319                        ;			p = p0 + 1;
   320 00:015E: A9 01 00     	lda	#$1
   321 00:0161: 18           	clc
   322 00:0162: 65 09        	adc	<L18+p0_1
   323 00:0164: 85 05        	sta	<L18+p_1
   324 00:0166: A9 00 00     	lda	#$0
   325 00:0169: 65 0B        	adc	<L18+p0_1+2
   326 00:016B: 85 07        	sta	<L18+p_1+2
   327                        ;			index = (size_t)p - (size_t)path
                    copy;
   328 00:016D: 38           	sec
   329 00:016E: A5 05        	lda	<L18+p_1
   330 00:0170: E5 0D        	sbc	<L18+pathcopy_1
   331 00:0172: 85 01        	sta	<R0
   332 00:0174: A5 07        	lda	<L18+p_1+2
   333 00:0176: E5 0F        	sbc	<L18+pathcopy_1+2
   334 00:0178: 85 03        	sta	<R0+2
   335 00:017A: A5 01        	lda	<R0
   336 00:017C: 85 15        	sta	<L18+index_1
   337                        ;			//printf("parsedir index=%d\n", 
  Sun Jan  9 2022 20:37                                                Page 7


                    index);
   338                        ;		}
   339                        ;	}
   340                        L10011:
   341 00:017E: E6 09        	inc	<L18+p0_1
   342 00:0180: D0 02        	bne	L10014
   343 00:0182: E6 0B        	inc	<L18+p0_1+2
   344                        L10014:
   345 00:0184: A5 11        	lda	<L18+end_1
   346 00:0186: F0 96        	beq	L10013
   347                        L10012:
   348                        ;	
   349                        ;	//printf("parsedir index=%d\n", index);
   350                        ;	
   351                        ;	free(pathcopy);
   352 00:0188: D4 0F        	pei	<L18+pathcopy_1+2
   353 00:018A: D4 0D        	pei	<L18+pathcopy_1
   354 00:018C: 22 xx xx xx  	jsl	~~free
   355                        ;	
   356                        ;	return index;
   357 00:0190: A5 15        	lda	<L18+index_1
   358 00:0192: A8           	tay
   359 00:0193: A5 18        	lda	<L17+2
   360 00:0195: 85 20        	sta	<L17+2+8
   361 00:0197: A5 17        	lda	<L17+1
   362 00:0199: 85 1F        	sta	<L17+1+8
   363 00:019B: 2B           	pld
   364 00:019C: 3B           	tsc
   365 00:019D: 18           	clc
   366 00:019E: 69 1E 00     	adc	#L17+8
   367 00:01A1: 1B           	tcs
   368 00:01A2: 98           	tya
   369 00:01A3: 6B           	rtl
   370                        ;}
   371             00000016   L17	equ	22
   372             00000005   L18	equ	5
   373                        	ends
   374                        	efunc
   375                        	data
   376                        L16:
   377 00:0002: 2F 00 2F 00  	db	$2F,$00,$2F,$00
   378 00:0006:              	ends
   379                        ;
   380                        ;int main(int argc, char**argv) {
   381                        	code
   382                        	xdef	~~main
   383                        	func
   384                        ~~main:
   385                        	longa	on
   386                        	longi	on
   387 00:01A4: 3B           	tsc
   388 00:01A5: 38           	sec
   389 00:01A6: E9 09 00     	sbc	#L30
   390 00:01A9: 1B           	tcs
   391 00:01AA: 0B           	phd
   392 00:01AB: 5B           	tcd
   393             00000004   argc_0	set	4
   394             00000006   argv_0	set	6
  Sun Jan  9 2022 20:37                                                Page 8


   395                        ;	
   396                        ;	char *p, c;
   397                        ;	unsigned int len;
   398                        ;	int rc;
   399                        ;	
   400                        ;	if (argc != 2) {
   401             00000000   p_1	set	0
   402             00000004   c_1	set	4
   403             00000005   len_1	set	5
   404             00000007   rc_1	set	7
   405 00:01AC: A5 0D        	lda	<L30+argc_0
   406 00:01AE: C9 02 00     	cmp	#<$2
   407 00:01B1: F0 15        	beq	L10017
   408                        ;		return 8;
   409 00:01B3: A9 08 00     	lda	#$8
   410                        L33:
   411 00:01B6: A8           	tay
   412 00:01B7: A5 0B        	lda	<L30+2
   413 00:01B9: 85 11        	sta	<L30+2+6
   414 00:01BB: A5 0A        	lda	<L30+1
   415 00:01BD: 85 10        	sta	<L30+1+6
   416 00:01BF: 2B           	pld
   417 00:01C0: 3B           	tsc
   418 00:01C1: 18           	clc
   419 00:01C2: 69 0F 00     	adc	#L30+6
   420 00:01C5: 1B           	tcs
   421 00:01C6: 98           	tya
   422 00:01C7: 6B           	rtl
   423                        ;	} 
   424                        ;	
   425                        ;	p = getShellpath();
   426                        L10017:
   427 00:01C8: 22 xx xx xx  	jsl	~~getShellpath
   428 00:01CC: 85 01        	sta	<L31+p_1
   429 00:01CE: 86 03        	stx	<L31+p_1+2
   430                        ;	rc = chdir(p);
   431 00:01D0: D4 03        	pei	<L31+p_1+2
   432 00:01D2: D4 01        	pei	<L31+p_1
   433 00:01D4: 22 xx xx xx  	jsl	~~chdir
   434 00:01D8: 85 08        	sta	<L31+rc_1
   435                        ;	
   436                        ;	if (rc == -1) {
   437 00:01DA: C9 FF FF     	cmp	#<$ffffffff
   438 00:01DD: D0 1D        	bne	L10018
   439                        ;		strcpy(p, "/");
   440 00:01DF: F4 xx xx     	pea	#^L29
   441 00:01E2: F4 xx xx     	pea	#<L29
   442 00:01E5: D4 03        	pei	<L31+p_1+2
   443 00:01E7: D4 01        	pei	<L31+p_1
   444 00:01E9: 22 xx xx xx  	jsl	~~strcpy
   445                        ;		rc = chdir(p);
   446 00:01ED: D4 03        	pei	<L31+p_1+2
   447 00:01EF: D4 01        	pei	<L31+p_1
   448 00:01F1: 22 xx xx xx  	jsl	~~chdir
   449 00:01F5: 85 08        	sta	<L31+rc_1
   450                        ;		return 0;
   451                        L20000:
   452 00:01F7: A9 00 00     	lda	#$0
  Sun Jan  9 2022 20:37                                                Page 9


   453 00:01FA: 80 BA        	bra	L33
   454                        ;	}
   455                        ;	
   456                        ;	parsedir(argv[1], p);
   457                        L10018:
   458 00:01FC: D4 03        	pei	<L31+p_1+2
   459 00:01FE: D4 01        	pei	<L31+p_1
   460 00:0200: A0 06 00     	ldy	#$6
   461 00:0203: B7 0F        	lda	[<L30+argv_0],Y
   462 00:0205: 48           	pha
   463 00:0206: 88           	dey
   464 00:0207: 88           	dey
   465 00:0208: B7 0F        	lda	[<L30+argv_0],Y
   466 00:020A: 48           	pha
   467 00:020B: 22 xx xx xx  	jsl	~~parsedir
   468                        ;	
   469                        ;	//printf("shellpath: %s\n", p);
   470                        ;	
   471                        ;	return 0;
   472 00:020F: 80 E6        	bra	L20000
   473                        ;}
   474             00000009   L30	equ	9
   475             00000001   L31	equ	1
   476                        	ends
   477                        	efunc
   478                        	data
   479                        L29:
   480 00:0006: 2F 00        	db	$2F,$00
   481 00:0008:              	ends
   482                        ;
   483                        ;
   484                        	xref	~~chdir
   485                        	xref	~~getShellpath
   486                        	xref	~~strdup
   487                        	xref	~~strlen
   488                        	xref	~~strcat
   489                        	xref	~~strcpy
   490                        	xref	~~free


      Lines assembled: 490
      Errors: 0
