  Sat Dec  5 2020 14:18                                                Page 1


                     ***************************************
                     **      WDC 65C816 Macro Assembler   **
                     **                                   **
                     **     Version 3.49.1- Feb  6 2006    **
                     ***************************************

     1                        ;:ts=8
     2             00000001   R0	equ	1
     3             00000005   R1	equ	5
     4             00000009   R2	equ	9
     5             0000000D   R3	equ	13
     6                        	data
     7                        ~~tinf_crc32tab:
     8 00:0000: 00 00 00 00  	dl	$0,$1DB71064,$3B6E20C8,$26D930AC,$76DC41
                    90,$6B6B51F4,$4DB26158,$5005713C,$EDB88320,$F00F9344
       00:0004: 64 10 B7 1D 
       00:0008: C8 20 6E 3B 
       00:000C: AC 30 D9 26 
       00:0010: 90 41 DC 76 
       00:0014: F4 51 6B 6B 
       00:0018: 58 61 B2 4D 
       00:001C: 3C 71 05 50 
       00:0020: 20 83 B8 ED 
       00:0024: 44 93 0F F0 
     9 00:0028: E8 A3 D6 D6  	dl	$D6D6A3E8,$CB61B38C,$9B64C2B0,$86D3D2D4,
                    $A00AE278,$BDBDF21C
       00:002C: 8C B3 61 CB 
       00:0030: B0 C2 64 9B 
       00:0034: D4 D2 D3 86 
       00:0038: 78 E2 0A A0 
       00:003C: 1C F2 BD BD 
    10 00:0040:              	ends
    11                        	code
    12                        	xdef	~~tinf_crc32
    13                        	func
    14                        ~~tinf_crc32:
    15                        	longa	on
    16                        	longi	on
    17 00:0000: 3B           	tsc
    18 00:0001: 38           	sec
    19 00:0002: E9 18 00     	sbc	#L2
    20 00:0005: 1B           	tcs
    21 00:0006: 0B           	phd
    22 00:0007: 5B           	tcd
    23             00000004   data_0	set	4
    24             00000008   length_0	set	8
    25             00000000   buf_1	set	0
    26             00000004   crc_1	set	4
    27             00000008   i_1	set	8
    28 00:0008: A5 1C        	lda	<L2+data_0
    29 00:000A: 85 0D        	sta	<L3+buf_1
    30 00:000C: A5 1E        	lda	<L2+data_0+2
    31 00:000E: 85 0F        	sta	<L3+buf_1+2
    32 00:0010: A9 FF FF     	lda	#$ffff
    33 00:0013: 85 11        	sta	<L3+crc_1
    34 00:0015: 85 13        	sta	<L3+crc_1+2
    35 00:0017: A5 20        	lda	<L2+length_0
    36 00:0019: 05 22        	ora	<L2+length_0+2
  Sat Dec  5 2020 14:18                                                Page 2


    37 00:001B: D0 16        	bne	L10001
    38 00:001D: A9 00 00     	lda	#$0
    39 00:0020: AA           	tax
    40                        L5:
    41 00:0021: A8           	tay
    42 00:0022: A5 1A        	lda	<L2+2
    43 00:0024: 85 22        	sta	<L2+2+8
    44 00:0026: A5 19        	lda	<L2+1
    45 00:0028: 85 21        	sta	<L2+1+8
    46 00:002A: 2B           	pld
    47 00:002B: 3B           	tsc
    48 00:002C: 18           	clc
    49 00:002D: 69 20 00     	adc	#L2+8
    50 00:0030: 1B           	tcs
    51 00:0031: 98           	tya
    52 00:0032: 6B           	rtl
    53                        L10001:
    54 00:0033: 64 15        	stz	<L3+i_1
    55 00:0035: 64 17        	stz	<L3+i_1+2
    56 00:0037: 82 97 00     	brl	L10005
    57                        L10004:
    58 00:003A: A5 0D        	lda	<L3+buf_1
    59 00:003C: 18           	clc
    60 00:003D: 65 15        	adc	<L3+i_1
    61 00:003F: 85 01        	sta	<R0
    62 00:0041: A5 0F        	lda	<L3+buf_1+2
    63 00:0043: 65 17        	adc	<L3+i_1+2
    64 00:0045: 85 03        	sta	<R0+2
    65 00:0047: A7 01        	lda	[<R0]
    66 00:0049: 29 FF 00     	and	#$ff
    67 00:004C: 85 01        	sta	<R0
    68 00:004E: 64 03        	stz	<R0+2
    69 00:0050: A5 11        	lda	<L3+crc_1
    70 00:0052: 45 01        	eor	<R0
    71 00:0054: 85 11        	sta	<L3+crc_1
    72 00:0056: A5 13        	lda	<L3+crc_1+2
    73 00:0058: 45 03        	eor	<R0+2
    74 00:005A: 85 13        	sta	<L3+crc_1+2
    75 00:005C: A5 11        	lda	<L3+crc_1
    76 00:005E: 85 01        	sta	<R0
    77 00:0060: A5 13        	lda	<L3+crc_1+2
    78 00:0062: 4A           	lsr
    79 00:0063: 85 03        	sta	<R0+2
    80 00:0065: 66 01        	ror	<R0
    81 00:0067: 46 03        	lsr	<R0+2
    82 00:0069: 66 01        	ror	<R0
    83 00:006B: 46 03        	lsr	<R0+2
    84 00:006D: 66 01        	ror	<R0
    85 00:006F: 46 03        	lsr	<R0+2
    86 00:0071: 66 01        	ror	<R0
    87 00:0073: A5 11        	lda	<L3+crc_1
    88 00:0075: 29 0F 00     	and	#<$f
    89 00:0078: 85 09        	sta	<R2
    90 00:007A: 64 0B        	stz	<R2+2
    91 00:007C: A5 09        	lda	<R2
    92 00:007E: 0A           	asl	A
    93 00:007F: 0A           	asl	A
    94 00:0080: 18           	clc
  Sat Dec  5 2020 14:18                                                Page 3


    95 00:0081: 69 xx xx     	adc	#<~~tinf_crc32tab
    96 00:0084: 85 09        	sta	<R2
    97 00:0086: B2 09        	lda	(<R2)
    98 00:0088: 45 01        	eor	<R0
    99 00:008A: 85 11        	sta	<L3+crc_1
   100 00:008C: A0 02 00     	ldy	#$2
   101 00:008F: B1 09        	lda	(<R2),Y
   102 00:0091: 45 03        	eor	<R0+2
   103 00:0093: 85 13        	sta	<L3+crc_1+2
   104 00:0095: A5 11        	lda	<L3+crc_1
   105 00:0097: 85 01        	sta	<R0
   106 00:0099: A5 13        	lda	<L3+crc_1+2
   107 00:009B: 4A           	lsr
   108 00:009C: 85 03        	sta	<R0+2
   109 00:009E: 66 01        	ror	<R0
   110 00:00A0: 46 03        	lsr	<R0+2
   111 00:00A2: 66 01        	ror	<R0
   112 00:00A4: 46 03        	lsr	<R0+2
   113 00:00A6: 66 01        	ror	<R0
   114 00:00A8: 46 03        	lsr	<R0+2
   115 00:00AA: 66 01        	ror	<R0
   116 00:00AC: A5 11        	lda	<L3+crc_1
   117 00:00AE: 29 0F 00     	and	#<$f
   118 00:00B1: 85 09        	sta	<R2
   119 00:00B3: 64 0B        	stz	<R2+2
   120 00:00B5: A5 09        	lda	<R2
   121 00:00B7: 0A           	asl	A
   122 00:00B8: 0A           	asl	A
   123 00:00B9: 18           	clc
   124 00:00BA: 69 xx xx     	adc	#<~~tinf_crc32tab
   125 00:00BD: 85 09        	sta	<R2
   126 00:00BF: B2 09        	lda	(<R2)
   127 00:00C1: 45 01        	eor	<R0
   128 00:00C3: 85 11        	sta	<L3+crc_1
   129 00:00C5: B1 09        	lda	(<R2),Y
   130 00:00C7: 45 03        	eor	<R0+2
   131 00:00C9: 85 13        	sta	<L3+crc_1+2
   132 00:00CB: E6 15        	inc	<L3+i_1
   133 00:00CD: D0 02        	bne	L10005
   134 00:00CF: E6 17        	inc	<L3+i_1+2
   135                        L10005:
   136 00:00D1: A5 15        	lda	<L3+i_1
   137 00:00D3: C5 20        	cmp	<L2+length_0
   138 00:00D5: A5 17        	lda	<L3+i_1+2
   139 00:00D7: E5 22        	sbc	<L2+length_0+2
   140 00:00D9: B0 03        	bcs	*+5
   141 00:00DB: 82 5C FF     	brl	L10004
   142 00:00DE: A5 11        	lda	<L3+crc_1
   143 00:00E0: 49 FF FF     	eor	#<$ffffffff
   144 00:00E3: 85 01        	sta	<R0
   145 00:00E5: A5 13        	lda	<L3+crc_1+2
   146 00:00E7: 49 FF FF     	eor	#^$ffffffff
   147 00:00EA: 85 03        	sta	<R0+2
   148 00:00EC: A6 03        	ldx	<R0+2
   149 00:00EE: A5 01        	lda	<R0
   150 00:00F0: 82 2E FF     	brl	L5
   151             00000018   L2	equ	24
   152             0000000D   L3	equ	13
  Sat Dec  5 2020 14:18                                                Page 4


   153                        	ends
   154                        	efunc


      Lines assembled: 154
      Errors: 0
