  Mon Aug 16 2021 23:18                                                Page 1


                     ***************************************
                     **      WDC 65C816 Macro Assembler   **
                     **                                   **
                     **     Version 3.49.1- Feb  6 2006    **
                     ***************************************

     1                        ;:ts=8
     2                        	module	getFreeIocb
     3                        	code
     4                        	xdef	__getFreeIocb
     5                        	func
     6                        __getFreeIocb:
     7                        	longa	on
     8                        	longi	on
     9 00:0000: 3B           	tsc
    10 00:0001: 38           	sec
    11 00:0002: E9 03 00     	sbc	#L2
    12 00:0005: 1B           	tcs
    13 00:0006: 0B           	phd
    14 00:0007: 5B           	tcd
    15             00000000   p_1	set	0
    16             00000002   i_1	set	2
    17 00:0008: A9 80 02     	lda	#$280
    18 00:000B: 85 01        	sta	<L3+p_1
    19 00:000D: E2 20        	sep	#$20
    20                        	longa	off
    21 00:000F: 64 03        	stz	<L3+i_1
    22 00:0011: C2 20        	rep	#$20
    23                        	longa	on
    24 00:0013: 80 18        	bra	L10004
    25                        L10003:
    26 00:0015: E2 20        	sep	#$20
    27                        	longa	off
    28 00:0017: B2 01        	lda	(<L3+p_1)
    29 00:0019: C9 FF        	cmp	#<$ff
    30 00:001B: C2 20        	rep	#$20
    31                        	longa	on
    32 00:001D: F0 18        	beq	L10002
    33 00:001F: A9 10 00     	lda	#$10
    34 00:0022: 18           	clc
    35 00:0023: 65 01        	adc	<L3+p_1
    36 00:0025: 85 01        	sta	<L3+p_1
    37 00:0027: E2 20        	sep	#$20
    38                        	longa	off
    39 00:0029: E6 03        	inc	<L3+i_1
    40 00:002B: C2 20        	rep	#$20
    41                        	longa	on
    42                        L10004:
    43 00:002D: E2 20        	sep	#$20
    44                        	longa	off
    45 00:002F: A5 03        	lda	<L3+i_1
    46 00:0031: C9 08        	cmp	#<$8
    47 00:0033: C2 20        	rep	#$20
    48                        	longa	on
    49 00:0035: 90 DE        	bcc	L10003
    50                        L10002:
    51 00:0037: A5 03        	lda	<L3+i_1
    52 00:0039: 29 FF 00     	and	#$ff
  Mon Aug 16 2021 23:18                                                Page 2


    53 00:003C: A8           	tay
    54 00:003D: 2B           	pld
    55 00:003E: 3B           	tsc
    56 00:003F: 18           	clc
    57 00:0040: 69 03 00     	adc	#L2
    58 00:0043: 1B           	tcs
    59 00:0044: 98           	tya
    60 00:0045: 60           	rts
    61             00000003   L2	equ	3
    62             00000001   L3	equ	1
    63                        	ends
    64                        	efunc
    65                        	endmod
    66                        	module	isatty
    67                        	code
    68                        	xdef	__isatty
    69                        	func
    70                        __isatty:
    71                        	longa	on
    72                        	longi	on
    73 00:0000: 3B           	tsc
    74 00:0001: 38           	sec
    75 00:0002: E9 04 00     	sbc	#L7
    76 00:0005: 1B           	tcs
    77 00:0006: 0B           	phd
    78 00:0007: 5B           	tcd
    79             00000003   fd_0	set	3
    80 00:0008: A5 07        	lda	<L7+fd_0
    81 00:000A: 0A           	asl	A
    82 00:000B: 85 01        	sta	<1
    83 00:000D: A6 01        	ldx	<1
    84 00:000F: BD xx xx     	lda	|__c2iocb+1,X
    85 00:0012: 29 FF 00     	and	#$ff
    86 00:0015: A8           	tay
    87 00:0016: A5 05        	lda	<L7+1
    88 00:0018: 85 07        	sta	<L7+1+2
    89 00:001A: 2B           	pld
    90 00:001B: 3B           	tsc
    91 00:001C: 18           	clc
    92 00:001D: 69 06 00     	adc	#L7+2
    93 00:0020: 1B           	tcs
    94 00:0021: 98           	tya
    95 00:0022: 60           	rts
    96             00000004   L7	equ	4
    97             00000005   L8	equ	5
    98                        	xref	__c2iocb
    99                        	ends
   100                        	efunc
   101                        	endmod
   102                        	module	creat
   103                        	code
   104                        	xdef	__creat
   105                        	func
   106                        __creat:
   107                        	longa	on
   108                        	longi	on
   109 00:0000: 3B           	tsc
   110 00:0001: 38           	sec
  Mon Aug 16 2021 23:18                                                Page 3


   111 00:0002: E9 00 00     	sbc	#L10
   112 00:0005: 1B           	tcs
   113 00:0006: 0B           	phd
   114 00:0007: 5B           	tcd
   115             00000003   _name_0	set	3
   116             00000005   _mode_0	set	5
   117 00:0008: A9 01 00     	lda	#$1
   118 00:000B: A8           	tay
   119 00:000C: A5 01        	lda	<L10+1
   120 00:000E: 85 05        	sta	<L10+1+4
   121 00:0010: 2B           	pld
   122 00:0011: 3B           	tsc
   123 00:0012: 18           	clc
   124 00:0013: 69 04 00     	adc	#L10+4
   125 00:0016: 1B           	tcs
   126 00:0017: 98           	tya
   127 00:0018: 60           	rts
   128             00000000   L10	equ	0
   129             00000001   L11	equ	1
   130                        	ends
   131                        	efunc
   132                        	endmod
   133                        	module	read
   134                        	code
   135                        	xdef	__read
   136                        	func
   137                        __read:
   138                        	longa	on
   139                        	longi	on
   140 00:0000: 3B           	tsc
   141 00:0001: 38           	sec
   142 00:0002: E9 11 00     	sbc	#L13
   143 00:0005: 1B           	tcs
   144 00:0006: 0B           	phd
   145 00:0007: 5B           	tcd
   146             00000003   fd_0	set	3
   147             00000005   p_0	set	5
   148             00000007   len_0	set	7
   149             00000000   len0_1	set	0
   150             00000002   len1_1	set	2
   151             00000004   iocb_1	set	4
   152 00:0008: A5 14        	lda	<L13+fd_0
   153 00:000A: 0A           	asl	A
   154 00:000B: 85 01        	sta	<1
   155 00:000D: E2 20        	sep	#$20
   156                        	longa	off
   157 00:000F: A6 01        	ldx	<1
   158 00:0011: BD xx xx     	lda	|__c2iocb,X
   159 00:0014: 85 11        	sta	<L14+iocb_1
   160 00:0016: C2 20        	rep	#$20
   161                        	longa	on
   162 00:0018: A5 14        	lda	<L13+fd_0
   163 00:001A: 0A           	asl	A
   164 00:001B: 85 01        	sta	<1
   165 00:001D: A6 01        	ldx	<1
   166 00:001F: BD xx xx     	lda	|__c2iocb+1,X
   167 00:0022: 29 FF 00     	and	#$ff
   168 00:0025: F0 05        	beq	L10005
  Mon Aug 16 2021 23:18                                                Page 4


   169 00:0027: A9 01 00     	lda	#$1
   170 00:002A: 85 18        	sta	<L13+len_0
   171                        L10005:
   172 00:002C: D4 18        	pei	<L13+len_0
   173 00:002E: D4 16        	pei	<L13+p_0
   174 00:0030: D4 11        	pei	<L14+iocb_1
   175 00:0032: 20 xx xx     	jsr	__getchr
   176 00:0035: A5 11        	lda	<L14+iocb_1
   177 00:0037: 29 FF 00     	and	#$ff
   178 00:003A: 85 05        	sta	<5
   179 00:003C: 0A           	asl	A
   180 00:003D: 0A           	asl	A
   181 00:003E: 0A           	asl	A
   182 00:003F: 0A           	asl	A
   183 00:0040: 85 01        	sta	<1
   184 00:0042: A9 80 02     	lda	#$280
   185 00:0045: 85 05        	sta	<5
   186 00:0047: A9 07 00     	lda	#$7
   187 00:004A: 18           	clc
   188 00:004B: 65 01        	adc	<1
   189 00:004D: 85 09        	sta	<9
   190 00:004F: A4 09        	ldy	<9
   191 00:0051: B1 05        	lda	(<5),Y
   192 00:0053: A8           	tay
   193 00:0054: A5 12        	lda	<L13+1
   194 00:0056: 85 18        	sta	<L13+1+6
   195 00:0058: 2B           	pld
   196 00:0059: 3B           	tsc
   197 00:005A: 18           	clc
   198 00:005B: 69 17 00     	adc	#L13+6
   199 00:005E: 1B           	tcs
   200 00:005F: 98           	tya
   201 00:0060: 60           	rts
   202             00000011   L13	equ	17
   203             0000000D   L14	equ	13
   204                        	xref	__getchr
   205                        	xref	__c2iocb
   206                        	ends
   207                        	efunc
   208                        	endmod
   209                        	module	unlink
   210                        	code
   211                        	xdef	__unlink
   212                        	func
   213                        __unlink:
   214                        	longa	on
   215                        	longi	on
   216 00:0000: 3B           	tsc
   217 00:0001: 38           	sec
   218 00:0002: E9 00 00     	sbc	#L17
   219 00:0005: 1B           	tcs
   220 00:0006: 0B           	phd
   221 00:0007: 5B           	tcd
   222             00000003   p_0	set	3
   223 00:0008: A9 01 00     	lda	#$1
   224 00:000B: A8           	tay
   225 00:000C: A5 01        	lda	<L17+1
   226 00:000E: 85 03        	sta	<L17+1+2
  Mon Aug 16 2021 23:18                                                Page 5


   227 00:0010: 2B           	pld
   228 00:0011: 3B           	tsc
   229 00:0012: 18           	clc
   230 00:0013: 69 02 00     	adc	#L17+2
   231 00:0016: 1B           	tcs
   232 00:0017: 98           	tya
   233 00:0018: 60           	rts
   234             00000000   L17	equ	0
   235             00000001   L18	equ	1
   236                        	ends
   237                        	efunc
   238                        	endmod
   239                        	module	write
   240                        	code
   241                        	xdef	__write
   242                        	func
   243                        __write:
   244                        	longa	on
   245                        	longi	on
   246 00:0000: 3B           	tsc
   247 00:0001: 38           	sec
   248 00:0002: E9 04 00     	sbc	#L20
   249 00:0005: 1B           	tcs
   250 00:0006: 0B           	phd
   251 00:0007: 5B           	tcd
   252             00000003   fd_0	set	3
   253             00000005   p_0	set	5
   254             00000007   len_0	set	7
   255 00:0008: D4 0B        	pei	<L20+len_0
   256 00:000A: D4 09        	pei	<L20+p_0
   257 00:000C: A5 07        	lda	<L20+fd_0
   258 00:000E: 0A           	asl	A
   259 00:000F: 85 01        	sta	<1
   260 00:0011: A6 01        	ldx	<1
   261 00:0013: BD xx xx     	lda	|__c2iocb,X
   262 00:0016: 29 FF 00     	and	#$ff
   263 00:0019: 48           	pha
   264 00:001A: 20 xx xx     	jsr	__putchr
   265 00:001D: A5 0B        	lda	<L20+len_0
   266 00:001F: A8           	tay
   267 00:0020: A5 05        	lda	<L20+1
   268 00:0022: 85 0B        	sta	<L20+1+6
   269 00:0024: 2B           	pld
   270 00:0025: 3B           	tsc
   271 00:0026: 18           	clc
   272 00:0027: 69 0A 00     	adc	#L20+6
   273 00:002A: 1B           	tcs
   274 00:002B: 98           	tya
   275 00:002C: 60           	rts
   276             00000004   L20	equ	4
   277             00000005   L21	equ	5
   278                        	xref	__putchr
   279                        	xref	__c2iocb
   280                        	ends
   281                        	efunc
   282                        	endmod
   283                        	module	lseek
   284                        	code
  Mon Aug 16 2021 23:18                                                Page 6


   285                        	xdef	__lseek
   286                        	func
   287                        __lseek:
   288                        	longa	on
   289                        	longi	on
   290 00:0000: 3B           	tsc
   291 00:0001: 38           	sec
   292 00:0002: E9 00 00     	sbc	#L23
   293 00:0005: 1B           	tcs
   294 00:0006: 0B           	phd
   295 00:0007: 5B           	tcd
   296             00000003   i_0	set	3
   297             00000005   j_0	set	5
   298             00000009   k_0	set	9
   299 00:0008: A9 00 00     	lda	#$0
   300 00:000B: AA           	tax
   301 00:000C: 1A           	ina
   302 00:000D: A8           	tay
   303 00:000E: A5 01        	lda	<L23+1
   304 00:0010: 85 09        	sta	<L23+1+8
   305 00:0012: 2B           	pld
   306 00:0013: 3B           	tsc
   307 00:0014: 18           	clc
   308 00:0015: 69 08 00     	adc	#L23+8
   309 00:0018: 1B           	tcs
   310 00:0019: 98           	tya
   311 00:001A: 60           	rts
   312             00000000   L23	equ	0
   313             00000001   L24	equ	1
   314                        	ends
   315                        	efunc
   316                        	endmod
   317                        	module	close
   318                        	code
   319                        	xdef	__close
   320                        	func
   321                        __close:
   322                        	longa	on
   323                        	longi	on
   324 00:0000: 3B           	tsc
   325 00:0001: 38           	sec
   326 00:0002: E9 04 00     	sbc	#L26
   327 00:0005: 1B           	tcs
   328 00:0006: 0B           	phd
   329 00:0007: 5B           	tcd
   330             00000003   fd_0	set	3
   331 00:0008: 38           	sec
   332 00:0009: A9 02 00     	lda	#$2
   333 00:000C: E5 07        	sbc	<L26+fd_0
   334 00:000E: 70 03        	bvs	L28
   335 00:0010: 49 00 80     	eor	#$8000
   336                        L28:
   337 00:0013: 30 0E        	bmi	L10006
   338 00:0015: A5 07        	lda	<L26+fd_0
   339 00:0017: 0A           	asl	A
   340 00:0018: 85 01        	sta	<1
   341 00:001A: A6 01        	ldx	<1
   342 00:001C: BD xx xx     	lda	|__c2iocb,X
  Mon Aug 16 2021 23:18                                                Page 7


   343 00:001F: 48           	pha
   344 00:0020: 20 xx xx     	jsr	__aclose
   345                        L10006:
   346 00:0023: A9 00 00     	lda	#$0
   347 00:0026: A8           	tay
   348 00:0027: A5 05        	lda	<L26+1
   349 00:0029: 85 07        	sta	<L26+1+2
   350 00:002B: 2B           	pld
   351 00:002C: 3B           	tsc
   352 00:002D: 18           	clc
   353 00:002E: 69 06 00     	adc	#L26+2
   354 00:0031: 1B           	tcs
   355 00:0032: 98           	tya
   356 00:0033: 60           	rts
   357             00000004   L26	equ	4
   358             00000005   L27	equ	5
   359                        	xref	__aclose
   360                        	xref	__c2iocb
   361                        	ends
   362                        	efunc
   363                        	endmod
   364                        	module	open
   365                        	code
   366                        	xdef	__open
   367                        	func
   368                        __open:
   369                        	longa	on
   370                        	longi	on
   371 00:0000: 3B           	tsc
   372 00:0001: 38           	sec
   373 00:0002: E9 0B 00     	sbc	#L31
   374 00:0005: 1B           	tcs
   375 00:0006: 0B           	phd
   376 00:0007: 5B           	tcd
   377             00000003   fname_0	set	3
   378             00000005   mode_0	set	5
   379             00000000   iorc_1	set	0
   380             00000001   iocb_1	set	1
   381             00000002   isatty_1	set	2
   382             00000003   piob_1	set	3
   383             00000005   fd_1	set	5
   384 00:0008: 20 xx xx     	jsr	___getiob
   385 00:000B: 85 08        	sta	<L32+piob_1
   386 00:000D: 38           	sec
   387 00:000E: E9 xx xx     	sbc	#<___iob
   388 00:0011: 85 01        	sta	<1
   389 00:0013: A2 0E 00     	ldx	#<$e
   390                        	xref	__~div
   391 00:0016: 20 xx xx     	jsr	__~div
   392 00:0019: 85 0A        	sta	<L32+fd_1
   393 00:001B: E2 20        	sep	#$20
   394                        	longa	off
   395 00:001D: 64 07        	stz	<L32+isatty_1
   396 00:001F: B2 0E        	lda	(<L31+fname_0)
   397 00:0021: C9 45        	cmp	#<$45
   398 00:0023: C2 20        	rep	#$20
   399                        	longa	on
   400 00:0025: F0 14        	beq	L33
  Mon Aug 16 2021 23:18                                                Page 8


   401 00:0027: E2 20        	sep	#$20
   402                        	longa	off
   403 00:0029: B2 0E        	lda	(<L31+fname_0)
   404 00:002B: C9 52        	cmp	#<$52
   405 00:002D: C2 20        	rep	#$20
   406                        	longa	on
   407 00:002F: F0 0A        	beq	L33
   408 00:0031: E2 20        	sep	#$20
   409                        	longa	off
   410 00:0033: B2 0E        	lda	(<L31+fname_0)
   411 00:0035: C9 4B        	cmp	#<$4b
   412 00:0037: C2 20        	rep	#$20
   413                        	longa	on
   414 00:0039: D0 08        	bne	L10007
   415                        L33:
   416 00:003B: E2 20        	sep	#$20
   417                        	longa	off
   418 00:003D: A9 01        	lda	#$1
   419 00:003F: 85 07        	sta	<L32+isatty_1
   420 00:0041: C2 20        	rep	#$20
   421                        	longa	on
   422                        L10007:
   423 00:0043: A5 0A        	lda	<L32+fd_1
   424                        	xref	__~swt
   425 00:0045: 20 xx xx     	jsr	__~swt
   426 00:0048: 03 00        	dw	3
   427 00:004A: 00 00        	dw	0
   428 00:004C: xx xx        	dw	L10010-1
   429 00:004E: 01 00        	dw	1
   430 00:0050: xx xx        	dw	L10012-1
   431 00:0052: 02 00        	dw	2
   432 00:0054: xx xx        	dw	L10012-1
   433 00:0056: xx xx        	dw	L10013-1
   434                        L10010:
   435 00:0058: E2 20        	sep	#$20
   436                        	longa	off
   437 00:005A: A9 07        	lda	#$7
   438 00:005C: 85 06        	sta	<L32+iocb_1
   439 00:005E: C2 20        	rep	#$20
   440                        	longa	on
   441                        L10009:
   442 00:0060: A5 0A        	lda	<L32+fd_1
   443 00:0062: F0 23        	beq	L10015
   444 00:0064: A5 0A        	lda	<L32+fd_1
   445 00:0066: C9 02 00     	cmp	#<$2
   446 00:0069: F0 1C        	beq	L10015
   447 00:006B: D4 06        	pei	<L32+iocb_1
   448 00:006D: 20 xx xx     	jsr	__aclose
   449 00:0070: F4 00 00     	pea	#<$0
   450 00:0073: F4 0C 00     	pea	#<$c
   451 00:0076: D4 0E        	pei	<L31+fname_0
   452 00:0078: D4 06        	pei	<L32+iocb_1
   453 00:007A: 20 xx xx     	jsr	__aopen
   454 00:007D: E2 20        	sep	#$20
   455                        	longa	off
   456 00:007F: 85 05        	sta	<L32+iorc_1
   457 00:0081: C9 80        	cmp	#<$80
   458 00:0083: C2 20        	rep	#$20
  Mon Aug 16 2021 23:18                                                Page 9


   459                        	longa	on
   460 00:0085: B0 39        	bcs	L20000
   461                        L10015:
   462 00:0087: A5 0A        	lda	<L32+fd_1
   463 00:0089: 0A           	asl	A
   464 00:008A: 85 01        	sta	<1
   465 00:008C: E2 20        	sep	#$20
   466                        	longa	off
   467 00:008E: A5 06        	lda	<L32+iocb_1
   468 00:0090: A6 01        	ldx	<1
   469 00:0092: 9D xx xx     	sta	|__c2iocb,X
   470 00:0095: C2 20        	rep	#$20
   471                        	longa	on
   472 00:0097: A5 0A        	lda	<L32+fd_1
   473 00:0099: 0A           	asl	A
   474 00:009A: 85 01        	sta	<1
   475 00:009C: E2 20        	sep	#$20
   476                        	longa	off
   477 00:009E: A5 07        	lda	<L32+isatty_1
   478 00:00A0: A6 01        	ldx	<1
   479 00:00A2: 9D xx xx     	sta	|__c2iocb+1,X
   480 00:00A5: C2 20        	rep	#$20
   481                        	longa	on
   482 00:00A7: A5 0A        	lda	<L32+fd_1
   483 00:00A9: 80 18        	bra	L38
   484                        L10012:
   485 00:00AB: E2 20        	sep	#$20
   486                        	longa	off
   487 00:00AD: 64 06        	stz	<L32+iocb_1
   488 00:00AF: C2 20        	rep	#$20
   489                        	longa	on
   490 00:00B1: 80 AD        	bra	L10009
   491                        L10013:
   492 00:00B3: 20 xx xx     	jsr	__getFreeIocb
   493 00:00B6: E2 20        	sep	#$20
   494                        	longa	off
   495 00:00B8: 85 06        	sta	<L32+iocb_1
   496 00:00BA: C9 08        	cmp	#<$8
   497 00:00BC: C2 20        	rep	#$20
   498                        	longa	on
   499 00:00BE: 90 A0        	bcc	L10009
   500                        L20000:
   501 00:00C0: A9 FF FF     	lda	#$ffff
   502                        L38:
   503 00:00C3: A8           	tay
   504 00:00C4: A5 0C        	lda	<L31+1
   505 00:00C6: 85 10        	sta	<L31+1+4
   506 00:00C8: 2B           	pld
   507 00:00C9: 3B           	tsc
   508 00:00CA: 18           	clc
   509 00:00CB: 69 0F 00     	adc	#L31+4
   510 00:00CE: 1B           	tcs
   511 00:00CF: 98           	tya
   512 00:00D0: 60           	rts
   513             0000000B   L31	equ	11
   514             00000005   L32	equ	5
   515                        	xref	__aopen
   516                        	xref	__aclose
  Mon Aug 16 2021 23:18                                                Page 10


   517                        	xref	__getFreeIocb
   518                        	xref	___getiob
   519                        	xref	__c2iocb
   520                        	xref	___iob
   521                        	ends
   522                        	efunc
   523                        	endmod
   524                        	module	getErrorString
   525                        	code
   526                        	xdef	__getErrorString
   527                        	func
   528                        __getErrorString:
   529                        	longa	on
   530                        	longi	on
   531 00:0000: 3B           	tsc
   532 00:0001: 38           	sec
   533 00:0002: E9 00 00     	sbc	#L42
   534 00:0005: 1B           	tcs
   535 00:0006: 0B           	phd
   536 00:0007: 5B           	tcd
   537             00000003   iorc_0	set	3
   538 00:0008: A5 03        	lda	<L42+iorc_0
   539 00:000A: 29 FF 00     	and	#$ff
   540                        	xref	__~swt
   541 00:000D: 20 xx xx     	jsr	__~swt
   542 00:0010: 16 00        	dw	22
   543 00:0012: 01 00        	dw	1
   544 00:0014: xx xx        	dw	L10019-1
   545 00:0016: 80 00        	dw	128
   546 00:0018: xx xx        	dw	L10020-1
   547 00:001A: 81 00        	dw	129
   548 00:001C: xx xx        	dw	L10021-1
   549 00:001E: 82 00        	dw	130
   550 00:0020: xx xx        	dw	L10022-1
   551 00:0022: 83 00        	dw	131
   552 00:0024: xx xx        	dw	L10023-1
   553 00:0026: 84 00        	dw	132
   554 00:0028: xx xx        	dw	L10024-1
   555 00:002A: 85 00        	dw	133
   556 00:002C: xx xx        	dw	L10025-1
   557 00:002E: 86 00        	dw	134
   558 00:0030: xx xx        	dw	L10026-1
   559 00:0032: 87 00        	dw	135
   560 00:0034: xx xx        	dw	L10027-1
   561 00:0036: 88 00        	dw	136
   562 00:0038: xx xx        	dw	L10028-1
   563 00:003A: 89 00        	dw	137
   564 00:003C: xx xx        	dw	L10029-1
   565 00:003E: 8A 00        	dw	138
   566 00:0040: xx xx        	dw	L10030-1
   567 00:0042: 8B 00        	dw	139
   568 00:0044: xx xx        	dw	L10031-1
   569 00:0046: 8C 00        	dw	140
   570 00:0048: xx xx        	dw	L10032-1
   571 00:004A: 8D 00        	dw	141
   572 00:004C: xx xx        	dw	L10033-1
   573 00:004E: 8E 00        	dw	142
   574 00:0050: xx xx        	dw	L10034-1
  Mon Aug 16 2021 23:18                                                Page 11


   575 00:0052: 8F 00        	dw	143
   576 00:0054: xx xx        	dw	L10035-1
   577 00:0056: 90 00        	dw	144
   578 00:0058: xx xx        	dw	L10036-1
   579 00:005A: 91 00        	dw	145
   580 00:005C: xx xx        	dw	L10037-1
   581 00:005E: 92 00        	dw	146
   582 00:0060: xx xx        	dw	L10038-1
   583 00:0062: 93 00        	dw	147
   584 00:0064: xx xx        	dw	L10039-1
   585 00:0066: AA 00        	dw	170
   586 00:0068: xx xx        	dw	L10040-1
   587 00:006A: xx xx        	dw	L10041-1
   588                        L10019:
   589 00:006C: A9 xx xx     	lda	#<L1
   590                        L44:
   591 00:006F: A8           	tay
   592 00:0070: A5 01        	lda	<L42+1
   593 00:0072: 85 03        	sta	<L42+1+2
   594 00:0074: 2B           	pld
   595 00:0075: 3B           	tsc
   596 00:0076: 18           	clc
   597 00:0077: 69 02 00     	adc	#L42+2
   598 00:007A: 1B           	tcs
   599 00:007B: 98           	tya
   600 00:007C: 60           	rts
   601                        L10020:
   602 00:007D: A9 xx xx     	lda	#<L1+21
   603 00:0080: 80 ED        	bra	L44
   604                        L10021:
   605 00:0082: A9 xx xx     	lda	#<L1+37
   606 00:0085: 80 E8        	bra	L44
   607                        L10022:
   608 00:0087: A9 xx xx     	lda	#<L1+61
   609 00:008A: 80 E3        	bra	L44
   610                        L10023:
   611 00:008C: A9 xx xx     	lda	#<L1+86
   612 00:008F: 80 DE        	bra	L44
   613                        L10024:
   614 00:0091: A9 xx xx     	lda	#<L1+119
   615 00:0094: 80 D9        	bra	L44
   616                        L10025:
   617 00:0096: A9 xx xx     	lda	#<L1+141
   618 00:0099: 80 D4        	bra	L44
   619                        L10026:
   620 00:009B: A9 xx xx     	lda	#<L1+168
   621 00:009E: 80 CF        	bra	L44
   622                        L10027:
   623 00:00A0: A9 xx xx     	lda	#<L1+193
   624 00:00A3: 80 CA        	bra	L44
   625                        L10028:
   626 00:00A5: A9 xx xx     	lda	#<L1+225
   627 00:00A8: 80 C5        	bra	L44
   628                        L10029:
   629 00:00AA: A9 xx xx     	lda	#<L1+243
   630 00:00AD: 80 C0        	bra	L44
   631                        L10030:
   632 00:00AF: A9 xx xx     	lda	#<L1+266
  Mon Aug 16 2021 23:18                                                Page 12


   633 00:00B2: 80 BB        	bra	L44
   634                        L10031:
   635 00:00B4: A9 xx xx     	lda	#<L1+298
   636 00:00B7: 80 B6        	bra	L44
   637                        L10032:
   638 00:00B9: A9 xx xx     	lda	#<L1+340
   639 00:00BC: 80 B1        	bra	L44
   640                        L10033:
   641 00:00BE: A9 xx xx     	lda	#<L1+365
   642 00:00C1: 80 AC        	bra	L44
   643                        L10034:
   644 00:00C3: A9 xx xx     	lda	#<L1+388
   645 00:00C6: 80 A7        	bra	L44
   646                        L10035:
   647 00:00C8: A9 xx xx     	lda	#<L1+418
   648 00:00CB: 80 A2        	bra	L44
   649                        L10036:
   650 00:00CD: A9 xx xx     	lda	#<L1+444
   651 00:00D0: 80 9D        	bra	L44
   652                        L10037:
   653 00:00D2: A9 xx xx     	lda	#<L1+485
   654 00:00D5: 80 98        	bra	L44
   655                        L10038:
   656 00:00D7: A9 xx xx     	lda	#<L1+514
   657 00:00DA: 80 93        	bra	L44
   658                        L10039:
   659 00:00DC: A9 xx xx     	lda	#<L1+556
   660 00:00DF: 80 8E        	bra	L44
   661                        L10040:
   662 00:00E1: A9 xx xx     	lda	#<L1+598
   663 00:00E4: 80 89        	bra	L44
   664                        L10041:
   665 00:00E6: A9 xx xx     	lda	#<L1+626
   666 00:00E9: 80 84        	bra	L44
   667             00000000   L42	equ	0
   668             00000001   L43	equ	1
   669                        	ends
   670                        	efunc
   671                        	data
   672                        L1:
   673 00:0000: 73 75 63 63  	db	$73,$75,$63,$63,$65,$73,$73,$66,$75,$6C,
                    $20,$6F,$70,$65,$72
       00:0004: 65 73 73 66 
       00:0008: 75 6C 20 6F 
       00:000C: 70 65 72 
   674 00:000F: 61 74 69 6F  	db	$61,$74,$69,$6F,$6E,$00,$42,$52,$45,$41,
                    $4B,$20,$6B,$65,$79
       00:0013: 6E 00 42 52 
       00:0017: 45 41 4B 20 
       00:001B: 6B 65 79 
   675 00:001E: 20 61 62 6F  	db	$20,$61,$62,$6F,$72,$74,$00,$49,$4F,$43,
                    $42,$20,$61,$6C,$72
       00:0022: 72 74 00 49 
       00:0026: 4F 43 42 20 
       00:002A: 61 6C 72 
   676 00:002D: 65 61 64 79  	db	$65,$61,$64,$79,$20,$6F,$70,$65,$6E,$20,
                    $65,$72,$72,$6F,$72
       00:0031: 20 6F 70 65 
  Mon Aug 16 2021 23:18                                                Page 13


       00:0035: 6E 20 65 72 
       00:0039: 72 6F 72 
   677 00:003C: 00 6E 6F 6E  	db	$00,$6E,$6F,$6E,$65,$78,$69,$73,$74,$65,
                    $6E,$74,$20,$64,$65
       00:0040: 65 78 69 73 
       00:0044: 74 65 6E 74 
       00:0048: 20 64 65 
   678 00:004B: 76 69 63 65  	db	$76,$69,$63,$65,$20,$65,$72,$72,$6F,$72,
                    $00,$49,$4F,$43,$42
       00:004F: 20 65 72 72 
       00:0053: 6F 72 00 49 
       00:0057: 4F 43 42 
   679 00:005A: 20 6F 70 65  	db	$20,$6F,$70,$65,$6E,$65,$64,$20,$66,$6F,
                    $72,$20,$77,$72,$69
       00:005E: 6E 65 64 20 
       00:0062: 66 6F 72 20 
       00:0066: 77 72 69 
   680 00:0069: 74 65 20 6F  	db	$74,$65,$20,$6F,$6E,$6C,$79,$20,$65,$72,
                    $72,$6F,$72,$00,$69
       00:006D: 6E 6C 79 20 
       00:0071: 65 72 72 6F 
       00:0075: 72 00 69 
   681 00:0078: 6E 76 61 6C  	db	$6E,$76,$61,$6C,$69,$64,$20,$63,$6F,$6D,
                    $6D,$61,$6E,$64,$20
       00:007C: 69 64 20 63 
       00:0080: 6F 6D 6D 61 
       00:0084: 6E 64 20 
   682 00:0087: 65 72 72 6F  	db	$65,$72,$72,$6F,$72,$00,$64,$65,$76,$69,
                    $63,$65,$2F,$66,$69
       00:008B: 72 00 64 65 
       00:008F: 76 69 63 65 
       00:0093: 2F 66 69 
   683 00:0096: 6C 65 20 6E  	db	$6C,$65,$20,$6E,$6F,$74,$20,$6F,$70,$65,
                    $6E,$20,$65,$72,$72
       00:009A: 6F 74 20 6F 
       00:009E: 70 65 6E 20 
       00:00A2: 65 72 72 
   684 00:00A5: 6F 72 00 69  	db	$6F,$72,$00,$69,$6E,$76,$61,$6C,$69,$64,
                    $20,$49,$4F,$43,$42
       00:00A9: 6E 76 61 6C 
       00:00AD: 69 64 20 49 
       00:00B1: 4F 43 42 
   685 00:00B4: 20 69 6E 64  	db	$20,$69,$6E,$64,$65,$78,$20,$65,$72,$72,
                    $6F,$72,$00,$49,$4F
       00:00B8: 65 78 20 65 
       00:00BC: 72 72 6F 72 
       00:00C0: 00 49 4F 
   686 00:00C3: 43 42 20 6F  	db	$43,$42,$20,$6F,$70,$65,$6E,$65,$64,$20,
                    $66,$6F,$72,$20,$72
       00:00C7: 70 65 6E 65 
       00:00CB: 64 20 66 6F 
       00:00CF: 72 20 72 
   687 00:00D2: 65 61 64 20  	db	$65,$61,$64,$20,$6F,$6E,$6C,$79,$20,$65,
                    $72,$72,$6F,$72,$00
       00:00D6: 6F 6E 6C 79 
       00:00DA: 20 65 72 72 
       00:00DE: 6F 72 00 
   688 00:00E1: 65 6E 64 20  	db	$65,$6E,$64,$20,$6F,$66,$20,$66,$69,$6C,
  Mon Aug 16 2021 23:18                                                Page 14


                    $65,$20,$65,$72,$72
       00:00E5: 6F 66 20 66 
       00:00E9: 69 6C 65 20 
       00:00ED: 65 72 72 
   689 00:00F0: 6F 72 00 74  	db	$6F,$72,$00,$74,$72,$75,$6E,$63,$61,$74,
                    $65,$64,$20,$72,$65
       00:00F4: 72 75 6E 63 
       00:00F8: 61 74 65 64 
       00:00FC: 20 72 65 
   690 00:00FF: 63 6F 72 64  	db	$63,$6F,$72,$64,$20,$65,$72,$72,$6F,$72,
                    $00,$70,$65,$72,$69
       00:0103: 20 65 72 72 
       00:0107: 6F 72 00 70 
       00:010B: 65 72 69 
   691 00:010E: 70 68 65 72  	db	$70,$68,$65,$72,$61,$6C,$20,$64,$65,$76,
                    $69,$63,$65,$20,$74
       00:0112: 61 6C 20 64 
       00:0116: 65 76 69 63 
       00:011A: 65 20 74 
   692 00:011D: 69 6D 65 6F  	db	$69,$6D,$65,$6F,$75,$74,$20,$65,$72,$72,
                    $6F,$72,$00,$64,$65
       00:0121: 75 74 20 65 
       00:0125: 72 72 6F 72 
       00:0129: 00 64 65 
   693 00:012C: 76 69 63 65  	db	$76,$69,$63,$65,$20,$64,$6F,$65,$73,$20,
                    $6E,$6F,$74,$20,$61
       00:0130: 20 64 6F 65 
       00:0134: 73 20 6E 6F 
       00:0138: 74 20 61 
   694 00:013B: 63 6B 6E 6F  	db	$63,$6B,$6E,$6F,$77,$6C,$65,$64,$67,$65,
                    $20,$63,$6F,$6D,$6D
       00:013F: 77 6C 65 64 
       00:0143: 67 65 20 63 
       00:0147: 6F 6D 6D 
   695 00:014A: 61 6E 64 20  	db	$61,$6E,$64,$20,$65,$72,$72,$6F,$72,$00,
                    $73,$65,$72,$69,$61
       00:014E: 65 72 72 6F 
       00:0152: 72 00 73 65 
       00:0156: 72 69 61 
   696 00:0159: 6C 20 62 75  	db	$6C,$20,$62,$75,$73,$20,$66,$72,$61,$6D,
                    $69,$6E,$67,$20,$65
       00:015D: 73 20 66 72 
       00:0161: 61 6D 69 6E 
       00:0165: 67 20 65 
   697 00:0168: 72 72 6F 72  	db	$72,$72,$6F,$72,$00,$63,$75,$72,$73,$6F,
                    $72,$20,$6F,$76,$65
       00:016C: 00 63 75 72 
       00:0170: 73 6F 72 20 
       00:0174: 6F 76 65 
   698 00:0177: 72 72 61 6E  	db	$72,$72,$61,$6E,$67,$65,$20,$65,$72,$72,
                    $6F,$72,$00,$73,$65
       00:017B: 67 65 20 65 
       00:017F: 72 72 6F 72 
       00:0183: 00 73 65 
   699 00:0186: 72 69 61 6C  	db	$72,$69,$61,$6C,$20,$62,$75,$73,$20,$64,
                    $61,$74,$61,$20,$6F
       00:018A: 20 62 75 73 
       00:018E: 20 64 61 74 
  Mon Aug 16 2021 23:18                                                Page 15


       00:0192: 61 20 6F 
   700 00:0195: 76 65 72 72  	db	$76,$65,$72,$72,$75,$6E,$20,$65,$72,$72,
                    $6F,$72,$00,$73,$65
       00:0199: 75 6E 20 65 
       00:019D: 72 72 6F 72 
       00:01A1: 00 73 65 
   701 00:01A4: 72 69 61 6C  	db	$72,$69,$61,$6C,$20,$62,$75,$73,$20,$63,
                    $68,$65,$63,$6B,$73
       00:01A8: 20 62 75 73 
       00:01AC: 20 63 68 65 
       00:01B0: 63 6B 73 
   702 00:01B3: 75 6D 20 65  	db	$75,$6D,$20,$65,$72,$72,$6F,$72,$00,$64,
                    $65,$76,$69,$63,$65
       00:01B7: 72 72 6F 72 
       00:01BB: 00 64 65 76 
       00:01BF: 69 63 65 
   703 00:01C2: 20 64 6F 6E  	db	$20,$64,$6F,$6E,$65,$20,$28,$6F,$70,$65,
                    $72,$61,$74,$69,$6F
       00:01C6: 65 20 28 6F 
       00:01CA: 70 65 72 61 
       00:01CE: 74 69 6F 
   704 00:01D1: 6E 20 69 6E  	db	$6E,$20,$69,$6E,$63,$6F,$6D,$70,$6C,$65,
                    $74,$65,$29,$20,$65
       00:01D5: 63 6F 6D 70 
       00:01D9: 6C 65 74 65 
       00:01DD: 29 20 65 
   705 00:01E0: 72 72 6F 72  	db	$72,$72,$6F,$72,$00,$62,$61,$64,$20,$73,
                    $63,$72,$65,$65,$6E
       00:01E4: 00 62 61 64 
       00:01E8: 20 73 63 72 
       00:01EC: 65 65 6E 
   706 00:01EF: 20 6D 6F 64  	db	$20,$6D,$6F,$64,$65,$20,$6E,$75,$6D,$62,
                    $65,$72,$20,$65,$72
       00:01F3: 65 20 6E 75 
       00:01F7: 6D 62 65 72 
       00:01FB: 20 65 72 
   707 00:01FE: 72 6F 72 00  	db	$72,$6F,$72,$00,$66,$75,$6E,$63,$74,$69,
                    $6F,$6E,$20,$6E,$6F
       00:0202: 66 75 6E 63 
       00:0206: 74 69 6F 6E 
       00:020A: 20 6E 6F 
   708 00:020D: 74 20 69 6D  	db	$74,$20,$69,$6D,$70,$6C,$65,$6D,$65,$6E,
                    $74,$65,$64,$20,$69
       00:0211: 70 6C 65 6D 
       00:0215: 65 6E 74 65 
       00:0219: 64 20 69 
   709 00:021C: 6E 20 68 61  	db	$6E,$20,$68,$61,$6E,$64,$6C,$65,$72,$20,
                    $65,$72,$72,$6F,$72
       00:0220: 6E 64 6C 65 
       00:0224: 72 20 65 72 
       00:0228: 72 6F 72 
   710 00:022B: 00 69 6E 73  	db	$00,$69,$6E,$73,$75,$66,$66,$69,$63,$69,
                    $65,$6E,$74,$20,$6D
       00:022F: 75 66 66 69 
       00:0233: 63 69 65 6E 
       00:0237: 74 20 6D 
   711 00:023A: 65 6D 6F 72  	db	$65,$6D,$6F,$72,$79,$20,$66,$6F,$72,$20,
                    $73,$63,$72,$65,$65
  Mon Aug 16 2021 23:18                                                Page 16


       00:023E: 79 20 66 6F 
       00:0242: 72 20 73 63 
       00:0246: 72 65 65 
   712 00:0249: 6E 20 6D 6F  	db	$6E,$20,$6D,$6F,$64,$65,$20,$65,$72,$72,
                    $6F,$72,$00,$66,$69
       00:024D: 64 65 20 65 
       00:0251: 72 72 6F 72 
       00:0255: 00 66 69 
   713 00:0258: 6C 65 20 6F  	db	$6C,$65,$20,$6F,$72,$20,$64,$69,$72,$65,
                    $63,$74,$6F,$72,$79
       00:025C: 72 20 64 69 
       00:0260: 72 65 63 74 
       00:0264: 6F 72 79 
   714 00:0267: 20 6E 6F 74  	db	$20,$6E,$6F,$74,$20,$66,$6F,$75,$6E,$64,
                    $00,$75,$6E,$6B,$6E
       00:026B: 20 66 6F 75 
       00:026F: 6E 64 00 75 
       00:0273: 6E 6B 6E 
   715 00:0276: 6F 77 6E 20  	db	$6F,$77,$6E,$20,$65,$72,$72,$6F,$72,$00
       00:027A: 65 72 72 6F 
       00:027E: 72 00 
   716 00:0280:              	ends
   717                        	endmod
   718                        	module	printErr
   719                        	code
   720                        	xdef	__printErr
   721                        	func
   722                        __printErr:
   723                        	longa	on
   724                        	longi	on
   725 00:0000: 3B           	tsc
   726 00:0001: 38           	sec
   727 00:0002: E9 02 00     	sbc	#L46
   728 00:0005: 1B           	tcs
   729 00:0006: 0B           	phd
   730 00:0007: 5B           	tcd
   731             00000003   iorc_0	set	3
   732             00000000   s_1	set	0
   733 00:0008: D4 05        	pei	<L46+iorc_0
   734 00:000A: 20 xx xx     	jsr	__getErrorString
   735 00:000D: 85 01        	sta	<L47+s_1
   736 00:000F: 48           	pha
   737 00:0010: 20 xx xx     	jsr	__strlen
   738 00:0013: 48           	pha
   739 00:0014: D4 01        	pei	<L47+s_1
   740 00:0016: F4 00 00     	pea	#<$0
   741 00:0019: 20 xx xx     	jsr	__putchr
   742 00:001C: A5 03        	lda	<L46+1
   743 00:001E: 85 05        	sta	<L46+1+2
   744 00:0020: 2B           	pld
   745 00:0021: 3B           	tsc
   746 00:0022: 18           	clc
   747 00:0023: 69 04 00     	adc	#L46+2
   748 00:0026: 1B           	tcs
   749 00:0027: 60           	rts
   750             00000002   L46	equ	2
   751             00000001   L47	equ	1
   752                        	xref	__strlen
  Mon Aug 16 2021 23:18                                                Page 17


   753                        	xref	__putchr
   754                        	xref	__getErrorString
   755                        	ends
   756                        	efunc
   757                        	endmod


      Lines assembled: 757
      Errors: 0
