  Mon Mar 21 2022 10:50                                                Page 1


                     ***************************************
                     **      WDC 65C816 Macro Assembler   **
                     **                                   **
                     **     Version 3.49.1- Feb  6 2006    **
                     ***************************************

     1                        	module	startup_task
     2                        	
     3                        	code
     4                        	xdef	~~startup_task
     5                        	func
     6                        	
     7                        	XREF	~~task
     8                        	
     9                        ~~startup_task:	
    10 00:0000: 4B           	phk				;save program ba
                    nk
    11 00:0001: AB           	plb				;get data bank =
                     program-bank 	
    12 00:0002: 4C xx xx     	jmp	~~task			;long jump in ca
                    se not bank 0
    13                        		
    14                        	ends
    15                        	efunc
    16                        	endmod
    17                        	
    18                        	data


      Lines assembled: 18
      Errors: 0
