  Sun Jan  9 2022 20:37                                                Page 1


                     ***************************************
                     **      WDC 65C816 Macro Assembler   **
                     **                                   **
                     **     Version 3.49.1- Feb  6 2006    **
                     ***************************************

     1                        ;:ts=8
     2             00000001   R0	equ	1
     3             00000005   R1	equ	5
     4             00000009   R2	equ	9
     5             0000000D   R3	equ	13
     6                        ;#include <stdio.h>
     7                        ;#include <stdlib.h>
     8                        ;#include <string.h>
     9                        ;#include <stdbool.h>
    10                        ;#include "FreeRTOS.h"
    11                        ;#include "task.h"
    12                        ;#include <homebrew.h>
    13                        ;
    14                        ;
    15                        ;int main(int argc, char **argv) {
    16                        	code
    17                        	xdef	~~main
    18                        	func
    19                        ~~main:
    20                        	longa	on
    21                        	longi	on
    22 00:0000: 3B           	tsc
    23 00:0001: 38           	sec
    24 00:0002: E9 04 00     	sbc	#L2
    25 00:0005: 1B           	tcs
    26 00:0006: 0B           	phd
    27 00:0007: 5B           	tcd
    28             00000004   argc_0	set	4
    29             00000006   argv_0	set	6
    30                        ;	
    31                        ;	char *str = malloc(8 * 1024);
    32                        ;
    33                        ;	vTaskList(str);
    34             00000000   str_1	set	0
    35 00:0008: F4 00 00     	pea	#^$2000
    36 00:000B: F4 00 20     	pea	#<$2000
    37 00:000E: 22 xx xx xx  	jsl	~~malloc
    38 00:0012: 85 01        	sta	<L3+str_1
    39 00:0014: 86 03        	stx	<L3+str_1+2
    40 00:0016: D4 03        	pei	<L3+str_1+2
    41 00:0018: D4 01        	pei	<L3+str_1
    42 00:001A: 22 xx xx xx  	jsl	~~vTaskList
    43                        ;	printf("%s", str);
    44 00:001E: D4 03        	pei	<L3+str_1+2
    45 00:0020: D4 01        	pei	<L3+str_1
    46 00:0022: F4 xx xx     	pea	#^L1
    47 00:0025: F4 xx xx     	pea	#<L1
    48 00:0028: F4 0A 00     	pea	#10
    49 00:002B: 22 xx xx xx  	jsl	~~printf
    50                        ;	free(str);
    51 00:002F: D4 03        	pei	<L3+str_1+2
    52 00:0031: D4 01        	pei	<L3+str_1
  Sun Jan  9 2022 20:37                                                Page 2


    53 00:0033: 22 xx xx xx  	jsl	~~free
    54                        ;}
    55 00:0037: A8           	tay
    56 00:0038: A5 06        	lda	<L2+2
    57 00:003A: 85 0C        	sta	<L2+2+6
    58 00:003C: A5 05        	lda	<L2+1
    59 00:003E: 85 0B        	sta	<L2+1+6
    60 00:0040: 2B           	pld
    61 00:0041: 3B           	tsc
    62 00:0042: 18           	clc
    63 00:0043: 69 0A 00     	adc	#L2+6
    64 00:0046: 1B           	tcs
    65 00:0047: 98           	tya
    66 00:0048: 6B           	rtl
    67             00000004   L2	equ	4
    68             00000001   L3	equ	1
    69                        	ends
    70                        	efunc
    71                        	data
    72                        L1:
    73 00:0000: 25 73 00     	db	$25,$73,$00
    74 00:0003:              	ends
    75                        ;
    76                        	xref	~~vTaskList
    77                        	xref	~~free
    78                        	xref	~~malloc
    79                        	xref	~~printf


      Lines assembled: 79
      Errors: 0
