 A=001A X=0000 Y=001A S=249A D=249C B=02 P=04 02/0730 64
 A=001A X=0000 Y=001A S=249A D=249C B=02 P=04 02/0732 64
 A=001A X=0000 Y=001A S=249A D=249C B=02 P=04 02/0734 80
 A=001A X=0000 Y=001A S=249A D=249C B=02 P=04 02/07AF A5
 A=0000 X=0000 Y=001A S=249A D=249C B=02 P=06 02/07B1 C5
 A=0000 X=0000 Y=001A S=249A D=249C B=02 P=84 02/07B3 B0
 A=0000 X=0000 Y=001A S=249A D=249C B=02 P=84 02/07B5 82
 A=0000 X=0000 Y=001A S=249A D=249C B=02 P=84 02/0736 E2
 A=0000 X=0000 Y=001A S=249A D=249C B=02 P=A4 02/0738 A7
 A=008A X=0000 Y=001A S=249A D=249C B=02 P=A4 02/073A 4A
 A=0045 X=0000 Y=001A S=249A D=249C B=02 P=24 02/073B 4A
 A=0022 X=0000 Y=001A S=249A D=249C B=02 P=25 02/073C 4A
 A=0011 X=0000 Y=001A S=249A D=249C B=02 P=24 02/073D 4A
 A=0008 X=0000 Y=001A S=249A D=249C B=02 P=25 02/073E 4A
 A=0004 X=0000 Y=001A S=249A D=249C B=02 P=24 02/073F A4
 A=0004 X=0000 Y=0000 S=249A D=249C B=02 P=26 02/0741 97
 A=0004 X=0000 Y=0000 S=249A D=249C B=02 P=26 02/0743 C2
 A=0004 X=0000 Y=0000 S=249A D=249C B=02 P=06 02/0745 E6
 A=0004 X=0000 Y=0000 S=249A D=249C B=02 P=04 02/0747 D0
 A=0004 X=0000 Y=0000 S=249A D=249C B=02 P=04 02/074B A5
 A=0000 X=0000 Y=0000 S=249A D=249C B=02 P=06 02/074D 85
 A=0000 X=0000 Y=0000 S=249A D=249C B=02 P=06 02/074F 64
 A=0000 X=0000 Y=0000 S=249A D=249C B=02 P=06 02/0751 A5
 A=FC00 X=0000 Y=0000 S=249A D=249C B=02 P=84 02/0753 18
 A=FC00 X=0000 Y=0000 S=249A D=249C B=02 P=84 02/0754 65
 A=FC00 X=0000 Y=0000 S=249A D=249C B=02 P=84 02/0756 85
 A=FC00 X=0000 Y=0000 S=249A D=249C B=02 P=84 02/0758 A5
 A=00FF X=0000 Y=0000 S=249A D=249C B=02 P=04 02/075A 65
 A=00FF X=0000 Y=0000 S=249A D=249C B=02 P=04 02/075C 85
 A=00FF X=0000 Y=0000 S=249A D=249C B=02 P=04 02/075E E2
 A=00FF X=0000 Y=0000 S=249A D=249C B=02 P=24 02/0760 A7
 A=0046 X=0000 Y=0000 S=249A D=249C B=02 P=24 02/0762 4A
 A=0023 X=0000 Y=0000 S=249A D=249C B=02 P=24 02/0763 4A
 A=0011 X=0000 Y=0000 S=249A D=249C B=02 P=25 02/0764 29
 A=0010 X=0000 Y=0000 S=249A D=249C B=02 P=25 02/0766 07
 A=0010 X=0000 Y=0000 S=249A D=249C B=02 P=25 02/0768 87
 A=0010 X=0000 Y=0000 S=249A D=249C B=02 P=25 02/076A C2
 A=0010 X=0000 Y=0000 S=249A D=249C B=02 P=05 02/076C E6
 A=0010 X=0000 Y=0000 S=249A D=249C B=02 P=05 02/076E D0
 A=0010 X=0000 Y=0000 S=249A D=249C B=02 P=05 02/0772 A5
 A=0000 X=0000 Y=0000 S=249A D=249C B=02 P=07 02/0774 85
 A=0000 X=0000 Y=0000 S=249A D=249C B=02 P=07 02/0776 64
 A=0000 X=0000 Y=0000 S=249A D=249C B=02 P=07 02/0778 A5
 A=FC00 X=0000 Y=0000 S=249A D=249C B=02 P=85 02/077A 18
 A=FC00 X=0000 Y=0000 S=249A D=249C B=02 P=84 02/077B 65
 A=FC00 X=0000 Y=0000 S=249A D=249C B=02 P=84 02/077D 85
 A=FC00 X=0000 Y=0000 S=249A D=249C B=02 P=84 02/077F A5
 A=00FF X=0000 Y=0000 S=249A D=249C B=02 P=04 02/0781 65
 A=00FF X=0000 Y=0000 S=249A D=249C B=02 P=04 02/0783 85
 A=00FF X=0000 Y=0000 S=249A D=249C B=02 P=04 02/0785 E2
 A=00FF X=0000 Y=0000 S=249A D=249C B=02 P=24 02/0787 A7
 A=00AE X=0000 Y=0000 S=249A D=249C B=02 P=A4 02/0789 0A
 A=005C X=0000 Y=0000 S=249A D=249C B=02 P=25 02/078A 29
 A=0040 X=0000 Y=0000 S=249A D=249C B=02 P=25 02/078C 07
 A=0040 X=0000 Y=0000 S=249A D=249C B=02 P=25 02/078E 87
 A=0040 X=0000 Y=0000 S=249A D=249C B=02 P=25 02/0790 C2
 A=0040 X=0000 Y=0000 S=249A D=249C B=02 P=05 02/0792 E6
 A=0040 X=0000 Y=0000 S=249A D=249C B=02 P=05 02/0794 A7
 A=3EAE X=0000 Y=0000 S=249A D=249C B=02 P=05 02/0796 A2
 A=3EAE X=0007 Y=0000 S=249A D=249C B=02 P=05 02/0799 22
 A=3EAE X=0007 Y=0000 S=2497 D=249C B=02 P=05 02/0DE4 E2
 A=3EAE X=0007 Y=0000 S=2497 D=249C B=02 P=35 02/0DE6 9B
 A=3EAE X=0007 Y=0007 S=2497 D=249C B=02 P=35 02/0DE7 F0
 A=3EAE X=0007 Y=0007 S=2497 D=249C B=02 P=35 02/0DE9 4A
 A=3E57 X=0007 Y=0007 S=2497 D=249C B=02 P=34 02/0DEA CA
 A=3E57 X=0006 Y=0007 S=2497 D=249C B=02 P=34 02/0DEB D0
 A=3E57 X=0006 Y=0007 S=2497 D=249C B=02 P=34 02/0DE9 4A
 A=3E2B X=0006 Y=0007 S=2497 D=249C B=02 P=35 02/0DEA CA
 A=3E2B X=0005 Y=0007 S=2497 D=249C B=02 P=35 02/0DEB D0
 A=3E2B X=0005 Y=0007 S=2497 D=249C B=02 P=35 02/0DE9 4A
 A=3E15 X=0005 Y=0007 S=2497 D=249C B=02 P=35 02/0DEA CA
 A=3E15 X=0004 Y=0007 S=2497 D=249C B=02 P=35 02/0DEB D0
 A=3E15 X=0004 Y=0007 S=2497 D=249C B=02 P=35 02/0DE9 4A
 A=3E0A X=0004 Y=0007 S=2497 D=249C B=02 P=35 02/0DEA CA
 A=3E0A X=0003 Y=0007 S=2497 D=249C B=02 P=35 02/0DEB D0
 A=3E0A X=0003 Y=0007 S=2497 D=249C B=02 P=35 02/0DE9 4A
 A=3E05 X=0003 Y=0007 S=2497 D=249C B=02 P=34 02/0DEA CA
 A=3E05 X=0002 Y=0007 S=2497 D=249C B=02 P=34 02/0DEB D0
 A=3E05 X=0002 Y=0007 S=2497 D=249C B=02 P=34 02/0DE9 4A
 A=3E02 X=0002 Y=0007 S=2497 D=249C B=02 P=35 02/0DEA CA
 A=3E02 X=0001 Y=0007 S=2497 D=249C B=02 P=35 02/0DEB D0
 A=3E02 X=0001 Y=0007 S=2497 D=249C B=02 P=35 02/0DE9 4A
 A=3E01 X=0001 Y=0007 S=2497 D=249C B=02 P=34 02/0DEA CA
 A=3E01 X=0000 Y=0007 S=2497 D=249C B=02 P=36 02/0DEB D0
 A=3E01 X=0000 Y=0007 S=2497 D=249C B=02 P=36 02/0DED C2
 A=3E01 X=0000 Y=0007 S=2497 D=249C B=02 P=06 02/0DEF 6B
 A=3E01 X=0000 Y=0007 S=249A D=249C B=02 P=06 02/079D E2
 A=3E01 X=0000 Y=0007 S=249A D=249C B=02 P=26 02/079F A4
 A=3E01 X=0000 Y=0001 S=249A D=249C B=02 P=24 02/07A1 97
 A=3E01 X=0000 Y=0001 S=249A D=249C B=02 P=24 02/07A3 C2
 A=3E01 X=0000 Y=0001 S=249A D=249C B=02 P=04 02/07A5 E6
 A=3E01 X=0000 Y=0001 S=249A D=249C B=02 P=04 02/07A7 D0
 A=3E01 X=0000 Y=0001 S=249A D=249C B=02 P=04 02/07AB E6
 A=3E01 X=0000 Y=0001 S=249A D=249C B=02 P=04 02/07AD E6
 A=3E01 X=0000 Y=0001 S=249A D=249C B=02 P=04 02/07AF A5
 A=0001 X=0000 Y=0001 S=249A D=249C B=02 P=04 02/07B1 C5
 A=0001 X=0000 Y=0001 S=249A D=249C B=02 P=84 02/07B3 B0
 A=0001 X=0000 Y=0001 S=249A D=249C B=02 P=84 02/07B5 82
 A=0001 X=0000 Y=0001 S=249A D=249C B=02 P=84 02/0736 E2
 A=0001 X=0000 Y=0001 S=249A D=249C B=02 P=A4 02/0738 A7
 A=003E X=0000 Y=0001 S=249A D=249C B=02 P=24 02/073A 4A
 A=001F X=0000 Y=0001 S=249A D=249C B=02 P=24 02/073B 4A
 A=000F X=0000 Y=0001 S=249A D=249C B=02 P=25 02/073C 4A
 A=0007 X=0000 Y=0001 S=249A D=249C B=02 P=25 02/073D 4A
 A=0003 X=0000 Y=0001 S=249A D=249C B=02 P=25 02/073E 4A
 A=0001 X=0000 Y=0001 S=249A D=249C B=02 P=25 02/073F A4
 A=0001 X=0000 Y=0002 S=249A D=249C B=02 P=25 02/0741 97
 A=0001 X=0000 Y=0002 S=249A D=249C B=02 P=25 02/0743 C2
 A=0001 X=0000 Y=0002 S=249A D=249C B=02 P=05 02/0745 E6
 A=0001 X=0000 Y=0002 S=249A D=249C B=02 P=05 02/0747 D0
 A=0001 X=0000 Y=0002 S=249A D=249C B=02 P=05 02/074B A5
 A=0002 X=0000 Y=0002 S=249A D=249C B=02 P=05 02/074D 85
 A=0002 X=0000 Y=0002 S=249A D=249C B=02 P=05 02/074F 64
 A=0002 X=0000 Y=0002 S=249A D=249C B=02 P=05 02/0751 A5
 A=FC00 X=0000 Y=0002 S=249A D=249C B=02 P=85 02/0753 18
 A=FC00 X=0000 Y=0002 S=249A D=249C B=02 P=84 02/0754 65
 A=FC02 X=0000 Y=0002 S=249A D=249C B=02 P=84 02/0756 85
 A=FC02 X=0000 Y=0002 S=249A D=249C B=02 P=84 02/0758 A5
 A=00FF X=0000 Y=0002 S=249A D=249C B=02 P=04 02/075A 65
 A=00FF X=0000 Y=0002 S=249A D=249C B=02 P=04 02/075C 85
 A=00FF X=0000 Y=0002 S=249A D=249C B=02 P=04 02/075E E2
 A=00FF X=0000 Y=0002 S=249A D=249C B=02 P=24 02/0760 A7
 A=0031 X=0000 Y=0002 S=249A D=249C B=02 P=24 02/0762 4A
 A=0018 X=0000 Y=0002 S=249A D=249C B=02 P=25 02/0763 4A
 A=000C X=0000 Y=0002 S=249A D=249C B=02 P=24 02/0764 29
 A=0008 X=0000 Y=0002 S=249A D=249C B=02 P=24 02/0766 07
 A=0008 X=0000 Y=0002 S=249A D=249C B=02 P=24 02/0768 87
 A=0008 X=0000 Y=0002 S=249A D=249C B=02 P=24 02/076A C2
 A=0008 X=0000 Y=0002 S=249A D=249C B=02 P=04 02/076C E6
 A=0008 X=0000 Y=0002 S=249A D=249C B=02 P=04 02/076E D0
 A=0008 X=0000 Y=0002 S=249A D=249C B=02 P=04 02/0772 A5
 A=0002 X=0000 Y=0002 S=249A D=249C B=02 P=04 02/0774 85
 A=0002 X=0000 Y=0002 S=249A D=249C B=02 P=04 02/0776 64
 A=0002 X=0000 Y=0002 S=249A D=249C B=02 P=04 02/0778 A5
 A=FC00 X=0000 Y=0002 S=249A D=249C B=02 P=84 02/077A 18
 A=FC00 X=0000 Y=0002 S=249A D=249C B=02 P=84 02/077B 65
 A=FC02 X=0000 Y=0002 S=249A D=249C B=02 P=84 02/077D 85
 A=FC02 X=0000 Y=0002 S=249A D=249C B=02 P=84 02/077F A5
 A=00FF X=0000 Y=0002 S=249A D=249C B=02 P=04 02/0781 65
 A=00FF X=0000 Y=0002 S=249A D=249C B=02 P=04 02/0783 85
 A=00FF X=0000 Y=0002 S=249A D=249C B=02 P=04 02/0785 E2
 A=00FF X=0000 Y=0002 S=249A D=249C B=02 P=24 02/0787 A7
 A=00A2 X=0000 Y=0002 S=249A D=249C B=02 P=A4 02/0789 0A
 A=0044 X=0000 Y=0002 S=249A D=249C B=02 P=25 02/078A 29
 A=0040 X=0000 Y=0002 S=249A D=249C B=02 P=25 02/078C 07
 A=0040 X=0000 Y=0002 S=249A D=249C B=02 P=25 02/078E 87
 A=0040 X=0000 Y=0002 S=249A D=249C B=02 P=25 02/0790 C2
 A=0040 X=0000 Y=0002 S=249A D=249C B=02 P=05 02/0792 E6
 A=0040 X=0000 Y=0002 S=249A D=249C B=02 P=05 02/0794 A7
 A=7CA2 X=0000 Y=0002 S=249A D=249C B=02 P=05 02/0796 A2
 A=7CA2 X=0007 Y=0002 S=249A D=249C B=02 P=05 02/0799 22
 A=7CA2 X=0007 Y=0002 S=2497 D=249C B=02 P=05 02/0DE4 E2
 A=7CA2 X=0007 Y=0002 S=2497 D=249C B=02 P=35 02/0DE6 9B
 A=7CA2 X=0007 Y=0007 S=2497 D=249C B=02 P=35 02/0DE7 F0
 A=7CA2 X=0007 Y=0007 S=2497 D=249C B=02 P=35 02/0DE9 4A
 A=7C51 X=0007 Y=0007 S=2497 D=249C B=02 P=34 02/0DEA CA
 A=7C51 X=0006 Y=0007 S=2497 D=249C B=02 P=34 02/0DEB D0
 A=7C51 X=0006 Y=0007 S=2497 D=249C B=02 P=34 02/0DE9 4A
 A=7C28 X=0006 Y=0007 S=2497 D=249C B=02 P=35 02/0DEA CA
 A=7C28 X=0005 Y=0007 S=2497 D=249C B=02 P=35 02/0DEB D0
 A=7C28 X=0005 Y=0007 S=2497 D=249C B=02 P=35 02/0DE9 4A
 A=7C14 X=0005 Y=0007 S=2497 D=249C B=02 P=34 02/0DEA CA
 A=7C14 X=0004 Y=0007 S=2497 D=249C B=02 P=34 02/0DEB D0
 A=7C14 X=0004 Y=0007 S=2497 D=249C B=02 P=34 02/0DE9 4A
 A=7C0A X=0004 Y=0007 S=2497 D=249C B=02 P=34 02/0DEA CA
 A=7C0A X=0003 Y=0007 S=2497 D=249C B=02 P=34 02/0DEB D0
 A=7C0A X=0003 Y=0007 S=2497 D=249C B=02 P=34 02/0DE9 4A
 A=7C05 X=0003 Y=0007 S=2497 D=249C B=02 P=34 02/0DEA CA
 A=7C05 X=0002 Y=0007 S=2497 D=249C B=02 P=34 02/0DEB D0
 A=7C05 X=0002 Y=0007 S=2497 D=249C B=02 P=34 02/0DE9 4A
 A=7C02 X=0002 Y=0007 S=2497 D=249C B=02 P=35 02/0DEA CA
 A=7C02 X=0001 Y=0007 S=2497 D=249C B=02 P=35 02/0DEB D0
 A=7C02 X=0001 Y=0007 S=2497 D=249C B=02 P=35 02/0DE9 4A
 A=7C01 X=0001 Y=0007 S=2497 D=249C B=02 P=34 02/0DEA CA
 A=7C01 X=0000 Y=0007 S=2497 D=249C B=02 P=36 02/0DEB D0
 A=7C01 X=0000 Y=0007 S=2497 D=249C B=02 P=36 02/0DED C2
 A=7C01 X=0000 Y=0007 S=2497 D=249C B=02 P=06 02/0DEF 6B
 A=7C01 X=0000 Y=0007 S=249A D=249C B=02 P=06 02/079D E2
 A=7C01 X=0000 Y=0007 S=249A D=249C B=02 P=26 02/079F A4
 A=7C01 X=0000 Y=0003 S=249A D=249C B=02 P=24 02/07A1 97
 A=7C01 X=0000 Y=0003 S=249A D=249C B=02 P=24 02/07A3 C2
 A=7C01 X=0000 Y=0003 S=249A D=249C B=02 P=04 02/07A5 E6
 A=7C01 X=0000 Y=0003 S=249A D=249C B=02 P=04 02/07A7 D0
 A=7C01 X=0000 Y=0003 S=249A D=249C B=02 P=04 02/07AB E6
 A=7C01 X=0000 Y=0003 S=249A D=249C B=02 P=04 02/07AD E6
 A=7C01 X=0000 Y=0003 S=249A D=249C B=02 P=04 02/07AF A5
 A=0002 X=0000 Y=0003 S=249A D=249C B=02 P=04 02/07B1 C5
 A=0002 X=0000 Y=0003 S=249A D=249C B=02 P=84 02/07B3 B0
 A=0002 X=0000 Y=0003 S=249A D=249C B=02 P=84 02/07B5 82
 A=0002 X=0000 Y=0003 S=249A D=249C B=02 P=84 02/0736 E2
 A=0002 X=0000 Y=0003 S=249A D=249C B=02 P=A4 02/0738 A7
 A=007C X=0000 Y=0003 S=249A D=249C B=02 P=24 02/073A 4A
 A=003E X=0000 Y=0003 S=249A D=249C B=02 P=24 02/073B 4A
 A=001F X=0000 Y=0003 S=249A D=249C B=02 P=24 02/073C 4A
 A=000F X=0000 Y=0003 S=249A D=249C B=02 P=25 02/073D 4A
 A=0007 X=0000 Y=0003 S=249A D=249C B=02 P=25 02/073E 4A
 A=0003 X=0000 Y=0003 S=249A D=249C B=02 P=25 02/073F A4
 A=0003 X=0000 Y=0004 S=249A D=249C B=02 P=25 02/0741 97
 A=0003 X=0000 Y=0004 S=249A D=249C B=02 P=25 02/0743 C2
 A=0003 X=0000 Y=0004 S=249A D=249C B=02 P=05 02/0745 E6
 A=0003 X=0000 Y=0004 S=249A D=249C B=02 P=05 02/0747 D0
 A=0003 X=0000 Y=0004 S=249A D=249C B=02 P=05 02/074B A5
 A=0004 X=0000 Y=0004 S=249A D=249C B=02 P=05 02/074D 85
 A=0004 X=0000 Y=0004 S=249A D=249C B=02 P=05 02/074F 64
 A=0004 X=0000 Y=0004 S=249A D=249C B=02 P=05 02/0751 A5
 A=FC00 X=0000 Y=0004 S=249A D=249C B=02 P=85 02/0753 18
 A=FC00 X=0000 Y=0004 S=249A D=249C B=02 P=84 02/0754 65
 A=FC04 X=0000 Y=0004 S=249A D=249C B=02 P=84 02/0756 85
 A=FC04 X=0000 Y=0004 S=249A D=249C B=02 P=84 02/0758 A5
 A=00FF X=0000 Y=0004 S=249A D=249C B=02 P=04 02/075A 65
 A=00FF X=0000 Y=0004 S=249A D=249C B=02 P=04 02/075C 85
 A=00FF X=0000 Y=0004 S=249A D=249C B=02 P=04 02/075E E2
 A=00FF X=0000 Y=0004 S=249A D=249C B=02 P=24 02/0760 A7
 A=0070 X=0000 Y=0004 S=249A D=249C B=02 P=24 02/0762 4A
 A=0038 X=0000 Y=0004 S=249A D=249C B=02 P=24 02/0763 4A
 A=001C X=0000 Y=0004 S=249A D=249C B=02 P=24 02/0764 29
 A=0018 X=0000 Y=0004 S=249A D=249C B=02 P=24 02/0766 07
 A=0018 X=0000 Y=0004 S=249A D=249C B=02 P=24 02/0768 87
 A=0018 X=0000 Y=0004 S=249A D=249C B=02 P=24 02/076A C2
 A=0018 X=0000 Y=0004 S=249A D=249C B=02 P=04 02/076C E6
 A=0018 X=0000 Y=0004 S=249A D=249C B=02 P=04 02/076E D0
 A=0018 X=0000 Y=0004 S=249A D=249C B=02 P=04 02/0772 A5
 A=0004 X=0000 Y=0004 S=249A D=249C B=02 P=04 02/0774 85
 A=0004 X=0000 Y=0004 S=249A D=249C B=02 P=04 02/0776 64
 A=0004 X=0000 Y=0004 S=249A D=249C B=02 P=04 02/0778 A5
 A=FC00 X=0000 Y=0004 S=249A D=249C B=02 P=84 02/077A 18
 A=FC00 X=0000 Y=0004 S=249A D=249C B=02 P=84 02/077B 65
 A=FC04 X=0000 Y=0004 S=249A D=249C B=02 P=84 02/077D 85
 A=FC04 X=0000 Y=0004 S=249A D=249C B=02 P=84 02/077F A5
 A=00FF X=0000 Y=0004 S=249A D=249C B=02 P=04 02/0781 65
 A=00FF X=0000 Y=0004 S=249A D=249C B=02 P=04 02/0783 85
 A=00FF X=0000 Y=0004 S=249A D=249C B=02 P=04 02/0785 E2
 A=00FF X=0000 Y=0004 S=249A D=249C B=02 P=24 02/0787 A7
 A=00DA X=0000 Y=0004 S=249A D=249C B=02 P=A4 02/0789 0A
 A=00B4 X=0000 Y=0004 S=249A D=249C B=02 P=A5 02/078A 29
 A=0080 X=0000 Y=0004 S=249A D=249C B=02 P=A5 02/078C 07
 A=0080 X=0000 Y=0004 S=249A D=249C B=02 P=A5 02/078E 87
 A=0080 X=0000 Y=0004 S=249A D=249C B=02 P=A5 02/0790 C2
 A=0080 X=0000 Y=0004 S=249A D=249C B=02 P=85 02/0792 E6
 A=0080 X=0000 Y=0004 S=249A D=249C B=02 P=05 02/0794 A7
 A=68DA X=0000 Y=0004 S=249A D=249C B=02 P=05 02/0796 A2
 A=68DA X=0007 Y=0004 S=249A D=249C B=02 P=05 02/0799 22
 A=68DA X=0007 Y=0004 S=2497 D=249C B=02 P=05 02/0DE4 E2
 A=68DA X=0007 Y=0004 S=2497 D=249C B=02 P=35 02/0DE6 9B
 A=68DA X=0007 Y=0007 S=2497 D=249C B=02 P=35 02/0DE7 F0
 A=68DA X=0007 Y=0007 S=2497 D=249C B=02 P=35 02/0DE9 4A
 A=686D X=0007 Y=0007 S=2497 D=249C B=02 P=34 02/0DEA CA
 A=686D X=0006 Y=0007 S=2497 D=249C B=02 P=34 02/0DEB D0
 A=686D X=0006 Y=0007 S=2497 D=249C B=02 P=34 02/0DE9 4A
 A=6836 X=0006 Y=0007 S=2497 D=249C B=02 P=35 02/0DEA CA
 A=6836 X=0005 Y=0007 S=2497 D=249C B=02 P=35 02/0DEB D0
 A=6836 X=0005 Y=0007 S=2497 D=249C B=02 P=35 02/0DE9 4A
 A=681B X=0005 Y=0007 S=2497 D=249C B=02 P=34 02/0DEA CA
 A=681B X=0004 Y=0007 S=2497 D=249C B=02 P=34 02/0DEB D0
 A=681B X=0004 Y=0007 S=2497 D=249C B=02 P=34 02/0DE9 4A
 A=680D X=0004 Y=0007 S=2497 D=249C B=02 P=35 02/0DEA CA
 A=680D X=0003 Y=0007 S=2497 D=249C B=02 P=35 02/0DEB D0
 A=680D X=0003 Y=0007 S=2497 D=249C B=02 P=35 02/0DE9 4A
 A=6806 X=0003 Y=0007 S=2497 D=249C B=02 P=35 02/0DEA CA
 A=6806 X=0002 Y=0007 S=2497 D=249C B=02 P=35 02/0DEB D0
 A=6806 X=0002 Y=0007 S=2497 D=249C B=02 P=35 02/0DE9 4A
 A=6803 X=0002 Y=0007 S=2497 D=249C B=02 P=34 02/0DEA CA
 A=6803 X=0001 Y=0007 S=2497 D=249C B=02 P=34 02/0DEB D0
 A=6803 X=0001 Y=0007 S=2497 D=249C B=02 P=34 02/0DE9 4A
 A=6801 X=0001 Y=0007 S=2497 D=249C B=02 P=35 02/0DEA CA
 A=6801 X=0000 Y=0007 S=2497 D=249C B=02 P=37 02/0DEB D0
 A=6801 X=0000 Y=0007 S=2497 D=249C B=02 P=37 02/0DED C2
 A=6801 X=0000 Y=0007 S=2497 D=249C B=02 P=07 02/0DEF 6B
 A=6801 X=0000 Y=0007 S=249A D=249C B=02 P=07 02/079D E2
 A=6801 X=0000 Y=0007 S=249A D=249C B=02 P=27 02/079F A4
 A=6801 X=0000 Y=0005 S=249A D=249C B=02 P=25 02/07A1 97
 A=6801 X=0000 Y=0005 S=249A D=249C B=02 P=25 02/07A3 C2
 A=6801 X=0000 Y=0005 S=249A D=249C B=02 P=05 02/07A5 E6
 A=6801 X=0000 Y=0005 S=249A D=249C B=02 P=05 02/07A7 D0
 A=6801 X=0000 Y=0005 S=249A D=249C B=02 P=05 02/07AB E6
 A=6801 X=0000 Y=0005 S=249A D=249C B=02 P=05 02/07AD E6
 A=6801 X=0000 Y=0005 S=249A D=249C B=02 P=05 02/07AF A5
 A=0003 X=0000 Y=0005 S=249A D=249C B=02 P=05 02/07B1 C5
 A=0003 X=0000 Y=0005 S=249A D=249C B=02 P=84 02/07B3 B0
 A=0003 X=0000 Y=0005 S=249A D=249C B=02 P=84 02/07B5 82
 A=0003 X=0000 Y=0005 S=249A D=249C B=02 P=84 02/0736 E2
 A=0003 X=0000 Y=0005 S=249A D=249C B=02 P=A4 02/0738 A7
 A=0068 X=0000 Y=0005 S=249A D=249C B=02 P=24 02/073A 4A
 A=0034 X=0000 Y=0005 S=249A D=249C B=02 P=24 02/073B 4A
 A=001A X=0000 Y=0005 S=249A D=249C B=02 P=24 02/073C 4A
 A=000D X=0000 Y=0005 S=249A D=249C B=02 P=24 02/073D 4A
 A=0006 X=0000 Y=0005 S=249A D=249C B=02 P=25 02/073E 4A
 A=0003 X=0000 Y=0005 S=249A D=249C B=02 P=24 02/073F A4
 A=0003 X=0000 Y=0006 S=249A D=249C B=02 P=24 02/0741 97
 A=0003 X=0000 Y=0006 S=249A D=249C B=02 P=24 02/0743 C2
 A=0003 X=0000 Y=0006 S=249A D=249C B=02 P=04 02/0745 E6
 A=0003 X=0000 Y=0006 S=249A D=249C B=02 P=04 02/0747 D0
 A=0003 X=0000 Y=0006 S=249A D=249C B=02 P=04 02/074B A5
 A=0006 X=0000 Y=0006 S=249A D=249C B=02 P=04 02/074D 85
 A=0006 X=0000 Y=0006 S=249A D=249C B=02 P=04 02/074F 64
 A=0006 X=0000 Y=0006 S=249A D=249C B=02 P=04 02/0751 A5
 A=FC00 X=0000 Y=0006 S=249A D=249C B=02 P=84 02/0753 18
 A=FC00 X=0000 Y=0006 S=249A D=249C B=02 P=84 02/0754 65
 A=FC06 X=0000 Y=0006 S=249A D=249C B=02 P=84 02/0756 85
 A=FC06 X=0000 Y=0006 S=249A D=249C B=02 P=84 02/0758 A5
 A=00FF X=0000 Y=0006 S=249A D=249C B=02 P=04 02/075A 65
 A=00FF X=0000 Y=0006 S=249A D=249C B=02 P=04 02/075C 85
 A=00FF X=0000 Y=0006 S=249A D=249C B=02 P=04 02/075E E2
 A=00FF X=0000 Y=0006 S=249A D=249C B=02 P=24 02/0760 A7
 A=00A9 X=0000 Y=0006 S=249A D=249C B=02 P=A4 02/0762 4A
 A=0054 X=0000 Y=0006 S=249A D=249C B=02 P=25 02/0763 4A
 A=002A X=0000 Y=0006 S=249A D=249C B=02 P=24 02/0764 29
 A=0028 X=0000 Y=0006 S=249A D=249C B=02 P=24 02/0766 07
 A=0028 X=0000 Y=0006 S=249A D=249C B=02 P=24 02/0768 87
 A=0028 X=0000 Y=0006 S=249A D=249C B=02 P=24 02/076A C2
 A=0028 X=0000 Y=0006 S=249A D=249C B=02 P=04 02/076C E6
 A=0028 X=0000 Y=0006 S=249A D=249C B=02 P=04 02/076E D0
 A=0028 X=0000 Y=0006 S=249A D=249C B=02 P=04 02/0772 A5
 A=0006 X=0000 Y=0006 S=249A D=249C B=02 P=04 02/0774 85
 A=0006 X=0000 Y=0006 S=249A D=249C B=02 P=04 02/0776 64
 A=0006 X=0000 Y=0006 S=249A D=249C B=02 P=04 02/0778 A5
 A=FC00 X=0000 Y=0006 S=249A D=249C B=02 P=84 02/077A 18
 A=FC00 X=0000 Y=0006 S=249A D=249C B=02 P=84 02/077B 65
 A=FC06 X=0000 Y=0006 S=249A D=249C B=02 P=84 02/077D 85
 A=FC06 X=0000 Y=0006 S=249A D=249C B=02 P=84 02/077F A5
 A=00FF X=0000 Y=0006 S=249A D=249C B=02 P=04 02/0781 65
 A=00FF X=0000 Y=0006 S=249A D=249C B=02 P=04 02/0783 85
 A=00FF X=0000 Y=0006 S=249A D=249C B=02 P=04 02/0785 E2
 A=00FF X=0000 Y=0006 S=249A D=249C B=02 P=24 02/0787 A7
 A=0041 X=0000 Y=0006 S=249A D=249C B=02 P=24 02/0789 0A
 A=0082 X=0000 Y=0006 S=249A D=249C B=02 P=A4 02/078A 29
 A=0080 X=0000 Y=0006 S=249A D=249C B=02 P=A4 02/078C 07
 A=0080 X=0000 Y=0006 S=249A D=249C B=02 P=A4 02/078E 87
 A=0080 X=0000 Y=0006 S=249A D=249C B=02 P=A4 02/0790 C2
 A=0080 X=0000 Y=0006 S=249A D=249C B=02 P=84 02/0792 E6
 A=0080 X=0000 Y=0006 S=249A D=249C B=02 P=04 02/0794 A7
 A=D041 X=0000 Y=0006 S=249A D=249C B=02 P=84 02/0796 A2
 A=D041 X=0007 Y=0006 S=249A D=249C B=02 P=04 02/0799 22
 A=D041 X=0007 Y=0006 S=2497 D=249C B=02 P=04 02/0DE4 E2
 A=D041 X=0007 Y=0006 S=2497 D=249C B=02 P=34 02/0DE6 9B
 A=D041 X=0007 Y=0007 S=2497 D=249C B=02 P=34 02/0DE7 F0
 A=D041 X=0007 Y=0007 S=2497 D=249C B=02 P=34 02/0DE9 4A
 A=D020 X=0007 Y=0007 S=2497 D=249C B=02 P=35 02/0DEA CA
 A=D020 X=0006 Y=0007 S=2497 D=249C B=02 P=35 02/0DEB D0
 A=D020 X=0006 Y=0007 S=2497 D=249C B=02 P=35 02/0DE9 4A
 A=D010 X=0006 Y=0007 S=2497 D=249C B=02 P=34 02/0DEA CA
 A=D010 X=0005 Y=0007 S=2497 D=249C B=02 P=34 02/0DEB D0
 A=D010 X=0005 Y=0007 S=2497 D=249C B=02 P=34 02/0DE9 4A
 A=D008 X=0005 Y=0007 S=2497 D=249C B=02 P=34 02/0DEA CA
 A=D008 X=0004 Y=0007 S=2497 D=249C B=02 P=34 02/0DEB D0
 A=D008 X=0004 Y=0007 S=2497 D=249C B=02 P=34 02/0DE9 4A
 A=D004 X=0004 Y=0007 S=2497 D=249C B=02 P=34 02/0DEA CA
 A=D004 X=0003 Y=0007 S=2497 D=249C B=02 P=34 02/0DEB D0
 A=D004 X=0003 Y=0007 S=2497 D=249C B=02 P=34 02/0DE9 4A
 A=D002 X=0003 Y=0007 S=2497 D=249C B=02 P=34 02/0DEA CA
 A=D002 X=0002 Y=0007 S=2497 D=249C B=02 P=34 02/0DEB D0
 A=D002 X=0002 Y=0007 S=2497 D=249C B=02 P=34 02/0DE9 4A
 A=D001 X=0002 Y=0007 S=2497 D=249C B=02 P=34 02/0DEA CA
 A=D001 X=0001 Y=0007 S=2497 D=249C B=02 P=34 02/0DEB D0
 A=D001 X=0001 Y=0007 S=2497 D=249C B=02 P=34 02/0DE9 4A
 A=D000 X=0001 Y=0007 S=2497 D=249C B=02 P=37 02/0DEA CA
 A=D000 X=0000 Y=0007 S=2497 D=249C B=02 P=37 02/0DEB D0
 A=D000 X=0000 Y=0007 S=2497 D=249C B=02 P=37 02/0DED C2
 A=D000 X=0000 Y=0007 S=2497 D=249C B=02 P=07 02/0DEF 6B
 A=D000 X=0000 Y=0007 S=249A D=249C B=02 P=07 02/079D E2
 A=D000 X=0000 Y=0007 S=249A D=249C B=02 P=27 02/079F A4
 A=D000 X=0000 Y=0007 S=249A D=249C B=02 P=25 02/07A1 97
 A=D000 X=0000 Y=0007 S=249A D=249C B=02 P=25 02/07A3 C2
 A=D000 X=0000 Y=0007 S=249A D=249C B=02 P=05 02/07A5 E6
 A=D000 X=0000 Y=0007 S=249A D=249C B=02 P=05 02/07A7 D0
 A=D000 X=0000 Y=0007 S=249A D=249C B=02 P=05 02/07AB E6
 A=D000 X=0000 Y=0007 S=249A D=249C B=02 P=05 02/07AD E6
 A=D000 X=0000 Y=0007 S=249A D=249C B=02 P=05 02/07AF A5
 A=0004 X=0000 Y=0007 S=249A D=249C B=02 P=05 02/07B1 C5
 A=0004 X=0000 Y=0007 S=249A D=249C B=02 P=84 02/07B3 B0
 A=0004 X=0000 Y=0007 S=249A D=249C B=02 P=84 02/07B5 82
 A=0004 X=0000 Y=0007 S=249A D=249C B=02 P=84 02/0736 E2
 A=0004 X=0000 Y=0007 S=249A D=249C B=02 P=A4 02/0738 A7
 A=00D0 X=0000 Y=0007 S=249A D=249C B=02 P=A4 02/073A 4A
 A=0068 X=0000 Y=0007 S=249A D=249C B=02 P=24 02/073B 4A
 A=0034 X=0000 Y=0007 S=249A D=249C B=02 P=24 02/073C 4A
 A=001A X=0000 Y=0007 S=249A D=249C B=02 P=24 02/073D 4A
 A=000D X=0000 Y=0007 S=249A D=249C B=02 P=24 02/073E 4A
 A=0006 X=0000 Y=0007 S=249A D=249C B=02 P=25 02/073F A4
 A=0006 X=0000 Y=0008 S=249A D=249C B=02 P=25 02/0741 97
 A=0006 X=0000 Y=0008 S=249A D=249C B=02 P=25 02/0743 C2
 A=0006 X=0000 Y=0008 S=249A D=249C B=02 P=05 02/0745 E6
 A=0006 X=0000 Y=0008 S=249A D=249C B=02 P=05 02/0747 D0
 A=0006 X=0000 Y=0008 S=249A D=249C B=02 P=05 02/074B A5
 A=0008 X=0000 Y=0008 S=249A D=249C B=02 P=05 02/074D 85
 A=0008 X=0000 Y=0008 S=249A D=249C B=02 P=05 02/074F 64
 A=0008 X=0000 Y=0008 S=249A D=249C B=02 P=05 02/0751 A5
 A=FC00 X=0000 Y=0008 S=249A D=249C B=02 P=85 02/0753 18
 A=FC00 X=0000 Y=0008 S=249A D=249C B=02 P=84 02/0754 65
 A=FC08 X=0000 Y=0008 S=249A D=249C B=02 P=84 02/0756 85
 A=FC08 X=0000 Y=0008 S=249A D=249C B=02 P=84 02/0758 A5
 A=00FF X=0000 Y=0008 S=249A D=249C B=02 P=04 02/075A 65
 A=00FF X=0000 Y=0008 S=249A D=249C B=02 P=04 02/075C 85
 A=00FF X=0000 Y=0008 S=249A D=249C B=02 P=04 02/075E E2
 A=00FF X=0000 Y=0008 S=249A D=249C B=02 P=24 02/0760 A7
 A=00DC X=0000 Y=0008 S=249A D=249C B=02 P=A4 02/0762 4A
 A=006E X=0000 Y=0008 S=249A D=249C B=02 P=24 02/0763 4A
 A=0037 X=0000 Y=0008 S=249A D=249C B=02 P=24 02/0764 29
 A=0030 X=0000 Y=0008 S=249A D=249C B=02 P=24 02/0766 07
 A=0030 X=0000 Y=0008 S=249A D=249C B=02 P=24 02/0768 87
 A=0030 X=0000 Y=0008 S=249A D=249C B=02 P=24 02/076A C2
 A=0030 X=0000 Y=0008 S=249A D=249C B=02 P=04 02/076C E6
 A=0030 X=0000 Y=0008 S=249A D=249C B=02 P=04 02/076E D0
 A=0030 X=0000 Y=0008 S=249A D=249C B=02 P=04 02/0772 A5
 A=0008 X=0000 Y=0008 S=249A D=249C B=02 P=04 02/0774 85
 A=0008 X=0000 Y=0008 S=249A D=249C B=02 P=04 02/0776 64
 A=0008 X=0000 Y=0008 S=249A D=249C B=02 P=04 02/0778 A5
 A=FC00 X=0000 Y=0008 S=249A D=249C B=02 P=84 02/077A 18
 A=FC00 X=0000 Y=0008 S=249A D=249C B=02 P=84 02/077B 65
 A=FC08 X=0000 Y=0008 S=249A D=249C B=02 P=84 02/077D 85
 A=FC08 X=0000 Y=0008 S=249A D=249C B=02 P=84 02/077F A5
 A=00FF X=0000 Y=0008 S=249A D=249C B=02 P=04 02/0781 65
 A=00FF X=0000 Y=0008 S=249A D=249C B=02 P=04 02/0783 85
 A=00FF X=0000 Y=0008 S=249A D=249C B=02 P=04 02/0785 E2
 A=00FF X=0000 Y=0008 S=249A D=249C B=02 P=24 02/0787 A7
 A=0071 X=0000 Y=0008 S=249A D=249C B=02 P=24 02/0789 0A
 A=00E2 X=0000 Y=0008 S=249A D=249C B=02 P=A4 02/078A 29
 A=00C0 X=0000 Y=0008 S=249A D=249C B=02 P=A4 02/078C 07
 A=00C0 X=0000 Y=0008 S=249A D=249C B=02 P=A4 02/078E 87
 A=00C0 X=0000 Y=0008 S=249A D=249C B=02 P=A4 02/0790 C2
 A=00C0 X=0000 Y=0008 S=249A D=249C B=02 P=84 02/0792 E6
 A=00C0 X=0000 Y=0008 S=249A D=249C B=02 P=04 02/0794 A7
 A=5C71 X=0000 Y=0008 S=249A D=249C B=02 P=04 02/0796 A2
 A=5C71 X=0007 Y=0008 S=249A D=249C B=02 P=04 02/0799 22
 A=5C71 X=0007 Y=0008 S=2497 D=249C B=02 P=04 02/0DE4 E2
 A=5C71 X=0007 Y=0008 S=2497 D=249C B=02 P=34 02/0DE6 9B
 A=5C71 X=0007 Y=0007 S=2497 D=249C B=02 P=34 02/0DE7 F0
 A=5C71 X=0007 Y=0007 S=2497 D=249C B=02 P=34 02/0DE9 4A
 A=5C38 X=0007 Y=0007 S=2497 D=249C B=02 P=35 02/0DEA CA
 A=5C38 X=0006 Y=0007 S=2497 D=249C B=02 P=35 02/0DEB D0
 A=5C38 X=0006 Y=0007 S=2497 D=249C B=02 P=35 02/0DE9 4A
 A=5C1C X=0006 Y=0007 S=2497 D=249C B=02 P=34 02/0DEA CA
 A=5C1C X=0005 Y=0007 S=2497 D=249C B=02 P=34 02/0DEB D0
 A=5C1C X=0005 Y=0007 S=2497 D=249C B=02 P=34 02/0DE9 4A
 A=5C0E X=0005 Y=0007 S=2497 D=249C B=02 P=34 02/0DEA CA
 A=5C0E X=0004 Y=0007 S=2497 D=249C B=02 P=34 02/0DEB D0
 A=5C0E X=0004 Y=0007 S=2497 D=249C B=02 P=34 02/0DE9 4A
 A=5C07 X=0004 Y=0007 S=2497 D=249C B=02 P=34 02/0DEA CA
 A=5C07 X=0003 Y=0007 S=2497 D=249C B=02 P=34 02/0DEB D0
 A=5C07 X=0003 Y=0007 S=2497 D=249C B=02 P=34 02/0DE9 4A
 A=5C03 X=0003 Y=0007 S=2497 D=249C B=02 P=35 02/0DEA CA
 A=5C03 X=0002 Y=0007 S=2497 D=249C B=02 P=35 02/0DEB D0
 A=5C03 X=0002 Y=0007 S=2497 D=249C B=02 P=35 02/0DE9 4A
 A=5C01 X=0002 Y=0007 S=2497 D=249C B=02 P=35 02/0DEA CA
 A=5C01 X=0001 Y=0007 S=2497 D=249C B=02 P=35 02/0DEB D0
 A=5C01 X=0001 Y=0007 S=2497 D=249C B=02 P=35 02/0DE9 4A
 A=5C00 X=0001 Y=0007 S=2497 D=249C B=02 P=37 02/0DEA CA
 A=5C00 X=0000 Y=0007 S=2497 D=249C B=02 P=37 02/0DEB D0
 A=5C00 X=0000 Y=0007 S=2497 D=249C B=02 P=37 02/0DED C2
 A=5C00 X=0000 Y=0007 S=2497 D=249C B=02 P=07 02/0DEF 6B
 A=5C00 X=0000 Y=0007 S=249A D=249C B=02 P=07 02/079D E2
 A=5C00 X=0000 Y=0007 S=249A D=249C B=02 P=27 02/079F A4
 A=5C00 X=0000 Y=0009 S=249A D=249C B=02 P=25 02/07A1 97
 A=5C00 X=0000 Y=0009 S=249A D=249C B=02 P=25 02/07A3 C2
 A=5C00 X=0000 Y=0009 S=249A D=249C B=02 P=05 02/07A5 E6
 A=5C00 X=0000 Y=0009 S=249A D=249C B=02 P=05 02/07A7 D0
 A=5C00 X=0000 Y=0009 S=249A D=249C B=02 P=05 02/07AB E6
 A=5C00 X=0000 Y=0009 S=249A D=249C B=02 P=05 02/07AD E6
 A=5C00 X=0000 Y=0009 S=249A D=249C B=02 P=05 02/07AF A5
 A=0005 X=0000 Y=0009 S=249A D=249C B=02 P=05 02/07B1 C5
 A=0005 X=0000 Y=0009 S=249A D=249C B=02 P=84 02/07B3 B0
 A=0005 X=0000 Y=0009 S=249A D=249C B=02 P=84 02/07B5 82
 A=0005 X=0000 Y=0009 S=249A D=249C B=02 P=84 02/0736 E2
 A=0005 X=0000 Y=0009 S=249A D=249C B=02 P=A4 02/0738 A7
 A=005C X=0000 Y=0009 S=249A D=249C B=02 P=24 02/073A 4A
 A=002E X=0000 Y=0009 S=249A D=249C B=02 P=24 02/073B 4A
 A=0017 X=0000 Y=0009 S=249A D=249C B=02 P=24 02/073C 4A
 A=000B X=0000 Y=0009 S=249A D=249C B=02 P=25 02/073D 4A
 A=0005 X=0000 Y=0009 S=249A D=249C B=02 P=25 02/073E 4A
 A=0002 X=0000 Y=0009 S=249A D=249C B=02 P=25 02/073F A4
 A=0002 X=0000 Y=000A S=249A D=249C B=02 P=25 02/0741 97
 A=0002 X=0000 Y=000A S=249A D=249C B=02 P=25 02/0743 C2
 A=0002 X=0000 Y=000A S=249A D=249C B=02 P=05 02/0745 E6
 A=0002 X=0000 Y=000A S=249A D=249C B=02 P=05 02/0747 D0
 A=0002 X=0000 Y=000A S=249A D=249C B=02 P=05 02/074B A5
 A=000A X=0000 Y=000A S=249A D=249C B=02 P=05 02/074D 85
 A=000A X=0000 Y=000A S=249A D=249C B=02 P=05 02/074F 64
 A=000A X=0000 Y=000A S=249A D=249C B=02 P=05 02/0751 A5
 A=FC00 X=0000 Y=000A S=249A D=249C B=02 P=85 02/0753 18
 A=FC00 X=0000 Y=000A S=249A D=249C B=02 P=84 02/0754 65
 A=FC0A X=0000 Y=000A S=249A D=249C B=02 P=84 02/0756 85
 A=FC0A X=0000 Y=000A S=249A D=249C B=02 P=84 02/0758 A5
 A=00FF X=0000 Y=000A S=249A D=249C B=02 P=04 02/075A 65
 A=00FF X=0000 Y=000A S=249A D=249C B=02 P=04 02/075C 85
 A=00FF X=0000 Y=000A S=249A D=249C B=02 P=04 02/075E E2
 A=00FF X=0000 Y=000A S=249A D=249C B=02 P=24 02/0760 A7
 A=0047 X=0000 Y=000A S=249A D=249C B=02 P=24 02/0762 4A
 A=0023 X=0000 Y=000A S=249A D=249C B=02 P=25 02/0763 4A
 A=0011 X=0000 Y=000A S=249A D=249C B=02 P=25 02/0764 29
 A=0010 X=0000 Y=000A S=249A D=249C B=02 P=25 02/0766 07
 A=0010 X=0000 Y=000A S=249A D=249C B=02 P=25 02/0768 87
 A=0010 X=0000 Y=000A S=249A D=249C B=02 P=25 02/076A C2
 A=0010 X=0000 Y=000A S=249A D=249C B=02 P=05 02/076C E6
 A=0010 X=0000 Y=000A S=249A D=249C B=02 P=05 02/076E D0
 A=0010 X=0000 Y=000A S=249A D=249C B=02 P=05 02/0772 A5
 A=000A X=0000 Y=000A S=249A D=249C B=02 P=05 02/0774 85
 A=000A X=0000 Y=000A S=249A D=249C B=02 P=05 02/0776 64
 A=000A X=0000 Y=000A S=249A D=249C B=02 P=05 02/0778 A5
 A=FC00 X=0000 Y=000A S=249A D=249C B=02 P=85 02/077A 18
 A=FC00 X=0000 Y=000A S=249A D=249C B=02 P=84 02/077B 65
 A=FC0A X=0000 Y=000A S=249A D=249C B=02 P=84 02/077D 85
 A=FC0A X=0000 Y=000A S=249A D=249C B=02 P=84 02/077F A5
 A=00FF X=0000 Y=000A S=249A D=249C B=02 P=04 02/0781 65
 A=00FF X=0000 Y=000A S=249A D=249C B=02 P=04 02/0783 85
 A=00FF X=0000 Y=000A S=249A D=249C B=02 P=04 02/0785 E2
 A=00FF X=0000 Y=000A S=249A D=249C B=02 P=24 02/0787 A7
 A=0000 X=0000 Y=000A S=249A D=249C B=02 P=26 02/0789 0A
 A=0000 X=0000 Y=000A S=249A D=249C B=02 P=26 02/078A 29
 A=0000 X=0000 Y=000A S=249A D=249C B=02 P=26 02/078C 07
 A=0000 X=0000 Y=000A S=249A D=249C B=02 P=26 02/078E 87
 A=0000 X=0000 Y=000A S=249A D=249C B=02 P=26 02/0790 C2
 A=0000 X=0000 Y=000A S=249A D=249C B=02 P=06 02/0792 E6
 A=0000 X=0000 Y=000A S=249A D=249C B=02 P=04 02/0794 A7
 A=9000 X=0000 Y=000A S=249A D=249C B=02 P=84 02/0796 A2
 A=9000 X=0007 Y=000A S=249A D=249C B=02 P=04 02/0799 22
 A=9000 X=0007 Y=000A S=2497 D=249C B=02 P=04 02/0DE4 E2
 A=9000 X=0007 Y=000A S=2497 D=249C B=02 P=34 02/0DE6 9B
 A=9000 X=0007 Y=0007 S=2497 D=249C B=02 P=34 02/0DE7 F0
 A=9000 X=0007 Y=0007 S=2497 D=249C B=02 P=34 02/0DE9 4A
 A=9000 X=0007 Y=0007 S=2497 D=249C B=02 P=36 02/0DEA CA
 A=9000 X=0006 Y=0007 S=2497 D=249C B=02 P=34 02/0DEB D0
 A=9000 X=0006 Y=0007 S=2497 D=249C B=02 P=34 02/0DE9 4A
 A=9000 X=0006 Y=0007 S=2497 D=249C B=02 P=36 02/0DEA CA
 A=9000 X=0005 Y=0007 S=2497 D=249C B=02 P=34 02/0DEB D0
 A=9000 X=0005 Y=0007 S=2497 D=249C B=02 P=34 02/0DE9 4A
 A=9000 X=0005 Y=0007 S=2497 D=249C B=02 P=36 02/0DEA CA
 A=9000 X=0004 Y=0007 S=2497 D=249C B=02 P=34 02/0DEB D0
 A=9000 X=0004 Y=0007 S=2497 D=249C B=02 P=34 02/0DE9 4A
 A=9000 X=0004 Y=0007 S=2497 D=249C B=02 P=36 02/0DEA CA
 A=9000 X=0003 Y=0007 S=2497 D=249C B=02 P=34 02/0DEB D0
 A=9000 X=0003 Y=0007 S=2497 D=249C B=02 P=34 02/0DE9 4A
 A=9000 X=0003 Y=0007 S=2497 D=249C B=02 P=36 02/0DEA CA
 A=9000 X=0002 Y=0007 S=2497 D=249C B=02 P=34 02/0DEB D0
 A=9000 X=0002 Y=0007 S=2497 D=249C B=02 P=34 02/0DE9 4A
 A=9000 X=0002 Y=0007 S=2497 D=249C B=02 P=36 02/0DEA CA
 A=9000 X=0001 Y=0007 S=2497 D=249C B=02 P=34 02/0DEB D0
 A=9000 X=0001 Y=0007 S=2497 D=249C B=02 P=34 02/0DE9 4A
 A=9000 X=0001 Y=0007 S=2497 D=249C B=02 P=36 02/0DEA CA
 A=9000 X=0000 Y=0007 S=2497 D=249C B=02 P=36 02/0DEB D0
 A=9000 X=0000 Y=0007 S=2497 D=249C B=02 P=36 02/0DED C2
 A=9000 X=0000 Y=0007 S=2497 D=249C B=02 P=06 02/0DEF 6B
 A=9000 X=0000 Y=0007 S=249A D=249C B=02 P=06 02/079D E2
 A=9000 X=0000 Y=0007 S=249A D=249C B=02 P=26 02/079F A4
 A=9000 X=0000 Y=000B S=249A D=249C B=02 P=24 02/07A1 97
 A=9000 X=0000 Y=000B S=249A D=249C B=02 P=24 02/07A3 C2
 A=9000 X=0000 Y=000B S=249A D=249C B=02 P=04 02/07A5 E6
 A=9000 X=0000 Y=000B S=249A D=249C B=02 P=04 02/07A7 D0
 A=9000 X=0000 Y=000B S=249A D=249C B=02 P=04 02/07AB E6
 A=9000 X=0000 Y=000B S=249A D=249C B=02 P=04 02/07AD E6
 A=9000 X=0000 Y=000B S=249A D=249C B=02 P=04 02/07AF A5
 A=0006 X=0000 Y=000B S=249A D=249C B=02 P=04 02/07B1 C5
 A=0006 X=0000 Y=000B S=249A D=249C B=02 P=84 02/07B3 B0
 A=0006 X=0000 Y=000B S=249A D=249C B=02 P=84 02/07B5 82
 A=0006 X=0000 Y=000B S=249A D=249C B=02 P=84 02/0736 E2
 A=0006 X=0000 Y=000B S=249A D=249C B=02 P=A4 02/0738 A7
 A=0090 X=0000 Y=000B S=249A D=249C B=02 P=A4 02/073A 4A
 A=0048 X=0000 Y=000B S=249A D=249C B=02 P=24 02/073B 4A
 A=0024 X=0000 Y=000B S=249A D=249C B=02 P=24 02/073C 4A
 A=0012 X=0000 Y=000B S=249A D=249C B=02 P=24 02/073D 4A
 A=0009 X=0000 Y=000B S=249A D=249C B=02 P=24 02/073E 4A
 A=0004 X=0000 Y=000B S=249A D=249C B=02 P=25 02/073F A4
 A=0004 X=0000 Y=000C S=249A D=249C B=02 P=25 02/0741 97
 A=0004 X=0000 Y=000C S=249A D=249C B=02 P=25 02/0743 C2
 A=0004 X=0000 Y=000C S=249A D=249C B=02 P=05 02/0745 E6
 A=0004 X=0000 Y=000C S=249A D=249C B=02 P=05 02/0747 D0
 A=0004 X=0000 Y=000C S=249A D=249C B=02 P=05 02/074B A5
 A=000C X=0000 Y=000C S=249A D=249C B=02 P=05 02/074D 85
 A=000C X=0000 Y=000C S=249A D=249C B=02 P=05 02/074F 64
 A=000C X=0000 Y=000C S=249A D=249C B=02 P=05 02/0751 A5
 A=FC00 X=0000 Y=000C S=249A D=249C B=02 P=85 02/0753 18
 A=FC00 X=0000 Y=000C S=249A D=249C B=02 P=84 02/0754 65
 A=FC0C X=0000 Y=000C S=249A D=249C B=02 P=84 02/0756 85
 A=FC0C X=0000 Y=000C S=249A D=249C B=02 P=84 02/0758 A5
 A=00FF X=0000 Y=000C S=249A D=249C B=02 P=04 02/075A 65
 A=00FF X=0000 Y=000C S=249A D=249C B=02 P=04 02/075C 85
 A=00FF X=0000 Y=000C S=249A D=249C B=02 P=04 02/075E E2
 A=00FF X=0000 Y=000C S=249A D=249C B=02 P=24 02/0760 A7
 A=005F X=0000 Y=000C S=249A D=249C B=02 P=24 02/0762 4A
 A=002F X=0000 Y=000C S=249A D=249C B=02 P=25 02/0763 4A
 A=0017 X=0000 Y=000C S=249A D=249C B=02 P=25 02/0764 29
 A=0010 X=0000 Y=000C S=249A D=249C B=02 P=25 02/0766 07
 A=0010 X=0000 Y=000C S=249A D=249C B=02 P=25 02/0768 87
 A=0010 X=0000 Y=000C S=249A D=249C B=02 P=25 02/076A C2
 A=0010 X=0000 Y=000C S=249A D=249C B=02 P=05 02/076C E6
 A=0010 X=0000 Y=000C S=249A D=249C B=02 P=05 02/076E D0
 A=0010 X=0000 Y=000C S=249A D=249C B=02 P=05 02/0772 A5
 A=000C X=0000 Y=000C S=249A D=249C B=02 P=05 02/0774 85
 A=000C X=0000 Y=000C S=249A D=249C B=02 P=05 02/0776 64
 A=000C X=0000 Y=000C S=249A D=249C B=02 P=05 02/0778 A5
 A=FC00 X=0000 Y=000C S=249A D=249C B=02 P=85 02/077A 18
 A=FC00 X=0000 Y=000C S=249A D=249C B=02 P=84 02/077B 65
 A=FC0C X=0000 Y=000C S=249A D=249C B=02 P=84 02/077D 85
 A=FC0C X=0000 Y=000C S=249A D=249C B=02 P=84 02/077F A5
 A=00FF X=0000 Y=000C S=249A D=249C B=02 P=04 02/0781 65
 A=00FF X=0000 Y=000C S=249A D=249C B=02 P=04 02/0783 85
 A=00FF X=0000 Y=000C S=249A D=249C B=02 P=04 02/0785 E2
 A=00FF X=0000 Y=000C S=249A D=249C B=02 P=24 02/0787 A7
 A=0025 X=0000 Y=000C S=249A D=249C B=02 P=24 02/0789 0A
 A=004A X=0000 Y=000C S=249A D=249C B=02 P=24 02/078A 29
 A=0040 X=0000 Y=000C S=249A D=249C B=02 P=24 02/078C 07
 A=0040 X=0000 Y=000C S=249A D=249C B=02 P=24 02/078E 87
 A=0040 X=0000 Y=000C S=249A D=249C B=02 P=24 02/0790 C2
 A=0040 X=0000 Y=000C S=249A D=249C B=02 P=04 02/0792 E6
 A=0040 X=0000 Y=000C S=249A D=249C B=02 P=04 02/0794 A7
 A=8925 X=0000 Y=000C S=249A D=249C B=02 P=84 02/0796 A2
 A=8925 X=0007 Y=000C S=249A D=249C B=02 P=04 02/0799 22
 A=8925 X=0007 Y=000C S=2497 D=249C B=02 P=04 02/0DE4 E2
 A=8925 X=0007 Y=000C S=2497 D=249C B=02 P=34 02/0DE6 9B
 A=8925 X=0007 Y=0007 S=2497 D=249C B=02 P=34 02/0DE7 F0
 A=8925 X=0007 Y=0007 S=2497 D=249C B=02 P=34 02/0DE9 4A
 A=8912 X=0007 Y=0007 S=2497 D=249C B=02 P=35 02/0DEA CA
 A=8912 X=0006 Y=0007 S=2497 D=249C B=02 P=35 02/0DEB D0
 A=8912 X=0006 Y=0007 S=2497 D=249C B=02 P=35 02/0DE9 4A
 A=8909 X=0006 Y=0007 S=2497 D=249C B=02 P=34 02/0DEA CA
 A=8909 X=0005 Y=0007 S=2497 D=249C B=02 P=34 02/0DEB D0
 A=8909 X=0005 Y=0007 S=2497 D=249C B=02 P=34 02/0DE9 4A
 A=8904 X=0005 Y=0007 S=2497 D=249C B=02 P=35 02/0DEA CA
 A=8904 X=0004 Y=0007 S=2497 D=249C B=02 P=35 02/0DEB D0
 A=8904 X=0004 Y=0007 S=2497 D=249C B=02 P=35 02/0DE9 4A
 A=8902 X=0004 Y=0007 S=2497 D=249C B=02 P=34 02/0DEA CA
 A=8902 X=0003 Y=0007 S=2497 D=249C B=02 P=34 02/0DEB D0
 A=8902 X=0003 Y=0007 S=2497 D=249C B=02 P=34 02/0DE9 4A
 A=8901 X=0003 Y=0007 S=2497 D=249C B=02 P=34 02/0DEA CA
 A=8901 X=0002 Y=0007 S=2497 D=249C B=02 P=34 02/0DEB D0
 A=8901 X=0002 Y=0007 S=2497 D=249C B=02 P=34 02/0DE9 4A
 A=8900 X=0002 Y=0007 S=2497 D=249C B=02 P=37 02/0DEA CA
 A=8900 X=0001 Y=0007 S=2497 D=249C B=02 P=35 02/0DEB D0
 A=8900 X=0001 Y=0007 S=2497 D=249C B=02 P=35 02/0DE9 4A
 A=8900 X=0001 Y=0007 S=2497 D=249C B=02 P=36 02/0DEA CA
 A=8900 X=0000 Y=0007 S=2497 D=249C B=02 P=36 02/0DEB D0
 A=8900 X=0000 Y=0007 S=2497 D=249C B=02 P=36 02/0DED C2
 A=8900 X=0000 Y=0007 S=2497 D=249C B=02 P=06 02/0DEF 6B
 A=8900 X=0000 Y=0007 S=249A D=249C B=02 P=06 02/079D E2
 A=8900 X=0000 Y=0007 S=249A D=249C B=02 P=26 02/079F A4
 A=8900 X=0000 Y=000D S=249A D=249C B=02 P=24 02/07A1 97
 A=8900 X=0000 Y=000D S=249A D=249C B=02 P=24 02/07A3 C2
 A=8900 X=0000 Y=000D S=249A D=249C B=02 P=04 02/07A5 E6
 A=8900 X=0000 Y=000D S=249A D=249C B=02 P=04 02/07A7 D0
 A=8900 X=0000 Y=000D S=249A D=249C B=02 P=04 02/07AB E6
 A=8900 X=0000 Y=000D S=249A D=249C B=02 P=04 02/07AD E6
 A=8900 X=0000 Y=000D S=249A D=249C B=02 P=04 02/07AF A5
 A=0007 X=0000 Y=000D S=249A D=249C B=02 P=04 02/07B1 C5
 A=0007 X=0000 Y=000D S=249A D=249C B=02 P=84 02/07B3 B0
 A=0007 X=0000 Y=000D S=249A D=249C B=02 P=84 02/07B5 82
 A=0007 X=0000 Y=000D S=249A D=249C B=02 P=84 02/0736 E2
 A=0007 X=0000 Y=000D S=249A D=249C B=02 P=A4 02/0738 A7
 A=0089 X=0000 Y=000D S=249A D=249C B=02 P=A4 02/073A 4A
 A=0044 X=0000 Y=000D S=249A D=249C B=02 P=25 02/073B 4A
 A=0022 X=0000 Y=000D S=249A D=249C B=02 P=24 02/073C 4A
 A=0011 X=0000 Y=000D S=249A D=249C B=02 P=24 02/073D 4A
 A=0008 X=0000 Y=000D S=249A D=249C B=02 P=25 02/073E 4A
 A=0004 X=0000 Y=000D S=249A D=249C B=02 P=24 02/073F A4
 A=0004 X=0000 Y=000E S=249A D=249C B=02 P=24 02/0741 97
 A=0004 X=0000 Y=000E S=249A D=249C B=02 P=24 02/0743 C2
 A=0004 X=0000 Y=000E S=249A D=249C B=02 P=04 02/0745 E6
 A=0004 X=0000 Y=000E S=249A D=249C B=02 P=04 02/0747 D0
 A=0004 X=0000 Y=000E S=249A D=249C B=02 P=04 02/074B A5
 A=000E X=0000 Y=000E S=249A D=249C B=02 P=04 02/074D 85
 A=000E X=0000 Y=000E S=249A D=249C B=02 P=04 02/074F 64
 A=000E X=0000 Y=000E S=249A D=249C B=02 P=04 02/0751 A5
 A=FC00 X=0000 Y=000E S=249A D=249C B=02 P=84 02/0753 18
 A=FC00 X=0000 Y=000E S=249A D=249C B=02 P=84 02/0754 65
 A=FC0E X=0000 Y=000E S=249A D=249C B=02 P=84 02/0756 85
 A=FC0E X=0000 Y=000E S=249A D=249C B=02 P=84 02/0758 A5
 A=00FF X=0000 Y=000E S=249A D=249C B=02 P=04 02/075A 65
 A=00FF X=0000 Y=000E S=249A D=249C B=02 P=04 02/075C 85
 A=00FF X=0000 Y=000E S=249A D=249C B=02 P=04 02/075E E2
 A=00FF X=0000 Y=000E S=249A D=249C B=02 P=24 02/0760 A7
 A=0040 X=0000 Y=000E S=249A D=249C B=02 P=24 02/0762 4A
 A=0020 X=0000 Y=000E S=249A D=249C B=02 P=24 02/0763 4A
 A=0010 X=0000 Y=000E S=249A D=249C B=02 P=24 02/0764 29
 A=0010 X=0000 Y=000E S=249A D=249C B=02 P=24 02/0766 07
 A=0010 X=0000 Y=000E S=249A D=249C B=02 P=24 02/0768 87
 A=0010 X=0000 Y=000E S=249A D=249C B=02 P=24 02/076A C2
 A=0010 X=0000 Y=000E S=249A D=249C B=02 P=04 02/076C E6
 A=0010 X=0000 Y=000E S=249A D=249C B=02 P=04 02/076E D0
 A=0010 X=0000 Y=000E S=249A D=249C B=02 P=04 02/0772 A5
 A=000E X=0000 Y=000E S=249A D=249C B=02 P=04 02/0774 85
 A=000E X=0000 Y=000E S=249A D=249C B=02 P=04 02/0776 64
 A=000E X=0000 Y=000E S=249A D=249C B=02 P=04 02/0778 A5
 A=FC00 X=0000 Y=000E S=249A D=249C B=02 P=84 02/077A 18
 A=FC00 X=0000 Y=000E S=249A D=249C B=02 P=84 02/077B 65
 A=FC0E X=0000 Y=000E S=249A D=249C B=02 P=84 02/077D 85
 A=FC0E X=0000 Y=000E S=249A D=249C B=02 P=84 02/077F A5
 A=00FF X=0000 Y=000E S=249A D=249C B=02 P=04 02/0781 65
 A=00FF X=0000 Y=000E S=249A D=249C B=02 P=04 02/0783 85
 A=00FF X=0000 Y=000E S=249A D=249C B=02 P=04 02/0785 E2
 A=00FF X=0000 Y=000E S=249A D=249C B=02 P=24 02/0787 A7
 A=0036 X=0000 Y=000E S=249A D=249C B=02 P=24 02/0789 0A
 A=006C X=0000 Y=000E S=249A D=249C B=02 P=24 02/078A 29
 A=0040 X=0000 Y=000E S=249A D=249C B=02 P=24 02/078C 07
 A=0040 X=0000 Y=000E S=249A D=249C B=02 P=24 02/078E 87
 A=0040 X=0000 Y=000E S=249A D=249C B=02 P=24 02/0790 C2
 A=0040 X=0000 Y=000E S=249A D=249C B=02 P=04 02/0792 E6
 A=0040 X=0000 Y=000E S=249A D=249C B=02 P=04 02/0794 A7
 A=BB36 X=0000 Y=000E S=249A D=249C B=02 P=84 02/0796 A2
 A=BB36 X=0007 Y=000E S=249A D=249C B=02 P=04 02/0799 22
 A=BB36 X=0007 Y=000E S=2497 D=249C B=02 P=04 02/0DE4 E2
 A=BB36 X=0007 Y=000E S=2497 D=249C B=02 P=34 02/0DE6 9B
 A=BB36 X=0007 Y=0007 S=2497 D=249C B=02 P=34 02/0DE7 F0
 A=BB36 X=0007 Y=0007 S=2497 D=249C B=02 P=34 02/0DE9 4A
 A=BB1B X=0007 Y=0007 S=2497 D=249C B=02 P=34 02/0DEA CA
 A=BB1B X=0006 Y=0007 S=2497 D=249C B=02 P=34 02/0DEB D0
 A=BB1B X=0006 Y=0007 S=2497 D=249C B=02 P=34 02/0DE9 4A
 A=BB0D X=0006 Y=0007 S=2497 D=249C B=02 P=35 02/0DEA CA
 A=BB0D X=0005 Y=0007 S=2497 D=249C B=02 P=35 02/0DEB D0
 A=BB0D X=0005 Y=0007 S=2497 D=249C B=02 P=35 02/0DE9 4A
 A=BB06 X=0005 Y=0007 S=2497 D=249C B=02 P=35 02/0DEA CA
 A=BB06 X=0004 Y=0007 S=2497 D=249C B=02 P=35 02/0DEB D0
 A=BB06 X=0004 Y=0007 S=2497 D=249C B=02 P=35 02/0DE9 4A
 A=BB03 X=0004 Y=0007 S=2497 D=249C B=02 P=34 02/0DEA CA
 A=BB03 X=0003 Y=0007 S=2497 D=249C B=02 P=34 02/0DEB D0
 A=BB03 X=0003 Y=0007 S=2497 D=249C B=02 P=34 02/0DE9 4A
 A=BB01 X=0003 Y=0007 S=2497 D=249C B=02 P=35 02/0DEA CA
 A=BB01 X=0002 Y=0007 S=2497 D=249C B=02 P=35 02/0DEB D0
 A=BB01 X=0002 Y=0007 S=2497 D=249C B=02 P=35 02/0DE9 4A
 A=BB00 X=0002 Y=0007 S=2497 D=249C B=02 P=37 02/0DEA CA
 A=BB00 X=0001 Y=0007 S=2497 D=249C B=02 P=35 02/0DEB D0
 A=BB00 X=0001 Y=0007 S=2497 D=249C B=02 P=35 02/0DE9 4A
 A=BB00 X=0001 Y=0007 S=2497 D=249C B=02 P=36 02/0DEA CA
 A=BB00 X=0000 Y=0007 S=2497 D=249C B=02 P=36 02/0DEB D0
 A=BB00 X=0000 Y=0007 S=2497 D=249C B=02 P=36 02/0DED C2
 A=BB00 X=0000 Y=0007 S=2497 D=249C B=02 P=06 02/0DEF 6B
 A=BB00 X=0000 Y=0007 S=249A D=249C B=02 P=06 02/079D E2
 A=BB00 X=0000 Y=0007 S=249A D=249C B=02 P=26 02/079F A4
 A=BB00 X=0000 Y=000F S=249A D=249C B=02 P=24 02/07A1 97
 A=BB00 X=0000 Y=000F S=249A D=249C B=02 P=24 02/07A3 C2
 A=BB00 X=0000 Y=000F S=249A D=249C B=02 P=04 02/07A5 E6
 A=BB00 X=0000 Y=000F S=249A D=249C B=02 P=04 02/07A7 D0
 A=BB00 X=0000 Y=000F S=249A D=249C B=02 P=04 02/07AB E6
 A=BB00 X=0000 Y=000F S=249A D=249C B=02 P=04 02/07AD E6
 A=BB00 X=0000 Y=000F S=249A D=249C B=02 P=04 02/07AF A5
 A=0008 X=0000 Y=000F S=249A D=249C B=02 P=04 02/07B1 C5
 A=0008 X=0000 Y=000F S=249A D=249C B=02 P=84 02/07B3 B0
 A=0008 X=0000 Y=000F S=249A D=249C B=02 P=84 02/07B5 82
 A=0008 X=0000 Y=000F S=249A D=249C B=02 P=84 02/0736 E2
 A=0008 X=0000 Y=000F S=249A D=249C B=02 P=A4 02/0738 A7
 A=00BB X=0000 Y=000F S=249A D=249C B=02 P=A4 02/073A 4A
 A=005D X=0000 Y=000F S=249A D=249C B=02 P=25 02/073B 4A
 A=002E X=0000 Y=000F S=249A D=249C B=02 P=25 02/073C 4A
 A=0017 X=0000 Y=000F S=249A D=249C B=02 P=24 02/073D 4A
 A=000B X=0000 Y=000F S=249A D=249C B=02 P=25 02/073E 4A
 A=0005 X=0000 Y=000F S=249A D=249C B=02 P=25 02/073F A4
 A=0005 X=0000 Y=0010 S=249A D=249C B=02 P=25 02/0741 97
 A=0005 X=0000 Y=0010 S=249A D=249C B=02 P=25 02/0743 C2
 A=0005 X=0000 Y=0010 S=249A D=249C B=02 P=05 02/0745 E6
 A=0005 X=0000 Y=0010 S=249A D=249C B=02 P=05 02/0747 D0
 A=0005 X=0000 Y=0010 S=249A D=249C B=02 P=05 02/074B A5
 A=0010 X=0000 Y=0010 S=249A D=249C B=02 P=05 02/074D 85
 A=0010 X=0000 Y=0010 S=249A D=249C B=02 P=05 02/074F 64
 A=0010 X=0000 Y=0010 S=249A D=249C B=02 P=05 02/0751 A5
 A=FC00 X=0000 Y=0010 S=249A D=249C B=02 P=85 02/0753 18
 A=FC00 X=0000 Y=0010 S=249A D=249C B=02 P=84 02/0754 65
 A=FC10 X=0000 Y=0010 S=249A D=249C B=02 P=84 02/0756 85
 A=FC10 X=0000 Y=0010 S=249A D=249C B=02 P=84 02/0758 A5
 A=00FF X=0000 Y=0010 S=249A D=249C B=02 P=04 02/075A 65
 A=00FF X=0000 Y=0010 S=249A D=249C B=02 P=04 02/075C 85
 A=00FF X=0000 Y=0010 S=249A D=249C B=02 P=04 02/075E E2
 A=00FF X=0000 Y=0010 S=249A D=249C B=02 P=24 02/0760 A7
 A=0077 X=0000 Y=0010 S=249A D=249C B=02 P=24 02/0762 4A
 A=003B X=0000 Y=0010 S=249A D=249C B=02 P=25 02/0763 4A
 A=001D X=0000 Y=0010 S=249A D=249C B=02 P=25 02/0764 29
 A=0018 X=0000 Y=0010 S=249A D=249C B=02 P=25 02/0766 07
 A=0018 X=0000 Y=0010 S=249A D=249C B=02 P=25 02/0768 87
 A=0018 X=0000 Y=0010 S=249A D=249C B=02 P=25 02/076A C2
 A=0018 X=0000 Y=0010 S=249A D=249C B=02 P=05 02/076C E6
 A=0018 X=0000 Y=0010 S=249A D=249C B=02 P=05 02/076E D0
 A=0018 X=0000 Y=0010 S=249A D=249C B=02 P=05 02/0772 A5
 A=0010 X=0000 Y=0010 S=249A D=249C B=02 P=05 02/0774 85
 A=0010 X=0000 Y=0010 S=249A D=249C B=02 P=05 02/0776 64
 A=0010 X=0000 Y=0010 S=249A D=249C B=02 P=05 02/0778 A5
 A=FC00 X=0000 Y=0010 S=249A D=249C B=02 P=85 02/077A 18
 A=FC00 X=0000 Y=0010 S=249A D=249C B=02 P=84 02/077B 65
 A=FC10 X=0000 Y=0010 S=249A D=249C B=02 P=84 02/077D 85
 A=FC10 X=0000 Y=0010 S=249A D=249C B=02 P=84 02/077F A5
 A=00FF X=0000 Y=0010 S=249A D=249C B=02 P=04 02/0781 65
 A=00FF X=0000 Y=0010 S=249A D=249C B=02 P=04 02/0783 85
 A=00FF X=0000 Y=0010 S=249A D=249C B=02 P=04 02/0785 E2
 A=00FF X=0000 Y=0010 S=249A D=249C B=02 P=24 02/0787 A7
 A=006D X=0000 Y=0010 S=249A D=249C B=02 P=24 02/0789 0A
 A=00DA X=0000 Y=0010 S=249A D=249C B=02 P=A4 02/078A 29
 A=00C0 X=0000 Y=0010 S=249A D=249C B=02 P=A4 02/078C 07
 A=00C0 X=0000 Y=0010 S=249A D=249C B=02 P=A4 02/078E 87
 A=00C0 X=0000 Y=0010 S=249A D=249C B=02 P=A4 02/0790 C2
 A=00C0 X=0000 Y=0010 S=249A D=249C B=02 P=84 02/0792 E6
 A=00C0 X=0000 Y=0010 S=249A D=249C B=02 P=04 02/0794 A7
 A=FF6D X=0000 Y=0010 S=249A D=249C B=02 P=84 02/0796 A2
 A=FF6D X=0007 Y=0010 S=249A D=249C B=02 P=04 02/0799 22
 A=FF6D X=0007 Y=0010 S=2497 D=249C B=02 P=04 02/0DE4 E2
 A=FF6D X=0007 Y=0010 S=2497 D=249C B=02 P=34 02/0DE6 9B
 A=FF6D X=0007 Y=0007 S=2497 D=249C B=02 P=34 02/0DE7 F0
 A=FF6D X=0007 Y=0007 S=2497 D=249C B=02 P=34 02/0DE9 4A
 A=FF36 X=0007 Y=0007 S=2497 D=249C B=02 P=35 02/0DEA CA
 A=FF36 X=0006 Y=0007 S=2497 D=249C B=02 P=35 02/0DEB D0
 A=FF36 X=0006 Y=0007 S=2497 D=249C B=02 P=35 02/0DE9 4A
 A=FF1B X=0006 Y=0007 S=2497 D=249C B=02 P=34 02/0DEA CA
 A=FF1B X=0005 Y=0007 S=2497 D=249C B=02 P=34 02/0DEB D0
 A=FF1B X=0005 Y=0007 S=2497 D=249C B=02 P=34 02/0DE9 4A
 A=FF0D X=0005 Y=0007 S=2497 D=249C B=02 P=35 02/0DEA CA
 A=FF0D X=0004 Y=0007 S=2497 D=249C B=02 P=35 02/0DEB D0
 A=FF0D X=0004 Y=0007 S=2497 D=249C B=02 P=35 02/0DE9 4A
 A=FF06 X=0004 Y=0007 S=2497 D=249C B=02 P=35 02/0DEA CA
 A=FF06 X=0003 Y=0007 S=2497 D=249C B=02 P=35 02/0DEB D0
 A=FF06 X=0003 Y=0007 S=2497 D=249C B=02 P=35 02/0DE9 4A
 A=FF03 X=0003 Y=0007 S=2497 D=249C B=02 P=34 02/0DEA CA
 A=FF03 X=0002 Y=0007 S=2497 D=249C B=02 P=34 02/0DEB D0
 A=FF03 X=0002 Y=0007 S=2497 D=249C B=02 P=34 02/0DE9 4A
 A=FF01 X=0002 Y=0007 S=2497 D=249C B=02 P=35 02/0DEA CA
 A=FF01 X=0001 Y=0007 S=2497 D=249C B=02 P=35 02/0DEB D0
 A=FF01 X=0001 Y=0007 S=2497 D=249C B=02 P=35 02/0DE9 4A
 A=FF00 X=0001 Y=0007 S=2497 D=249C B=02 P=37 02/0DEA CA
 A=FF00 X=0000 Y=0007 S=2497 D=249C B=02 P=37 02/0DEB D0
 A=FF00 X=0000 Y=0007 S=2497 D=249C B=02 P=37 02/0DED C2
 A=FF00 X=0000 Y=0007 S=2497 D=249C B=02 P=07 02/0DEF 6B
 A=FF00 X=0000 Y=0007 S=249A D=249C B=02 P=07 02/079D E2
 A=FF00 X=0000 Y=0007 S=249A D=249C B=02 P=27 02/079F A4
 A=FF00 X=0000 Y=0011 S=249A D=249C B=02 P=25 02/07A1 97
 A=FF00 X=0000 Y=0011 S=249A D=249C B=02 P=25 02/07A3 C2
 A=FF00 X=0000 Y=0011 S=249A D=249C B=02 P=05 02/07A5 E6
 A=FF00 X=0000 Y=0011 S=249A D=249C B=02 P=05 02/07A7 D0
 A=FF00 X=0000 Y=0011 S=249A D=249C B=02 P=05 02/07AB E6
 A=FF00 X=0000 Y=0011 S=249A D=249C B=02 P=05 02/07AD E6
 A=FF00 X=0000 Y=0011 S=249A D=249C B=02 P=05 02/07AF A5
 A=0009 X=0000 Y=0011 S=249A D=249C B=02 P=05 02/07B1 C5
 A=0009 X=0000 Y=0011 S=249A D=249C B=02 P=84 02/07B3 B0
 A=0009 X=0000 Y=0011 S=249A D=249C B=02 P=84 02/07B5 82
 A=0009 X=0000 Y=0011 S=249A D=249C B=02 P=84 02/0736 E2
 A=0009 X=0000 Y=0011 S=249A D=249C B=02 P=A4 02/0738 A7
 A=00FF X=0000 Y=0011 S=249A D=249C B=02 P=A4 02/073A 4A
 A=007F X=0000 Y=0011 S=249A D=249C B=02 P=25 02/073B 4A
 A=003F X=0000 Y=0011 S=249A D=249C B=02 P=25 02/073C 4A
 A=001F X=0000 Y=0011 S=249A D=249C B=02 P=25 02/073D 4A
 A=000F X=0000 Y=0011 S=249A D=249C B=02 P=25 02/073E 4A
 A=0007 X=0000 Y=0011 S=249A D=249C B=02 P=25 02/073F A4
 A=0007 X=0000 Y=0012 S=249A D=249C B=02 P=25 02/0741 97
 A=0007 X=0000 Y=0012 S=249A D=249C B=02 P=25 02/0743 C2
 A=0007 X=0000 Y=0012 S=249A D=249C B=02 P=05 02/0745 E6
 A=0007 X=0000 Y=0012 S=249A D=249C B=02 P=05 02/0747 D0
 A=0007 X=0000 Y=0012 S=249A D=249C B=02 P=05 02/074B A5
 A=0012 X=0000 Y=0012 S=249A D=249C B=02 P=05 02/074D 85
 A=0012 X=0000 Y=0012 S=249A D=249C B=02 P=05 02/074F 64
 A=0012 X=0000 Y=0012 S=249A D=249C B=02 P=05 02/0751 A5
 A=FC00 X=0000 Y=0012 S=249A D=249C B=02 P=85 02/0753 18
 A=FC00 X=0000 Y=0012 S=249A D=249C B=02 P=84 02/0754 65
 A=FC12 X=0000 Y=0012 S=249A D=249C B=02 P=84 02/0756 85
 A=FC12 X=0000 Y=0012 S=249A D=249C B=02 P=84 02/0758 A5
 A=00FF X=0000 Y=0012 S=249A D=249C B=02 P=04 02/075A 65
 A=00FF X=0000 Y=0012 S=249A D=249C B=02 P=04 02/075C 85
 A=00FF X=0000 Y=0012 S=249A D=249C B=02 P=04 02/075E E2
 A=00FF X=0000 Y=0012 S=249A D=249C B=02 P=24 02/0760 A7
 A=00FF X=0000 Y=0012 S=249A D=249C B=02 P=A4 02/0762 4A
 A=007F X=0000 Y=0012 S=249A D=249C B=02 P=25 02/0763 4A
 A=003F X=0000 Y=0012 S=249A D=249C B=02 P=25 02/0764 29
 A=0038 X=0000 Y=0012 S=249A D=249C B=02 P=25 02/0766 07
 A=0038 X=0000 Y=0012 S=249A D=249C B=02 P=25 02/0768 87
 A=0038 X=0000 Y=0012 S=249A D=249C B=02 P=25 02/076A C2
 A=0038 X=0000 Y=0012 S=249A D=249C B=02 P=05 02/076C E6
 A=0038 X=0000 Y=0012 S=249A D=249C B=02 P=05 02/076E D0
 A=0038 X=0000 Y=0012 S=249A D=249C B=02 P=05 02/0772 A5
 A=0012 X=0000 Y=0012 S=249A D=249C B=02 P=05 02/0774 85
 A=0012 X=0000 Y=0012 S=249A D=249C B=02 P=05 02/0776 64
 A=0012 X=0000 Y=0012 S=249A D=249C B=02 P=05 02/0778 A5
 A=FC00 X=0000 Y=0012 S=249A D=249C B=02 P=85 02/077A 18
 A=FC00 X=0000 Y=0012 S=249A D=249C B=02 P=84 02/077B 65
 A=FC12 X=0000 Y=0012 S=249A D=249C B=02 P=84 02/077D 85
 A=FC12 X=0000 Y=0012 S=249A D=249C B=02 P=84 02/077F A5
 A=00FF X=0000 Y=0012 S=249A D=249C B=02 P=04 02/0781 65
 A=00FF X=0000 Y=0012 S=249A D=249C B=02 P=04 02/0783 85
 A=00FF X=0000 Y=0012 S=249A D=249C B=02 P=04 02/0785 E2
 A=00FF X=0000 Y=0012 S=249A D=249C B=02 P=24 02/0787 A7
 A=00FF X=0000 Y=0012 S=249A D=249C B=02 P=A4 02/0789 0A
 A=00FE X=0000 Y=0012 S=249A D=249C B=02 P=A5 02/078A 29
 A=00C0 X=0000 Y=0012 S=249A D=249C B=02 P=A5 02/078C 07
 A=00C0 X=0000 Y=0012 S=249A D=249C B=02 P=A5 02/078E 87
 A=00C0 X=0000 Y=0012 S=249A D=249C B=02 P=A5 02/0790 C2
 A=00C0 X=0000 Y=0012 S=249A D=249C B=02 P=85 02/0792 E6
 A=00C0 X=0000 Y=0012 S=249A D=249C B=02 P=05 02/0794 A7
 A=ABFF X=0000 Y=0012 S=249A D=249C B=02 P=85 02/0796 A2
 A=ABFF X=0007 Y=0012 S=249A D=249C B=02 P=05 02/0799 22
 A=ABFF X=0007 Y=0012 S=2497 D=249C B=02 P=05 02/0DE4 E2
 A=ABFF X=0007 Y=0012 S=2497 D=249C B=02 P=35 02/0DE6 9B
 A=ABFF X=0007 Y=0007 S=2497 D=249C B=02 P=35 02/0DE7 F0
 A=ABFF X=0007 Y=0007 S=2497 D=249C B=02 P=35 02/0DE9 4A
 A=AB7F X=0007 Y=0007 S=2497 D=249C B=02 P=35 02/0DEA CA
 A=AB7F X=0006 Y=0007 S=2497 D=249C B=02 P=35 02/0DEB D0
 A=AB7F X=0006 Y=0007 S=2497 D=249C B=02 P=35 02/0DE9 4A
 A=AB3F X=0006 Y=0007 S=2497 D=249C B=02 P=35 02/0DEA CA
 A=AB3F X=0005 Y=0007 S=2497 D=249C B=02 P=35 02/0DEB D0
 A=AB3F X=0005 Y=0007 S=2497 D=249C B=02 P=35 02/0DE9 4A
 A=AB1F X=0005 Y=0007 S=2497 D=249C B=02 P=35 02/0DEA CA
 A=AB1F X=0004 Y=0007 S=2497 D=249C B=02 P=35 02/0DEB D0
 A=AB1F X=0004 Y=0007 S=2497 D=249C B=02 P=35 02/0DE9 4A
 A=AB0F X=0004 Y=0007 S=2497 D=249C B=02 P=35 02/0DEA CA
 A=AB0F X=0003 Y=0007 S=2497 D=249C B=02 P=35 02/0DEB D0
 A=AB0F X=0003 Y=0007 S=2497 D=249C B=02 P=35 02/0DE9 4A
 A=AB07 X=0003 Y=0007 S=2497 D=249C B=02 P=35 02/0DEA CA
 A=AB07 X=0002 Y=0007 S=2497 D=249C B=02 P=35 02/0DEB D0
 A=AB07 X=0002 Y=0007 S=2497 D=249C B=02 P=35 02/0DE9 4A
 A=AB03 X=0002 Y=0007 S=2497 D=249C B=02 P=35 02/0DEA CA
 A=AB03 X=0001 Y=0007 S=2497 D=249C B=02 P=35 02/0DEB D0
 A=AB03 X=0001 Y=0007 S=2497 D=249C B=02 P=35 02/0DE9 4A
 A=AB01 X=0001 Y=0007 S=2497 D=249C B=02 P=35 02/0DEA CA
 A=AB01 X=0000 Y=0007 S=2497 D=249C B=02 P=37 02/0DEB D0
 A=AB01 X=0000 Y=0007 S=2497 D=249C B=02 P=37 02/0DED C2
 A=AB01 X=0000 Y=0007 S=2497 D=249C B=02 P=07 02/0DEF 6B
 A=AB01 X=0000 Y=0007 S=249A D=249C B=02 P=07 02/079D E2
 A=AB01 X=0000 Y=0007 S=249A D=249C B=02 P=27 02/079F A4
 A=AB01 X=0000 Y=0013 S=249A D=249C B=02 P=25 02/07A1 97
 A=AB01 X=0000 Y=0013 S=249A D=249C B=02 P=25 02/07A3 C2
 A=AB01 X=0000 Y=0013 S=249A D=249C B=02 P=05 02/07A5 E6
 A=AB01 X=0000 Y=0013 S=249A D=249C B=02 P=05 02/07A7 D0
 A=AB01 X=0000 Y=0013 S=249A D=249C B=02 P=05 02/07AB E6
 A=AB01 X=0000 Y=0013 S=249A D=249C B=02 P=05 02/07AD E6
 A=AB01 X=0000 Y=0013 S=249A D=249C B=02 P=05 02/07AF A5
 A=000A X=0000 Y=0013 S=249A D=249C B=02 P=05 02/07B1 C5
 A=000A X=0000 Y=0013 S=249A D=249C B=02 P=84 02/07B3 B0
 A=000A X=0000 Y=0013 S=249A D=249C B=02 P=84 02/07B5 82
 A=000A X=0000 Y=0013 S=249A D=249C B=02 P=84 02/0736 E2
 A=000A X=0000 Y=0013 S=249A D=249C B=02 P=A4 02/0738 A7
 A=00AB X=0000 Y=0013 S=249A D=249C B=02 P=A4 02/073A 4A
 A=0055 X=0000 Y=0013 S=249A D=249C B=02 P=25 02/073B 4A
 A=002A X=0000 Y=0013 S=249A D=249C B=02 P=25 02/073C 4A
 A=0015 X=0000 Y=0013 S=249A D=249C B=02 P=24 02/073D 4A
 A=000A X=0000 Y=0013 S=249A D=249C B=02 P=25 02/073E 4A
 A=0005 X=0000 Y=0013 S=249A D=249C B=02 P=24 02/073F A4
 A=0005 X=0000 Y=0014 S=249A D=249C B=02 P=24 02/0741 97
 A=0005 X=0000 Y=0014 S=249A D=249C B=02 P=24 02/0743 C2
 A=0005 X=0000 Y=0014 S=249A D=249C B=02 P=04 02/0745 E6
 A=0005 X=0000 Y=0014 S=249A D=249C B=02 P=04 02/0747 D0
 A=0005 X=0000 Y=0014 S=249A D=249C B=02 P=04 02/074B A5
 A=0014 X=0000 Y=0014 S=249A D=249C B=02 P=04 02/074D 85
 A=0014 X=0000 Y=0014 S=249A D=249C B=02 P=04 02/074F 64
 A=0014 X=0000 Y=0014 S=249A D=249C B=02 P=04 02/0751 A5
 A=FC00 X=0000 Y=0014 S=249A D=249C B=02 P=84 02/0753 18
 A=FC00 X=0000 Y=0014 S=249A D=249C B=02 P=84 02/0754 65
 A=FC14 X=0000 Y=0014 S=249A D=249C B=02 P=84 02/0756 85
 A=FC14 X=0000 Y=0014 S=249A D=249C B=02 P=84 02/0758 A5
 A=00FF X=0000 Y=0014 S=249A D=249C B=02 P=04 02/075A 65
 A=00FF X=0000 Y=0014 S=249A D=249C B=02 P=04 02/075C 85
 A=00FF X=0000 Y=0014 S=249A D=249C B=02 P=04 02/075E E2
 A=00FF X=0000 Y=0014 S=249A D=249C B=02 P=24 02/0760 A7
 A=00AB X=0000 Y=0014 S=249A D=249C B=02 P=A4 02/0762 4A
 A=0055 X=0000 Y=0014 S=249A D=249C B=02 P=25 02/0763 4A
 A=002A X=0000 Y=0014 S=249A D=249C B=02 P=25 02/0764 29
 A=0028 X=0000 Y=0014 S=249A D=249C B=02 P=25 02/0766 07
 A=0028 X=0000 Y=0014 S=249A D=249C B=02 P=25 02/0768 87
 A=0028 X=0000 Y=0014 S=249A D=249C B=02 P=25 02/076A C2
 A=0028 X=0000 Y=0014 S=249A D=249C B=02 P=05 02/076C E6
 A=0028 X=0000 Y=0014 S=249A D=249C B=02 P=05 02/076E D0
 A=0028 X=0000 Y=0014 S=249A D=249C B=02 P=05 02/0772 A5
 A=0014 X=0000 Y=0014 S=249A D=249C B=02 P=05 02/0774 85
 A=0014 X=0000 Y=0014 S=249A D=249C B=02 P=05 02/0776 64
 A=0014 X=0000 Y=0014 S=249A D=249C B=02 P=05 02/0778 A5
 A=FC00 X=0000 Y=0014 S=249A D=249C B=02 P=85 02/077A 18
 A=FC00 X=0000 Y=0014 S=249A D=249C B=02 P=84 02/077B 65
 A=FC14 X=0000 Y=0014 S=249A D=249C B=02 P=84 02/077D 85
 A=FC14 X=0000 Y=0014 S=249A D=249C B=02 P=84 02/077F A5
 A=00FF X=0000 Y=0014 S=249A D=249C B=02 P=04 02/0781 65
 A=00FF X=0000 Y=0014 S=249A D=249C B=02 P=04 02/0783 85
 A=00FF X=0000 Y=0014 S=249A D=249C B=02 P=04 02/0785 E2
 A=00FF X=0000 Y=0014 S=249A D=249C B=02 P=24 02/0787 A7
 A=00AB X=0000 Y=0014 S=249A D=249C B=02 P=A4 02/0789 0A
 A=0056 X=0000 Y=0014 S=249A D=249C B=02 P=25 02/078A 29
 A=0040 X=0000 Y=0014 S=249A D=249C B=02 P=25 02/078C 07
 A=0040 X=0000 Y=0014 S=249A D=249C B=02 P=25 02/078E 87
 A=0040 X=0000 Y=0014 S=249A D=249C B=02 P=25 02/0790 C2
 A=0040 X=0000 Y=0014 S=249A D=249C B=02 P=05 02/0792 E6
 A=0040 X=0000 Y=0014 S=249A D=249C B=02 P=05 02/0794 A7
 A=80AB X=0000 Y=0014 S=249A D=249C B=02 P=85 02/0796 A2
 A=80AB X=0007 Y=0014 S=249A D=249C B=02 P=05 02/0799 22
 A=80AB X=0007 Y=0014 S=2497 D=249C B=02 P=05 02/0DE4 E2
 A=80AB X=0007 Y=0014 S=2497 D=249C B=02 P=35 02/0DE6 9B
 A=80AB X=0007 Y=0007 S=2497 D=249C B=02 P=35 02/0DE7 F0
 A=80AB X=0007 Y=0007 S=2497 D=249C B=02 P=35 02/0DE9 4A
 A=8055 X=0007 Y=0007 S=2497 D=249C B=02 P=35 02/0DEA CA
 A=8055 X=0006 Y=0007 S=2497 D=249C B=02 P=35 02/0DEB D0
 A=8055 X=0006 Y=0007 S=2497 D=249C B=02 P=35 02/0DE9 4A
 A=802A X=0006 Y=0007 S=2497 D=249C B=02 P=35 02/0DEA CA
 A=802A X=0005 Y=0007 S=2497 D=249C B=02 P=35 02/0DEB D0
 A=802A X=0005 Y=0007 S=2497 D=249C B=02 P=35 02/0DE9 4A
 A=8015 X=0005 Y=0007 S=2497 D=249C B=02 P=34 02/0DEA CA
 A=8015 X=0004 Y=0007 S=2497 D=249C B=02 P=34 02/0DEB D0
 A=8015 X=0004 Y=0007 S=2497 D=249C B=02 P=34 02/0DE9 4A
 A=800A X=0004 Y=0007 S=2497 D=249C B=02 P=35 02/0DEA CA
 A=800A X=0003 Y=0007 S=2497 D=249C B=02 P=35 02/0DEB D0
 A=800A X=0003 Y=0007 S=2497 D=249C B=02 P=35 02/0DE9 4A
 A=8005 X=0003 Y=0007 S=2497 D=249C B=02 P=34 02/0DEA CA
 A=8005 X=0002 Y=0007 S=2497 D=249C B=02 P=34 02/0DEB D0
 A=8005 X=0002 Y=0007 S=2497 D=249C B=02 P=34 02/0DE9 4A
 A=8002 X=0002 Y=0007 S=2497 D=249C B=02 P=35 02/0DEA CA
 A=8002 X=0001 Y=0007 S=2497 D=249C B=02 P=35 02/0DEB D0
 A=8002 X=0001 Y=0007 S=2497 D=249C B=02 P=35 02/0DE9 4A
 A=8001 X=0001 Y=0007 S=2497 D=249C B=02 P=34 02/0DEA CA
 A=8001 X=0000 Y=0007 S=2497 D=249C B=02 P=36 02/0DEB D0
 A=8001 X=0000 Y=0007 S=2497 D=249C B=02 P=36 02/0DED C2
 A=8001 X=0000 Y=0007 S=2497 D=249C B=02 P=06 02/0DEF 6B
 A=8001 X=0000 Y=0007 S=249A D=249C B=02 P=06 02/079D E2
 A=8001 X=0000 Y=0007 S=249A D=249C B=02 P=26 02/079F A4
 A=8001 X=0000 Y=0015 S=249A D=249C B=02 P=24 02/07A1 97
 A=8001 X=0000 Y=0015 S=249A D=249C B=02 P=24 02/07A3 C2
 A=8001 X=0000 Y=0015 S=249A D=249C B=02 P=04 02/07A5 E6
 A=8001 X=0000 Y=0015 S=249A D=249C B=02 P=04 02/07A7 D0
 A=8001 X=0000 Y=0015 S=249A D=249C B=02 P=04 02/07AB E6
 A=8001 X=0000 Y=0015 S=249A D=249C B=02 P=04 02/07AD E6
 A=8001 X=0000 Y=0015 S=249A D=249C B=02 P=04 02/07AF A5
 A=000B X=0000 Y=0015 S=249A D=249C B=02 P=04 02/07B1 C5
 A=000B X=0000 Y=0015 S=249A D=249C B=02 P=84 02/07B3 B0
 A=000B X=0000 Y=0015 S=249A D=249C B=02 P=84 02/07B5 82
 A=000B X=0000 Y=0015 S=249A D=249C B=02 P=84 02/0736 E2
 A=000B X=0000 Y=0015 S=249A D=249C B=02 P=A4 02/0738 A7
 A=0080 X=0000 Y=0015 S=249A D=249C B=02 P=A4 02/073A 4A
 A=0040 X=0000 Y=0015 S=249A D=249C B=02 P=24 02/073B 4A
 A=0020 X=0000 Y=0015 S=249A D=249C B=02 P=24 02/073C 4A
 A=0010 X=0000 Y=0015 S=249A D=249C B=02 P=24 02/073D 4A
 A=0008 X=0000 Y=0015 S=249A D=249C B=02 P=24 02/073E 4A
 A=0004 X=0000 Y=0015 S=249A D=249C B=02 P=24 02/073F A4
 A=0004 X=0000 Y=0016 S=249A D=249C B=02 P=24 02/0741 97
 A=0004 X=0000 Y=0016 S=249A D=249C B=02 P=24 02/0743 C2
 A=0004 X=0000 Y=0016 S=249A D=249C B=02 P=04 02/0745 E6
 A=0004 X=0000 Y=0016 S=249A D=249C B=02 P=04 02/0747 D0
 A=0004 X=0000 Y=0016 S=249A D=249C B=02 P=04 02/074B A5
 A=0016 X=0000 Y=0016 S=249A D=249C B=02 P=04 02/074D 85
 A=0016 X=0000 Y=0016 S=249A D=249C B=02 P=04 02/074F 64
 A=0016 X=0000 Y=0016 S=249A D=249C B=02 P=04 02/0751 A5
 A=FC00 X=0000 Y=0016 S=249A D=249C B=02 P=84 02/0753 18
 A=FC00 X=0000 Y=0016 S=249A D=249C B=02 P=84 02/0754 65
 A=FC16 X=0000 Y=0016 S=249A D=249C B=02 P=84 02/0756 85
 A=FC16 X=0000 Y=0016 S=249A D=249C B=02 P=84 02/0758 A5
 A=00FF X=0000 Y=0016 S=249A D=249C B=02 P=04 02/075A 65
 A=00FF X=0000 Y=0016 S=249A D=249C B=02 P=04 02/075C 85
 A=00FF X=0000 Y=0016 S=249A D=249C B=02 P=04 02/075E E2
 A=00FF X=0000 Y=0016 S=249A D=249C B=02 P=24 02/0760 A7
 A=0080 X=0000 Y=0016 S=249A D=249C B=02 P=A4 02/0762 4A
 A=0040 X=0000 Y=0016 S=249A D=249C B=02 P=24 02/0763 4A
 A=0020 X=0000 Y=0016 S=249A D=249C B=02 P=24 02/0764 29
 A=0020 X=0000 Y=0016 S=249A D=249C B=02 P=24 02/0766 07
 A=0020 X=0000 Y=0016 S=249A D=249C B=02 P=24 02/0768 87
 A=0020 X=0000 Y=0016 S=249A D=249C B=02 P=24 02/076A C2
 A=0020 X=0000 Y=0016 S=249A D=249C B=02 P=04 02/076C E6
 A=0020 X=0000 Y=0016 S=249A D=249C B=02 P=04 02/076E D0
 A=0020 X=0000 Y=0016 S=249A D=249C B=02 P=04 02/0772 A5
 A=0016 X=0000 Y=0016 S=249A D=249C B=02 P=04 02/0774 85
 A=0016 X=0000 Y=0016 S=249A D=249C B=02 P=04 02/0776 64
 A=0016 X=0000 Y=0016 S=249A D=249C B=02 P=04 02/0778 A5
 A=FC00 X=0000 Y=0016 S=249A D=249C B=02 P=84 02/077A 18
 A=FC00 X=0000 Y=0016 S=249A D=249C B=02 P=84 02/077B 65
 A=FC16 X=0000 Y=0016 S=249A D=249C B=02 P=84 02/077D 85
 A=FC16 X=0000 Y=0016 S=249A D=249C B=02 P=84 02/077F A5
 A=00FF X=0000 Y=0016 S=249A D=249C B=02 P=04 02/0781 65
 A=00FF X=0000 Y=0016 S=249A D=249C B=02 P=04 02/0783 85
 A=00FF X=0000 Y=0016 S=249A D=249C B=02 P=04 02/0785 E2
 A=00FF X=0000 Y=0016 S=249A D=249C B=02 P=24 02/0787 A7
 A=0080 X=0000 Y=0016 S=249A D=249C B=02 P=A4 02/0789 0A
 A=0000 X=0000 Y=0016 S=249A D=249C B=02 P=27 02/078A 29
 A=0000 X=0000 Y=0016 S=249A D=249C B=02 P=27 02/078C 07
 A=0000 X=0000 Y=0016 S=249A D=249C B=02 P=27 02/078E 87
 A=0000 X=0000 Y=0016 S=249A D=249C B=02 P=27 02/0790 C2
 A=0000 X=0000 Y=0016 S=249A D=249C B=02 P=07 02/0792 E6
 A=0000 X=0000 Y=0016 S=249A D=249C B=02 P=05 02/0794 A7
 A=5580 X=0000 Y=0016 S=249A D=249C B=02 P=05 02/0796 A2
 A=5580 X=0007 Y=0016 S=249A D=249C B=02 P=05 02/0799 22
 A=5580 X=0007 Y=0016 S=2497 D=249C B=02 P=05 02/0DE4 E2
 A=5580 X=0007 Y=0016 S=2497 D=249C B=02 P=35 02/0DE6 9B
 A=5580 X=0007 Y=0007 S=2497 D=249C B=02 P=35 02/0DE7 F0
 A=5580 X=0007 Y=0007 S=2497 D=249C B=02 P=35 02/0DE9 4A
 A=5540 X=0007 Y=0007 S=2497 D=249C B=02 P=34 02/0DEA CA
 A=5540 X=0006 Y=0007 S=2497 D=249C B=02 P=34 02/0DEB D0
 A=5540 X=0006 Y=0007 S=2497 D=249C B=02 P=34 02/0DE9 4A
 A=5520 X=0006 Y=0007 S=2497 D=249C B=02 P=34 02/0DEA CA
 A=5520 X=0005 Y=0007 S=2497 D=249C B=02 P=34 02/0DEB D0
 A=5520 X=0005 Y=0007 S=2497 D=249C B=02 P=34 02/0DE9 4A
 A=5510 X=0005 Y=0007 S=2497 D=249C B=02 P=34 02/0DEA CA
 A=5510 X=0004 Y=0007 S=2497 D=249C B=02 P=34 02/0DEB D0
 A=5510 X=0004 Y=0007 S=2497 D=249C B=02 P=34 02/0DE9 4A
 A=5508 X=0004 Y=0007 S=2497 D=249C B=02 P=34 02/0DEA CA
 A=5508 X=0003 Y=0007 S=2497 D=249C B=02 P=34 02/0DEB D0
 A=5508 X=0003 Y=0007 S=2497 D=249C B=02 P=34 02/0DE9 4A
 A=5504 X=0003 Y=0007 S=2497 D=249C B=02 P=34 02/0DEA CA
 A=5504 X=0002 Y=0007 S=2497 D=249C B=02 P=34 02/0DEB D0
 A=5504 X=0002 Y=0007 S=2497 D=249C B=02 P=34 02/0DE9 4A
 A=5502 X=0002 Y=0007 S=2497 D=249C B=02 P=34 02/0DEA CA
 A=5502 X=0001 Y=0007 S=2497 D=249C B=02 P=34 02/0DEB D0
 A=5502 X=0001 Y=0007 S=2497 D=249C B=02 P=34 02/0DE9 4A
 A=5501 X=0001 Y=0007 S=2497 D=249C B=02 P=34 02/0DEA CA
 A=5501 X=0000 Y=0007 S=2497 D=249C B=02 P=36 02/0DEB D0
 A=5501 X=0000 Y=0007 S=2497 D=249C B=02 P=36 02/0DED C2
 A=5501 X=0000 Y=0007 S=2497 D=249C B=02 P=06 02/0DEF 6B
 A=5501 X=0000 Y=0007 S=249A D=249C B=02 P=06 02/079D E2
 A=5501 X=0000 Y=0007 S=249A D=249C B=02 P=26 02/079F A4
 A=5501 X=0000 Y=0017 S=249A D=249C B=02 P=24 02/07A1 97
 A=5501 X=0000 Y=0017 S=249A D=249C B=02 P=24 02/07A3 C2
 A=5501 X=0000 Y=0017 S=249A D=249C B=02 P=04 02/07A5 E6
 A=5501 X=0000 Y=0017 S=249A D=249C B=02 P=04 02/07A7 D0
 A=5501 X=0000 Y=0017 S=249A D=249C B=02 P=04 02/07AB E6
 A=5501 X=0000 Y=0017 S=249A D=249C B=02 P=04 02/07AD E6
 A=5501 X=0000 Y=0017 S=249A D=249C B=02 P=04 02/07AF A5
 A=000C X=0000 Y=0017 S=249A D=249C B=02 P=04 02/07B1 C5
 A=000C X=0000 Y=0017 S=249A D=249C B=02 P=84 02/07B3 B0
 A=000C X=0000 Y=0017 S=249A D=249C B=02 P=84 02/07B5 82
 A=000C X=0000 Y=0017 S=249A D=249C B=02 P=84 02/0736 E2
 A=000C X=0000 Y=0017 S=249A D=249C B=02 P=A4 02/0738 A7
 A=0055 X=0000 Y=0017 S=249A D=249C B=02 P=24 02/073A 4A
 A=002A X=0000 Y=0017 S=249A D=249C B=02 P=25 02/073B 4A
 A=0015 X=0000 Y=0017 S=249A D=249C B=02 P=24 02/073C 4A
 A=000A X=0000 Y=0017 S=249A D=249C B=02 P=25 02/073D 4A
 A=0005 X=0000 Y=0017 S=249A D=249C B=02 P=24 02/073E 4A
 A=0002 X=0000 Y=0017 S=249A D=249C B=02 P=25 02/073F A4
 A=0002 X=0000 Y=0018 S=249A D=249C B=02 P=25 02/0741 97
 A=0002 X=0000 Y=0018 S=249A D=249C B=02 P=25 02/0743 C2
 A=0002 X=0000 Y=0018 S=249A D=249C B=02 P=05 02/0745 E6
 A=0002 X=0000 Y=0018 S=249A D=249C B=02 P=05 02/0747 D0
 A=0002 X=0000 Y=0018 S=249A D=249C B=02 P=05 02/074B A5
 A=0018 X=0000 Y=0018 S=249A D=249C B=02 P=05 02/074D 85
 A=0018 X=0000 Y=0018 S=249A D=249C B=02 P=05 02/074F 64
 A=0018 X=0000 Y=0018 S=249A D=249C B=02 P=05 02/0751 A5
 A=FC00 X=0000 Y=0018 S=249A D=249C B=02 P=85 02/0753 18
 A=FC00 X=0000 Y=0018 S=249A D=249C B=02 P=84 02/0754 65
 A=FC18 X=0000 Y=0018 S=249A D=249C B=02 P=84 02/0756 85
 A=FC18 X=0000 Y=0018 S=249A D=249C B=02 P=84 02/0758 A5
 A=00FF X=0000 Y=0018 S=249A D=249C B=02 P=04 02/075A 65
 A=00FF X=0000 Y=0018 S=249A D=249C B=02 P=04 02/075C 85
 A=00FF X=0000 Y=0018 S=249A D=249C B=02 P=04 02/075E E2
 A=00FF X=0000 Y=0018 S=249A D=249C B=02 P=24 02/0760 A7
 A=0055 X=0000 Y=0018 S=249A D=249C B=02 P=24 02/0762 4A
 A=002A X=0000 Y=0018 S=249A D=249C B=02 P=25 02/0763 4A
 A=0015 X=0000 Y=0018 S=249A D=249C B=02 P=24 02/0764 29
 A=0010 X=0000 Y=0018 S=249A D=249C B=02 P=24 02/0766 07
 A=0010 X=0000 Y=0018 S=249A D=249C B=02 P=24 02/0768 87
 A=0010 X=0000 Y=0018 S=249A D=249C B=02 P=24 02/076A C2
 A=0010 X=0000 Y=0018 S=249A D=249C B=02 P=04 02/076C E6
 A=0010 X=0000 Y=0018 S=249A D=249C B=02 P=04 02/076E D0
 A=0010 X=0000 Y=0018 S=249A D=249C B=02 P=04 02/0772 A5
 A=0018 X=0000 Y=0018 S=249A D=249C B=02 P=04 02/0774 85
 A=0018 X=0000 Y=0018 S=249A D=249C B=02 P=04 02/0776 64
 A=0018 X=0000 Y=0018 S=249A D=249C B=02 P=04 02/0778 A5
 A=FC00 X=0000 Y=0018 S=249A D=249C B=02 P=84 02/077A 18
 A=FC00 X=0000 Y=0018 S=249A D=249C B=02 P=84 02/077B 65
 A=FC18 X=0000 Y=0018 S=249A D=249C B=02 P=84 02/077D 85
 A=FC18 X=0000 Y=0018 S=249A D=249C B=02 P=84 02/077F A5
 A=00FF X=0000 Y=0018 S=249A D=249C B=02 P=04 02/0781 65
 A=00FF X=0000 Y=0018 S=249A D=249C B=02 P=04 02/0783 85
 A=00FF X=0000 Y=0018 S=249A D=249C B=02 P=04 02/0785 E2
 A=00FF X=0000 Y=0018 S=249A D=249C B=02 P=24 02/0787 A7
 A=0055 X=0000 Y=0018 S=249A D=249C B=02 P=24 02/0789 0A
 A=00AA X=0000 Y=0018 S=249A D=249C B=02 P=A4 02/078A 29
 A=0080 X=0000 Y=0018 S=249A D=249C B=02 P=A4 02/078C 07
 A=0080 X=0000 Y=0018 S=249A D=249C B=02 P=A4 02/078E 87
 A=0080 X=0000 Y=0018 S=249A D=249C B=02 P=A4 02/0790 C2
 A=0080 X=0000 Y=0018 S=249A D=249C B=02 P=84 02/0792 E6
 A=0080 X=0000 Y=0018 S=249A D=249C B=02 P=04 02/0794 A7
 A=0055 X=0000 Y=0018 S=249A D=249C B=02 P=04 02/0796 A2
 A=0055 X=0007 Y=0018 S=249A D=249C B=02 P=04 02/0799 22
 A=0055 X=0007 Y=0018 S=2497 D=249C B=02 P=04 02/0DE4 E2
 A=0055 X=0007 Y=0018 S=2497 D=249C B=02 P=34 02/0DE6 9B
 A=0055 X=0007 Y=0007 S=2497 D=249C B=02 P=34 02/0DE7 F0
 A=0055 X=0007 Y=0007 S=2497 D=249C B=02 P=34 02/0DE9 4A
 A=002A X=0007 Y=0007 S=2497 D=249C B=02 P=35 02/0DEA CA
 A=002A X=0006 Y=0007 S=2497 D=249C B=02 P=35 02/0DEB D0
 A=002A X=0006 Y=0007 S=2497 D=249C B=02 P=35 02/0DE9 4A
 A=0015 X=0006 Y=0007 S=2497 D=249C B=02 P=34 02/0DEA CA
 A=0015 X=0005 Y=0007 S=2497 D=249C B=02 P=34 02/0DEB D0
 A=0015 X=0005 Y=0007 S=2497 D=249C B=02 P=34 02/0DE9 4A
 A=000A X=0005 Y=0007 S=2497 D=249C B=02 P=35 02/0DEA CA
 A=000A X=0004 Y=0007 S=2497 D=249C B=02 P=35 02/0DEB D0
 A=000A X=0004 Y=0007 S=2497 D=249C B=02 P=35 02/0DE9 4A
 A=0005 X=0004 Y=0007 S=2497 D=249C B=02 P=34 02/0DEA CA
 A=0005 X=0003 Y=0007 S=2497 D=249C B=02 P=34 02/0DEB D0
 A=0005 X=0003 Y=0007 S=2497 D=249C B=02 P=34 02/0DE9 4A
 A=0002 X=0003 Y=0007 S=2497 D=249C B=02 P=35 02/0DEA CA
 A=0002 X=0002 Y=0007 S=2497 D=249C B=02 P=35 02/0DEB D0
 A=0002 X=0002 Y=0007 S=2497 D=249C B=02 P=35 02/0DE9 4A
 A=0001 X=0002 Y=0007 S=2497 D=249C B=02 P=34 02/0DEA CA
 A=0001 X=0001 Y=0007 S=2497 D=249C B=02 P=34 02/0DEB D0
 A=0001 X=0001 Y=0007 S=2497 D=249C B=02 P=34 02/0DE9 4A
 A=0000 X=0001 Y=0007 S=2497 D=249C B=02 P=37 02/0DEA CA
 A=0000 X=0000 Y=0007 S=2497 D=249C B=02 P=37 02/0DEB D0
 A=0000 X=0000 Y=0007 S=2497 D=249C B=02 P=37 02/0DED C2
 A=0000 X=0000 Y=0007 S=2497 D=249C B=02 P=07 02/0DEF 6B
 A=0000 X=0000 Y=0007 S=249A D=249C B=02 P=07 02/079D E2
 A=0000 X=0000 Y=0007 S=249A D=249C B=02 P=27 02/079F A4
 A=0000 X=0000 Y=0019 S=249A D=249C B=02 P=25 02/07A1 97
 A=0000 X=0000 Y=0019 S=249A D=249C B=02 P=25 02/07A3 C2
 A=0000 X=0000 Y=0019 S=249A D=249C B=02 P=05 02/07A5 E6
 A=0000 X=0000 Y=0019 S=249A D=249C B=02 P=05 02/07A7 D0
 A=0000 X=0000 Y=0019 S=249A D=249C B=02 P=05 02/07AB E6
 A=0000 X=0000 Y=0019 S=249A D=249C B=02 P=05 02/07AD E6
 A=0000 X=0000 Y=0019 S=249A D=249C B=02 P=05 02/07AF A5
 A=000D X=0000 Y=0019 S=249A D=249C B=02 P=05 02/07B1 C5
 A=000D X=0000 Y=0019 S=249A D=249C B=02 P=84 02/07B3 B0
 A=000D X=0000 Y=0019 S=249A D=249C B=02 P=84 02/07B5 82
 A=000D X=0000 Y=0019 S=249A D=249C B=02 P=84 02/0736 E2
 A=000D X=0000 Y=0019 S=249A D=249C B=02 P=A4 02/0738 A7
 A=0000 X=0000 Y=0019 S=249A D=249C B=02 P=26 02/073A 4A
 A=0000 X=0000 Y=0019 S=249A D=249C B=02 P=26 02/073B 4A
 A=0000 X=0000 Y=0019 S=249A D=249C B=02 P=26 02/073C 4A
 A=0000 X=0000 Y=0019 S=249A D=249C B=02 P=26 02/073D 4A
 A=0000 X=0000 Y=0019 S=249A D=249C B=02 P=26 02/073E 4A
 A=0000 X=0000 Y=0019 S=249A D=249C B=02 P=26 02/073F A4
 A=0000 X=0000 Y=001A S=249A D=249C B=02 P=24 02/0741 97
 A=0000 X=0000 Y=001A S=249A D=249C B=02 P=24 02/0743 C2
 A=0000 X=0000 Y=001A S=249A D=249C B=02 P=04 02/0745 E6
 A=0000 X=0000 Y=001A S=249A D=249C B=02 P=04 02/0747 D0
 A=0000 X=0000 Y=001A S=249A D=249C B=02 P=04 02/074B A5
 A=001A X=0000 Y=001A S=249A D=249C B=02 P=04 02/074D 85
 A=001A X=0000 Y=001A S=249A D=249C B=02 P=04 02/074F 64
 A=001A X=0000 Y=001A S=249A D=249C B=02 P=04 02/0751 A5
 A=FC00 X=0000 Y=001A S=249A D=249C B=02 P=84 02/0753 18
 A=FC00 X=0000 Y=001A S=249A D=249C B=02 P=84 02/0754 65
 A=FC1A X=0000 Y=001A S=249A D=249C B=02 P=84 02/0756 85
 A=FC1A X=0000 Y=001A S=249A D=249C B=02 P=84 02/0758 A5
 A=00FF X=0000 Y=001A S=249A D=249C B=02 P=04 02/075A 65
 A=00FF X=0000 Y=001A S=249A D=249C B=02 P=04 02/075C 85
 A=00FF X=0000 Y=001A S=249A D=249C B=02 P=04 02/075E E2
 A=00FF X=0000 Y=001A S=249A D=249C B=02 P=24 02/0760 A7
 A=0000 X=0000 Y=001A S=249A D=249C B=02 P=26 02/0762 4A
 A=0000 X=0000 Y=001A S=249A D=249C B=02 P=26 02/0763 4A
 A=0000 X=0000 Y=001A S=249A D=249C B=02 P=26 02/0764 29
 A=0000 X=0000 Y=001A S=249A D=249C B=02 P=26 02/0766 07
 A=0000 X=0000 Y=001A S=249A D=249C B=02 P=26 02/0768 87
 A=0000 X=0000 Y=001A S=249A D=249C B=02 P=26 02/076A C2
 A=0000 X=0000 Y=001A S=249A D=249C B=02 P=06 02/076C E6
 A=0000 X=0000 Y=001A S=249A D=249C B=02 P=04 02/076E D0
 A=0000 X=0000 Y=001A S=249A D=249C B=02 P=04 02/0772 A5
 A=001A X=0000 Y=001A S=249A D=249C B=02 P=04 02/0774 85
 A=001A X=0000 Y=001A S=249A D=249C B=02 P=04 02/0776 64
 A=001A X=0000 Y=001A S=249A D=249C B=02 P=04 02/0778 A5
 A=FC00 X=0000 Y=001A S=249A D=249C B=02 P=84 02/077A 18
 A=FC00 X=0000 Y=001A S=249A D=249C B=02 P=84 02/077B 65
 A=FC1A X=0000 Y=001A S=249A D=249C B=02 P=84 02/077D 85
 A=FC1A X=0000 Y=001A S=249A D=249C B=02 P=84 02/077F A5
 A=00FF X=0000 Y=001A S=249A D=249C B=02 P=04 02/0781 65
 A=00FF X=0000 Y=001A S=249A D=249C B=02 P=04 02/0783 85
 A=00FF X=0000 Y=001A S=249A D=249C B=02 P=04 02/0785 E2
 A=00FF X=0000 Y=001A S=249A D=249C B=02 P=24 02/0787 A7
 A=0000 X=0000 Y=001A S=249A D=249C B=02 P=26 02/0789 0A
 A=0000 X=0000 Y=001A S=249A D=249C B=02 P=26 02/078A 29
 A=0000 X=0000 Y=001A S=249A D=249C B=02 P=26 02/078C 07
 A=0000 X=0000 Y=001A S=249A D=249C B=02 P=26 02/078E 87
 A=0000 X=0000 Y=001A S=249A D=249C B=02 P=26 02/0790 C2
 A=0000 X=0000 Y=001A S=249A D=249C B=02 P=06 02/0792 E6
 A=0000 X=0000 Y=001A S=249A D=249C B=02 P=04 02/0794 A7
 A=0000 X=0000 Y=001A S=249A D=249C B=02 P=06 02/0796 A2
 A=0000 X=0007 Y=001A S=249A D=249C B=02 P=04 02/0799 22
 A=0000 X=0007 Y=001A S=2497 D=249C B=02 P=04 02/0DE4 E2
 A=0000 X=0007 Y=001A S=2497 D=249C B=02 P=34 02/0DE6 9B
 A=0000 X=0007 Y=0007 S=2497 D=249C B=02 P=34 02/0DE7 F0
 A=0000 X=0007 Y=0007 S=2497 D=249C B=02 P=34 02/0DE9 4A
 A=0000 X=0007 Y=0007 S=2497 D=249C B=02 P=36 02/0DEA CA
 A=0000 X=0006 Y=0007 S=2497 D=249C B=02 P=34 02/0DEB D0
 A=0000 X=0006 Y=0007 S=2497 D=249C B=02 P=34 02/0DE9 4A
 A=0000 X=0006 Y=0007 S=2497 D=249C B=02 P=36 02/0DEA CA
 A=0000 X=0005 Y=0007 S=2497 D=249C B=02 P=34 02/0DEB D0
 A=0000 X=0005 Y=0007 S=2497 D=249C B=02 P=34 02/0DE9 4A
 A=0000 X=0005 Y=0007 S=2497 D=249C B=02 P=36 02/0DEA CA
 A=0000 X=0004 Y=0007 S=2497 D=249C B=02 P=34 02/0DEB D0
 A=0000 X=0004 Y=0007 S=2497 D=249C B=02 P=34 02/0DE9 4A
 A=0000 X=0004 Y=0007 S=2497 D=249C B=02 P=36 02/0DEA CA
 A=0000 X=0003 Y=0007 S=2497 D=249C B=02 P=34 02/0DEB D0
 A=0000 X=0003 Y=0007 S=2497 D=249C B=02 P=34 02/0DE9 4A
 A=0000 X=0003 Y=0007 S=2497 D=249C B=02 P=36 02/0DEA CA
 A=0000 X=0002 Y=0007 S=2497 D=249C B=02 P=34 02/0DEB D0
 A=0000 X=0002 Y=0007 S=2497 D=249C B=02 P=34 02/0DE9 4A
 A=0000 X=0002 Y=0007 S=2497 D=249C B=02 P=36 02/0DEA CA
 A=0000 X=0001 Y=0007 S=2497 D=249C B=02 P=34 02/0DEB D0
 A=0000 X=0001 Y=0007 S=2497 D=249C B=02 P=34 02/0DE9 4A
 A=0000 X=0001 Y=0007 S=2497 D=249C B=02 P=36 02/0DEA CA
 A=0000 X=0000 Y=0007 S=2497 D=249C B=02 P=36 02/0DEB D0
 A=0000 X=0000 Y=0007 S=2497 D=249C B=02 P=36 02/0DED C2
 A=0000 X=0000 Y=0007 S=2497 D=249C B=02 P=06 02/0DEF 6B
 A=0000 X=0000 Y=0007 S=249A D=249C B=02 P=06 02/079D E2
 A=0000 X=0000 Y=0007 S=249A D=249C B=02 P=26 02/079F A4
 A=0000 X=0000 Y=001B S=249A D=249C B=02 P=24 02/07A1 97
 A=0000 X=0000 Y=001B S=249A D=249C B=02 P=24 02/07A3 C2
 A=0000 X=0000 Y=001B S=249A D=249C B=02 P=04 02/07A5 E6
 A=0000 X=0000 Y=001B S=249A D=249C B=02 P=04 02/07A7 D0
 A=0000 X=0000 Y=001B S=249A D=249C B=02 P=04 02/07AB E6
 A=0000 X=0000 Y=001B S=249A D=249C B=02 P=04 02/07AD E6
 A=0000 X=0000 Y=001B S=249A D=249C B=02 P=04 02/07AF A5
 A=000E X=0000 Y=001B S=249A D=249C B=02 P=04 02/07B1 C5
 A=000E X=0000 Y=001B S=249A D=249C B=02 P=84 02/07B3 B0
 A=000E X=0000 Y=001B S=249A D=249C B=02 P=84 02/07B5 82
 A=000E X=0000 Y=001B S=249A D=249C B=02 P=84 02/0736 E2
 A=000E X=0000 Y=001B S=249A D=249C B=02 P=A4 02/0738 A7
 A=0000 X=0000 Y=001B S=249A D=249C B=02 P=26 02/073A 4A
 A=0000 X=0000 Y=001B S=249A D=249C B=02 P=26 02/073B 4A
 A=0000 X=0000 Y=001B S=249A D=249C B=02 P=26 02/073C 4A
 A=0000 X=0000 Y=001B S=249A D=249C B=02 P=26 02/073D 4A
 A=0000 X=0000 Y=001B S=249A D=249C B=02 P=26 02/073E 4A
 A=0000 X=0000 Y=001B S=249A D=249C B=02 P=26 02/073F A4
 A=0000 X=0000 Y=001C S=249A D=249C B=02 P=24 02/0741 97
 A=0000 X=0000 Y=001C S=249A D=249C B=02 P=24 02/0743 C2
 A=0000 X=0000 Y=001C S=249A D=249C B=02 P=04 02/0745 E6
 A=0000 X=0000 Y=001C S=249A D=249C B=02 P=04 02/0747 D0
 A=0000 X=0000 Y=001C S=249A D=249C B=02 P=04 02/074B A5
 A=001C X=0000 Y=001C S=249A D=249C B=02 P=04 02/074D 85
 A=001C X=0000 Y=001C S=249A D=249C B=02 P=04 02/074F 64
 A=001C X=0000 Y=001C S=249A D=249C B=02 P=04 02/0751 A5
 A=FC00 X=0000 Y=001C S=249A D=249C B=02 P=84 02/0753 18
 A=FC00 X=0000 Y=001C S=249A D=249C B=02 P=84 02/0754 65
 A=FC1C X=0000 Y=001C S=249A D=249C B=02 P=84 02/0756 85
 A=FC1C X=0000 Y=001C S=249A D=249C B=02 P=84 02/0758 A5
 A=00FF X=0000 Y=001C S=249A D=249C B=02 P=04 02/075A 65
 A=00FF X=0000 Y=001C S=249A D=249C B=02 P=04 02/075C 85
 A=00FF X=0000 Y=001C S=249A D=249C B=02 P=04 02/075E E2
 A=00FF X=0000 Y=001C S=249A D=249C B=02 P=24 02/0760 A7
 A=0000 X=0000 Y=001C S=249A D=249C B=02 P=26 02/0762 4A
 A=0000 X=0000 Y=001C S=249A D=249C B=02 P=26 02/0763 4A
 A=0000 X=0000 Y=001C S=249A D=249C B=02 P=26 02/0764 29
 A=0000 X=0000 Y=001C S=249A D=249C B=02 P=26 02/0766 07
 A=0000 X=0000 Y=001C S=249A D=249C B=02 P=26 02/0768 87
 A=0000 X=0000 Y=001C S=249A D=249C B=02 P=26 02/076A C2
 A=0000 X=0000 Y=001C S=249A D=249C B=02 P=06 02/076C E6
 A=0000 X=0000 Y=001C S=249A D=249C B=02 P=04 02/076E D0
 A=0000 X=0000 Y=001C S=249A D=249C B=02 P=04 02/0772 A5
 A=001C X=0000 Y=001C S=249A D=249C B=02 P=04 02/0774 85
 A=001C X=0000 Y=001C S=249A D=249C B=02 P=04 02/0776 64
 A=001C X=0000 Y=001C S=249A D=249C B=02 P=04 02/0778 A5
 A=FC00 X=0000 Y=001C S=249A D=249C B=02 P=84 02/077A 18
 A=FC00 X=0000 Y=001C S=249A D=249C B=02 P=84 02/077B 65
 A=FC1C X=0000 Y=001C S=249A D=249C B=02 P=84 02/077D 85
 A=FC1C X=0000 Y=001C S=249A D=249C B=02 P=84 02/077F A5
 A=00FF X=0000 Y=001C S=249A D=249C B=02 P=04 02/0781 65
 A=00FF X=0000 Y=001C S=249A D=249C B=02 P=04 02/0783 85
 A=00FF X=0000 Y=001C S=249A D=249C B=02 P=04 02/0785 E2
 A=00FF X=0000 Y=001C S=249A D=249C B=02 P=24 02/0787 A7
 A=0000 X=0000 Y=001C S=249A D=249C B=02 P=26 02/0789 0A
 A=0000 X=0000 Y=001C S=249A D=249C B=02 P=26 02/078A 29
 A=0000 X=0000 Y=001C S=249A D=249C B=02 P=26 02/078C 07
 A=0000 X=0000 Y=001C S=249A D=249C B=02 P=26 02/078E 87
 A=0000 X=0000 Y=001C S=249A D=249C B=02 P=26 02/0790 C2
 A=0000 X=0000 Y=001C S=249A D=249C B=02 P=06 02/0792 E6
 A=0000 X=0000 Y=001C S=249A D=249C B=02 P=04 02/0794 A7
 A=0000 X=0000 Y=001C S=249A D=249C B=02 P=06 02/0796 A2
 A=0000 X=0007 Y=001C S=249A D=249C B=02 P=04 02/0799 22
 A=0000 X=0007 Y=001C S=2497 D=249C B=02 P=04 02/0DE4 E2
 A=0000 X=0007 Y=001C S=2497 D=249C B=02 P=34 02/0DE6 9B
 A=0000 X=0007 Y=0007 S=2497 D=249C B=02 P=34 02/0DE7 F0
 A=0000 X=0007 Y=0007 S=2497 D=249C B=02 P=34 02/0DE9 4A
 A=0000 X=0007 Y=0007 S=2497 D=249C B=02 P=36 02/0DEA CA
 A=0000 X=0006 Y=0007 S=2497 D=249C B=02 P=34 02/0DEB D0
 A=0000 X=0006 Y=0007 S=2497 D=249C B=02 P=34 02/0DE9 4A
 A=0000 X=0006 Y=0007 S=2497 D=249C B=02 P=36 02/0DEA CA
 A=0000 X=0005 Y=0007 S=2497 D=249C B=02 P=34 02/0DEB D0
 A=0000 X=0005 Y=0007 S=2497 D=249C B=02 P=34 02/0DE9 4A
 A=0000 X=0005 Y=0007 S=2497 D=249C B=02 P=36 02/0DEA CA
 A=0000 X=0004 Y=0007 S=2497 D=249C B=02 P=34 02/0DEB D0
 A=0000 X=0004 Y=0007 S=2497 D=249C B=02 P=34 02/0DE9 4A
 A=0000 X=0004 Y=0007 S=2497 D=249C B=02 P=36 02/0DEA CA
 A=0000 X=0003 Y=0007 S=2497 D=249C B=02 P=34 02/0DEB D0
 A=0000 X=0003 Y=0007 S=2497 D=249C B=02 P=34 02/0DE9 4A
 A=0000 X=0003 Y=0007 S=2497 D=249C B=02 P=36 02/0DEA CA
 A=0000 X=0002 Y=0007 S=2497 D=249C B=02 P=34 02/0DEB D0
 A=0000 X=0002 Y=0007 S=2497 D=249C B=02 P=34 02/0DE9 4A
 A=0000 X=0002 Y=0007 S=2497 D=249C B=02 P=36 02/0DEA CA
 A=0000 X=0001 Y=0007 S=2497 D=249C B=02 P=34 02/0DEB D0
 A=0000 X=0001 Y=0007 S=2497 D=249C B=02 P=34 02/0DE9 4A
 A=0000 X=0001 Y=0007 S=2497 D=249C B=02 P=36 02/0DEA CA
 A=0000 X=0000 Y=0007 S=2497 D=249C B=02 P=36 02/0DEB D0
 A=0000 X=0000 Y=0007 S=2497 D=249C B=02 P=36 02/0DED C2
 A=0000 X=0000 Y=0007 S=2497 D=249C B=02 P=06 02/0DEF 6B
 A=0000 X=0000 Y=0007 S=249A D=249C B=02 P=06 02/079D E2
 A=0000 X=0000 Y=0007 S=249A D=249C B=02 P=26 02/079F A4
 A=0000 X=0000 Y=001D S=249A D=249C B=02 P=24 02/07A1 97
 A=0000 X=0000 Y=001D S=249A D=249C B=02 P=24 02/07A3 C2
 A=0000 X=0000 Y=001D S=249A D=249C B=02 P=04 02/07A5 E6
 A=0000 X=0000 Y=001D S=249A D=249C B=02 P=04 02/07A7 D0
 A=0000 X=0000 Y=001D S=249A D=249C B=02 P=04 02/07AB E6
 A=0000 X=0000 Y=001D S=249A D=249C B=02 P=04 02/07AD E6
 A=0000 X=0000 Y=001D S=249A D=249C B=02 P=04 02/07AF A5
 A=000F X=0000 Y=001D S=249A D=249C B=02 P=04 02/07B1 C5
 A=000F X=0000 Y=001D S=249A D=249C B=02 P=84 02/07B3 B0
 A=000F X=0000 Y=001D S=249A D=249C B=02 P=84 02/07B5 82
 A=000F X=0000 Y=001D S=249A D=249C B=02 P=84 02/0736 E2
 A=000F X=0000 Y=001D S=249A D=249C B=02 P=A4 02/0738 A7
 A=0000 X=0000 Y=001D S=249A D=249C B=02 P=26 02/073A 4A
 A=0000 X=0000 Y=001D S=249A D=249C B=02 P=26 02/073B 4A
 A=0000 X=0000 Y=001D S=249A D=249C B=02 P=26 02/073C 4A
 A=0000 X=0000 Y=001D S=249A D=249C B=02 P=26 02/073D 4A
 A=0000 X=0000 Y=001D S=249A D=249C B=02 P=26 02/073E 4A
 A=0000 X=0000 Y=001D S=249A D=249C B=02 P=26 02/073F A4
 A=0000 X=0000 Y=001E S=249A D=249C B=02 P=24 02/0741 97
 A=0000 X=0000 Y=001E S=249A D=249C B=02 P=24 02/0743 C2
 A=0000 X=0000 Y=001E S=249A D=249C B=02 P=04 02/0745 E6
 A=0000 X=0000 Y=001E S=249A D=249C B=02 P=04 02/0747 D0
 A=0000 X=0000 Y=001E S=249A D=249C B=02 P=04 02/074B A5
 A=001E X=0000 Y=001E S=249A D=249C B=02 P=04 02/074D 85
 A=001E X=0000 Y=001E S=249A D=249C B=02 P=04 02/074F 64
 A=001E X=0000 Y=001E S=249A D=249C B=02 P=04 02/0751 A5
 A=FC00 X=0000 Y=001E S=249A D=249C B=02 P=84 02/0753 18
 A=FC00 X=0000 Y=001E S=249A D=249C B=02 P=84 02/0754 65
 A=FC1E X=0000 Y=001E S=249A D=249C B=02 P=84 02/0756 85
 A=FC1E X=0000 Y=001E S=249A D=249C B=02 P=84 02/0758 A5
 A=00FF X=0000 Y=001E S=249A D=249C B=02 P=04 02/075A 65
 A=00FF X=0000 Y=001E S=249A D=249C B=02 P=04 02/075C 85
 A=00FF X=0000 Y=001E S=249A D=249C B=02 P=04 02/075E E2
 A=00FF X=0000 Y=001E S=249A D=249C B=02 P=24 02/0760 A7
 A=0000 X=0000 Y=001E S=249A D=249C B=02 P=26 02/0762 4A
 A=0000 X=0000 Y=001E S=249A D=249C B=02 P=26 02/0763 4A
 A=0000 X=0000 Y=001E S=249A D=249C B=02 P=26 02/0764 29
 A=0000 X=0000 Y=001E S=249A D=249C B=02 P=26 02/0766 07
 A=0000 X=0000 Y=001E S=249A D=249C B=02 P=26 02/0768 87
 A=0000 X=0000 Y=001E S=249A D=249C B=02 P=26 02/076A C2
 A=0000 X=0000 Y=001E S=249A D=249C B=02 P=06 02/076C E6
 A=0000 X=0000 Y=001E S=249A D=249C B=02 P=04 02/076E D0
 A=0000 X=0000 Y=001E S=249A D=249C B=02 P=04 02/0772 A5
 A=001E X=0000 Y=001E S=249A D=249C B=02 P=04 02/0774 85
 A=001E X=0000 Y=001E S=249A D=249C B=02 P=04 02/0776 64
 A=001E X=0000 Y=001E S=249A D=249C B=02 P=04 02/0778 A5
 A=FC00 X=0000 Y=001E S=249A D=249C B=02 P=84 02/077A 18
 A=FC00 X=0000 Y=001E S=249A D=249C B=02 P=84 02/077B 65
 A=FC1E X=0000 Y=001E S=249A D=249C B=02 P=84 02/077D 85
 A=FC1E X=0000 Y=001E S=249A D=249C B=02 P=84 02/077F A5
 A=00FF X=0000 Y=001E S=249A D=249C B=02 P=04 02/0781 65
 A=00FF X=0000 Y=001E S=249A D=249C B=02 P=04 02/0783 85
 A=00FF X=0000 Y=001E S=249A D=249C B=02 P=04 02/0785 E2
 A=00FF X=0000 Y=001E S=249A D=249C B=02 P=24 02/0787 A7
 A=0000 X=0000 Y=001E S=249A D=249C B=02 P=26 02/0789 0A
 A=0000 X=0000 Y=001E S=249A D=249C B=02 P=26 02/078A 29
 A=0000 X=0000 Y=001E S=249A D=249C B=02 P=26 02/078C 07
 A=0000 X=0000 Y=001E S=249A D=249C B=02 P=26 02/078E 87
 A=0000 X=0000 Y=001E S=249A D=249C B=02 P=26 02/0790 C2
 A=0000 X=0000 Y=001E S=249A D=249C B=02 P=06 02/0792 E6
 A=0000 X=0000 Y=001E S=249A D=249C B=02 P=04 02/0794 A7
 A=6200 X=0000 Y=001E S=249A D=249C B=02 P=04 02/0796 A2
 A=6200 X=0007 Y=001E S=249A D=249C B=02 P=04 02/0799 22
 A=6200 X=0007 Y=001E S=2497 D=249C B=02 P=04 02/0DE4 E2
 A=6200 X=0007 Y=001E S=2497 D=249C B=02 P=34 02/0DE6 9B
 A=6200 X=0007 Y=0007 S=2497 D=249C B=02 P=34 02/0DE7 F0
 A=6200 X=0007 Y=0007 S=2497 D=249C B=02 P=34 02/0DE9 4A
 A=6200 X=0007 Y=0007 S=2497 D=249C B=02 P=36 02/0DEA CA
 A=6200 X=0006 Y=0007 S=2497 D=249C B=02 P=34 02/0DEB D0
 A=6200 X=0006 Y=0007 S=2497 D=249C B=02 P=34 02/0DE9 4A
 A=6200 X=0006 Y=0007 S=2497 D=249C B=02 P=36 02/0DEA CA
 A=6200 X=0005 Y=0007 S=2497 D=249C B=02 P=34 02/0DEB D0
 A=6200 X=0005 Y=0007 S=2497 D=249C B=02 P=34 02/0DE9 4A
 A=6200 X=0005 Y=0007 S=2497 D=249C B=02 P=36 02/0DEA CA
 A=6200 X=0004 Y=0007 S=2497 D=249C B=02 P=34 02/0DEB D0
 A=6200 X=0004 Y=0007 S=2497 D=249C B=02 P=34 02/0DE9 4A
 A=6200 X=0004 Y=0007 S=2497 D=249C B=02 P=36 02/0DEA CA
 A=6200 X=0003 Y=0007 S=2497 D=249C B=02 P=34 02/0DEB D0
 A=6200 X=0003 Y=0007 S=2497 D=249C B=02 P=34 02/0DE9 4A
 A=6200 X=0003 Y=0007 S=2497 D=249C B=02 P=36 02/0DEA CA
 A=6200 X=0002 Y=0007 S=2497 D=249C B=02 P=34 02/0DEB D0
 A=6200 X=0002 Y=0007 S=2497 D=249C B=02 P=34 02/0DE9 4A
 A=6200 X=0002 Y=0007 S=2497 D=249C B=02 P=36 02/0DEA CA
 A=6200 X=0001 Y=0007 S=2497 D=249C B=02 P=34 02/0DEB D0
 A=6200 X=0001 Y=0007 S=2497 D=249C B=02 P=34 02/0DE9 4A
 A=6200 X=0001 Y=0007 S=2497 D=249C B=02 P=36 02/0DEA CA
 A=6200 X=0000 Y=0007 S=2497 D=249C B=02 P=36 02/0DEB D0
 A=6200 X=0000 Y=0007 S=2497 D=249C B=02 P=36 02/0DED C2
 A=6200 X=0000 Y=0007 S=2497 D=249C B=02 P=06 02/0DEF 6B
 A=6200 X=0000 Y=0007 S=249A D=249C B=02 P=06 02/079D E2
 A=6200 X=0000 Y=0007 S=249A D=249C B=02 P=26 02/079F A4
 A=6200 X=0000 Y=001F S=249A D=249C B=02 P=24 02/07A1 97
 A=6200 X=0000 Y=001F S=249A D=249C B=02 P=24 02/07A3 C2
 A=6200 X=0000 Y=001F S=249A D=249C B=02 P=04 02/07A5 E6
 A=6200 X=0000 Y=001F S=249A D=249C B=02 P=04 02/07A7 D0
 A=6200 X=0000 Y=001F S=249A D=249C B=02 P=04 02/07AB E6
 A=6200 X=0000 Y=001F S=249A D=249C B=02 P=04 02/07AD E6
 A=6200 X=0000 Y=001F S=249A D=249C B=02 P=04 02/07AF A5
 A=0010 X=0000 Y=001F S=249A D=249C B=02 P=04 02/07B1 C5
 A=0010 X=0000 Y=001F S=249A D=249C B=02 P=07 02/07B3 B0
 A=0010 X=0000 Y=001F S=249A D=249C B=02 P=07 02/07B8 42
